        "EventGUID": "{0CCE9235-69AE-11D9-BED3-505054503030}",
        "EventName": "Audit User Account Management",
        "llm_technical_description": "This Windows event (ID 4723) logs an attempt to change a user's password. It occurs when the user enters an incorrect old password, resulting in the failure of the change unless it meets the password policy requirements. The event is logged for both local SAM accounts and domain accounts, with a secondary event (4738) logging similar information.",
        "llm_security_impact": "LOW",
        "llm_typical_volume": "MEDIUM",
        "llm_recommended_monitoring": "NO"
    },
    "4724": {
        "summary": "An attempt was made to reset an accounts password",
        "category": "Account Management",
        "subcategory": "User Account Management",
        "type": "Success",
        "description": "The Subject attempted to reset the password of the Target:\n\r\nDon't confuse this event with 4723.\n\r\nThis event is logged as a failure ifthe new password fails to meet the password policy.\n\r\nThis event is logged both for local SAM accounts and domain accounts.\n\r\nYou will also see one or more event ID 4738s informing you of the same information.",
        "operating_systems": "Windows 2008 R2, Windows 7, Windows 2012 R2, Windows 8.1, Windows Server 2016, Windows 10, Windows Server 2019, Windows Server 2022",
        "legacy_event_id": "628",
        "potential_criticality": "Medium",
        "event_xml": "<Event xmlns=\"http://schemas.microsoft.com/win/2004/08/events/event\"> - <System> <Provider Name=\"Microsoft-Windows-Security-Auditing\" Guid=\"{54849625-5478-4994-A5BA-3E3B0328C30D}\" /> <EventID>4724</EventID> <Version>0</Version> <Level>0</Level> <Task>13824</Task> <Opcode>0</Opcode> <Keywords>0x8020000000000000</Keywords> <TimeCreated SystemTime=\"2015-08-22T01:58:21.725864900Z\" /> <EventRecordID>175740</EventRecordID> <Correlation /> <Execution ProcessID=\"520\" ThreadID=\"548\" /> <Channel>Security</Channel> <Computer>DC01.contoso.local</Computer> <Security /> </System> - <EventData> <Data Name=\"TargetUserName\">User1</Data> <Data Name=\"TargetDomainName\">CONTOSO</Data> <Data Name=\"TargetSid\">S-1-5-21-3457937927-2839227994-823803824-1107</Data> <Data Name=\"SubjectUserSid\">S-1-5-21-3457937927-2839227994-823803824-1104</Data> <Data Name=\"SubjectUserName\">dadmin</Data> <Data Name=\"SubjectDomainName\">CONTOSO</Data> <Data Name=\"SubjectLogonId\">0x30d5f</Data> </EventData> </Event>",
        "EventGUID": "{0CCE9235-69AE-11D9-BED3-505054503030}",
        "EventName": "Audit User Account Management",
        "llm_technical_description": "An attempt was made to reset an account's password. This event is logged when the new password fails to meet the system's policy, potentially indicating unauthorized changes to password policies or legitimate attempts. The event applies to both local SAM accounts and domain accounts.",
        "llm_security_impact": "MEDIUM",
        "llm_typical_volume": "MEDIUM",
        "llm_recommended_monitoring": "NO"
    },
    "4725": {
        "summary": "A user account was disabled",
        "category": "Account Management",
        "subcategory": "User Account Management",
        "type": "Success",
        "description": "The user identified by Subject: disabled the user identified by Target Account:. \n\r\nThis event is logged both for local SAM accounts and domain accounts.\n\r\nYou will also see event ID4738informing you of the same information.",
        "operating_systems": "Windows 2008 R2, Windows 7, Windows 2012 R2, Windows 8.1, Windows Server 2016, Windows 10, Windows Server 2019, Windows Server 2022",
        "legacy_event_id": "629",
        "potential_criticality": "Low",
        "event_xml": "<Event xmlns=\"http://schemas.microsoft.com/win/2004/08/events/event\"> - <System> <Provider Name=\"Microsoft-Windows-Security-Auditing\" Guid=\"{54849625-5478-4994-A5BA-3E3B0328C30D}\" /> <EventID>4725</EventID> <Version>0</Version> <Level>0</Level> <Task>13824</Task> <Opcode>0</Opcode> <Keywords>0x8020000000000000</Keywords> <TimeCreated SystemTime=\"2015-08-21T23:55:07.657358900Z\" /> <EventRecordID>175714</EventRecordID> <Correlation /> <Execution ProcessID=\"520\" ThreadID=\"1112\" /> <Channel>Security</Channel> <Computer>DC01.contoso.local</Computer> <Security /> </System> - <EventData> <Data Name=\"TargetUserName\">Auditor</Data> <Data Name=\"TargetDomainName\">CONTOSO</Data> <Data Name=\"TargetSid\">S-1-5-21-3457937927-2839227994-823803824-2104</Data> <Data Name=\"SubjectUserSid\">S-1-5-21-3457937927-2839227994-823803824-1104</Data> <Data Name=\"SubjectUserName\">dadmin</Data> <Data Name=\"SubjectDomainName\">CONTOSO</Data> <Data Name=\"SubjectLogonId\">0x30d5f</Data> </EventData> </Event>",
        "EventGUID": "{0CCE9235-69AE-11D9-BED3-505054503030}",
        "EventName": "Audit User Account Management",
        "llm_technical_description": "This event indicates a user attempt to disable another account, which could be a sign of unauthorized access attempts or an insider threat. It's logged at both the local and domain levels, suggesting potential malicious intent or misconfiguration.",
        "llm_security_impact": "HIGH",
        "llm_typical_volume": "MEDIUM",
        "llm_recommended_monitoring": "YES"
    },
    "4726": {
        "summary": "A user account was deleted",
        "category": "Account Management",
        "subcategory": "User Account Management",
        "type": "Success",
        "description": "The user identified by Subject: deleted the user identified by Target Account:. \n\r\nThis event is logged both for local SAM accounts and domain accounts.\n\r\nYou will also see event ID 4738 informing you of the same information.",
        "operating_systems": "Windows 2008 R2, Windows 7, Windows 2012 R2, Windows 8.1, Windows Server 2016, Windows 10, Windows Server 2019, Windows Server 2022",
        "legacy_event_id": "630",
        "potential_criticality": "Low",
        "event_xml": "<Event xmlns=\"http://schemas.microsoft.com/win/2004/08/events/event\"> - <System> <Provider Name=\"Microsoft-Windows-Security-Auditing\" Guid=\"{54849625-5478-4994-A5BA-3E3B0328C30D}\" /> <EventID>4726</EventID> <Version>0</Version> <Level>0</Level> <Task>13824</Task> <Opcode>0</Opcode> <Keywords>0x8020000000000000</Keywords> <TimeCreated SystemTime=\"2015-08-22T00:52:25.104613800Z\" /> <EventRecordID>175720</EventRecordID> <Correlation /> <Execution ProcessID=\"520\" ThreadID=\"1112\" /> <Channel>Security</Channel> <Computer>DC01.contoso.local</Computer> <Security /> </System> - <EventData> <Data Name=\"TargetUserName\">ksmith</Data> <Data Name=\"TargetDomainName\">CONTOSO</Data> <Data Name=\"TargetSid\">S-1-5-21-3457937927-2839227994-823803824-6609</Data> <Data Name=\"SubjectUserSid\">S-1-5-21-3457937927-2839227994-823803824-1104</Data> <Data Name=\"SubjectUserName\">dadmin</Data> <Data Name=\"SubjectDomainName\">CONTOSO</Data> <Data Name=\"SubjectLogonId\">0x30d5f</Data> <Data Name=\"PrivilegeList\">-</Data> </EventData> </Event>",
        "EventGUID": "{0CCE9235-69AE-11D9-BED3-505054503030}",
        "EventName": "Audit User Account Management",
        "llm_technical_description": "The event indicates that a user account was deleted. This is logged for both local SAM accounts and domain accounts, with another related event (4738) also logging the same information. The deletion could be legitimate administrative action or potentially unauthorized activity.",
        "llm_security_impact": "MEDIUM",
        "llm_typical_volume": "LOW",
        "llm_recommended_monitoring": "YES"
    },
    "4727": {
        "summary": "A security-enabled global group was created",
        "category": "Account Management",
        "subcategory": "Security Group Management",
        "type": "Success",
        "description": "The user in Subject: just created a Security Global group identified in New Group.\n\r\nIn Active Directory Users and Computers\"Security Enabled\" groupsare simply referred to as Security groups. AD has 2 types of groups: Security and Distribution. Distribution (security disabled) groups are for distribution lists in Exchange and cannot be assigned permissions or rights. Security (security enabled) groups can be used for permissions, rights and as distribution lists. \n\r\nGlobal means the group can be granted access in any trusting domain but may only have members from its own domain.\n\r\nThis event is only logged on domain controllers.",
        "operating_systems": "Windows 2008 R2, Windows 7, Windows 2012 R2, Windows 8.1, Windows Server 2016, Windows 10, Windows Server 2019, Windows Server 2022",
        "legacy_event_id": "631",
        "potential_criticality": "Medium",
        "event_xml": "",
        "EventGUID": "{0CCE9237-69AE-11D9-BED3-505054503030}",
        "EventName": "Audit Security Group Management",
        "llm_technical_description": "The creation of a security-enabled global group in Active Directory (AD) is logged. This action typically occurs during normal user administration tasks and does not inherently pose a security risk unless there are specific configurations or permissions associated with the group that could be misused.",
        "llm_security_impact": "LOW",
        "llm_typical_volume": "MEDIUM",
        "llm_recommended_monitoring": "NO"
    },
    "4728": {
        "summary": "A member was added to a security-enabled global group",
        "category": "Account Management",
        "subcategory": "Security Group Management",
        "type": "Success",
        "description": "The user in Subject: added the user/group/computer in Member: to the Security Global group in Group:.\n\r\nIn Active Directory Users and Computers \"Security Enabled\" groups are simply referred to as Security groups. AD has 2 types of groups: Security and Distribution. Distribution (security disabled) groups are for distribution lists in Exchange and cannot be assigned permissions or rights. Security (security enabled) groups can be used for permissions, rights and as distribution lists. \n\r\nGlobal means the group can be granted access in any trusting domain but may only have members from its own domain. \n\r\nThis event is only logged on domain controllers.",
        "operating_systems": "Windows 2008 R2, Windows 7, Windows 2012 R2, Windows 8.1, Windows Server 2016, Windows 10, Windows Server 2019, Windows Server 2022",
        "legacy_event_id": "632",
        "potential_criticality": "Low",
        "event_xml": "",
        "EventGUID": "{0CCE9237-69AE-11D9-BED3-505054503030}",
        "EventName": "Audit Security Group Management",
        "llm_technical_description": "This event indicates that a user has added another entity (user/group/computer) to a security-enabled global group. This action typically grants access rights within an organization and could be a legitimate task or potentially malicious activity depending on context.",
        "llm_security_impact": "MEDIUM",
        "llm_typical_volume": "MEDIUM",
        "llm_recommended_monitoring": "YES"
    },
    "4729": {
        "summary": "A member was removed from a security-enabled global group",
        "category": "Account Management",
        "subcategory": "Security Group Management",
        "type": "Success",
        "description": "The user in Subject: removed the user/group/computer in Member: from the Security Global group in Group:.\n\r\nIn Active Directory Users and Computers \"Security Enabled\" groups are simply referred to as Security groups. AD has 2 types of groups: Security and Distribution. Distribution (security disabled) groups are for distribution lists in Exchange and cannot be assigned permissions or rights. Security (security enabled) groups can be used for permissions, rights and as distribution lists. \n\r\nGlobal means the group can be granted access in any trusting domain but may only have members from its own domain. \n\r\nThis event is only logged on domain controllers.",
        "operating_systems": "Windows 2008 R2, Windows 7, Windows 2012 R2, Windows 8.1, Windows Server 2016, Windows 10, Windows Server 2019, Windows Server 2022",
        "legacy_event_id": "633",
        "potential_criticality": "Low",
        "event_xml": "",
        "EventGUID": "{0CCE9237-69AE-11D9-BED3-505054503030}",
        "EventName": "Audit Security Group Management",
        "llm_technical_description": "This event indicates that a user was removed from a security-enabled global group in Active Directory. Security groups are managed for permissions and rights, so removing a member may have operational implications depending on their role. The Sigma rule detects this specific action to assess potential security concerns.",
        "llm_security_impact": "HIGH",
        "llm_typical_volume": "MEDIUM",
        "llm_recommended_monitoring": "NO"
    },
    "4730": {
        "summary": "A security-enabled global group was deleted",
        "category": "Account Management",
        "subcategory": "Security Group Management",
        "type": "Success",
        "description": "The user in Subject:deleted theSecurity Global group identified in Deleted Group.\n\r\nIn Active Directory Users and Computers\"Security Enabled\" groups are simply referred to as Security groups. AD has 2 types of groups: Security and Distribution. Distribution (security disabled) groups are for distribution lists in Exchange and cannot be assigned permissions or rights. Security (security enabled) groups can be used for permissions, rights and as distribution lists. \n\r\nGlobal means the group can be granted access in any trusting domain but may only have members from its own domain.\n\r\nThis event is only logged on domain controllers.",
        "operating_systems": "Windows 2008 R2, Windows 7, Windows 2012 R2, Windows 8.1, Windows Server 2016, Windows 10, Windows Server 2019, Windows Server 2022",
        "legacy_event_id": "634",
        "potential_criticality": "Low",
        "event_xml": "",
        "EventGUID": "{0CCE9237-69AE-11D9-BED3-505054503030}",
        "EventName": "Audit Security Group Management",
        "llm_technical_description": "The deletion of a security-enabled global group in Active Directory indicates that permissions for associated resources may have been revoked, which could be a sign of malicious intent or accidental misconfiguration.",
        "llm_security_impact": "MEDIUM",
        "llm_typical_volume": "MEDIUM",
        "llm_recommended_monitoring": "YES"
    },
    "4731": {
        "summary": "A security-enabled local group was created",
        "category": "Account Management",
        "subcategory": "Security Group Management",
        "type": "Success",
        "description": "The user in Subject: created a Security Local group identified in New Group.\n\r\nThis event is logged on domain controllers for Active Directory domain local groups and member computer for local SAM groups. You can determine if the group is a domain or SAM group by comparing Group Domain: to the Computer: name. If they match you havea SAM group, if they differ you have a domain group.\n\r\nActive Directory\n\r\nIn Active Directory Users and Computers \"Security Enabled\" groups are simply referred to as Security groups. AD has 2 types of groups: Security and Distribution. Distribution (security disabled) groups are for distribution lists in Exchange and cannot be assigned permissions or rights. Security (security enabled) groups can be used for permissions, rights and as distribution lists. \n\r\nA domain local group means the group can only be granted access to objects within its domain but can have members from any trusted domain.\n\r\nLocal SAM\n\r\nAll groups are security groups in the computer's SAM. Local SAM groups can be granted access to objects on the local computer onlybut may have members from the local SAM and any trusted domain.",
        "operating_systems": "Windows 2008 R2, Windows 7, Windows 2012 R2, Windows 8.1, Windows Server 2016, Windows 10, Windows Server 2019, Windows Server 2022",
        "legacy_event_id": "635",
        "potential_criticality": "Low",
        "event_xml": "<Event xmlns=\"http://schemas.microsoft.com/win/2004/08/events/event\"> - <System> <Provider Name=\"Microsoft-Windows-Security-Auditing\" Guid=\"{54849625-5478-4994-A5BA-3E3B0328C30D}\" /> <EventID>4731</EventID> <Version>0</Version> <Level>0</Level> <Task>13826</Task> <Opcode>0</Opcode> <Keywords>0x8020000000000000</Keywords> <TimeCreated SystemTime=\"2015-08-19T01:01:50.646049700Z\" /> <EventRecordID>174849</EventRecordID> <Correlation /> <Execution ProcessID=\"512\" ThreadID=\"1092\" /> <Channel>Security</Channel> <Computer>DC01.contoso.local</Computer> <Security /> </System> - <EventData> <Data Name=\"TargetUserName\">AccountOperators</Data> <Data Name=\"TargetDomainName\">CONTOSO</Data> <Data Name=\"TargetSid\">S-1-5-21-3457937927-2839227994-823803824-6605</Data> <Data Name=\"SubjectUserSid\">S-1-5-21-3457937927-2839227994-823803824-1104</Data> <Data Name=\"SubjectUserName\">dadmin</Data> <Data Name=\"SubjectDomainName\">CONTOSO</Data> <Data Name=\"SubjectLogonId\">0x3031e</Data> <Data Name=\"PrivilegeList\">-</Data> <Data Name=\"SamAccountName\">AccountOperators</Data> <Data Name=\"SidHistory\">-</Data> </EventData> </Event>",
        "EventGUID": "{0CCE9237-69AE-11D9-BED3-505054503030}",
        "EventName": "Audit Security Group Management",
        "llm_technical_description": "A security-enabled local group was created as part of Active Directory management. This could indicate potential misconfiguration, unauthorized access, or a breach attempt if not properly secured.",
        "llm_security_impact": "MEDIUM",
        "llm_typical_volume": "LOW",
        "llm_recommended_monitoring": "YES"
    },
    "4732": {
        "summary": "A member was added to a security-enabled local group",
        "category": "Account Management",
        "subcategory": "Security Group Management",
        "type": "Success",
        "description": "The user in Subject: added the user/group/computer in Member: to the Security Local group in Group:.\n\r\nThis event is logged on domain controllers for Active Directory domain local groups and member computer for local SAM groups. You can determine if the group is a domain or SAM group by comparing Group Domain: to the Computer: name. If they match you have aSAM group, if they differ you have a domain group.\n\r\nActive Directory\n\r\nIn Active Directory Users and Computers \"Security Enabled\" groups are simply referred to as Security groups. AD has 2 types of groups: Security and Distribution. Distribution (security disabled) groups are for distribution lists in Exchange and cannot be assigned permissions or rights. Security (security enabled) groups can be used for permissions, rights and as distribution lists. A domain local group means the group can only be granted access to objects within its domain but can have members from any trusted domain.\n\r\nLocal SAM\n\r\nAll groups are security groups in the computer's SAM. Local SAM groups can be granted access to objects on the local computer onlybut may have members from the local SAM and any trusted domain.",
        "operating_systems": "Windows 2008 R2, Windows 7, Windows 2012 R2, Windows 8.1, Windows Server 2016, Windows 10, Windows Server 2019, Windows Server 2022",
        "legacy_event_id": "636",
        "potential_criticality": "Low",
        "event_xml": "<Event xmlns=\"http://schemas.microsoft.com/win/2004/08/events/event\"> - <System> <Provider Name=\"Microsoft-Windows-Security-Auditing\" Guid=\"{54849625-5478-4994-A5BA-3E3B0328C30D}\" /> <EventID>4732</EventID> <Version>0</Version> <Level>0</Level> <Task>13826</Task> <Opcode>0</Opcode> <Keywords>0x8020000000000000</Keywords> <TimeCreated SystemTime=\"2015-08-19T03:02:38.563110400Z\" /> <EventRecordID>174856</EventRecordID> <Correlation /> <Execution ProcessID=\"512\" ThreadID=\"1092\" /> <Channel>Security</Channel> <Computer>DC01.contoso.local</Computer> <Security /> </System> - <EventData> <Data Name=\"MemberName\">CN=eadmin,CN=Users,DC=contoso,DC=local</Data> <Data Name=\"MemberSid\">S-1-5-21-3457937927-2839227994-823803824-500</Data> <Data Name=\"TargetUserName\">AccountOperators</Data> <Data Name=\"TargetDomainName\">CONTOSO</Data> <Data Name=\"TargetSid\">S-1-5-21-3457937927-2839227994-823803824-6605</Data> <Data Name=\"SubjectUserSid\">S-1-5-21-3457937927-2839227994-823803824-1104</Data> <Data Name=\"SubjectUserName\">dadmin</Data> <Data Name=\"SubjectDomainName\">CONTOSO</Data> <Data Name=\"SubjectLogonId\">0x3031e</Data> <Data Name=\"PrivilegeList\">-</Data> </EventData> </Event>",
        "EventGUID": "{0CCE9237-69AE-11D9-BED3-505054503030}",
        "EventName": "Audit Security Group Management",
        "llm_technical_description": "The event indicates a user attempting to add themselves to a security-enabled local group. This is suspicious as users typically do not perform such actions, especially when related to groups with elevated permissions. The action might be an attempt to gain unauthorized access or bypass security measures.",
        "llm_security_impact": "HIGH",
        "llm_typical_volume": "MEDIUM",
        "llm_recommended_monitoring": "YES"
    },
    "4733": {
        "summary": "A member was removed from a security-enabled local group",
        "category": "Account Management",
        "subcategory": "Security Group Management",
        "type": "Success",
        "description": "The user in Subject: removed the user/group/computer in Member: to the Security Local group in Group:.\n\r\nThis event is logged on domain controllers for Active Directory domain local groups and member computer for local SAM groups. You can determine if the group is a domain or SAM group by comparing Group Domain: to the Computer: name. If they match you havea SAM group, if they differ you have a domain group.\n\r\nActive Directory\n\r\nIn Active Directory Users and Computers \"Security Enabled\" groups are simply referred to as Security groups. AD has 2 types of groups: Security and Distribution. Distribution (security disabled) groups are for distribution lists in Exchange and cannot be assigned permissions or rights. Security (security enabled) groups can be used for permissions, rights and as distribution lists. \n\r\nA domain local group means the group can only be granted access to objects within its domain but can have members from any trusted domain.\n\r\nLocal SAM\n\r\nAll groups are security groups in the computer's SAM. Local SAM groups can be granted access to objects on the local computer onlybut may have members from the local SAM and any trusted domain.",
        "operating_systems": "Windows 2008 R2, Windows 7, Windows 2012 R2, Windows 8.1, Windows Server 2016, Windows 10, Windows Server 2019, Windows Server 2022",
        "legacy_event_id": "637",
        "potential_criticality": "Low",
        "event_xml": "<Event xmlns=\"http://schemas.microsoft.com/win/2004/08/events/event\"> - <System> <Provider Name=\"Microsoft-Windows-Security-Auditing\" Guid=\"{54849625-5478-4994-A5BA-3E3B0328C30D}\" /> <EventID>4733</EventID> <Version>0</Version> <Level>0</Level> <Task>13826</Task> <Opcode>0</Opcode> <Keywords>0x8020000000000000</Keywords> <TimeCreated SystemTime=\"2015-08-19T16:51:00.376806500Z\" /> <EventRecordID>175037</EventRecordID> <Correlation /> <Execution ProcessID=\"520\" ThreadID=\"1524\" /> <Channel>Security</Channel> <Computer>DC01.contoso.local</Computer> <Security /> </System> - <EventData> <Data Name=\"MemberName\">CN=Auditor,CN=Users,DC=contoso,DC=local</Data> <Data Name=\"MemberSid\">S-1-5-21-3457937927-2839227994-823803824-2104</Data> <Data Name=\"TargetUserName\">AccountOperators</Data> <Data Name=\"TargetDomainName\">CONTOSO</Data> <Data Name=\"TargetSid\">S-1-5-21-3457937927-2839227994-823803824-6605</Data> <Data Name=\"SubjectUserSid\">S-1-5-21-3457937927-2839227994-823803824-1104</Data> <Data Name=\"SubjectUserName\">dadmin</Data> <Data Name=\"SubjectDomainName\">CONTOSO</Data> <Data Name=\"SubjectLogonId\">0x35e38</Data> <Data Name=\"PrivilegeList\">-</Data> </EventData> </Event>",
        "EventGUID": "{0CCE9237-69AE-11D9-BED3-505054503030}",
        "EventName": "Audit Security Group Management",
        "llm_technical_description": "An event where a member was removed from a security-enabled local group in Active Directory. This action could indicate unauthorized access or misconfiguration if performed by an unexpected user with elevated privileges.",
        "llm_security_impact": "LOW",
        "llm_typical_volume": "LOW",
        "llm_recommended_monitoring": "NO"
    },
    "4734": {
        "summary": "A security-enabled local group was deleted",
        "category": "Account Management",
        "subcategory": "Security Group Management",
        "type": "Success",
        "description": "The user in Subject:deleted theSecurity Local group identified in Deleted Group.\n\r\nThis event is logged on domain controllers for Active Directory domain local groups and member computer for local SAM groups. You can determine if the group is a domain or SAM group by comparing Group Domain: to the Computer: name. If they match you havea SAM group, if they differ you have a domain group.\n\r\nActive Directory\n\r\nIn Active Directory Users and Computers \"Security Enabled\" groups are simply referred to as Security groups. AD has 2 types of groups: Security and Distribution. Distribution (security disabled) groups are for distribution lists in Exchange and cannot be assigned permissions or rights. Security (security enabled) groups can be used for permissions, rights and as distribution lists. \n\r\nA domain local group means the group can only be granted access to objects within its domain but can have members from any trusted domain.\n\r\nLocal SAM\n\r\nAll groups are security groups in the computer's SAM. Local SAM groups can be granted access to objects on the local computer onlybut may have members from the local SAM and any trusted domain.",
        "operating_systems": "Windows 2008 R2, Windows 7, Windows 2012 R2, Windows 8.1, Windows Server 2016, Windows 10, Windows Server 2019, Windows Server 2022",
        "legacy_event_id": "638",
        "potential_criticality": "Low",
        "event_xml": "<Event xmlns=\"http://schemas.microsoft.com/win/2004/08/events/event\"> - <System> <Provider Name=\"Microsoft-Windows-Security-Auditing\" Guid=\"{54849625-5478-4994-A5BA-3E3B0328C30D}\" /> <EventID>4734</EventID> <Version>0</Version> <Level>0</Level> <Task>13826</Task> <Opcode>0</Opcode> <Keywords>0x8020000000000000</Keywords> <TimeCreated SystemTime=\"2015-08-19T18:23:42.426245700Z\" /> <EventRecordID>175039</EventRecordID> <Correlation /> <Execution ProcessID=\"520\" ThreadID=\"1072\" /> <Channel>Security</Channel> <Computer>DC01.contoso.local</Computer> <Security /> </System> - <EventData> <Data Name=\"TargetUserName\">AccountOperators</Data> <Data Name=\"TargetDomainName\">CONTOSO</Data> <Data Name=\"TargetSid\">S-1-5-21-3457937927-2839227994-823803824-6605</Data> <Data Name=\"SubjectUserSid\">S-1-5-21-3457937927-2839227994-823803824-1104</Data> <Data Name=\"SubjectUserName\">dadmin</Data> <Data Name=\"SubjectDomainName\">CONTOSO</Data> <Data Name=\"SubjectLogonId\">0x35e38</Data> <Data Name=\"PrivilegeList\">-</Data> </EventData> </Event>",
        "EventGUID": "{0CCE9237-69AE-11D9-BED3-505054503030}",
        "EventName": "Audit Security Group Management",
        "llm_technical_description": "An attempt to delete a Security Local Group in Active Directory was detected. This action grants or reverts permissions and rights related to specific resources within the group's scope.",
        "llm_security_impact": "MEDIUM",
        "llm_typical_volume": "LOW",
        "llm_recommended_monitoring": "YES"
    },
    "4735": {
        "summary": "A security-enabled local group was changed",
        "category": "Account Management",
        "subcategory": "Security Group Management",
        "type": "Success",
        "description": "The user in Subject: changed the Security Local group identified in Group:.\n\r\nThis event is logged on domain controllers for Active Directory domain local groups and member computer for local SAM groups. You can determine if the group is a domain or SAM group by comparing Group Domain: to the Computer: name. If they match you have aSAM group, if they differ you have a domain group.\n\r\nActive Directory\n\r\nIn Active Directory Users and Computers \"Security Enabled\" groups are simply referred to as Security groups. AD has 2 types of groups: Security and Distribution. Distribution (security disabled) groups are for distribution lists in Exchange and cannot be assigned permissions or rights. Security (security enabled) groups can be used for permissions, rights and as distribution lists. \n\r\nA domain local group means the group can only be granted access to objects within its domain but can have members from any trusted domain.\n\r\nLocal SAM\n\r\nAll groups are security groups in the computer's SAM. Local SAM groups can be granted access to objects on the local computer onlybut may have members from the local SAM and any trusted domain.",
        "operating_systems": "Windows 2008 R2, Windows 7, Windows 2012 R2, Windows 8.1, Windows Server 2016, Windows 10, Windows Server 2019, Windows Server 2022",
        "legacy_event_id": "639",
        "potential_criticality": "Medium",
        "event_xml": "<Event xmlns=\"http://schemas.microsoft.com/win/2004/08/events/event\"> - <System> <Provider Name=\"Microsoft-Windows-Security-Auditing\" Guid=\"{54849625-5478-4994-A5BA-3E3B0328C30D}\" /> <EventID>4735</EventID> <Version>0</Version> <Level>0</Level> <Task>13826</Task> <Opcode>0</Opcode> <Keywords>0x8020000000000000</Keywords> <TimeCreated SystemTime=\"2015-08-19T02:00:45.537440000Z\" /> <EventRecordID>174850</EventRecordID> <Correlation /> <Execution ProcessID=\"512\" ThreadID=\"1092\" /> <Channel>Security</Channel> <Computer>DC01.contoso.local</Computer> <Security /> </System> - <EventData> <Data Name=\"TargetUserName\">AccountOperators\\\\_NEW</Data> <Data Name=\"TargetDomainName\">CONTOSO</Data> <Data Name=\"TargetSid\">S-1-5-21-3457937927-2839227994-823803824-6605</Data> <Data Name=\"SubjectUserSid\">S-1-5-21-3457937927-2839227994-823803824-1104</Data> <Data Name=\"SubjectUserName\">dadmin</Data> <Data Name=\"SubjectDomainName\">CONTOSO</Data> <Data Name=\"SubjectLogonId\">0x3031e</Data> <Data Name=\"PrivilegeList\">-</Data> <Data Name=\"SamAccountName\">AccountOperators\\\\_NEW</Data> <Data Name=\"SidHistory\">-</Data> </EventData> </Event>",
        "EventGUID": "{0CCE9237-69AE-11D9-BED3-505054503030}",
        "EventName": "Audit Security Group Management",
        "llm_technical_description": "A user modified a Security-Enabled local group in Active Directory, which can grant access only within its domain while allowing members from any trusted domain. This change could potentially expose sensitive resources if not properly controlled.",
        "llm_security_impact": "MEDIUM",
        "llm_typical_volume": "LOW",
        "llm_recommended_monitoring": "NO"
    },
    "4737": {
        "summary": "A security-enabled global group was changed",
        "category": "Account Management",
        "subcategory": "Security Group Management",
        "type": "Success",
        "description": "The user in Subject: changed the Security Global group identified in Group:.\n\r\nIn Active Directory Users and Computers\"Security Enabled\" groups are simply referred to as Security groups. AD has 2 types of groups: Security and Distribution. Distribution (security disabled) groups are for distribution lists in Exchange and cannot be assigned permissions or rights. Security (security enabled) groups can be used for permissions, rights and as distribution lists. \n\r\nGlobal means the group can be granted access in any trusting domain but may only have members from its own domain.\n\r\nThis event is only logged on domain controllers.",
        "operating_systems": "Windows 2008 R2, Windows 7, Windows 2012 R2, Windows 8.1, Windows Server 2016, Windows 10, Windows Server 2019, Windows Server 2022",
        "legacy_event_id": "641",
        "potential_criticality": "Medium",
        "event_xml": "",
        "EventGUID": "{0CCE9237-69AE-11D9-BED3-505054503030}",
        "EventName": "Audit Security Group Management",
        "llm_technical_description": "This event involves modifying a security-enabled global group in Active Directory, which could potentially grant unauthorized access rights or permissions if not properly controlled.",
        "llm_security_impact": "MEDIUM",
        "llm_typical_volume": "LOW",
        "llm_recommended_monitoring": "YES"
    },
    "4738": {
        "summary": "A user account was changed",
        "category": "Account Management",
        "subcategory": "User Account Management",
        "type": "Success",
        "description": "The user identified by Subject: changed the user identified by Target Account:. \n\r\nAttributes show some of the properties that were set at the time the account was changed. \n\r\nThis event is logged both for local SAM accounts and domain accounts.\n\r\nDepending on what was changed you may see other User Account Management events specific to certain operations like password resets.",
        "operating_systems": "Windows 2008 R2, Windows 7, Windows 2012 R2, Windows 8.1, Windows Server 2016, Windows 10, Windows Server 2019, Windows Server 2022",
        "legacy_event_id": "642",
        "potential_criticality": "Low",
        "event_xml": "<Event xmlns=\"http://schemas.microsoft.com/win/2004/08/events/event\"> - <System> <Provider Name=\"Microsoft-Windows-Security-Auditing\" Guid=\"{54849625-5478-4994-A5BA-3E3B0328C30D}\" /> <EventID>4738</EventID> <Version>0</Version> <Level>0</Level> <Task>13824</Task> <Opcode>0</Opcode> <Keywords>0x8020000000000000</Keywords> <TimeCreated SystemTime=\"2015-08-20T16:22:02.792454100Z\" /> <EventRecordID>175413</EventRecordID> <Correlation /> <Execution ProcessID=\"520\" ThreadID=\"1508\" /> <Channel>Security</Channel> <Computer>DC01.contoso.local</Computer> <Security /> </System> - <EventData> <Data Name=\"Dummy\">-</Data> <Data Name=\"TargetUserName\">ksmith</Data> <Data Name=\"TargetDomainName\">CONTOSO</Data> <Data Name=\"TargetSid\">S-1-5-21-3457937927-2839227994-823803824-6609</Data> <Data Name=\"SubjectUserSid\">S-1-5-21-3457937927-2839227994-823803824-1104</Data> <Data Name=\"SubjectUserName\">dadmin</Data> <Data Name=\"SubjectDomainName\">CONTOSO</Data> <Data Name=\"SubjectLogonId\">0x30dc2</Data> <Data Name=\"PrivilegeList\">-</Data> <Data Name=\"SamAccountName\">-</Data> <Data Name=\"DisplayName\">-</Data> <Data Name=\"UserPrincipalName\">-</Data> <Data Name=\"HomeDirectory\">-</Data> <Data Name=\"HomePath\">-</Data> <Data Name=\"ScriptPath\">-</Data> <Data Name=\"ProfilePath\">-</Data> <Data Name=\"UserWorkstations\">-</Data> <Data Name=\"PasswordLastSet\">-</Data> <Data Name=\"AccountExpires\">-</Data> <Data Name=\"PrimaryGroupId\">-</Data> <Data Name=\"AllowedToDelegateTo\">-</Data> <Data Name=\"OldUacValue\">0x15</Data> <Data Name=\"NewUacValue\">0x211</Data> <Data Name=\"UserAccountControl\">%%2050 %%2089</Data> <Data Name=\"UserParameters\">-</Data> <Data Name=\"SidHistory\">-</Data> <Data Name=\"LogonHours\">-</Data> </EventData> </Event>",
        "EventGUID": "{0CCE9235-69AE-11D9-BED3-505054503030}",
        "EventName": "Audit User Account Management",
        "llm_technical_description": "The user account was changed, possibly indicating an unauthorized modification that could allow attackers to exploit weak encryption in subsequent operations.",
        "llm_security_impact": "HIGH",
        "llm_typical_volume": "HIGH",
        "llm_recommended_monitoring": "YES"
    },
    "4739": {
        "summary": "Domain Policy was changed",
        "category": "Account Management",
        "subcategory": "Other Account Management Events",
        "type": "Success",
        "description": "This computer's Security Settings\\Account Policyor Account Lockout Policypolicy was modified - either via Local Security Policy or Group Policy in Active Directory.\n\r\nThere are few other operations that can generate this event, including:",
        "operating_systems": "Windows 2008 R2, Windows 7, Windows 2012 R2, Windows 8.1, Windows Server 2016, Windows 10, Windows Server 2019, Windows Server 2022",
        "legacy_event_id": "643",
        "potential_criticality": "Medium",
        "event_xml": "<Event xmlns=\"http://schemas.microsoft.com/win/2004/08/events/event\"> - <System> <Provider Name=\"Microsoft-Windows-Security-Auditing\" Guid=\"{54849625-5478-4994-A5BA-3E3B0328C30D}\" /> <EventID>4739</EventID> <Version>0</Version> <Level>0</Level> <Task>13569</Task> <Opcode>0</Opcode> <Keywords>0x8020000000000000</Keywords> <TimeCreated SystemTime=\"2015-10-02T00:45:37.587380900Z\" /> <EventRecordID>1049781</EventRecordID> <Correlation /> <Execution ProcessID=\"500\" ThreadID=\"1648\" /> <Channel>Security</Channel> <Computer>DC01.contoso.local</Computer> <Security /> </System> - <EventData> <Data Name=\"DomainPolicyChanged\">Password Policy</Data> <Data Name=\"DomainName\">CONTOSO</Data> <Data Name=\"DomainSid\">S-1-5-21-3457937927-2839227994-823803824</Data> <Data Name=\"SubjectUserSid\">S-1-5-18</Data> <Data Name=\"SubjectUserName\">DC01$</Data> <Data Name=\"SubjectDomainName\">CONTOSO</Data> <Data Name=\"SubjectLogonId\">0x3e7</Data> <Data Name=\"PrivilegeList\">-</Data> <Data Name=\"MinPasswordAge\">-</Data> <Data Name=\"MaxPasswordAge\">-</Data> <Data Name=\"ForceLogoff\">-</Data> <Data Name=\"LockoutThreshold\">-</Data> <Data Name=\"LockoutObservationWindow\">-</Data> <Data Name=\"LockoutDuration\">-</Data> <Data Name=\"PasswordProperties\">-</Data> <Data Name=\"MinPasswordLength\">-</Data> <Data Name=\"PasswordHistoryLength\">13</Data> <Data Name=\"MachineAccountQuota\">-</Data> <Data Name=\"MixedDomainMode\">-</Data> <Data Name=\"DomainBehaviorVersion\">-</Data> <Data Name=\"OemInformation\">-</Data> </EventData> </Event>",
        "EventGUID": "{0CCE9230-69AE-11D9-BED3-505054503030}",
        "EventName": "Audit Authentication Policy Change",
        "llm_technical_description": "The event indicates an unauthorized or intentional modification to the system's account policy. This could impact account lockout mechanisms, potentially allowing attackers to bypass security measures if done maliciously. The change may be intended for legitimate purposes but requires monitoring to detect potential misuse.",
        "llm_security_impact": "HIGH",
        "llm_typical_volume": "LOW",
        "llm_recommended_monitoring": "YES"
    },
    "4740": {
        "summary": "A user account was locked out",
        "category": "Account Management",
        "subcategory": "User Account Management",
        "type": "Success",
        "description": "The indicated user account was locked out after repeated logon failures due to a bad password. \n\r\nSee event ID 4767 for account unlocked.\n\r\nThis event is logged both for local SAM accounts and domain accounts.",
        "operating_systems": "Windows 2008 R2, Windows 7, Windows 2012 R2, Windows 8.1, Windows Server 2016, Windows 10, Windows Server 2019, Windows Server 2022",
        "legacy_event_id": "644",
        "potential_criticality": "Low",
        "event_xml": "<Event xmlns=\"http://schemas.microsoft.com/win/2004/08/events/event\"> - <System> <Provider Name=\"Microsoft-Windows-Security-Auditing\" Guid=\"{54849625-5478-4994-A5BA-3E3B0328C30D}\" /> <EventID>4740</EventID> <Version>0</Version> <Level>0</Level> <Task>13824</Task> <Opcode>0</Opcode> <Keywords>0x8020000000000000</Keywords> <TimeCreated SystemTime=\"2015-08-21T22:06:08.576887500Z\" /> <EventRecordID>175703</EventRecordID> <Correlation /> <Execution ProcessID=\"520\" ThreadID=\"1112\" /> <Channel>Security</Channel> <Computer>DC01.contoso.local</Computer> <Security /> </System> - <EventData> <Data Name=\"TargetUserName\">Auditor</Data> <Data Name=\"TargetDomainName\">WIN81</Data> <Data Name=\"TargetSid\">S-1-5-21-3457937927-2839227994-823803824-2104</Data> <Data Name=\"SubjectUserSid\">S-1-5-18</Data> <Data Name=\"SubjectUserName\">DC01$</Data> <Data Name=\"SubjectDomainName\">CONTOSO</Data> <Data Name=\"SubjectLogonId\">0x3e7</Data> </EventData> </Event>",
        "EventGUID": "{0CCE9235-69AE-11D9-BED3-505054503030}",
        "EventName": "Audit User Account Management",
        "llm_technical_description": "The user account was locked out after repeated failed logon attempts due to a bad password. This event is logged both for local SAM accounts and domain accounts.",
        "llm_security_impact": "MEDIUM",
        "llm_typical_volume": "LOW",
        "llm_recommended_monitoring": "YES"
    },
    "4741": {
        "summary": "A computer account was created",
        "category": "Account Management",
        "subcategory": "Computer Account Management",
        "type": "Success",
        "description": "The user identified by Subject: created the computer identified by New Computer Account:. \n\r\nNote: computer accounts always end with a $.",
        "operating_systems": "Windows 2008 R2, Windows 7, Windows 2012 R2, Windows 8.1, Windows Server 2016, Windows 10, Windows Server 2019, Windows Server 2022",
        "legacy_event_id": "645",
        "potential_criticality": "Low",
        "event_xml": "<Event xmlns=\"http://schemas.microsoft.com/win/2004/08/events/event\"> - <System> <Provider Name=\"Microsoft-Windows-Security-Auditing\" Guid=\"{54849625-5478-4994-A5BA-3E3B0328C30D}\" /> <EventID>4741</EventID> <Version>0</Version> <Level>0</Level> <Task>13825</Task> <Opcode>0</Opcode> <Keywords>0x8020000000000000</Keywords> <TimeCreated SystemTime=\"2015-08-12T18:41:39.201898100Z\" /> <EventRecordID>170254</EventRecordID> <Correlation /> <Execution ProcessID=\"520\" ThreadID=\"1096\" /> <Channel>Security</Channel> <Computer>DC01.contoso.local</Computer> <Security /> </System> - <EventData> <Data Name=\"TargetUserName\">WIN81$</Data> <Data Name=\"TargetDomainName\">CONTOSO</Data> <Data Name=\"TargetSid\">S-1-5-21-3457937927-2839227994-823803824-6116</Data> <Data Name=\"SubjectUserSid\">S-1-5-21-3457937927-2839227994-823803824-1104</Data> <Data Name=\"SubjectUserName\">dadmin</Data> <Data Name=\"SubjectDomainName\">CONTOSO</Data> <Data Name=\"SubjectLogonId\">0xc88b2</Data> <Data Name=\"PrivilegeList\">-</Data> <Data Name=\"SamAccountName\">WIN81$</Data> <Data Name=\"DisplayName\">-</Data> <Data Name=\"UserPrincipalName\">-</Data> <Data Name=\"HomeDirectory\">-</Data> <Data Name=\"HomePath\">-</Data> <Data Name=\"ScriptPath\">-</Data> <Data Name=\"ProfilePath\">-</Data> <Data Name=\"UserWorkstations\">-</Data> <Data Name=\"PasswordLastSet\">8/12/2015 11:41:39 AM</Data> <Data Name=\"AccountExpires\">%%1794</Data> <Data Name=\"PrimaryGroupId\">515</Data> <Data Name=\"AllowedToDelegateTo\">-</Data> <Data Name=\"OldUacValue\">0x0</Data> <Data Name=\"NewUacValue\">0x80</Data> <Data Name=\"UserAccountControl\">%%2087</Data> <Data Name=\"UserParameters\">-</Data> <Data Name=\"SidHistory\">-</Data> <Data Name=\"LogonHours\">%%1793</Data> <Data Name=\"DnsHostName\">Win81.contoso.local</Data> <Data Name=\"ServicePrincipalNames\">HOST/Win81.contoso.local RestrictedKrbHost/Win81.contoso.local HOST/WIN81 RestrictedKrbHost/WIN81</Data> </EventData> </Event>",
        "EventGUID": "{0CCE9236-69AE-11D9-BED3-505054503030}",
        "EventName": "Audit Computer Account Management",
        "llm_technical_description": "This event indicates a new computer account was created in Computer Account Management. This could signal unauthorized access or potential mismanagement of system resources.",
        "llm_security_impact": "HIGH",
        "llm_typical_volume": "MEDIUM",
        "llm_recommended_monitoring": "YES"
    },
    "4742": {
        "summary": "A computer account was changed",
        "category": "Account Management",
        "subcategory": "Computer Account Management",
        "type": "Success",
        "description": "The user identified by Subject: changed the computer identified by Computer Account That Was Changed:. \n\r\nNote: computer accounts always end with a $",
        "operating_systems": "Windows 2008 R2, Windows 7, Windows 2012 R2, Windows 8.1, Windows Server 2016, Windows 10, Windows Server 2019, Windows Server 2022",
        "legacy_event_id": "646",
        "potential_criticality": "Low",
        "event_xml": "<Event xmlns=\"http://schemas.microsoft.com/win/2004/08/events/event\"> - <System> <Provider Name=\"Microsoft-Windows-Security-Auditing\" Guid=\"{54849625-5478-4994-A5BA-3E3B0328C30D}\" /> <EventID>4742</EventID> <Version>0</Version> <Level>0</Level> <Task>13825</Task> <Opcode>0</Opcode> <Keywords>0x8020000000000000</Keywords> <TimeCreated SystemTime=\"2015-08-14T02:35:01.252397000Z\" /> <EventRecordID>171754</EventRecordID> <Correlation /> <Execution ProcessID=\"520\" ThreadID=\"1108\" /> <Channel>Security</Channel> <Computer>DC01.contoso.local</Computer> <Security /> </System> - <EventData> <Data Name=\"ComputerAccountChange\">-</Data> <Data Name=\"TargetUserName\">WIN81$</Data> <Data Name=\"TargetDomainName\">CONTOSO</Data> <Data Name=\"TargetSid\">S-1-5-21-3457937927-2839227994-823803824-6116</Data> <Data Name=\"SubjectUserSid\">S-1-5-21-3457937927-2839227994-823803824-1104</Data> <Data Name=\"SubjectUserName\">dadmin</Data> <Data Name=\"SubjectDomainName\">CONTOSO</Data> <Data Name=\"SubjectLogonId\">0x2e80c</Data> <Data Name=\"PrivilegeList\">-</Data> <Data Name=\"SamAccountName\">-</Data> <Data Name=\"DisplayName\">-</Data> <Data Name=\"UserPrincipalName\">-</Data> <Data Name=\"HomeDirectory\">-</Data> <Data Name=\"HomePath\">-</Data> <Data Name=\"ScriptPath\">-</Data> <Data Name=\"ProfilePath\">-</Data> <Data Name=\"UserWorkstations\">-</Data> <Data Name=\"PasswordLastSet\">-</Data> <Data Name=\"AccountExpires\">-</Data> <Data Name=\"PrimaryGroupId\">-</Data> <Data Name=\"AllowedToDelegateTo\">%%1793</Data> <Data Name=\"OldUacValue\">0x80</Data> <Data Name=\"NewUacValue\">0x2080</Data> <Data Name=\"UserAccountControl\">%%2093</Data> <Data Name=\"UserParameters\">-</Data> <Data Name=\"SidHistory\">-</Data> <Data Name=\"LogonHours\">-</Data> <Data Name=\"DnsHostName\">-</Data> <Data Name=\"ServicePrincipalNames\">-</Data> </EventData> </Event>",
