        "EventGUID": "{0CCE9216-69AE-11D9-BED3-505054503030}",
        "EventName": "Audit Logoff",
        "llm_technical_description": "This event indicates a user has initiated a logoff from an interactive or remote desktop session. It serves as an alternative to another event (4634) in cases where the user actually logs off, aiding in distinguishing between idle and active logoffs.",
        "llm_security_impact": "LOW",
        "llm_typical_volume": "MEDIUM",
        "llm_recommended_monitoring": "NO"
    },
    "4648": {
        "summary": "A logon was attempted using explicit credentials",
        "category": "Logon/Logoff",
        "subcategory": "Logon",
        "type": "Success",
        "description": "This is a useful event for tracking several different situations:",
        "operating_systems": "Windows 2008 R2, Windows 7, Windows 2012 R2, Windows 8.1, Windows Server 2016, Windows 10, Windows Server 2019, Windows Server 2022",
        "legacy_event_id": "552",
        "potential_criticality": "Low",
        "event_xml": "<Event xmlns=\"http://schemas.microsoft.com/win/2004/08/events/event\"> - <System> <Provider Name=\"Microsoft-Windows-Security-Auditing\" Guid=\"{54849625-5478-4994-A5BA-3E3B0328C30D}\" /> <EventID>4648</EventID> <Version>0</Version> <Level>0</Level> <Task>12544</Task> <Opcode>0</Opcode> <Keywords>0x8020000000000000</Keywords> <TimeCreated SystemTime=\"2015-09-10T02:54:50.771459000Z\" /> <EventRecordID>233200</EventRecordID> <Correlation /> <Execution ProcessID=\"516\" ThreadID=\"1116\" /> <Channel>Security</Channel> <Computer>DC01.contoso.local</Computer> <Security /> </System> - <EventData> <Data Name=\"SubjectUserSid\">S-1-5-21-3457937927-2839227994-823803824-1104</Data> <Data Name=\"SubjectUserName\">dadmin</Data> <Data Name=\"SubjectDomainName\">CONTOSO</Data> <Data Name=\"SubjectLogonId\">0x31844</Data> <Data Name=\"LogonGuid\">{00000000-0000-0000-0000-000000000000}</Data> <Data Name=\"TargetUserName\">ladmin</Data> <Data Name=\"TargetDomainName\">CONTOSO</Data> <Data Name=\"TargetLogonGuid\">{0887F1E4-39EA-D53C-804F-31D568A06274}</Data> <Data Name=\"TargetServerName\">localhost</Data> <Data Name=\"TargetInfo\">localhost</Data> <Data Name=\"ProcessId\">0x368</Data> <Data Name=\"ProcessName\">C:\\\\\\\\Windows\\\\\\\\System32\\\\\\\\svchost.exe</Data> <Data Name=\"IpAddress\">::1</Data> <Data Name=\"IpPort\">0</Data> </EventData> </Event>",
        "EventGUID": "{0CCE9215-69AE-11D9-BED3-505054503030}",
        "EventName": "Audit Logon",
        "llm_technical_description": "The event details indicate a logon attempt using explicit credentials, which could be an unauthorized access attempt potentially from an attacker trying to exploit system permissions or bypass authentication mechanisms.",
        "llm_security_impact": "HIGH",
        "llm_typical_volume": "LOW",
        "llm_recommended_monitoring": "YES"
    },
    "4649": {
        "summary": "A replay attack was detected",
        "category": "Logon/Logoff",
        "subcategory": "Other Logon/Logoff Events",
        "type": "Success",
        "description": "",
        "operating_systems": "Windows 2008 R2, Windows 7, Windows 2012 R2, Windows 8.1, Windows Server 2016, Windows 10, Windows Server 2019, Windows Server 2022",
        "legacy_event_id": "",
        "potential_criticality": "High",
        "event_xml": "",
        "EventGUID": "{0CCE921C-69AE-11D9-BED3-505054503030}",
        "EventName": "Audit Other Logon/Logoff Events",
        "llm_technical_description": "The replay attack detection indicates an attempted Kerberos Replay Attack on domain controllers, where a legitimate Kerberos response ('KRB_AP_ERR_REPEAT') was intercepted and reused. This suggests potential unauthorized access attempts to critical system functions.",
        "llm_security_impact": "HIGH",
        "llm_typical_volume": "MEDIUM",
        "llm_recommended_monitoring": "YES"
    },
    "4650": {
        "summary": "An IPsec Main Mode security association was established",
        "category": "Logon/Logoff",
        "subcategory": "IPsec Main Mode",
        "type": "Success",
        "description": "An IPsec Main Mode security association was established. Extended Mode was not enabled. Certificate authentication was not used.",
        "operating_systems": "Windows 2008 R2, Windows 7, Windows 2012 R2, Windows 8.1, Windows Server 2016, Windows 10, Windows Server 2019, Windows Server 2022",
        "legacy_event_id": "",
        "potential_criticality": "Low",
        "event_xml": "",
        "EventGUID": "{0CCE9218-69AE-11D9-BED3-505054503030}",
        "EventName": "Audit IPsec Main Mode",
        "llm_technical_description": "An IPsec Main Mode security association was established during a user logon. This indicates potential vulnerabilities where sensitive data such as login credentials might be exchanged without the recommended use of Encrypted Key Exchange (EKE) or certificate authentication, increasing the risk of man-in-the-middle attacks.",
        "llm_security_impact": "MEDIUM",
        "llm_typical_volume": "MEDIUM",
        "llm_recommended_monitoring": "YES"
    },
    "4651": {
        "summary": "An IPsec Main Mode security association was established",
        "category": "Logon/Logoff",
        "subcategory": "IPsec Main Mode",
        "type": "Success",
        "description": "An IPsec Main Mode security association was established. Extended Mode was not enabled. A certificate was used for authentication.",
        "operating_systems": "Windows 2008 R2, Windows 7, Windows 2012 R2, Windows 8.1, Windows Server 2016, Windows 10, Windows Server 2019, Windows Server 2022",
        "legacy_event_id": "",
        "potential_criticality": "Low",
        "event_xml": "",
        "EventGUID": "{0CCE9218-69AE-11D9-BED3-505054503030}",
        "EventName": "Audit IPsec Main Mode",
        "llm_technical_description": "An IPsec Main Mode security association was established as part of the user authentication process. This event is typical for systems using secure communication protocols during logon events.",
        "llm_security_impact": "LOW",
        "llm_typical_volume": "LOW",
        "llm_recommended_monitoring": "NO"
    },
    "4652": {
        "summary": "An IPsec Main Mode negotiation failed",
        "category": "Logon/Logoff",
        "subcategory": "IPsec Main Mode",
        "type": "Failure",
        "description": "",
        "operating_systems": "Windows 2008 R2, Windows 7, Windows 2012 R2, Windows 8.1, Windows Server 2016, Windows 10, Windows Server 2019, Windows Server 2022",
        "legacy_event_id": "",
        "potential_criticality": "Low",
        "event_xml": "",
        "EventGUID": "{0CCE9218-69AE-11D9-BED3-505054503030}",
        "EventName": "Audit IPsec Main Mode",
        "llm_technical_description": "The event indicates an IPsec Main Mode negotiation failure during a logon or logoff process. This suggests potential security issues such as misconfigured tunnels, certificate problems, or attempts by attackers to disrupt secure communications.",
        "llm_security_impact": "MEDIUM",
        "llm_typical_volume": "LOW",
        "llm_recommended_monitoring": "YES"
    },
    "4653": {
        "summary": "An IPsec Main Mode negotiation failed",
        "category": "Logon/Logoff",
        "subcategory": "IPsec Main Mode",
        "type": "Failure",
        "description": "",
        "operating_systems": "Windows 2008 R2, Windows 7, Windows 2012 R2, Windows 8.1, Windows Server 2016, Windows 10, Windows Server 2019, Windows Server 2022",
        "legacy_event_id": "",
        "potential_criticality": "Low",
        "event_xml": "",
        "EventGUID": "{0CCE9218-69AE-11D9-BED3-505054503030}",
        "EventName": "Audit IPsec Main Mode",
        "llm_technical_description": "The IPsec Main Mode negotiation failure indicates a potential security risk related to secure tunneling protocols such as Open vSwitch or Virtual Private Networks (VPNs). This could be due to incorrect credentials, configuration issues, or malicious activities like Man-in-the-Middle attempts.",
        "llm_security_impact": "LOW",
        "llm_typical_volume": "LOW",
        "llm_recommended_monitoring": "YES"
    },
    "4654": {
        "summary": "An IPsec Quick Mode negotiation failed",
        "category": "Logon/Logoff",
        "subcategory": "IPsec Quick Mode",
        "type": "Failure",
        "description": "An IPsec Quick Mode negotiation failed",
        "operating_systems": "Windows 2008 R2, Windows 7, Windows 2012 R2, Windows 8.1, Windows Server 2016, Windows 10, Windows Server 2019, Windows Server 2022",
        "legacy_event_id": "",
        "potential_criticality": "Low",
        "event_xml": "",
        "EventGUID": "",
        "EventName": "",
        "llm_technical_description": "The event indicates a failure in negotiating IPsec Quick Mode during logon or logoff. This could be due to misconfigured VPN settings or potential attack attempts where unauthorized users attempt to access protected network services.",
        "llm_security_impact": "MEDIUM",
        "llm_typical_volume": "LOW",
        "llm_recommended_monitoring": "NO"
    },
    "4655": {
        "summary": "An IPsec Main Mode security association ended",
        "category": "Logon/Logoff",
        "subcategory": "IPsec Main Mode",
        "type": "Success",
        "description": "",
        "operating_systems": "Windows 2008 R2, Windows 7, Windows 2012 R2, Windows 8.1, Windows Server 2016, Windows 10, Windows Server 2019, Windows Server 2022",
        "legacy_event_id": "",
        "potential_criticality": "Low",
        "event_xml": "",
        "EventGUID": "{0CCE9218-69AE-11D9-BED3-505054503030}",
        "EventName": "Audit IPsec Main Mode",
        "llm_technical_description": "The event indicates that an IPsec Main Mode security association was terminated. While there is no specific reason for the termination provided, this could be indicative of a potential misconfiguration or attack attempt if additional context (such as connection details) is available.",
        "llm_security_impact": "MEDIUM",
        "llm_typical_volume": "LOW",
        "llm_recommended_monitoring": "YES"
    },
    "4656": {
        "summary": "A handle to an object was requested",
        "category": "Object Access",
        "subcategory": "File System Registry SAM Handle Manipulation Other Object Access Events",
        "type": "Success   \r\n                        \r\n                            Failure",
        "description": "This event is logged by multiple subcategories as indicated above.\n\r\nWhen you enable auditing on an object(e.g. file or folder), this is the first event recorded when an application attempts to access the object in such a way that matches the audit policy defined for that object in terms of who is requesting the access and what type of access is being requested.(it appears that two subcategories must be enabled, Handle Manipulation and one other such as File System or Registry depending on what type of object you are auditing.)",
        "operating_systems": "Windows 2008 R2, Windows 7, Windows 2012 R2, Windows 8.1, Windows Server 2016, Windows 10, Windows Server 2019, Windows Server 2022",
        "legacy_event_id": "560",
        "potential_criticality": "Low",
        "event_xml": "<Event xmlns=\"http://schemas.microsoft.com/win/2004/08/events/event\"> - <System> <Provider Name=\"Microsoft-Windows-Security-Auditing\" Guid=\"{54849625-5478-4994-A5BA-3E3B0328C30D}\" /> <EventID>4656</EventID> <Version>1</Version> <Level>0</Level> <Task>12800</Task> <Opcode>0</Opcode> <Keywords>0x8010000000000000</Keywords> <TimeCreated SystemTime=\"2015-09-18T22:15:19.346776600Z\" /> <EventRecordID>274057</EventRecordID> <Correlation /> <Execution ProcessID=\"516\" ThreadID=\"524\" /> <Channel>Security</Channel> <Computer>DC01.contoso.local</Computer> <Security /> </System> - <EventData> <Data Name=\"SubjectUserSid\">S-1-5-21-3457937927-2839227994-823803824-1104</Data> <Data Name=\"SubjectUserName\">dadmin</Data> <Data Name=\"SubjectDomainName\">CONTOSO</Data> <Data Name=\"SubjectLogonId\">0x4367b</Data> <Data Name=\"ObjectServer\">Security</Data> <Data Name=\"ObjectType\">File</Data> <Data Name=\"ObjectName\">C:\\\\\\\\Documents\\\\\\\\HBI Data.txt</Data> <Data Name=\"HandleId\">0x0</Data> <Data Name=\"TransactionId\">{00000000-0000-0000-0000-000000000000}</Data> <Data Name=\"AccessList\">%%1538 %%1541 %%4416 %%4417 %%4418 %%4419 %%4420 %%4423 %%4424</Data> <Data Name=\"AccessReason\">%%1538: %%1804 %%1541: %%1809 %%4416: %%1809 %%4417: %%1809 %%4418: %%1802 D:(D;;LC;;;S-1-5-21-3457937927-2839227994-823803824-1104) %%4419: %%1809 %%4420: %%1809 %%4423: %%1811 D:(A;OICI;FA;;;S-1-5-21-3457937927-2839227994-823803824-1104) %%4424: %%1809</Data> <Data Name=\"AccessMask\">0x12019f</Data> <Data Name=\"PrivilegeList\">-</Data> <Data Name=\"RestrictedSidCount\">0</Data> <Data Name=\"ProcessId\">0x1074</Data> <Data Name=\"ProcessName\">C:\\\\\\\\Windows\\\\\\\\System32\\\\\\ otepad.exe</Data> <Data Name=\"ResourceAttributes\">S:AI(RA;ID;;;;WD;(\"Impact\\\\_MS\",TI,0x10020,3000))</Data> </EventData> </Event>",
        "EventGUID": "{0CCE921F-69AE-11D9-BED3-505054503030}; {0CCE9245-69AE-11D9-BED3-505054503030}; {0CCE921D-69AE-11D9-BED3-505054503030}; {0CCE921E-69AE-11D9-BED3-505054503030}",
        "EventName": "Audit Kernel Object; Audit File System; Audit Registry; Audit Removable Storage",
        "llm_technical_description": "This event logs an attempt to access a handle in the Windows Registry, specifically involving interactions with the LSASS process and possibly related to non-system accounts. The event details indicate potential unauthorized attempts to manipulate system registry keys or access sensitive processes, which could be indicative of malicious activity such as command execution or credential theft, especially when combined with audit policies that monitor for suspicious behavior.",
        "llm_security_impact": "MEDIUM",
        "llm_typical_volume": "MEDIUM",
        "llm_recommended_monitoring": "YES"
    },
    "4657": {
        "summary": "A registry value was modified",
        "category": "Object Access",
        "subcategory": "Registry",
        "type": "Success",
        "description": "This event documents creation, modification and deletion of registry VALUES. This event is logged between the open (4656)and close (4658)events for the registry KEY where the value resides. See Operation Type to find out if the value was created, modified or deleted. Of course this event will only be logged if the key'saudit policy is enabled for Set Value permissionfor the appropriate user or a group in the user is a member.",
        "operating_systems": "Windows 2008 R2, Windows 7, Windows 2012 R2, Windows 8.1, Windows Server 2016, Windows 10, Windows Server 2019, Windows Server 2022",
        "legacy_event_id": "567",
        "potential_criticality": "Low",
        "event_xml": "<Event xmlns=\"http://schemas.microsoft.com/win/2004/08/events/event\"> - <System> <Provider Name=\"Microsoft-Windows-Security-Auditing\" Guid=\"{54849625-5478-4994-A5BA-3E3B0328C30D}\" /> <EventID>4657</EventID> <Version>0</Version> <Level>0</Level> <Task>12801</Task> <Opcode>0</Opcode> <Keywords>0x8020000000000000</Keywords> <TimeCreated SystemTime=\"2015-09-24T01:28:43.639634100Z\" /> <EventRecordID>744725</EventRecordID> <Correlation /> <Execution ProcessID=\"4\" ThreadID=\"4824\" /> <Channel>Security</Channel> <Computer>DC01.contoso.local</Computer> <Security /> </System> - <EventData> <Data Name=\"SubjectUserSid\">S-1-5-21-3457937927-2839227994-823803824-1104</Data> <Data Name=\"SubjectUserName\">dadmin</Data> <Data Name=\"SubjectDomainName\">CONTOSO</Data> <Data Name=\"SubjectLogonId\">0x364eb</Data> <Data Name=\"ObjectName\">\\\\\\\\REGISTRY\\\\\\\\MACHINE</Data> <Data Name=\"ObjectValueName\">Name\\\\_New</Data> <Data Name=\"HandleId\">0x54</Data> <Data Name=\"OperationType\">%%1905</Data> <Data Name=\"OldValueType\">%%1873</Data> <Data Name=\"OldValue\" /> <Data Name=\"NewValueType\">%%1873</Data> <Data Name=\"NewValue\">Andrei</Data> <Data Name=\"ProcessId\">0xce4</Data> <Data Name=\"ProcessName\">C:\\\\\\\\Windows\\\\\\\\regedit.exe</Data> </EventData> </Event>",
        "EventGUID": "{0CCE921E-69AE-11D9-BED3-505054503030}",
        "EventName": "Audit Registry",
        "llm_technical_description": "This event logs modifications (creation, modification, or deletion) of a registry value within the Object Access category under Registry subcategory. The event is triggered when a user or process attempts to modify a specific registry key, such as those related to Windows Defender exclusions, microphone capabilities, or webcam access. If the registry key's audit policy for Set Value permission is enabled, this event will be logged.",
        "llm_security_impact": "MEDIUM",
        "llm_typical_volume": "MEDIUM",
        "llm_recommended_monitoring": "YES"
    },
    "4658": {
        "summary": "The handle to an object was closed",
        "category": "Object Access",
        "subcategory": "File System Registry Kernel Object SAM Handle Manipulation Other Object Access Events",
        "type": "Success",
        "description": "This event is logged by multiple subcategories as indicated above.",
        "operating_systems": "Windows 2008 R2, Windows 7, Windows 2012 R2, Windows 8.1, Windows Server 2016, Windows 10, Windows Server 2019, Windows Server 2022",
        "legacy_event_id": "562",
        "potential_criticality": "Low",
        "event_xml": "<Event xmlns=\"http://schemas.microsoft.com/win/2004/08/events/event\"> - <System> <Provider Name=\"Microsoft-Windows-Security-Auditing\" Guid=\"{54849625-5478-4994-A5BA-3E3B0328C30D}\" /> <EventID>4658</EventID> <Version>0</Version> <Level>0</Level> <Task>12800</Task> <Opcode>0</Opcode> <Keywords>0x8020000000000000</Keywords> <TimeCreated SystemTime=\"2015-09-22T00:15:42.910428100Z\" /> <EventRecordID>276724</EventRecordID> <Correlation /> <Execution ProcessID=\"4\" ThreadID=\"5056\" /> <Channel>Security</Channel> <Computer>DC01.contoso.local</Computer> <Security /> </System> - <EventData> <Data Name=\"SubjectUserSid\">S-1-5-21-3457937927-2839227994-823803824-1104</Data> <Data Name=\"SubjectUserName\">dadmin</Data> <Data Name=\"SubjectDomainName\">CONTOSO</Data> <Data Name=\"SubjectLogonId\">0x4367b</Data> <Data Name=\"ObjectServer\">Security</Data> <Data Name=\"HandleId\">0x18a8</Data> <Data Name=\"ProcessId\">0xef0</Data> <Data Name=\"ProcessName\">C:\\\\\\\\Windows\\\\\\\\explorer.exe</Data> </EventData> </Event>",
        "EventGUID": "{0CCE9245-69AE-11D9-BED3-505054503030}; {0CCE921F-69AE-11D9-BED3-505054503030}; {0CCE9223-69AE-11D9-BED3-505054503030}; {0CCE921D-69AE-11D9-BED3-505054503030}; {0CCE921E-69AE-11D9-BED3-505054503030}",
        "EventName": "Audit Kernel Object; Audit Handle Manipulation; Audit Removable Storage; Audit File System; Audit Registry",
        "llm_technical_description": "The handle was closed as indicated by multiple events including 4658 which is under Object Access Category and File System Registry Kernel Object SAM Handle Manipulation Other Object Access Events Subcategory. The event summary indicates that this handle closure could be related to file system activities such as deletion or modification.",
        "llm_security_impact": "HIGH",
        "llm_typical_volume": "MEDIUM",
        "llm_recommended_monitoring": "YES"
    },
    "4659": {
        "summary": "A handle to an object was requested with intent to delete",
        "category": "Object Access",
        "subcategory": "File System Registry Other Object Access Events",
        "type": "Success",
        "description": "This event should be logged whenever your install a patch that requires replacement of a file that is already opened by Windows and can't be closed until shut down.",
        "operating_systems": "Windows 2008 R2, Windows 7, Windows 2012 R2, Windows 8.1, Windows Server 2016, Windows 10, Windows Server 2019, Windows Server 2022",
        "legacy_event_id": "",
        "potential_criticality": "Low",
        "event_xml": "",
        "EventGUID": "",
        "EventName": "",
        "llm_technical_description": "This event logs when a handle to an object is requested with intent to delete. This typically occurs during system updates or patches that replace files in the Windows File System Registry. The event itself does not inherently indicate malicious activity unless it is repeated unusually or involves critical system objects.",
        "llm_security_impact": "LOW",
        "llm_typical_volume": "MEDIUM",
        "llm_recommended_monitoring": "NO"
    },
    "4660": {
        "summary": "An object was deleted",
        "category": "Object Access",
        "subcategory": "File System Registry Kernel Object SAM Other Object Access Events",
        "type": "Success",
        "description": "This event is logged by multiple subcategories as indicated above.\n\r\nThis event is logged when an object is deleted where that object's audit policy has auditing enabled for deletions for the user who just deleted it or a group to which the user belongs.\n\r\nTo find out the object's name and type you will need to correlate back to to the event 4656 that has the same Handle ID.\n\r\nIn addition to this event you will also get event 4663 when you delete the object; Accesses: will include DELETE.4663 identifies the object's name without requiring correlation to 4656.",
        "operating_systems": "Windows 2008 R2, Windows 7, Windows 2012 R2, Windows 8.1, Windows Server 2016, Windows 10, Windows Server 2019, Windows Server 2022",
        "legacy_event_id": "564",
        "potential_criticality": "Low",
        "event_xml": "<Event xmlns=\"http://schemas.microsoft.com/win/2004/08/events/event\"> - <System> <Provider Name=\"Microsoft-Windows-Security-Auditing\" Guid=\"{54849625-5478-4994-A5BA-3E3B0328C30D}\" /> <EventID>4660</EventID> <Version>0</Version> <Level>0</Level> <Task>12800</Task> <Opcode>0</Opcode> <Keywords>0x8020000000000000</Keywords> <TimeCreated SystemTime=\"2015-09-18T21:05:28.677152100Z\" /> <EventRecordID>270188</EventRecordID> <Correlation /> <Execution ProcessID=\"4\" ThreadID=\"3060\" /> <Channel>Security</Channel> <Computer>DC01.contoso.local</Computer> <Security /> </System> - <EventData> <Data Name=\"SubjectUserSid\">S-1-5-21-3457937927-2839227994-823803824-1104</Data> <Data Name=\"SubjectUserName\">dadmin</Data> <Data Name=\"SubjectDomainName\">CONTOSO</Data> <Data Name=\"SubjectLogonId\">0x4367b</Data> <Data Name=\"ObjectServer\">Security</Data> <Data Name=\"HandleId\">0x1678</Data> <Data Name=\"ProcessId\">0xef0</Data> <Data Name=\"ProcessName\">C:\\\\\\\\Windows\\\\\\\\explorer.exe</Data> <Data Name=\"TransactionId\">{00000000-0000-0000-0000-000000000000}</Data> </EventData> </Event>",
        "EventGUID": "{0CCE921F-69AE-11D9-BED3-505054503030}; {0CCE921D-69AE-11D9-BED3-505054503030}; {0CCE921E-69AE-11D9-BED3-505054503030}",
        "EventName": "Audit Kernel Object; Audit File System; Audit Registry",
        "llm_technical_description": "This event indicates that an object was deleted without explicit auditing enabled for deletions by the user who performed the deletion or their group. This could be an unauthorized action, as deletion of objects like devices or files may bypass security checks if auditing is not configured.",
        "llm_security_impact": "HIGH",
        "llm_typical_volume": "LOW",
        "llm_recommended_monitoring": "YES"
    },
    "4661": {
        "summary": "A handle to an object was requested",
        "category": "Object Access",
        "subcategory": "Kernel Object SAMDirectory Service              Directory Service Access",
        "type": "Success",
        "description": "This event is logged by multiple subcategories as indicated above.\n\r\nMost objects, when opened (handle request), generate event 4656 but when you open a SAM object you get 4661 instead.\n\r\nSome AD objects also double as SAM objects and some properties of those objects double as SAM attributes. This event is logged when opening such SAM objects such as SAM_DOMAIN or SAM_USER. \n\r\nWhen the object is closed you get event ID 4658 with the same handle ID.\n\r\nI regard these events as noise and recommend disabling the SAM subcategory in your audit policy.",
        "operating_systems": "Windows 2008 R2, Windows 7, Windows 2012 R2, Windows 8.1, Windows Server 2016, Windows 10, Windows Server 2019, Windows Server 2022",
        "legacy_event_id": "565",
        "potential_criticality": "Low",
        "event_xml": "<Event xmlns=\"http://schemas.microsoft.com/win/2004/08/events/event\"> - <System> <Provider Name=\"Microsoft-Windows-Security-Auditing\" Guid=\"{54849625-5478-4994-A5BA-3E3B0328C30D}\" /> <EventID>4661</EventID> <Version>0</Version> <Level>0</Level> <Task>14080</Task> <Opcode>0</Opcode> <Keywords>0x8020000000000000</Keywords> <TimeCreated SystemTime=\"2015-09-30T00:11:56.547696700Z\" /> <EventRecordID>1048009</EventRecordID> <Correlation /> <Execution ProcessID=\"520\" ThreadID=\"528\" /> <Channel>Security</Channel> <Computer>DC01.contoso.local</Computer> <Security /> </System> - <EventData> <Data Name=\"SubjectUserSid\">S-1-5-21-3457937927-2839227994-823803824-1104</Data> <Data Name=\"SubjectUserName\">dadmin</Data> <Data Name=\"SubjectDomainName\">CONTOSO</Data> <Data Name=\"SubjectLogonId\">0x4280e</Data> <Data Name=\"ObjectServer\">Security Account Manager</Data> <Data Name=\"ObjectType\">SAM\\\\_DOMAIN</Data> <Data Name=\"ObjectName\">DC=contoso,DC=local</Data> <Data Name=\"HandleId\">0xdd64d36870</Data> <Data Name=\"TransactionId\">{00000000-0000-0000-0000-000000000000}</Data> <Data Name=\"AccessList\">%%5400</Data> <Data Name=\"AccessMask\">0x2d</Data> <Data Name=\"PrivilegeList\">\u0100</Data> <Data Name=\"Properties\">-</Data> <Data Name=\"RestrictedSidCount\">2949165</Data> <Data Name=\"ProcessId\">0x9000a000d002d</Data> <Data Name=\"ProcessName\">{bf967a90-0de6-11d0-a285-00aa003049e2} %%5400 {ccc2dc7d-a6ad-4a7a-8846-c04e3cc53501}</Data> </EventData> </Event>",
        "EventGUID": "{0CCE923B-69AE-11D9-BED3-505054503030}; {0CCE9220-69AE-11D9-BED3-505054503030}",
        "EventName": "Audit Directory Service Access; Audit SAM",
        "llm_technical_description": "The event ID 4661 logs when a handle to a SAM object is requested for opening. This is a normal activity observed on domain controllers when interacting with SAM (Shared Access Manager) objects, such as SAM_DOMAIN or SAM_USER. The event is typically logged by these objects and should be considered noise in normal operations. However, if accompanied by other suspicious activities, it may indicate potential security issues such as unauthorized access attempts or privileged user/group reconstructions.",
        "llm_security_impact": "MEDIUM",
        "llm_typical_volume": "LOW",
        "llm_recommended_monitoring": "YES"
    },
    "4662": {
        "summary": "An operation was performed on an object",
        "category": "Directory Service",
        "subcategory": "Directory Service Access",
        "type": "Success",
        "description": "Active Directory logs this event when a user accesses an AD object. \n\r\nOf course the object's audit policy must be enabled for the permissions requested and the user requesting it or a group to which that user belongs.\n\r\nFor tracking property level changes to AD objects I recommend using Directory Service Change events (5136...) instead of this event because 5136, etc providemuch better information. \n\r\nOn the other hand this is the only event that reports accesses defined for auditing that do not qualify as property changes.",
        "operating_systems": "Windows 2008 R2, Windows 7, Windows 2012 R2, Windows 8.1, Windows Server 2016, Windows 10, Windows Server 2019, Windows Server 2022",
        "legacy_event_id": "566",
        "potential_criticality": "Low",
        "event_xml": "<Event xmlns=\"http://schemas.microsoft.com/win/2004/08/events/event\"> - <System> <Provider Name=\"Microsoft-Windows-Security-Auditing\" Guid=\"{54849625-5478-4994-A5BA-3E3B0328C30D}\" /> <EventID>4662</EventID> <Version>0</Version> <Level>0</Level> <Task>14080</Task> <Opcode>0</Opcode> <Keywords>0x8020000000000000</Keywords> <TimeCreated SystemTime=\"2015-08-28T01:58:36.894922400Z\" /> <EventRecordID>407230</EventRecordID> <Correlation /> <Execution ProcessID=\"520\" ThreadID=\"600\" /> <Channel>Security</Channel> <Computer>DC01.contoso.local</Computer> <Security /> </System> - <EventData> <Data Name=\"SubjectUserSid\">S-1-5-21-3457937927-2839227994-823803824-1104</Data> <Data Name=\"SubjectUserName\">dadmin</Data> <Data Name=\"SubjectDomainName\">CONTOSO</Data> <Data Name=\"SubjectLogonId\">0x35867</Data> <Data Name=\"ObjectServer\">DS</Data> <Data Name=\"ObjectType\">%{bf967a86-0de6-11d0-a285-00aa003049e2}</Data> <Data Name=\"ObjectName\">%{38b3d2e6-9948-4dc1-ae90-1605d5eab9a2}</Data> <Data Name=\"OperationType\">Object Access</Data> <Data Name=\"HandleId\">0x0</Data> <Data Name=\"AccessList\">%%1537</Data> <Data Name=\"AccessMask\">0x10000</Data> <Data Name=\"Properties\">%%1537 {bf967a86-0de6-11d0-a285-00aa003049e2}</Data> <Data Name=\"AdditionalInfo\">-</Data> <Data Name=\"AdditionalInfo2\" /> </EventData> </Event>",
        "EventGUID": "{0CCE923B-69AE-11D9-BED3-505054503030}",
        "EventName": "Audit Directory Service Access",
        "llm_technical_description": "The event indicates a WRITE_DAC operation on an Active Directory (AD) object, potentially indicating unauthorized access or malicious activity such as Mimikatz DC sync, AD replication from non-machine accounts, or extraction of domain backup keys. The event is triggered when users access AD objects requiring auditing, but may also occur for legitimate purposes like property changes. The Sigma rule further analyzes this event by checking properties like WMI filters, access masks, and subject usernames to detect suspicious activities.",
        "llm_security_impact": "HIGH",
        "llm_typical_volume": "HIGH",
        "llm_recommended_monitoring": "YES"
    },
    "4663": {
        "summary": "An attempt was made to access an object",
        "category": "Object Access",
        "subcategory": "File System Registry Kernel Object SAM Other Object Access Events",
        "type": "Success",
        "description": "This event is logged by multiple subcategories as indicated above.\n\r\nThis event documents actual operations performed against files and other objects.This event is logged between the open (4656)and close (4658)events for the object being opened and can be correlated to those events via Handle ID. \n\r\nWhile event 4656tells you when the object is initially opened and what type of access was requested at that time; 4656 doesn't give you positive confirmation any of the access permissions were actually exercised. That is the role of this event. This event, 4663, is logged the first time one or more of the requested permissions are actually exercised. If the program repeatedly exercises a permission while the object is open, Windows only logs 4663 the first time.",
        "operating_systems": "Windows 2008 R2, Windows 7, Windows 2012 R2, Windows 8.1, Windows Server 2016, Windows 10, Windows Server 2019, Windows Server 2022",
        "legacy_event_id": "567",
        "potential_criticality": "Low",
        "event_xml": "<Event xmlns=\"http://schemas.microsoft.com/win/2004/08/events/event\"> - <System> <Provider Name=\"Microsoft-Windows-Security-Auditing\" Guid=\"{54849625-5478-4994-A5BA-3E3B0328C30D}\" /> <EventID>4663</EventID> <Version>1</Version> <Level>0</Level> <Task>12800</Task> <Opcode>0</Opcode> <Keywords>0x8020000000000000</Keywords> <TimeCreated SystemTime=\"2015-09-18T22:13:54.770429700Z\" /> <EventRecordID>273866</EventRecordID> <Correlation /> <Execution ProcessID=\"516\" ThreadID=\"524\" /> <Channel>Security</Channel> <Computer>DC01.contoso.local</Computer> <Security /> </System> - <EventData> <Data Name=\"SubjectUserSid\">S-1-5-21-3457937927-2839227994-823803824-1104</Data> <Data Name=\"SubjectUserName\">dadmin</Data> <Data Name=\"SubjectDomainName\">CONTOSO</Data> <Data Name=\"SubjectLogonId\">0x4367b</Data> <Data Name=\"ObjectServer\">Security</Data> <Data Name=\"ObjectType\">File</Data> <Data Name=\"ObjectName\">C:\\\\\\\\Documents\\\\\\\\HBI Data.txt</Data> <Data Name=\"HandleId\">0x1bc</Data> <Data Name=\"AccessList\">%%4417 %%4418</Data> <Data Name=\"AccessMask\">0x6</Data> <Data Name=\"ProcessId\">0x458</Data> <Data Name=\"ProcessName\">C:\\\\\\\\Windows\\\\\\\\System32\\\\\\ otepad.exe</Data> <Data Name=\"ResourceAttributes\">S:AI(RA;ID;;;;WD;(\"Impact\\\\_MS\",TI,0x10020,3000))</Data> </EventData> </Event>",
        "EventGUID": "{0CCE921F-69AE-11D9-BED3-505054503030}; {0CCE9245-69AE-11D9-BED3-505054503030}; {0CCE921D-69AE-11D9-BED3-505054503030}; {0CCE921E-69AE-11D9-BED3-505054503030}",
        "EventName": "Audit Kernel Object; Audit File System; Audit Registry; Audit Removable Storage",
        "llm_technical_description": "This event logs an attempt to access an object under the Object Access category in Windows. It is part of the File System Registry Kernel Object SAM Other Object Access Events subcategory, indicating that it is tracking when specific permissions are actually used rather than just requested. The event details suggest it occurred between the open (EventID: 4656) and close (EventID: 4658) events for the object being accessed. This type of event is typically logged during legitimate operations, but in this case, due to Sigma detection rules, it may indicate suspicious activity related to unauthorized access attempts.",
        "llm_security_impact": "HIGH",
        "llm_typical_volume": "HIGH",
        "llm_recommended_monitoring": "YES"
    },
    "4664": {
        "summary": "An attempt was made to create a hard link",
        "category": "Object Access",
        "subcategory": "File System",
        "type": "Success",
        "description": "An attempt was made to create a hard link.",
        "operating_systems": "Windows 2008 R2, Windows 7, Windows 2012 R2, Windows 8.1, Windows Server 2016, Windows 10, Windows Server 2019, Windows Server 2022",
        "legacy_event_id": "",
        "potential_criticality": "Low",
        "event_xml": "<Event xmlns=\"http://schemas.microsoft.com/win/2004/08/events/event\"> - <System> <Provider Name=\"Microsoft-Windows-Security-Auditing\" Guid=\"{54849625-5478-4994-A5BA-3E3B0328C30D}\" /> <EventID>4664</EventID> <Version>0</Version> <Level>0</Level> <Task>12800</Task> <Opcode>0</Opcode> <Keywords>0x8020000000000000</Keywords> <TimeCreated SystemTime=\"2015-09-21T23:50:26.871375900Z\" /> <EventRecordID>276680</EventRecordID> <Correlation /> <Execution ProcessID=\"4\" ThreadID=\"2624\" /> <Channel>Security</Channel> <Computer>DC01.contoso.local</Computer> <Security /> </System> - <EventData> <Data Name=\"SubjectUserSid\">S-1-5-21-3457937927-2839227994-823803824-1104</Data> <Data Name=\"SubjectUserName\">dadmin</Data> <Data Name=\"SubjectDomainName\">CONTOSO</Data> <Data Name=\"SubjectLogonId\">0x43659</Data> <Data Name=\"FileName\">C:\\\\\\ otepad.exe</Data> <Data Name=\"LinkName\">C:\\\\\\\\Docs\\\\\\\\My.exe</Data> <Data Name=\"TransactionId\">{00000000-0000-0000-0000-000000000000}</Data> </EventData> </Event>",
        "EventGUID": "{0CCE921D-69AE-11D9-BED3-505054503030}",
        "EventName": "Audit File System",
        "llm_technical_description": "An attempt was made to create a hard link in the file system, which is typically used for efficient resource sharing by pointing to files or directories without duplicating their data. This action could indicate potential unauthorized access or malicious intent if performed with malicious purpose.",
        "llm_security_impact": "NONE",
        "llm_typical_volume": "MEDIUM",
        "llm_recommended_monitoring": "NO"
    },
    "4665": {
        "summary": "An attempt was made to create an application client context.",
        "category": "Object Access",
        "subcategory": "Application Generated",
        "type": "Success",
        "description": "",
        "operating_systems": "Windows 2008 R2, Windows 7, Windows 2012 R2, Windows 8.1, Windows Server 2016, Windows 10, Windows Server 2019, Windows Server 2022",
        "legacy_event_id": "",
        "potential_criticality": "Low",
        "event_xml": "",
        "EventGUID": "{0CCE9222-69AE-11D9-BED3-505054503030}",
        "EventName": "Audit Application Generated",
        "llm_technical_description": "The event ID 4665 indicates an attempt to create an application client context. This typically relates to user interactions with applications, such as launching multiple windows or using Windows features like Remote Desktop. The category and subcategory suggest it's part of normal user activities without specific malicious intent evident from the provided details.",
        "llm_security_impact": "LOW",
        "llm_typical_volume": "MEDIUM",
        "llm_recommended_monitoring": "NO"
    },
    "4666": {
        "summary": "An application attempted an operation",
        "category": "Object Access",
        "subcategory": "Application Generated",
        "type": "Success",
        "description": "",
        "operating_systems": "Windows 2008 R2, Windows 7, Windows 2012 R2, Windows 8.1, Windows Server 2016, Windows 10, Windows Server 2019, Windows Server 2022",
        "legacy_event_id": "",
        "potential_criticality": "Low",
        "event_xml": "",
        "EventGUID": "{0CCE9222-69AE-11D9-BED3-505054503030}",
        "EventName": "Audit Application Generated",
        "llm_technical_description": "The event indicates an application attempted an operation under Object Access > Application Generated. However, due to the lack of detailed information (e.g., description or context), it is difficult to determine if this operation was legitimate or potentially malicious. Object Access events are typically benign unless repeated from multiple sources with high privileges.",
        "llm_security_impact": "MEDIUM",
        "llm_typical_volume": "LOW",
        "llm_recommended_monitoring": "NO"
    },
    "4667": {
        "summary": "An application client context was deleted",
        "category": "Object Access",
        "subcategory": "Application Generated",
        "type": "Success",
        "description": "This event is logged in connection with Authorization Manager access checks. See Establishing a Client Context with Authorization Manager in C++ for more details.",
        "operating_systems": "Windows 2008 R2, Windows 7, Windows 2012 R2, Windows 8.1, Windows Server 2016, Windows 10, Windows Server 2019, Windows Server 2022",
        "legacy_event_id": "",
        "potential_criticality": "Low",
        "event_xml": "",
        "EventGUID": "{0CCE9222-69AE-11D9-BED3-505054503030}",
        "EventName": "Audit Application Generated",
        "llm_technical_description": "An application client context was deleted, likely indicating unauthorized access or a potential security breach. The event is tied to Authorization Manager checks, suggesting an attempt to terminate a session without proper authorization.",
        "llm_security_impact": "MEDIUM",
        "llm_typical_volume": "LOW",
        "llm_recommended_monitoring": "YES"
    },
    "4668": {
        "summary": "An application was initialized",
        "category": "Object Access",
        "subcategory": "Application Generated",
        "type": "Success",
        "description": "I haven't been able to produce this event. Have you? If so, please start a discussion (see above) and post a sample along with any comments you may have! Don't forget to sanitize any private information",
        "operating_systems": "Windows 2008 R2, Windows 7, Windows 2012 R2, Windows 8.1, Windows Server 2016, Windows 10, Windows Server 2019, Windows Server 2022",
        "legacy_event_id": "",
        "potential_criticality": "Low",
        "event_xml": "",
        "EventGUID": "{0CCE9222-69AE-11D9-BED3-505054503030}",
        "EventName": "Audit Application Generated",
        "llm_technical_description": "The event indicates an application was accessed as part of object-level operations. While this is a normal activity for applications to access objects they generate or utilize, the specific circumstances (e.g., unexpected behavior) could hint at malicious intent such as unauthorized access attempts or filesharing without proper permissions.",
        "llm_security_impact": "MEDIUM",
        "llm_typical_volume": "LOW",
        "llm_recommended_monitoring": "YES"
    },
    "4670": {
        "summary": "Permissions on an object were changed",
        "category": "Object Access",
        "subcategory": "File System RegistryPolicy Change                  Authorization Policy Change",
        "type": "Success",
        "description": "Windows logs this event when someonechanges the access control list on an object. The event identifies the object, who changed the permissions and the old an new permissions.\n\r\nOf course the object'saudit policy must have auditing enabled for \"Write DAC\"/\"Change Permissions\" or \"Take Ownership\" permissions for the user who just modified this object's access control list or a group to which the user belongs.",
        "operating_systems": "Windows 2008 R2, Windows 7, Windows 2012 R2, Windows 8.1, Windows Server 2016, Windows 10, Windows Server 2019, Windows Server 2022",
        "legacy_event_id": "",
        "potential_criticality": "Low",
        "event_xml": "<Event xmlns=\"http://schemas.microsoft.com/win/2004/08/events/event\"> - <System> <Provider Name=\"Microsoft-Windows-Security-Auditing\" Guid=\"{54849625-5478-4994-A5BA-3E3B0328C30D}\" /> <EventID>4670</EventID> <Version>0</Version> <Level>0</Level> <Task>13570</Task> <Opcode>0</Opcode> <Keywords>0x8020000000000000</Keywords> <TimeCreated SystemTime=\"2015-09-18T19:36:50.187044600Z\" /> <EventRecordID>269529</EventRecordID> <Correlation /> <Execution ProcessID=\"516\" ThreadID=\"524\" /> <Channel>Security</Channel> <Computer>DC01.contoso.local</Computer> <Security /> </System> - <EventData> <Data Name=\"SubjectUserSid\">S-1-5-21-3457937927-2839227994-823803824-1104</Data> <Data Name=\"SubjectUserName\">dadmin</Data> <Data Name=\"SubjectDomainName\">CONTOSO</Data> <Data Name=\"SubjectLogonId\">0x43659</Data> <Data Name=\"ObjectServer\">Security</Data> <Data Name=\"ObjectType\">File</Data> <Data Name=\"ObjectName\">C:\\\\\\\\Documents\\\\\\ etcat-1.11</Data> <Data Name=\"HandleId\">0x3f0</Data> <Data Name=\"OldSd\">D:AI(A;OICIID;FA;;;S-1-5-21-3457937927-2839227994-823803824-2104)(A;OICIID;FA;;;S-1-5-21-3457937927-2839227994-823803824-1104)(A;OICIID;FA;;;SY)(A;OICIID;FA;;;BA)</Data> <Data Name=\"NewSd\">D:ARAI(A;OICI;FA;;;WD)(A;OICIID;FA;;;S-1-5-21-3457937927-2839227994-823803824-2104)(A;OICIID;FA;;;S-1-5-21-3457937927-2839227994-823803824-1104)(A;OICIID;FA;;;SY)(A;OICIID;FA;;;BA)</Data> <Data Name=\"ProcessId\">0xdb0</Data> <Data Name=\"ProcessName\">C:\\\\\\\\Windows\\\\\\\\System32\\\\\\\\dllhost.exe</Data> </EventData> </Event>",
        "EventGUID": "{0CCE9231-69AE-11D9-BED3-505054503030}; {0CCE9230-69AE-11D9-BED3-505054503030}; {0CCE921D-69AE-11D9-BED3-505054503030}; {0CCE921E-69AE-11D9-BED3-505054503030}",
        "EventName": "Audit File System; Audit Registry; Audit Authentication Policy Change; Audit Authorization Policy Change",
        "llm_technical_description": "The event indicates that an object's access control list was modified by a user or group member(s). This could be done maliciously to hide changes, as attackers may later change the object type to remove the audit trail. The event provides evidence of unauthorized access attempts but requires further investigation to determine if this is legitimate system configuration.",
        "llm_security_impact": "MEDIUM",
        "llm_typical_volume": "LOW",
        "llm_recommended_monitoring": "YES"
    },
    "4671": {
        "summary": "An application attempted to access a blocked ordinal through the TBS",
        "category": "Object Access",
        "subcategory": "Other Object Access Events",
        "type": "Success",
        "description": "TBS is a part of Trusted Platform Module",
        "operating_systems": "Windows 2008 R2, Windows 7, Windows 2012 R2, Windows 8.1, Windows Server 2016, Windows 10, Windows Server 2019, Windows Server 2022",
        "legacy_event_id": "",
        "potential_criticality": "Low",
        "event_xml": "",
        "EventGUID": "{0CCE9227-69AE-11D9-BED3-505054503030}",
        "EventName": "Audit Other Object Access Events",
        "llm_technical_description": "The application attempted to access a blocked ordinal through TBS (Trusted Platform Module), which is normally part of system initialization and legitimate operations. This activity is expected but could indicate unauthorized attempts, though without specific Sigma rule context, it's not flagged as suspicious.",
        "llm_security_impact": "LOW",
        "llm_typical_volume": "LOW",
        "llm_recommended_monitoring": "NO"
    },
    "4672": {
        "summary": "Special privileges assigned to new logon",
        "category": "Logon/Logoff",
        "subcategory": "Special Logon",
        "type": "Success",
        "description": "This event lets you know whenever an account assigned any \"administrator equivalent\" user rights logs on. For instance you will see event 4672 in close proximity to logon events (4624)for administrators since administrators have most of these admin-equivalent rights. \n\r\nSo, this is a useful right to detecting any \"super user\" account logons. Of course this right is logged for any server or applications accounts logging on as a batch job (scheduled task) or system service. See Logon Type: on event ID 4624. You can correlate 4672 to 4624 by Logon ID:.\n\r\nNote: \"User rights\" and \"privileges\" are synonymous terms used interchangeably in Windows.\n\r\nAdmin-equivalent rights are powerful authorities that allow you to circumvent other security controls in Windows. Most admin equivalent privileges are intended for services and applications that interact closely with the operating system. With just a few exceptions, most admin equivalent privileges neither need nor should be granted to human user accounts.",
        "operating_systems": "Windows 2008 R2, Windows 7, Windows 2012 R2, Windows 8.1, Windows Server 2016, Windows 10, Windows Server 2019, Windows Server 2022",
        "legacy_event_id": "576",
        "potential_criticality": "Low",
        "event_xml": "<Event xmlns=\"http://schemas.microsoft.com/win/2004/08/events/event\"> - <System> <Provider Name=\"Microsoft-Windows-Security-Auditing\" Guid=\"{54849625-5478-4994-A5BA-3E3B0328C30D}\" /> <EventID>4672</EventID> <Version>0</Version> <Level>0</Level> <Task>12548</Task> <Opcode>0</Opcode> <Keywords>0x8020000000000000</Keywords> <TimeCreated SystemTime=\"2015-09-11T01:10:57.091809600Z\" /> <EventRecordID>237692</EventRecordID> <Correlation /> <Execution ProcessID=\"504\" ThreadID=\"524\" /> <Channel>Security</Channel> <Computer>DC01.contoso.local</Computer> <Security /> </System> - <EventData> <Data Name=\"SubjectUserSid\">S-1-5-21-3457937927-2839227994-823803824-1104</Data> <Data Name=\"SubjectUserName\">dadmin</Data> <Data Name=\"SubjectDomainName\">CONTOSO</Data> <Data Name=\"SubjectLogonId\">0x671101</Data> <Data Name=\"PrivilegeList\">SeTcbPrivilege SeSecurityPrivilege SeTakeOwnershipPrivilege SeLoadDriverPrivilege SeBackupPrivilege SeRestorePrivilege SeDebugPrivilege SeSystemEnvironmentPrivilege SeEnableDelegationPrivilege SeImpersonatePrivilege</Data> </EventData> </Event>",
