        "EventGUID": "{0CCE9212-69AE-11D9-BED3-505054503030}",
        "EventName": "Audit System Integrity",
        "llm_technical_description": "The event indicates a cryptographic operation within the System Integrity category, which typically relates to system security mechanisms. This could be legitimate or malicious if unauthorized changes or exploitable code were injected during the operation.",
        "llm_security_impact": "MEDIUM",
        "llm_typical_volume": "MEDIUM",
        "llm_recommended_monitoring": "NO"
    },
    "5062": {
        "summary": "A kernel-mode cryptographic self test was performed",
        "category": "Uncategorized",
        "subcategory": "Subcategory could not be determined",
        "type": "Success",
        "description": "",
        "operating_systems": "Windows 2008 R2, Windows 7, Windows 2012 R2, Windows 8.1, Windows Server 2016, Windows 10, Windows Server 2019, Windows Server 2022",
        "legacy_event_id": "",
        "potential_criticality": "Low",
        "event_xml": "",
        "EventGUID": "{0CCE9212-69AE-11D9-BED3-505054503030}",
        "EventName": "Audit System Integrity",
        "llm_technical_description": "A cryptographic self-test was performed in kernel mode, which is typically used to verify the integrity of cryptographic modules such as OpenSSL. This test ensures that keys are properly derived or validates the crypto coprocessor's functionality.",
        "llm_security_impact": "LOW",
        "llm_typical_volume": "LOW",
        "llm_recommended_monitoring": "NO"
    },
    "5063": {
        "summary": "A cryptographic provider operation was attempted",
        "category": "Policy Change",
        "subcategory": "Other Policy Change Events",
        "type": "Success",
        "description": "",
        "operating_systems": "Windows 2008 R2, Windows 7, Windows 2012 R2, Windows 8.1, Windows Server 2016, Windows 10, Windows Server 2019, Windows Server 2022",
        "legacy_event_id": "",
        "potential_criticality": "Low",
        "event_xml": "",
        "EventGUID": "{0CCE9234-69AE-11D9-BED3-505054503030}",
        "EventName": "Audit Other Policy Change Events",
        "llm_technical_description": "The event indicates an attempt to modify a cryptographic provider in Windows. This could be part of legitimate setup processes, such as installing software that relies on specific encryption services. However, unauthorized attempts to alter configuration settings without proper authorization can raise red flags for potential malicious activities.",
        "llm_security_impact": "LOW",
        "llm_typical_volume": "MEDIUM",
        "llm_recommended_monitoring": "NO"
    },
    "5064": {
        "summary": "A cryptographic context operation was attempted",
        "category": "Policy Change",
        "subcategory": "Other Policy Change Events",
        "type": "Success",
        "description": "",
        "operating_systems": "Windows 2008 R2, Windows 7, Windows 2012 R2, Windows 8.1, Windows Server 2016, Windows 10, Windows Server 2019, Windows Server 2022",
        "legacy_event_id": "",
        "potential_criticality": "Low",
        "event_xml": "",
        "EventGUID": "{0CCE9234-69AE-11D9-BED3-505054503030}",
        "EventName": "Audit Other Policy Change Events",
        "llm_technical_description": "The attempt to change a cryptographic context policy could indicate malicious activity or a potential security risk. This event suggests that unauthorized changes to cryptographic configurations may be occurring, which could potentially allow attackers access to sensitive information if vulnerabilities exist.",
        "llm_security_impact": "MEDIUM",
        "llm_typical_volume": "MEDIUM",
        "llm_recommended_monitoring": "YES"
    },
    "5065": {
        "summary": "A cryptographic context modification was attempted",
        "category": "Policy Change",
        "subcategory": "Other Policy Change Events",
        "type": "Success",
        "description": "",
        "operating_systems": "Windows 2008 R2, Windows 7, Windows 2012 R2, Windows 8.1, Windows Server 2016, Windows 10, Windows Server 2019, Windows Server 2022",
        "legacy_event_id": "",
        "potential_criticality": "Low",
        "event_xml": "",
        "EventGUID": "{0CCE9234-69AE-11D9-BED3-505054503030}",
        "EventName": "Audit Other Policy Change Events",
        "llm_technical_description": "The event indicates a cryptographic context modification attempt, which may involve changes to system security policies or configurations. Without specific details, this could be indicative of normal system updates or malicious activities like unauthorized access attempts.",
        "llm_security_impact": "MEDIUM",
        "llm_typical_volume": "LOW",
        "llm_recommended_monitoring": "YES"
    },
    "5066": {
        "summary": "A cryptographic function operation was attempted",
        "category": "Policy Change",
        "subcategory": "Other Policy Change Events",
        "type": "Success",
        "description": "",
        "operating_systems": "Windows 2008 R2, Windows 7, Windows 2012 R2, Windows 8.1, Windows Server 2016, Windows 10, Windows Server 2019, Windows Server 2022",
        "legacy_event_id": "",
        "potential_criticality": "Low",
        "event_xml": "",
        "EventGUID": "{0CCE9234-69AE-11D9-BED3-505054503030}",
        "EventName": "Audit Other Policy Change Events",
        "llm_technical_description": "The event indicates that an attempt was made to perform a cryptographic function as part of a policy change. This could suggest an unauthorized activity aimed at exploiting system policies related to encryption, potentially indicating malicious intent or a security vulnerability being tested.",
        "llm_security_impact": "MEDIUM",
        "llm_typical_volume": "MEDIUM",
        "llm_recommended_monitoring": "YES"
    },
    "5067": {
        "summary": "A cryptographic function modification was attempted",
        "category": "Policy Change",
        "subcategory": "Other Policy Change Events",
        "type": "Success",
        "description": "",
        "operating_systems": "Windows 2008 R2, Windows 7, Windows 2012 R2, Windows 8.1, Windows Server 2016, Windows 10, Windows Server 2019, Windows Server 2022",
        "legacy_event_id": "",
        "potential_criticality": "Low",
        "event_xml": "",
        "EventGUID": "{0CCE9234-69AE-11D9-BED3-505054503030}",
        "EventName": "Audit Other Policy Change Events",
        "llm_technical_description": "The event indicates an attempt to modify a cryptographic function, potentially related to encryption or security settings on the system. This could involve updating algorithms, key management, or other security features. The implications depend on the context and intent behind the modification.",
        "llm_security_impact": "MEDIUM",
        "llm_typical_volume": "MEDIUM",
        "llm_recommended_monitoring": "YES"
    },
    "5068": {
        "summary": "A cryptographic function provider operation was attempted",
        "category": "Policy Change",
        "subcategory": "Other Policy Change Events",
        "type": "Success",
        "description": "",
        "operating_systems": "Windows 2008 R2, Windows 7, Windows 2012 R2, Windows 8.1, Windows Server 2016, Windows 10, Windows Server 2019, Windows Server 2022",
        "legacy_event_id": "",
        "potential_criticality": "Low",
        "event_xml": "",
        "EventGUID": "{0CCE9234-69AE-11D9-BED3-505054503030}",
        "EventName": "Audit Other Policy Change Events",
        "llm_technical_description": "The event indicates an attempt to perform a cryptographic function provider operation. This could relate to setting up or modifying encryption settings, which might have implications for data security if not properly secured.",
        "llm_security_impact": "LOW",
        "llm_typical_volume": "MEDIUM",
        "llm_recommended_monitoring": "YES"
    },
    "5069": {
        "summary": "A cryptographic function property operation was attempted",
        "category": "Policy Change",
        "subcategory": "Other Policy Change Events",
        "type": "Success",
        "description": "",
        "operating_systems": "Windows 2008 R2, Windows 7, Windows 2012 R2, Windows 8.1, Windows Server 2016, Windows 10, Windows Server 2019, Windows Server 2022",
        "legacy_event_id": "",
        "potential_criticality": "Low",
        "event_xml": "",
        "EventGUID": "{0CCE9234-69AE-11D9-BED3-505054503030}",
        "EventName": "Audit Other Policy Change Events",
        "llm_technical_description": "The event indicates an attempt to modify a cryptographic function as part of a policy change. This could be related to system configuration updates or software installations that alter system policies. The absence of specific details suggests it may be part of regular system maintenance or an attempt by attackers to access unauthorized changes.",
        "llm_security_impact": "MEDIUM",
        "llm_typical_volume": "LOW",
        "llm_recommended_monitoring": "YES"
    },
    "5070": {
        "summary": "A cryptographic function property operation was attempted",
        "category": "Policy Change",
        "subcategory": "Other Policy Change Events",
        "type": "Success",
        "description": "",
        "operating_systems": "Windows 2008 R2, Windows 7, Windows 2012 R2, Windows 8.1, Windows Server 2016, Windows 10, Windows Server 2019, Windows Server 2022",
        "legacy_event_id": "",
        "potential_criticality": "Low",
        "event_xml": "",
        "EventGUID": "{0CCE9234-69AE-11D9-BED3-505054503030}",
        "EventName": "Audit Other Policy Change Events",
        "llm_technical_description": "A cryptographic function property operation was attempted as part of a policy change event. Without specific details on the policy being modified or the context of the operation, it is challenging to assess the exact implications. However, such events often relate to system-wide changes that could impact user accounts and permissions.",
        "llm_security_impact": "HIGH",
        "llm_typical_volume": "MEDIUM",
        "llm_recommended_monitoring": "YES"
    },
    "5071": {
        "summary": "Key access denied by Microsoft key distribution service",
        "category": "System",
        "subcategory": "Other System Events",
        "type": "Failure",
        "description": "This event is new to Server 2012. It does not appear in earlier versions.",
        "operating_systems": "Windows 2012 R2, Windows 8.1, Windows Server 2016, Windows 10, Windows Server 2019, Windows Server 2022",
        "legacy_event_id": "",
        "potential_criticality": "",
        "event_xml": "",
        "EventGUID": "",
        "EventName": "",
        "llm_technical_description": "The event indicates a denial of key access by the Microsoft Key Distribution Service (KDS), which is part of Windows Server 2012. KDS manages client software keys and public keys for updates and services. A denied access could suggest unauthorized attempts to retrieve keys, potentially indicating misconfiguration or malicious activity if accompanied by other signs.",
        "llm_security_impact": "LOW",
        "llm_typical_volume": "LOW/MEDIUM",
        "llm_recommended_monitoring": "YES"
    },
    "5120": {
        "summary": "OCSP Responder Service Started",
        "category": "Object Access",
        "subcategory": "Certification Services",
        "type": "Success",
        "description": "",
        "operating_systems": "Windows 2008 R2, Windows 7, Windows 2012 R2, Windows 8.1, Windows Server 2016, Windows 10, Windows Server 2019, Windows Server 2022",
        "legacy_event_id": "",
        "potential_criticality": "Medium",
        "event_xml": "",
        "EventGUID": "",
        "EventName": "",
        "llm_technical_description": "The 'OCSP Responder Service Started' event indicates that a service is initiating an authentication process for remote desktop or terminal access. This could be due to legitimate user attempts to connect from outside the network, potentially indicating unauthorized access if not properly authenticated.",
        "llm_security_impact": "HIGH",
        "llm_typical_volume": "LOW",
        "llm_recommended_monitoring": "YES"
    },
    "5121": {
        "summary": "OCSP Responder Service Stopped",
        "category": "Uncategorized",
        "subcategory": "Subcategory could not be determined",
        "type": "Success",
        "description": "",
        "operating_systems": "Windows 2008 R2, Windows 7, Windows 2012 R2, Windows 8.1, Windows Server 2016, Windows 10, Windows Server 2019, Windows Server 2022",
        "legacy_event_id": "",
        "potential_criticality": "Medium",
        "event_xml": "",
        "EventGUID": "",
        "EventName": "",
        "llm_technical_description": "The event indicates that an OCSP Responder Service has been stopped. OCSP services are typically used for managing Windows security features such as Group Policy Objects and User Access Control (UAC). If these services are stopped without proper reloads, it may indicate unauthorized or compromised environment changes, potentially allowing attackers to exploit vulnerabilities or bypass system controls.",
        "llm_security_impact": "MEDIUM",
        "llm_typical_volume": "LOW",
        "llm_recommended_monitoring": "YES"
    },
    "5122": {
        "summary": "A Configuration entry changed in the OCSP Responder Service",
        "category": "Uncategorized",
        "subcategory": "Subcategory could not be determined",
        "type": "Success",
        "description": "",
        "operating_systems": "Windows 2008 R2, Windows 7, Windows 2012 R2, Windows 8.1, Windows Server 2016, Windows 10, Windows Server 2019, Windows Server 2022",
        "legacy_event_id": "",
        "potential_criticality": "Medium",
        "event_xml": "",
        "EventGUID": "",
        "EventName": "",
        "llm_technical_description": "An unspecified configuration change was detected in the OCSP Responder Service. This could indicate normal system operation or potential malicious activity such as bypassing security measures.",
        "llm_security_impact": "LOW",
        "llm_typical_volume": "LOW",
        "llm_recommended_monitoring": "YES"
    },
    "5123": {
        "summary": "A configuration entry changed in the OCSP Responder Service",
        "category": "Uncategorized",
        "subcategory": "Subcategory could not be determined",
        "type": "Success",
        "description": "",
        "operating_systems": "Windows 2008 R2, Windows 7, Windows 2012 R2, Windows 8.1, Windows Server 2016, Windows 10, Windows Server 2019, Windows Server 2022",
        "legacy_event_id": "",
        "potential_criticality": "Medium",
        "event_xml": "",
        "EventGUID": "",
        "EventName": "",
        "llm_technical_description": "The event indicates a configuration change in the OCSP Responder Service. This could be indicative of unauthorized system changes or misconfigurations that might lead to security vulnerabilities.",
        "llm_security_impact": "MEDIUM",
        "llm_typical_volume": "LOW",
        "llm_recommended_monitoring": "YES"
    },
    "5124": {
        "summary": "A security setting was updated on OCSP Responder Service",
        "category": "Uncategorized",
        "subcategory": "Subcategory could not be determined",
        "type": "Success",
        "description": "",
        "operating_systems": "Windows 2008 R2, Windows 7, Windows 2012 R2, Windows 8.1, Windows Server 2016, Windows 10, Windows Server 2019, Windows Server 2022",
        "legacy_event_id": "",
        "potential_criticality": "High",
        "event_xml": "",
        "EventGUID": "",
        "EventName": "",
        "llm_technical_description": "The event indicates that a security setting was updated on the OCSP Responder Service, which is related to Outlook's OCSP trust mechanism used by Microsoft for secure email communication. The update could be due to Microsoft applying a patch or an organizational update. Without specific details about what changed, it's challenging to assess if this activity is malicious or legitimate.",
        "llm_security_impact": "LOW",
        "llm_typical_volume": "LOW",
        "llm_recommended_monitoring": "NO"
    },
    "5125": {
        "summary": "A request was submitted to OCSP Responder Service",
        "category": "Uncategorized",
        "subcategory": "Subcategory could not be determined",
        "type": "Success",
        "description": "",
        "operating_systems": "Windows 2008 R2, Windows 7, Windows 2012 R2, Windows 8.1, Windows Server 2016, Windows 10, Windows Server 2019, Windows Server 2022",
        "legacy_event_id": "",
        "potential_criticality": "Low",
        "event_xml": "",
        "EventGUID": "",
        "EventName": "",
        "llm_technical_description": "A request was made to the OCSP Responder Service, which is typically used for handling Outlook SPF records. Without specific context from the summary, subcategory, or description, it's unclear if this interaction is related to legitimate business processes or potential malicious activity.",
        "llm_security_impact": "LOW",
        "llm_typical_volume": "LOW",
        "llm_recommended_monitoring": "NO"
    },
    "5126": {
        "summary": "Signing Certificate was automatically updated by the OCSP Responder Service",
        "category": "Uncategorized",
        "subcategory": "Subcategory could not be determined",
        "type": "Success",
        "description": "",
        "operating_systems": "Windows 2008 R2, Windows 7, Windows 2012 R2, Windows 8.1, Windows Server 2016, Windows 10, Windows Server 2019, Windows Server 2022",
        "legacy_event_id": "",
        "potential_criticality": "Low",
        "event_xml": "",
        "EventGUID": "",
        "EventName": "",
        "llm_technical_description": "The event indicates that the system automatically updated its digital certificate (OCSP Responder Service), which is a normal procedure for maintaining SSL/TLS security. However, without detailed Sigma rule information, it's unclear if this update could have been malicious or if there was tampering involved. This event could imply potential risks if the update process was compromised by an attacker.",
        "llm_security_impact": "MEDIUM",
        "llm_typical_volume": "LOW",
        "llm_recommended_monitoring": "NO"
    },
    "5127": {
        "summary": "The OCSP Revocation Provider successfully updated the revocation information",
        "category": "Uncategorized",
        "subcategory": "Subcategory could not be determined",
        "type": "Success",
        "description": "",
        "operating_systems": "Windows 2008 R2, Windows 7, Windows 2012 R2, Windows 8.1, Windows Server 2016, Windows 10, Windows Server 2019, Windows Server 2022",
        "legacy_event_id": "",
        "potential_criticality": "Low",
        "event_xml": "",
        "EventGUID": "",
        "EventName": "",
        "llm_technical_description": "The event indicates that an OCSP Revocation Provider has successfully updated its revocation information. OCSP providers are responsible for managing certificate revocation lists (CRLs) used by browsers to check if certificates have been revoked. This update could be a routine maintenance operation, but it might also reflect changes in known malicious activities or legitimate updates.",
        "llm_security_impact": "LOW",
        "llm_typical_volume": "MEDIUM",
        "llm_recommended_monitoring": "NO"
    },
    "513": {
        "summary": "Windows is shutting down",
        "category": "System",
        "subcategory": "",
        "type": "Success",
        "description": "Despite the documentation's wording, \"Windows NT is shutting down\",neither Windows 2000 nor Windows NT logs event 513. Windows Server 2003 does log this event.\n\r\nEvent 513 is an important security event: Any operating system is defenseless while it's down. You should document system shutdowns in a written log that monitors who shut down which system and for how long. You can determine the duration of a system shutdown by checking for a previousevent 512 for the system. If no event 512 appears, look for the most recent event 517.",
        "operating_systems": "Windows Server 2000, Windows Server 2003, Windows XP",
        "legacy_event_id": "",
        "potential_criticality": "",
        "event_xml": "",
        "EventGUID": "",
        "EventName": "",
        "llm_technical_description": "Windows System Event 513 indicates a system shutdown, which is a critical security event. This event is specific to Windows Server 2003 and newer versions but does not appear in older Windows versions like Windows 2000 or Windows NT. A system shutdown can indicate normal operations (e.g., scheduled tasks, backups) or potential unauthorized activity. SOC analysts should document the shutdowns and assess if they are preceded by other events such as Event 512 (system started) and Event 517 (previous shutdown).",
        "llm_security_impact": "HIGH",
        "llm_typical_volume": "MEDIUM",
        "llm_recommended_monitoring": "YES"
    },
    "5136": {
        "summary": "A directory service object was modified",
        "category": "Directory Service",
        "subcategory": "Directory Service Changes",
        "type": "Success",
        "description": "This event documents modifications to AD objects, identifying the object, user, attribute modified, thenew value of the attribute if applicableand the operation performed. \n\r\nOf course this eventwill only beloggedwhen the object's audit policy has auditing enabled for the properties or actions involved and for the user performing the action or a group to which the user belongs.\n\r\nThis event is not logged for creation, deletion, undeletion or moves of AD objects. See event IDs 5137, 5138, 5139, 5141.\n\r\nFor users, groups and computers there are specific events for tracking most modifications. See \"User account management\", etc.",
        "operating_systems": "Windows 2008 R2, Windows 7, Windows 2012 R2, Windows 8.1, Windows Server 2016, Windows 10, Windows Server 2019, Windows Server 2022",
        "legacy_event_id": "566",
        "potential_criticality": "Low",
        "event_xml": "<Event xmlns=\"http://schemas.microsoft.com/win/2004/08/events/event\"> - <System> <Provider Name=\"Microsoft-Windows-Security-Auditing\" Guid=\"{54849625-5478-4994-A5BA-3E3B0328C30D}\" /> <EventID>5136</EventID> <Version>0</Version> <Level>0</Level> <Task>14081</Task> <Opcode>0</Opcode> <Keywords>0x8020000000000000</Keywords> <TimeCreated SystemTime=\"2015-08-28T17:36:04.129472600Z\" /> <EventRecordID>410204</EventRecordID> <Correlation /> <Execution ProcessID=\"516\" ThreadID=\"4020\" /> <Channel>Security</Channel> <Computer>DC01.contoso.local</Computer> <Security /> </System> - <EventData> <Data Name=\"OpCorrelationID\">{02647639-8626-43CE-AFE6-7AA1AD657739}</Data> <Data Name=\"AppCorrelationID\">-</Data> <Data Name=\"SubjectUserSid\">S-1-5-21-3457937927-2839227994-823803824-1104</Data> <Data Name=\"SubjectUserName\">dadmin</Data> <Data Name=\"SubjectDomainName\">CONTOSO</Data> <Data Name=\"SubjectLogonId\">0x32004</Data> <Data Name=\"DSName\">contoso.local</Data> <Data Name=\"DSType\">%%14676</Data> <Data Name=\"ObjectDN\">CN=Sergey,CN=Builtin,DC=contoso,DC=local</Data> <Data Name=\"ObjectGUID\">{4FE80A66-5F93-4F73-B215-68678058E613}</Data> <Data Name=\"ObjectClass\">user</Data> <Data Name=\"AttributeLDAPDisplayName\">userAccountControl</Data> <Data Name=\"AttributeSyntaxOID\">2.5.5.9</Data> <Data Name=\"AttributeValue\">512</Data> <Data Name=\"OperationType\">%%14675</Data> </EventData> </Event>",
        "EventGUID": "{0CCE923C-69AE-11D9-BED3-505054503030}",
        "EventName": "Audit Directory Service Changes",
        "llm_technical_description": "This event indicates a modification to an Active Directory object, potentially granting unauthorized privileges or credentials through legitimate or suspicious means. The detection rules suggest possible privilege escalation via Powerview cmdlets, which could indicate malicious activity such as credential theft or access abuse.",
        "llm_security_impact": "HIGH",
        "llm_typical_volume": "MEDIUM",
        "llm_recommended_monitoring": "YES"
    },
    "5137": {
        "summary": "A directory service object was created",
        "category": "Directory Service",
        "subcategory": "Directory Service Changes",
        "type": "Success",
        "description": "This event documents creations ofAD objects, identifying the object created anduser who created it. \n\r\nOf course this eventwill only beloggedwhen the object's parent's audit policy has auditing enabled forcreation of the object classinvolvedand for the user performing the action or a group to which the user belongs.\n\r\nFor users, groups and computers there are specific events for tracking creation. See \"User account management\", etc.",
        "operating_systems": "Windows 2008 R2, Windows 7, Windows 2012 R2, Windows 8.1, Windows Server 2016, Windows 10, Windows Server 2019, Windows Server 2022",
        "legacy_event_id": "566",
        "potential_criticality": "Low",
        "event_xml": "<Event xmlns=\"http://schemas.microsoft.com/win/2004/08/events/event\"> - <System> <Provider Name=\"Microsoft-Windows-Security-Auditing\" Guid=\"{54849625-5478-4994-A5BA-3E3B0328C30D}\" /> <EventID>5137</EventID> <Version>0</Version> <Level>0</Level> <Task>14081</Task> <Opcode>0</Opcode> <Keywords>0x8020000000000000</Keywords> <TimeCreated SystemTime=\"2015-08-28T18:36:26.048167500Z\" /> <EventRecordID>410737</EventRecordID> <Correlation /> <Execution ProcessID=\"516\" ThreadID=\"3156\" /> <Channel>Security</Channel> <Computer>DC01.contoso.local</Computer> <Security /> </System> - <EventData> <Data Name=\"OpCorrelationID\">{4EAD68FF-7229-42A4-8C73-AAB57169858B}</Data> <Data Name=\"AppCorrelationID\">-</Data> <Data Name=\"SubjectUserSid\">S-1-5-21-3457937927-2839227994-823803824-1104</Data> <Data Name=\"SubjectUserName\">dadmin</Data> <Data Name=\"SubjectDomainName\">CONTOSO</Data> <Data Name=\"SubjectLogonId\">0x32004</Data> <Data Name=\"DSName\">contoso.local</Data> <Data Name=\"DSType\">%%14676</Data> <Data Name=\"ObjectDN\">cn=Win2000,CN=Users,DC=contoso,DC=local</Data> <Data Name=\"ObjectGUID\">{41D5F7AF-64A2-4985-9A4B-70DAAFC7CCE6}</Data> <Data Name=\"ObjectClass\">computer</Data> </EventData> </Event>",
        "EventGUID": "{0CCE923C-69AE-11D9-BED3-505054503030}",
        "EventName": "Audit Directory Service Changes",
        "llm_technical_description": "The event logs the creation of an Active Directory (AD) service object, which typically occurs when a user creates an AD account or group. This event is expected and does not inherently indicate malicious activity but may be a sign of unauthorized actions if associated with other anomalous behaviors.",
        "llm_security_impact": "LOW",
        "llm_typical_volume": "LOW",
        "llm_recommended_monitoring": "NO"
    },
    "5138": {
        "summary": "A directory service object was undeleted",
        "category": "Directory Service",
        "subcategory": "Directory Service Changes",
        "type": "Success",
        "description": "This event has not been observed.\n\r\n",
        "operating_systems": "Windows 2008 R2, Windows 7, Windows 2012 R2, Windows 8.1, Windows Server 2016, Windows 10, Windows Server 2019, Windows Server 2022",
        "legacy_event_id": "",
        "potential_criticality": "Low",
        "event_xml": "<Event xmlns=\"http://schemas.microsoft.com/win/2004/08/events/event\"> - <System> <Provider Name=\"Microsoft-Windows-Security-Auditing\" Guid=\"{54849625-5478-4994-A5BA-3E3B0328C30D}\" /> <EventID>5138</EventID> <Version>0</Version> <Level>0</Level> <Task>14081</Task> <Opcode>0</Opcode> <Keywords>0x8020000000000000</Keywords> <TimeCreated SystemTime=\"2015-09-02T04:34:20.611082300Z\" /> <EventRecordID>229336</EventRecordID> <Correlation /> <Execution ProcessID=\"516\" ThreadID=\"544\" /> <Channel>Security</Channel> <Computer>DC01.contoso.local</Computer> <Security /> </System> - <EventData> <Data Name=\"OpCorrelationID\">{3E2B5ECF-4C35-4C3F-8D82-B8D6F477D846}</Data> <Data Name=\"AppCorrelationID\">-</Data> <Data Name=\"SubjectUserSid\">S-1-5-21-3457937927-2839227994-823803824-1104</Data> <Data Name=\"SubjectUserName\">dadmin</Data> <Data Name=\"SubjectDomainName\">CONTOSO</Data> <Data Name=\"SubjectLogonId\">0x3be49</Data> <Data Name=\"DSName\">contoso.local</Data> <Data Name=\"DSType\">%%14676</Data> <Data Name=\"OldObjectDN\">CN=Andrei\\\\\\\\0ADEL:53511188-bc98-4995-9d78-2d40143c9711,CN=Deleted Objects,DC=contoso,DC=local</Data> <Data Name=\"NewObjectDN\">CN=Andrei,CN=Users,DC=contoso,DC=local</Data> <Data Name=\"ObjectGUID\">{53511188-BC98-4995-9D78-2D40143C9711}</Data> <Data Name=\"ObjectClass\">user</Data> </EventData> </Event>",
        "EventGUID": "{0CCE923C-69AE-11D9-BED3-505054503030}",
        "EventName": "Audit Directory Service Changes",
        "llm_technical_description": "The event ID 5138 indicates that a directory service object was deleted. This occurs under the category of Directory Service Changes. The description field states that this event has not been observed, which could imply that it is either a one-time occurrence or part of an unexpected action by the system.",
        "llm_security_impact": "LOW",
        "llm_typical_volume": "MEDIUM",
        "llm_recommended_monitoring": "NO"
    },
    "5139": {
        "summary": "A directory service object was moved",
        "category": "Directory Service",
        "subcategory": "Directory Service Changes",
        "type": "Success",
        "description": "This event documents the move ofan AD objects from one OU to another, identifying the object moved anduser whomoved it and its old and new location.\n\r\nOf course this eventwill only beloggedwhen the object's parent's audit policy has auditing enabled formoves of the object classinvolvedand for the user performing the action or a group to which the user belongs.",
        "operating_systems": "Windows 2008 R2, Windows 7, Windows 2012 R2, Windows 8.1, Windows Server 2016, Windows 10, Windows Server 2019, Windows Server 2022",
        "legacy_event_id": "",
        "potential_criticality": "Low",
        "event_xml": "<Event xmlns=\"http://schemas.microsoft.com/win/2004/08/events/event\"> - <System> <Provider Name=\"Microsoft-Windows-Security-Auditing\" Guid=\"{54849625-5478-4994-A5BA-3E3B0328C30D}\" /> <EventID>5139</EventID> <Version>0</Version> <Level>0</Level> <Task>14081</Task> <Opcode>0</Opcode> <Keywords>0x8020000000000000</Keywords> <TimeCreated SystemTime=\"2015-08-28T06:26:07.019116600Z\" /> <EventRecordID>409532</EventRecordID> <Correlation /> <Execution ProcessID=\"520\" ThreadID=\"600\" /> <Channel>Security</Channel> <Computer>DC01.contoso.local</Computer> <Security /> </System> - <EventData> <Data Name=\"OpCorrelationID\">{67A42C05-A70D-4348-AF19-E883CB1FCA9C}</Data> <Data Name=\"AppCorrelationID\">-</Data> <Data Name=\"SubjectUserSid\">S-1-5-21-3457937927-2839227994-823803824-1104</Data> <Data Name=\"SubjectUserName\">dadmin</Data> <Data Name=\"SubjectDomainName\">CONTOSO</Data> <Data Name=\"SubjectLogonId\">0x35867</Data> <Data Name=\"DSName\">contoso.local</Data> <Data Name=\"DSType\">%%14676</Data> <Data Name=\"OldObjectDN\">CN=NewUser,CN=Builtin,DC=contoso,DC=local</Data> <Data Name=\"NewObjectDN\">CN=NewUser,CN=Users,DC=contoso,DC=local</Data> <Data Name=\"ObjectGUID\">{06713960-9CC3-4B5D-A594-35883A04F934}</Data> <Data Name=\"ObjectClass\">user</Data> </EventData> </Event>",
        "EventGUID": "{0CCE923C-69AE-11D9-BED3-505054503030}",
        "EventName": "Audit Directory Service Changes",
        "llm_technical_description": "The event logs the movement of an AD object from one OU to another, recorded by a legitimate user or group. This is expected behavior and does not inherently indicate malicious activity.",
        "llm_security_impact": "LOW",
        "llm_typical_volume": "MEDIUM",
        "llm_recommended_monitoring": "NO"
    },
    "514": {
        "summary": "An authentication package has been loaded by the Local Security Authority",
        "category": "System",
        "subcategory": "",
        "type": "Success",
        "description": "Event 514 is logged once at startup for each authentication package on the system. \n\r\nAn authentication package is a DLL that encapsulates a given form of authentication, such as NTLM or Kerberos. The Local Security Authority calls into the appropriate authentication package during the logon process to find out if the user is authentic. \n\r\nAlthough a third party can develop an authentication package, few do so. The standard packages that come with Windows Server 2003 are as follows:",
        "operating_systems": "Windows Server 2000, Windows Server 2003, Windows XP",
        "legacy_event_id": "",
        "potential_criticality": "",
        "event_xml": "",
        "EventGUID": "",
        "EventName": "",
        "llm_technical_description": "The event indicates that an Authentication Package (AP) has been loaded by the Local Security Authority (LSA). Authentication Packages are typically used during user logon to authenticate against a trusted entity such as Active Directory or Windows Server. The fact that this occurs at startup suggests it might be a normal setup activity, but if it's unexpected or accompanied by other anomalies, it could indicate potential misconfiguration or security threats.",
        "llm_security_impact": "MEDIUM",
        "llm_typical_volume": "LOW",
        "llm_recommended_monitoring": "YES"
    },
    "5140": {
        "summary": "A network share object was accessed",
        "category": "Object Access",
        "subcategory": "File Share",
        "type": "Success",
        "description": "Windows logs this event the first time you access a given network share during a given logon session. Be aware that Windows Server 2008 logs off network logon sessions even sooner than past versions of Windows. When a user closes all open files on a server it seems to immediatelly log him off.",
        "operating_systems": "Windows 2008 R2, Windows 7, Windows 2012 R2, Windows 8.1, Windows Server 2016, Windows 10, Windows Server 2019, Windows Server 2022",
        "legacy_event_id": "",
        "potential_criticality": "Low",
        "event_xml": "<Event xmlns=\"http://schemas.microsoft.com/win/2004/08/events/event\"> - <System> <Provider Name=\"Microsoft-Windows-Security-Auditing\" Guid=\"{54849625-5478-4994-A5BA-3E3B0328C30D}\" /> <EventID>5140</EventID> <Version>1</Version> <Level>0</Level> <Task>12808</Task> <Opcode>0</Opcode> <Keywords>0x8020000000000000</Keywords> <TimeCreated SystemTime=\"2015-09-18T02:45:13.581231400Z\" /> <EventRecordID>268495</EventRecordID> <Correlation /> <Execution ProcessID=\"4\" ThreadID=\"772\" /> <Channel>Security</Channel> <Computer>DC01.contoso.local</Computer> <Security /> </System> - <EventData> <Data Name=\"SubjectUserSid\">S-1-5-21-3457937927-2839227994-823803824-1104</Data> <Data Name=\"SubjectUserName\">dadmin</Data> <Data Name=\"SubjectDomainName\">CONTOSO</Data> <Data Name=\"SubjectLogonId\">0x541f35</Data> <Data Name=\"ObjectType\">File</Data> <Data Name=\"IpAddress\">10.0.0.100</Data> <Data Name=\"IpPort\">49212</Data> <Data Name=\"ShareName\">\\\\\\\\\\\\\\\\\\\\*\\\\\\\\Documents</Data> <Data Name=\"ShareLocalPath\">\\\\\\\\??\\\\\\\\C:\\\\\\\\Documents</Data> <Data Name=\"AccessMask\">0x1</Data> <Data Name=\"AccessList\">%%4416</Data> </EventData> </Event>",
        "EventGUID": "{0CCE9224-69AE-11D9-BED3-505054503030}",
        "EventName": "Audit File Share",
        "llm_technical_description": "This event indicates an attempt to access the ADMIN$ network share, which is typically associated with administrative accounts. The occurrence of such an event could be a sign of legitimate administrative work, but if it happens frequently from unauthorized users or in a manner that suggests malicious intent (e.g., attempting to delete sensitive data or exfiltrate information), it may warrant further investigation.",
        "llm_security_impact": "MEDIUM",
        "llm_typical_volume": "LOW",
        "llm_recommended_monitoring": "YES"
    },
    "5141": {
        "summary": "A directory service object was deleted",
        "category": "Directory Service",
        "subcategory": "Directory Service Changes",
        "type": "Failure",
        "description": "This event documents deletion ofAD objects, identifying the object deleted anduser whodeleted it. \n\r\nOf course this eventwill only beloggedwhen the object's parent's audit policy has auditing enabled fordeletion of the object classinvolvedand for the user performing the action or a group to which the user belongs.\n\r\nFor users, groups and computers there are specific events for tracking deletion. See \"User account management\", etc.",
        "operating_systems": "Windows 2008 R2, Windows 7, Windows 2012 R2, Windows 8.1, Windows Server 2016, Windows 10, Windows Server 2019, Windows Server 2022",
        "legacy_event_id": "",
        "potential_criticality": "Low",
        "event_xml": "<Event xmlns=\"http://schemas.microsoft.com/win/2004/08/events/event\"> - <System> <Provider Name=\"Microsoft-Windows-Security-Auditing\" Guid=\"{54849625-5478-4994-A5BA-3E3B0328C30D}\" /> <EventID>5141</EventID> <Version>0</Version> <Level>0</Level> <Task>14081</Task> <Opcode>0</Opcode> <Keywords>0x8020000000000000</Keywords> <TimeCreated SystemTime=\"2015-08-28T18:48:06.792762900Z\" /> <EventRecordID>411118</EventRecordID> <Correlation /> <Execution ProcessID=\"516\" ThreadID=\"4092\" /> <Channel>Security</Channel> <Computer>DC01.contoso.local</Computer> <Security /> </System> - <EventData> <Data Name=\"OpCorrelationID\">{C8A9000C-C618-4EE9-87FF-F852C0564F18}</Data> <Data Name=\"AppCorrelationID\">-</Data> <Data Name=\"SubjectUserSid\">S-1-5-21-3457937927-2839227994-823803824-1104</Data> <Data Name=\"SubjectUserName\">dadmin</Data> <Data Name=\"SubjectDomainName\">CONTOSO</Data> <Data Name=\"SubjectLogonId\">0x32004</Data> <Data Name=\"DSName\">contoso.local</Data> <Data Name=\"DSType\">%%14676</Data> <Data Name=\"ObjectDN\">CN=WIN2003,CN=Users,DC=contoso,DC=local</Data> <Data Name=\"ObjectGUID\">{CA15B875-AFB1-4E5A-86B2-96E61DE09110}</Data> <Data Name=\"ObjectClass\">computer</Data> <Data Name=\"TreeDelete\">%%14679</Data> </EventData> </Event>",
        "EventGUID": "{0CCE923C-69AE-11D9-BED3-505054503030}",
        "EventName": "Audit Directory Service Changes",
        "llm_technical_description": "The event documents the deletion of Active Directory (AD) objects by a user or group. This occurs when the parent's audit policy allows such deletions and includes information about what was deleted and who performed the action.",
        "llm_security_impact": "MEDIUM",
        "llm_typical_volume": "HIGH",
        "llm_recommended_monitoring": "YES"
    },
    "5142": {
        "summary": "A network share object was added.",
        "category": "Object Access",
        "subcategory": "File Share",
        "type": "Success",
        "description": "",
        "operating_systems": "Windows 2008 R2, Windows 7, Windows 2012 R2, Windows 8.1, Windows Server 2016, Windows 10, Windows Server 2019, Windows Server 2022",
        "legacy_event_id": "",
        "potential_criticality": "",
        "event_xml": "<Event xmlns=\"http://schemas.microsoft.com/win/2004/08/events/event\"> - <System> <Provider Name=\"Microsoft-Windows-Security-Auditing\" Guid=\"{54849625-5478-4994-A5BA-3E3B0328C30D}\" /> <EventID>5142</EventID> <Version>0</Version> <Level>0</Level> <Task>12808</Task> <Opcode>0</Opcode> <Keywords>0x8020000000000000</Keywords> <TimeCreated SystemTime=\"2015-09-18T02:27:01.206646900Z\" /> <EventRecordID>268462</EventRecordID> <Correlation /> <Execution ProcessID=\"4\" ThreadID=\"4304\" /> <Channel>Security</Channel> <Computer>DC01.contoso.local</Computer> <Security /> </System> - <EventData> <Data Name=\"SubjectUserSid\">S-1-5-21-3457937927-2839227994-823803824-1104</Data> <Data Name=\"SubjectUserName\">dadmin</Data> <Data Name=\"SubjectDomainName\">CONTOSO</Data> <Data Name=\"SubjectLogonId\">0x38d12</Data> <Data Name=\"ShareName\">\\\\\\\\\\\\\\\\\\\\*\\\\\\\\Documents</Data> <Data Name=\"ShareLocalPath\">C:\\\\\\\\Documents</Data> </EventData> </Event>",
        "EventGUID": "{0CCE9224-69AE-11D9-BED3-505054503030}",
        "EventName": "Audit File Share",
        "llm_technical_description": "A network share object was added. This is typically done for sharing files with team members or deploying software, though unauthorized additions from unexpected sources may indicate malicious intent.",
        "llm_security_impact": "LOW",
        "llm_typical_volume": "MEDIUM",
        "llm_recommended_monitoring": "YES"
    },
    "5143": {
        "summary": "A network share object was modified",
        "category": "Object Access",
        "subcategory": "File Share",
        "type": "Success",
        "description": "A network share object was modified.",
        "operating_systems": "Windows 2008 R2, Windows 7, Windows 2012 R2, Windows 8.1, Windows Server 2016, Windows 10, Windows Server 2019, Windows Server 2022",
        "legacy_event_id": "",
        "potential_criticality": "",
        "event_xml": "<Event xmlns=\"http://schemas.microsoft.com/win/2004/08/events/event\"> - <System> <Provider Name=\"Microsoft-Windows-Security-Auditing\" Guid=\"{54849625-5478-4994-A5BA-3E3B0328C30D}\" /> <EventID>5143</EventID> <Version>0</Version> <Level>0</Level> <Task>12808</Task> <Opcode>0</Opcode> <Keywords>0x8020000000000000</Keywords> <TimeCreated SystemTime=\"2015-09-18T02:42:56.743298600Z\" /> <EventRecordID>268483</EventRecordID> <Correlation /> <Execution ProcessID=\"516\" ThreadID=\"524\" /> <Channel>Security</Channel> <Computer>DC01.contoso.local</Computer> <Security /> </System> - <EventData> <Data Name=\"SubjectUserSid\">S-1-5-21-3457937927-2839227994-823803824-1104</Data> <Data Name=\"SubjectUserName\">dadmin</Data> <Data Name=\"SubjectDomainName\">CONTOSO</Data> <Data Name=\"SubjectLogonId\">0x38d12</Data> <Data Name=\"ObjectType\">Directory</Data> <Data Name=\"ShareName\">\\\\\\\\\\\\\\\\\\\\*\\\\\\\\Documents</Data> <Data Name=\"ShareLocalPath\">C:\\\\\\\\Documents</Data> <Data Name=\"OldRemark\">N/A</Data> <Data Name=\"NewRemark\">N/A</Data> <Data Name=\"OldMaxUsers\">0xffffffff</Data> <Data Name=\"NewMaxUsers\">0xffffffff</Data> <Data Name=\"OldShareFlags\">0x800</Data> <Data Name=\"NewShareFlags\">0x800</Data> <Data Name=\"OldSD\">O:S-1-5-21-3457937927-2839227994-823803824-1104G:DAD:(A;OICI;FA;;;BA)(A;OICI;FA;;;WD)</Data> <Data Name=\"NewSD\">O:BAG:DAD:(D;;FA;;;S-1-5-21-3457937927-2839227994-823803824-1104)(A;OICI;FA;;;WD)(A;OICI;FA;;;BA)</Data> </EventData> </Event>",
        "EventGUID": "{0CCE9224-69AE-11D9-BED3-505054503030}",
        "EventName": "Audit File Share",
        "llm_technical_description": "The network share object was modified, which may indicate unauthorized access or permission changes. This could be a sign of malicious activity such as deleting files, changing sensitive data, or gaining unauthorized control over resources.",
        "llm_security_impact": "HIGH",
        "llm_typical_volume": "MEDIUM",
        "llm_recommended_monitoring": "YES"
    },
    "5144": {
        "summary": "A network share object was deleted.",
        "category": "Object Access",
        "subcategory": "File Share",
        "type": "Success",
        "description": "A network share object was deleted.",
        "operating_systems": "Windows 2008 R2, Windows 7, Windows 2012 R2, Windows 8.1, Windows Server 2016, Windows 10, Windows Server 2019, Windows Server 2022",
        "legacy_event_id": "",
        "potential_criticality": "",
        "event_xml": "<Event xmlns=\"http://schemas.microsoft.com/win/2004/08/events/event\"> - <System> <Provider Name=\"Microsoft-Windows-Security-Auditing\" Guid=\"{54849625-5478-4994-A5BA-3E3B0328C30D}\" /> <EventID>5144</EventID> <Version>0</Version> <Level>0</Level> <Task>12808</Task> <Opcode>0</Opcode> <Keywords>0x8020000000000000</Keywords> <TimeCreated SystemTime=\"2015-09-18T02:17:14.820551800Z\" /> <EventRecordID>268368</EventRecordID> <Correlation /> <Execution ProcessID=\"4\" ThreadID=\"4656\" /> <Channel>Security</Channel> <Computer>DC01.contoso.local</Computer> <Security /> </System> - <EventData> <Data Name=\"SubjectUserSid\">S-1-5-21-3457937927-2839227994-823803824-1104</Data> <Data Name=\"SubjectUserName\">dadmin</Data> <Data Name=\"SubjectDomainName\">CONTOSO</Data> <Data Name=\"SubjectLogonId\">0x38d12</Data> <Data Name=\"ShareName\">\\\\\\\\\\\\\\\\\\\\*\\\\\\\\Documents</Data> <Data Name=\"ShareLocalPath\">C:\\\\\\\\Documents</Data> </EventData> </Event>",
