        "EventGUID": "{0CCE9227-69AE-11D9-BED3-505054503030}",
        "EventName": "Audit Other Object Access Events",
        "llm_technical_description": "This event indicates that a scheduled task was disabled by the user. The task is identified in the Task Name field and relates to system tools such as System Restoration or Windows Defender. This could be an attempt by an adversary to stop service processes, potentially leading to data destruction or unauthorized access.",
        "llm_security_impact": "HIGH",
        "llm_typical_volume": "MEDIUM",
        "llm_recommended_monitoring": "YES"
    },
    "4702": {
        "summary": "A scheduled task was updated",
        "category": "Object Access",
        "subcategory": "Other Object Access Events",
        "type": "Success",
        "description": "The user indicated in Subject: just updated the scheduled task (Start menu\\Accessories\\System Tools\\Task Scheduler) identified by Task Name:.\n\r\nThis event logs all updates to Scheduled Tasks except for enable and disable operations which have their own events.\n\r\nThis is an important change control event. See related events for changes to Scheduled Tasks: 4698, 4699, 4700 and 4701.",
        "operating_systems": "Windows 2008 R2, Windows 7, Windows 2012 R2, Windows 8.1, Windows Server 2016, Windows 10, Windows Server 2019, Windows Server 2022",
        "legacy_event_id": "602",
        "potential_criticality": "Low",
        "event_xml": "<Event xmlns=\"http://schemas.microsoft.com/win/2004/08/events/event\"> - <System> <Provider Name=\"Microsoft-Windows-Security-Auditing\" Guid=\"{54849625-5478-4994-A5BA-3E3B0328C30D}\" /> <EventID>4702</EventID> <Version>0</Version> <Level>0</Level> <Task>12804</Task> <Opcode>0</Opcode> <Keywords>0x8020000000000000</Keywords> <TimeCreated SystemTime=\"2015-09-23T03:00:59.343820000Z\" /> <EventRecordID>344863</EventRecordID> <Correlation /> <Execution ProcessID=\"516\" ThreadID=\"596\" /> <Channel>Security</Channel> <Computer>DC01.contoso.local</Computer> <Security /> </System> - <EventData> <Data Name=\"SubjectUserSid\">S-1-5-21-3457937927-2839227994-823803824-1104</Data> <Data Name=\"SubjectUserName\">dadmin</Data> <Data Name=\"SubjectDomainName\">CONTOSO</Data> <Data Name=\"SubjectLogonId\">0x364eb</Data> <Data Name=\"TaskName\">\\\\\\\\Microsoft\\\\\\\\StartListener</Data> <Data Name=\"TaskContentNew\"><?xml version=\"1.0\" encoding=\"UTF-16\"?> <Task version=\"1.2\" xmlns=\"http://schemas.microsoft.com/windows/2004/02/mit/task\"> <RegistrationInfo> <Date>2015-09-22T19:03:06.9258653</Date> <Author>CONTOSO\\\\\\\\dadmin</Author> </RegistrationInfo> <Triggers /> <Principals> <Principal id=\"Author\"> <RunLevel>HighestAvailable</RunLevel> <UserId>CONTOSO\\\\\\\\dadmin</UserId> <LogonType>InteractiveToken</LogonType> </Principal> </Principals> <Settings> <MultipleInstancesPolicy>IgnoreNew</MultipleInstancesPolicy> <DisallowStartIfOnBatteries>true</DisallowStartIfOnBatteries> <StopIfGoingOnBatteries>true</StopIfGoingOnBatteries> <AllowHardTerminate>true</AllowHardTerminate> <StartWhenAvailable>false</StartWhenAvailable> <RunOnlyIfNetworkAvailable>false</RunOnlyIfNetworkAvailable> <IdleSettings> <StopOnIdleEnd>true</StopOnIdleEnd> <RestartOnIdle>false</RestartOnIdle> </IdleSettings> <AllowStartOnDemand>true</AllowStartOnDemand> <Enabled>true</Enabled> <Hidden>false</Hidden> <RunOnlyIfIdle>false</RunOnlyIfIdle> <WakeToRun>false</WakeToRun> <ExecutionTimeLimit>P3D</ExecutionTimeLimit> <Priority>7</Priority> </Settings> <Actions Context=\"Author\"> <Exec> <Command>C:\\\\\\\\Documents\\\\\\\\listener.exe</Command> </Exec> </Actions> </Task></Data> </EventData> </Event>",
        "EventGUID": "{0CCE9227-69AE-11D9-BED3-505054503030}",
        "EventName": "Audit Other Object Access Events",
        "llm_technical_description": "This event indicates an update has been made to a scheduled task in the Task Scheduler under Start menu\\Accessories\\System Tools. Scheduled tasks are typically updated by users, but attackers may exploit changes in these tasks to insert malicious code or cause performance issues.",
        "llm_security_impact": "MEDIUM",
        "llm_typical_volume": "LOW",
        "llm_recommended_monitoring": "YES"
    },
    "4703": {
        "summary": "A token right was adjusted",
        "category": "Policy Change",
        "subcategory": "Authorization Policy Change",
        "type": "Success",
        "description": "We have not yet observed this event",
        "operating_systems": "Windows Server 2016, Windows 10, Windows Server 2019, Windows Server 2022",
        "legacy_event_id": "",
        "potential_criticality": "",
        "event_xml": "<Event xmlns=\"http://schemas.microsoft.com/win/2004/08/events/event\"> - <System> <Provider Name=\"Microsoft-Windows-Security-Auditing\" Guid=\"{54849625-5478-4994-A5BA-3E3B0328C30D}\" /> <EventID>4703</EventID> <Version>0</Version> <Level>0</Level> <Task>13570</Task> <Opcode>0</Opcode> <Keywords>0x8020000000000000</Keywords> <TimeCreated SystemTime=\"2015-11-12T20:49:46.365958700Z\" /> <EventRecordID>5245</EventRecordID> <Correlation /> <Execution ProcessID=\"4\" ThreadID=\"3632\" /> <Channel>Security</Channel> <Computer>WIN-GG82ULGC9GO.contoso.local</Computer> <Security /> </System> - <EventData> <Data Name=\"SubjectUserSid\">S-1-5-18</Data> <Data Name=\"SubjectUserName\">WIN-GG82ULGC9GO$</Data> <Data Name=\"SubjectDomainName\">CONTOSO</Data> <Data Name=\"SubjectLogonId\">0x3e7</Data> <Data Name=\"TargetUserSid\">S-1-5-18</Data> <Data Name=\"TargetUserName\">WIN-GG82ULGC9GO$</Data> <Data Name=\"TargetDomainName\">CONTOSO</Data> <Data Name=\"TargetLogonId\">0x3e7</Data> <Data Name=\"ProcessName\">C:\\\\\\\\Windows\\\\\\\\System32\\\\\\\\svchost.exe</Data> <Data Name=\"ProcessId\">0x270</Data> <Data Name=\"EnabledPrivilegeList\">SeAssignPrimaryTokenPrivilege SeIncreaseQuotaPrivilege SeSecurityPrivilege SeTakeOwnershipPrivilege SeLoadDriverPrivilege SeSystemtimePrivilege SeBackupPrivilege SeRestorePrivilege SeShutdownPrivilege SeSystemEnvironmentPrivilege SeUndockPrivilege SeManageVolumePrivilege</Data> <Data Name=\"DisabledPrivilegeList\">-</Data> </EventData> </Event>",
        "EventGUID": "{0CCE924A-69AE-11D9-BED3-505054503030}; {0CCE9231-69AE-11D9-BED3-505054503030}",
        "EventName": "Audit Token Right Adjusted; Audit Authorization Policy Change",
        "llm_technical_description": "This event indicates a modification to an authorization policy on Windows systems. The adjustment of a token right suggests a change in system access control mechanisms. While this is not directly indicative of malicious activity, it could signal increased threat activity or potential misconfiguration. The lack of observed events complicates the assessment of its immediate impact.",
        "llm_security_impact": "MEDIUM",
        "llm_typical_volume": "LOW",
        "llm_recommended_monitoring": "YES"
    },
    "4704": {
        "summary": "A user right was assigned",
        "category": "Policy Change",
        "subcategory": "Authorization Policy Change",
        "type": "Success",
        "description": "This event documents a change to user right assignments on this computer including the right anduser or group that received the new right.\n\r\nNote: \"User rights\" and \"privileges\" are synonymous terms used interchangeably in Windows.\n\r\nRights, like most other security settings, are defined in group policy objects and applied by the computer. Therefore this event will normally show the Assigned By user as the system itself. To determine who actually made the rights assignment change you must search the domain controllers' security logs for changes to groupPolicyContainer objects (logged by Directory Service auditing). \n\r\nLogon ID allows you to link this event to the prior event4624logon event of the user who performed this action. \n\r\nNote: This event, 4704, and 4705 do not log changes to logon rights such as \"Access this computer from the network\" or \"Logon as a service\". See events 4717 and 4718.",
        "operating_systems": "Windows 2008 R2, Windows 7, Windows 2012 R2, Windows 8.1, Windows Server 2016, Windows 10, Windows Server 2019, Windows Server 2022",
        "legacy_event_id": "608",
        "potential_criticality": "Low",
        "event_xml": "<Event xmlns=\"http://schemas.microsoft.com/win/2004/08/events/event\"> - <System> <Provider Name=\"Microsoft-Windows-Security-Auditing\" Guid=\"{54849625-5478-4994-A5BA-3E3B0328C30D}\" /> <EventID>4704</EventID> <Version>0</Version> <Level>0</Level> <Task>13570</Task> <Opcode>0</Opcode> <Keywords>0x8020000000000000</Keywords> <TimeCreated SystemTime=\"2015-10-02T22:08:07.136050600Z\" /> <EventRecordID>1049866</EventRecordID> <Correlation /> <Execution ProcessID=\"500\" ThreadID=\"1216\" /> <Channel>Security</Channel> <Computer>DC01.contoso.local</Computer> <Security /> </System> - <EventData> <Data Name=\"SubjectUserSid\">S-1-5-18</Data> <Data Name=\"SubjectUserName\">DC01$</Data> <Data Name=\"SubjectDomainName\">CONTOSO</Data> <Data Name=\"SubjectLogonId\">0x3e7</Data> <Data Name=\"TargetSid\">S-1-5-21-3457937927-2839227994-823803824-1104</Data> <Data Name=\"PrivilegeList\">SeAuditPrivilege SeIncreaseWorkingSetPrivilege</Data> </EventData> </Event>",
        "EventGUID": "{0CCE9231-69AE-11D9-BED3-505054503030}",
        "EventName": "Audit Authorization Policy Change",
        "llm_technical_description": "This event indicates that user rights have been modified on the system. The 'User right was assigned' event typically logs changes in user privileges or permissions set by group policies. This could be a legitimate change but might also indicate unauthorized access if not properly monitored.",
        "llm_security_impact": "MEDIUM",
        "llm_typical_volume": "MEDIUM",
        "llm_recommended_monitoring": "YES"
    },
    "4705": {
        "summary": "A user right was removed",
        "category": "Policy Change",
        "subcategory": "Authorization Policy Change",
        "type": "Success",
        "description": "This event documents a change to user right assignments on this computer including the right anduser or group that lost theright.\n\r\nNote: \"User rights\" and \"privileges\" are synonymous terms used interchangeably in Windows.\n\r\nRights, like most other security settings, are defined in group policy objects and applied by the computer. Therefore this event will normally show the Assigned By user as the system itself. To determine who actually made the rights assignment change you must search the domain controllers' security logs for changes to groupPolicyContainer objects (logged by Directory Service auditing). \n\r\nLogon ID allows you to link this event to the prior event4624logon event of the user who performed this action. \n\r\nNote: This event, 4705, and 4704 do not log changes to logon rights such as \"Access this computer from the network\" or \"Logon as a service\". See events 4714 and 4718.\n\nSubject:\n\r\nThe ID and logon session of the user that revoked the right. Unfortunately this is just the local system account - see above.",
        "operating_systems": "Windows 2008 R2, Windows 7, Windows 2012 R2, Windows 8.1, Windows Server 2016, Windows 10, Windows Server 2019, Windows Server 2022",
        "legacy_event_id": "609",
        "potential_criticality": "Low",
        "event_xml": "<Event xmlns=\"http://schemas.microsoft.com/win/2004/08/events/event\"> - <System> <Provider Name=\"Microsoft-Windows-Security-Auditing\" Guid=\"{54849625-5478-4994-A5BA-3E3B0328C30D}\" /> <EventID>4705</EventID> <Version>0</Version> <Level>0</Level> <Task>13570</Task> <Opcode>0</Opcode> <Keywords>0x8020000000000000</Keywords> <TimeCreated SystemTime=\"2015-10-02T22:08:07.152488600Z\" /> <EventRecordID>1049867</EventRecordID> <Correlation /> <Execution ProcessID=\"500\" ThreadID=\"1216\" /> <Channel>Security</Channel> <Computer>DC01.contoso.local</Computer> <Security /> </System> - <EventData> <Data Name=\"SubjectUserSid\">S-1-5-18</Data> <Data Name=\"SubjectUserName\">DC01$</Data> <Data Name=\"SubjectDomainName\">CONTOSO</Data> <Data Name=\"SubjectLogonId\">0x3e7</Data> <Data Name=\"TargetSid\">S-1-5-21-3457937927-2839227994-823803824-1104</Data> <Data Name=\"PrivilegeList\">SeTimeZonePrivilege</Data> </EventData> </Event>",
        "EventGUID": "{0CCE9231-69AE-11D9-BED3-505054503030}",
        "EventName": "Audit Authorization Policy Change",
        "llm_technical_description": "A user right was removed due to a change in policy. This indicates potential unauthorized access or rights revocation, which could lead to Denial of Service if essential permissions were taken away. The system automatically assigns these rights, so manual verification may be needed.",
        "llm_security_impact": "MEDIUM",
        "llm_typical_volume": "MEDIUM",
        "llm_recommended_monitoring": "YES"
    },
    "4706": {
        "summary": "A new trust was created to a domain",
        "category": "Policy Change",
        "subcategory": "Authentication Policy Change",
        "type": "Success",
        "description": "This event is logged for all new trust relationships connecting to this domain. While the description says \"Trusted\" this event applies to both trusted and trusting relationships as documented by Trust Information:.\n\nSubject:\n\r\nThe ID and logon session of the user that excercised created the trust.",
        "operating_systems": "Windows 2008 R2, Windows 7, Windows 2012 R2, Windows 8.1, Windows Server 2016, Windows 10, Windows Server 2019, Windows Server 2022",
        "legacy_event_id": "610",
        "potential_criticality": "Medium",
        "event_xml": "<Event xmlns=\"http://schemas.microsoft.com/win/2004/08/events/event\"> - <System> <Provider Name=\"Microsoft-Windows-Security-Auditing\" Guid=\"{54849625-5478-4994-A5BA-3E3B0328C30D}\" /> <EventID>4706</EventID> <Version>0</Version> <Level>0</Level> <Task>13569</Task> <Opcode>0</Opcode> <Keywords>0x8020000000000000</Keywords> <TimeCreated SystemTime=\"2015-10-01T20:41:13.189445500Z\" /> <EventRecordID>1049759</EventRecordID> <Correlation /> <Execution ProcessID=\"500\" ThreadID=\"4900\" /> <Channel>Security</Channel> <Computer>DC01.contoso.local</Computer> <Security /> </System> - <EventData> <Data Name=\"DomainName\">corp.contoso.local</Data> <Data Name=\"DomainSid\">S-1-5-21-2226861337-2836268956-2433141405</Data> <Data Name=\"SubjectUserSid\">S-1-5-21-3457937927-2839227994-823803824-1104</Data> <Data Name=\"SubjectUserName\">dadmin</Data> <Data Name=\"SubjectDomainName\">CONTOSO</Data> <Data Name=\"SubjectLogonId\">0x3e99d6</Data> <Data Name=\"TdoType\">2</Data> <Data Name=\"TdoDirection\">3</Data> <Data Name=\"TdoAttributes\">32</Data> <Data Name=\"SidFilteringEnabled\">%%1796</Data> </EventData> </Event>",
        "EventGUID": "{0CCE9230-69AE-11D9-BED3-505054503030}",
        "EventName": "Audit Authentication Policy Change",
        "llm_technical_description": "The creation of a new trust in a domain could indicate unauthorized access attempts if not properly secured. This event (EventID:4706) logs when such trusts are established, potentially from an unauthorized source as legitimate extensions can be false positives.",
        "llm_security_impact": "HIGH",
        "llm_typical_volume": "LOW",
        "llm_recommended_monitoring": "YES"
    },
    "4707": {
        "summary": "A trust to a domain was removed",
        "category": "Policy Change",
        "subcategory": "Authentication Policy Change",
        "type": "Success",
        "description": "This event is logged for all deleted trust relationships that connected to this domain. While the description says \"Trusted\" this event applies to both trusted and trusting relationships as documented by Trust Information:.\n\nSubject:\n\r\nThe ID and logon session of the user that excerciseddeleted the trust.",
        "operating_systems": "Windows 2008 R2, Windows 7, Windows 2012 R2, Windows 8.1, Windows Server 2016, Windows 10, Windows Server 2019, Windows Server 2022",
        "legacy_event_id": "611",
        "potential_criticality": "Low",
        "event_xml": "<Event xmlns=\"http://schemas.microsoft.com/win/2004/08/events/event\"> - <System> <Provider Name=\"Microsoft-Windows-Security-Auditing\" Guid=\"{54849625-5478-4994-A5BA-3E3B0328C30D}\" /> <EventID>4707</EventID> <Version>0</Version> <Level>0</Level> <Task>13569</Task> <Opcode>0</Opcode> <Keywords>0x8020000000000000</Keywords> <TimeCreated SystemTime=\"2015-10-01T20:41:13.080444700Z\" /> <EventRecordID>1049754</EventRecordID> <Correlation /> <Execution ProcessID=\"500\" ThreadID=\"580\" /> <Channel>Security</Channel> <Computer>DC01.contoso.local</Computer> <Security /> </System> - <EventData> <Data Name=\"DomainName\">FABRIKAM</Data> <Data Name=\"DomainSid\">S-1-5-21-2226861337-2836268956-2433141405</Data> <Data Name=\"SubjectUserSid\">S-1-5-21-3457937927-2839227994-823803824-1104</Data> <Data Name=\"SubjectUserName\">dadmin</Data> <Data Name=\"SubjectDomainName\">CONTOSO</Data> <Data Name=\"SubjectLogonId\">0x3e99d6</Data> </EventData> </Event>",
        "EventGUID": "{0CCE9230-69AE-11D9-BED3-505054503030}",
        "EventName": "Audit Authentication Policy Change",
        "llm_technical_description": "The event indicates that a trust relationship to or from a domain was removed. This could be due to policy changes such as moving authentication schemes, enhancing security by reducing unnecessary trusts, or misconfiguration. The ID refers to the user who executed this action.",
        "llm_security_impact": "LOW",
        "llm_typical_volume": "MEDIUM",
        "llm_recommended_monitoring": "YES"
    },
    "4709": {
        "summary": "IPsec Services was started",
        "category": "Policy Change",
        "subcategory": "Filtering Platform Policy Change",
        "type": "Success",
        "description": "This event is not produced in the default configuration (using Windows Firewall)however event 5478 is produced..",
        "operating_systems": "Windows 2008 R2, Windows 7, Windows 2012 R2, Windows 8.1, Windows Server 2016, Windows 10, Windows Server 2019, Windows Server 2022",
        "legacy_event_id": "",
        "potential_criticality": "Low",
        "event_xml": "",
        "EventGUID": "{0CCE9233-69AE-11D9-BED3-505054503030}",
        "EventName": "Audit Filtering Platform Policy Change",
        "llm_technical_description": "The event indicates that the IPsec service was started as part of a policy change. This could be due to a legitimate configuration update or potentially malicious activity attempting to access internal networks. The similarity to another event (5478) suggests a recurring pattern, but without specific context on what changed, it's challenging to determine if this is unauthorized.",
        "llm_security_impact": "MEDIUM",
        "llm_typical_volume": "LOW",
        "llm_recommended_monitoring": "YES"
    },
    "4710": {
        "summary": "IPsec Services was disabled",
        "category": "Policy Change",
        "subcategory": "Filtering Platform Policy Change",
        "type": "Success",
        "description": "In the default configuration this event is not produced when the IPsec Policy agent service is disabled or fails to start.",
        "operating_systems": "Windows 2008 R2, Windows 7, Windows 2012 R2, Windows 8.1, Windows Server 2016, Windows 10, Windows Server 2019, Windows Server 2022",
        "legacy_event_id": "",
        "potential_criticality": "Low",
        "event_xml": "",
        "EventGUID": "{0CCE9233-69AE-11D9-BED3-505054503030}",
        "EventName": "Audit Filtering Platform Policy Change",
        "llm_technical_description": "The IPsec Services was disabled event indicates that the policy change occurred to disable network security services. This could be a potential attempt to disrupt secure communications or gain unauthorized access by disabling critical network traffic controls.",
        "llm_security_impact": "MEDIUM",
        "llm_typical_volume": "LOW",
        "llm_recommended_monitoring": "YES"
    },
    "4711": {
        "summary": "PAStore Engine (1%)",
        "category": "Policy Change",
        "subcategory": "Filtering Platform Policy Change",
        "type": "Success",
        "description": "",
        "operating_systems": "Windows 2008 R2, Windows 7, Windows 2012 R2, Windows 8.1, Windows Server 2016, Windows 10, Windows Server 2019, Windows Server 2022",
        "legacy_event_id": "",
        "potential_criticality": "Low",
        "event_xml": "",
        "EventGUID": "{0CCE9233-69AE-11D9-BED3-505054503030}",
        "EventName": "Audit Filtering Platform Policy Change",
        "llm_technical_description": "The event indicates a change in policy related to the PAStore Engine, specifically under the category of Filtering Platform Policy Change. This could involve modifications to file access permissions or system protection settings, potentially affecting how data is stored and accessed on the system.",
        "llm_security_impact": "MEDIUM",
        "llm_typical_volume": "MEDIUM",
        "llm_recommended_monitoring": "YES"
    },
    "4712": {
        "summary": "IPsec Services encountered a potentially serious failure",
        "category": "Policy Change",
        "subcategory": "Filtering Platform Policy Change",
        "type": "Failure",
        "description": "In theory this reports when the service cannot perform its required tasks, such as properly processing filters, or cannot protect traffic sent or received by one or more of the network adapters attached to the computer.",
        "operating_systems": "Windows 2008 R2, Windows 7, Windows 2012 R2, Windows 8.1, Windows Server 2016, Windows 10, Windows Server 2019, Windows Server 2022",
        "legacy_event_id": "",
        "potential_criticality": "Low",
        "event_xml": "",
        "EventGUID": "{0CCE9233-69AE-11D9-BED3-505054503030}",
        "EventName": "Audit Filtering Platform Policy Change",
        "llm_technical_description": "The event indicates a potential security vulnerability due to an IPsec service failure caused by a policy change. This could allow unauthorized access or disrupted traffic, posing a high risk of exploitation.",
        "llm_security_impact": "HIGH",
        "llm_typical_volume": "MEDIUM",
        "llm_recommended_monitoring": "YES"
    },
    "4713": {
        "summary": "Kerberos policy was changed",
        "category": "Policy Change",
        "subcategory": "Authentication Policy Change",
        "type": "Success",
        "description": "Windows logs 4713 when it detects a change to the the domain's Kerberos policy. Kerberos policy is defined in GPOs linked to the root of the domain under Computer Configuration\\Windows Settings\\Security Settings\\Account Policy\\Kerberos Policy. \n\r\nUnfortunately theSubject fields don't identify who actually changed the policy because Kerberos policy isn't directly configured by administrators. Instead it is edited in a group policy object which then gets applied to the computer. Therefore this event always shows the local computer as the one who changed the policy since the computer is the security principal under which gpupdate runs. \n\nSubject:\n\r\nThe ID and logon session of the user that changed the policy - always the local system - see note above.",
        "operating_systems": "Windows 2008 R2, Windows 7, Windows 2012 R2, Windows 8.1, Windows Server 2016, Windows 10, Windows Server 2019, Windows Server 2022",
        "legacy_event_id": "617",
        "potential_criticality": "Medium",
        "event_xml": "<Event xmlns=\"http://schemas.microsoft.com/win/2004/08/events/event\"> - <System> <Provider Name=\"Microsoft-Windows-Security-Auditing\" Guid=\"{54849625-5478-4994-A5BA-3E3B0328C30D}\" /> <EventID>4713</EventID> <Version>0</Version> <Level>0</Level> <Task>13569</Task> <Opcode>0</Opcode> <Keywords>0x8020000000000000</Keywords> <TimeCreated SystemTime=\"2015-10-01T23:15:50.811774300Z\" /> <EventRecordID>1049772</EventRecordID> <Correlation /> <Execution ProcessID=\"500\" ThreadID=\"4116\" /> <Channel>Security</Channel> <Computer>DC01.contoso.local</Computer> <Security /> </System> - <EventData> <Data Name=\"SubjectUserSid\">S-1-5-18</Data> <Data Name=\"SubjectUserName\">DC01$</Data> <Data Name=\"SubjectDomainName\">CONTOSO</Data> <Data Name=\"SubjectLogonId\">0x3e7</Data> <Data Name=\"KerberosPolicyChange\">KerMaxT: 0x10c388d000 (0x861c46800); KerMaxR: 0x19254d38000 (0xc92a69c000);</Data> </EventData> </Event>",
        "EventGUID": "{0CCE9230-69AE-11D9-BED3-505054503030}",
        "EventName": "Audit Authentication Policy Change",
        "llm_technical_description": "The Windows Event ID 4713 indicates that the Kerberos policy for the domain has been changed, likely through Group Policy Objects (GPOs). Kerberos policies are managed at the domain level by trusted administrators using tools like gpedit.msc. While this event itself is not malicious, it can be a vector for attackers to attempt privilege escalation or other malicious activities if misconfigured.",
        "llm_security_impact": "MEDIUM",
        "llm_typical_volume": "MEDIUM",
        "llm_recommended_monitoring": "YES"
    },
    "4714": {
        "summary": "Encrypted data recovery policy was changed",
        "category": "Policy Change",
        "subcategory": "Authorization Policy Change",
        "type": "Success",
        "description": "This computer's Security Settings\\Public Key Policies\\Encrypting File System data recovery agent policy was modified - either via Local Security Policy or Group Policy in Active Directory.\n\r\nUnfortunately theSubject fields don't identify who actually changed the policy because this policy isn't directly configured by administrators. Instead it is edited in a group policy object which then gets applied to the computer. Therefore this event always shows the local computer as the one who changed the policy since the computer is the security principal under which gpupdate runs. Subject:\n\r\nThe ID and logon session of the user that changed the policy - always the local system - see note above.",
        "operating_systems": "Windows 2008 R2, Windows 7, Windows 2012 R2, Windows 8.1, Windows Server 2016, Windows 10, Windows Server 2019, Windows Server 2022",
        "legacy_event_id": "618",
        "potential_criticality": "Medium",
        "event_xml": "<Event xmlns=\"http://schemas.microsoft.com/win/2004/08/events/event\"> - <System> <Provider Name=\"Microsoft-Windows-Security-Auditing\" Guid=\"{54849625-5478-4994-a5ba-3e3b0328c30d}\" /> <EventID>4714</EventID> <Version>0</Version> <Level>0</Level> <Task>13573</Task> <Opcode>0</Opcode> <Keywords>0x8020000000000000</Keywords> <TimeCreated SystemTime=\"2015-10-08T05:27:40.740602500Z\" /> <EventRecordID>1080883</EventRecordID> <Correlation /> <Execution ProcessID=\"524\" ThreadID=\"4856\" /> <Channel>Security</Channel> <Computer>DC01.contoso.local</Computer> <Security /> </System> - <ProcessingErrorData> <ErrorCode>13</ErrorCode> <DataItemName>SubjectUserSid</DataItemName> <EventPayload /> </ProcessingErrorData> </Event>",
        "EventGUID": "{0CCE9234-69AE-11D9-BED3-505054503030}",
        "EventName": "Audit Other Policy Change Events",
        "llm_technical_description": "An encrypted data recovery policy was changed on this computer. This policy, typically modified via Group Policy Objects (GPOs) or Local Security Policies, affects how the system handles file encryption for recovery purposes. The event logs this change but does not specify who made it, as GPO changes are often applied by the affected machine's owner.",
        "llm_security_impact": "MEDIUM",
        "llm_typical_volume": "MEDIUM",
        "llm_recommended_monitoring": "YES"
    },
    "4715": {
        "summary": "The audit policy (SACL) on an object was changed",
        "category": "Policy Change",
        "subcategory": "Audit Policy Change",
        "type": "Success",
        "description": "The description is poorly worded but this event is logged whenever you set the security descriptor used to delegate access to the audit policy. You can delegate authority to the system's audit policy using \"auditpol /sd:\".",
        "operating_systems": "Windows 2008 R2, Windows 7, Windows 2012 R2, Windows 8.1, Windows Server 2016, Windows 10, Windows Server 2019, Windows Server 2022",
        "legacy_event_id": "",
        "potential_criticality": "Medium",
        "event_xml": "<Event xmlns=\"http://schemas.microsoft.com/win/2004/08/events/event\"> - <System> <Provider Name=\"Microsoft-Windows-Security-Auditing\" Guid=\"{54849625-5478-4994-A5BA-3E3B0328C30D}\" /> <EventID>4715</EventID> <Version>0</Version> <Level>0</Level> <Task>13568</Task> <Opcode>0</Opcode> <Keywords>0x8020000000000000</Keywords> <TimeCreated SystemTime=\"2015-09-30T19:59:39.964601800Z\" /> <EventRecordID>1049425</EventRecordID> <Correlation /> <Execution ProcessID=\"516\" ThreadID=\"4668\" /> <Channel>Security</Channel> <Computer>DC01.contoso.local</Computer> <Security /> </System> - <EventData> <Data Name=\"SubjectUserSid\">S-1-5-21-3457937927-2839227994-823803824-1104</Data> <Data Name=\"SubjectUserName\">dadmin</Data> <Data Name=\"SubjectDomainName\">CONTOSO</Data> <Data Name=\"SubjectLogonId\">0x11ae30</Data> <Data Name=\"OldSd\">D:(A;;DCSWRPDTRC;;;BA)(D;;DCSWRPDTRC;;;SY)S:NO\\\\_ACCESS\\\\_CONTROL</Data> <Data Name=\"NewSd\">D:(A;;DCSWRPDTRC;;;BA)(A;;DCSWRPDTRC;;;SY)S:NO\\\\_ACCESS\\\\_CONTROL</Data> </EventData> </Event>",
        "EventGUID": "{0CCE922F-69AE-11D9-BED3-505054503030}",
        "EventName": "Audit Audit Policy Change",
        "llm_technical_description": "The audit policy (SACL) was changed. This event is logged whenever a service account is created or modified for the purpose of delegating access to an audit policy, which can grant access rights to sensitive directories or resources.",
        "llm_security_impact": "MEDIUM",
        "llm_typical_volume": "MEDIUM",
        "llm_recommended_monitoring": "YES"
    },
    "4716": {
        "summary": "Trusted domain information was modified",
        "category": "Policy Change",
        "subcategory": "Authentication Policy Change",
        "type": "Success",
        "description": "This event is logged for modifications to trust relationships connecting to this domain. While the description says \"Trusted\" this event applies to both trusted and trusting relationships as documented by Trust Information.",
        "operating_systems": "Windows 2008 R2, Windows 7, Windows 2012 R2, Windows 8.1, Windows Server 2016, Windows 10, Windows Server 2019, Windows Server 2022",
        "legacy_event_id": "620",
        "potential_criticality": "Medium",
        "event_xml": "<Event xmlns=\"http://schemas.microsoft.com/win/2004/08/events/event\"> - <System> <Provider Name=\"Microsoft-Windows-Security-Auditing\" Guid=\"{54849625-5478-4994-A5BA-3E3B0328C30D}\" /> <EventID>4716</EventID> <Version>0</Version> <Level>0</Level> <Task>13569</Task> <Opcode>0</Opcode> <Keywords>0x8020000000000000</Keywords> <TimeCreated SystemTime=\"2015-10-01T22:55:54.560735500Z\" /> <EventRecordID>1049763</EventRecordID> <Correlation /> <Execution ProcessID=\"500\" ThreadID=\"4920\" /> <Channel>Security</Channel> <Computer>DC01.contoso.local</Computer> <Security /> </System> - <EventData> <Data Name=\"SubjectUserSid\">S-1-5-21-3457937927-2839227994-823803824-1104</Data> <Data Name=\"SubjectUserName\">dadmin</Data> <Data Name=\"SubjectDomainName\">CONTOSO</Data> <Data Name=\"SubjectLogonId\">0x138eb0</Data> <Data Name=\"DomainName\">-</Data> <Data Name=\"DomainSid\">S-1-5-21-2226861337-2836268956-2433141405</Data> <Data Name=\"TdoType\">2</Data> <Data Name=\"TdoDirection\">3</Data> <Data Name=\"TdoAttributes\">32</Data> <Data Name=\"SidFilteringEnabled\">-</Data> </EventData> </Event>",
        "EventGUID": "{0CCE9230-69AE-11D9-BED3-505054503030}",
        "EventName": "Audit Authentication Policy Change",
        "llm_technical_description": "This event logs modifications to trust relationships (both trusted and trusting) associated with the domain. Such changes can occur due to legitimate actions like setting up remote access, updating Group Policy Objects (GPOs), or adjusting user permissions. An attacker might exploit these changes if they gain unauthorized control over a Trusted Domain Controller (TDC) to elevate privileges.",
        "llm_security_impact": "MEDIUM",
        "llm_typical_volume": "LOW",
        "llm_recommended_monitoring": "NO"
    },
    "4717": {
        "summary": "System security access was granted to an account",
        "category": "Policy Change",
        "subcategory": "Authentication Policy Change",
        "type": "Success",
        "description": "This event documents the grant of logon rights such as \"Access this computer from the network\" or \"Logon as a service\". \n\r\nRights, like most other security settings, are defined in group policy objects and applied by the computer. Therefore this event will normally show the Assigned By user as the system itself. To determine who actually made the rights assignment change you must search the domain controllers' security logs for changes to groupPolicyContainer objects (logged by Directory Service auditing). Logon ID allows you to link this event to the prior event 4624 logon event of the user who performed this action. \n\n\r\nThis event, 4717,documents the system name for each logon right as opposed to the more familiar description. Click here for a cross reference. \n\r\nNote: This event and4718 log changes to strictly logon rights such as \"Access this computer from the network\" or \"Logon as a service\" - not to other rights such as \"Change the system time\" or \"Take ownership of files and other objects\". See events 4704 and 4705.",
        "operating_systems": "Windows 2008 R2, Windows 7, Windows 2012 R2, Windows 8.1, Windows Server 2016, Windows 10, Windows Server 2019, Windows Server 2022",
        "legacy_event_id": "621",
        "potential_criticality": "Low",
        "event_xml": "<Event xmlns=\"http://schemas.microsoft.com/win/2004/08/events/event\"> - <System> <Provider Name=\"Microsoft-Windows-Security-Auditing\" Guid=\"{54849625-5478-4994-A5BA-3E3B0328C30D}\" /> <EventID>4717</EventID> <Version>0</Version> <Level>0</Level> <Task>13569</Task> <Opcode>0</Opcode> <Keywords>0x8020000000000000</Keywords> <TimeCreated SystemTime=\"2015-10-02T00:02:33.213572000Z\" /> <EventRecordID>1049777</EventRecordID> <Correlation /> <Execution ProcessID=\"500\" ThreadID=\"2064\" /> <Channel>Security</Channel> <Computer>DC01.contoso.local</Computer> <Security /> </System> - <EventData> <Data Name=\"SubjectUserSid\">S-1-5-18</Data> <Data Name=\"SubjectUserName\">DC01$</Data> <Data Name=\"SubjectDomainName\">CONTOSO</Data> <Data Name=\"SubjectLogonId\">0x3e7</Data> <Data Name=\"TargetSid\">S-1-5-21-3457937927-2839227994-823803824-2104</Data> <Data Name=\"AccessGranted\">SeInteractiveLogonRight</Data> </EventData> </Event>",
        "EventGUID": "{0CCE9230-69AE-11D9-BED3-505054503030}",
        "EventName": "Audit Authentication Policy Change",
        "llm_technical_description": "This event logs a change to system-level logon rights such as 'Access this computer from the network' or 'Logon as a service'. The grant of these rights typically occurs when group policy objects are modified, and the system account is often used as the Assigned By user. This can indicate legitimate configuration changes or potential unauthorized access attempts.",
        "llm_security_impact": "MEDIUM",
        "llm_typical_volume": "HIGH",
        "llm_recommended_monitoring": "YES"
    },
    "4718": {
        "summary": "System security access was removed from an account",
        "category": "Policy Change",
        "subcategory": "Authentication Policy Change",
        "type": "Success",
        "description": "This event documents the revokation of logon rights such as \"Access this computer from the network\" or \"Logon as a service\". \n\r\nRights, like most other security settings, are defined in group policy objects and applied by the computer. Therefore this event will normally show the Assigned By user as the system itself. To determine who actually made the rights assignment change you must search the domain controllers' security logs for changes to groupPolicyContainer objects (logged by Directory Service auditing). Logon ID allows you to link this event to the prior event 4624 logon event of the user who performed this action. \n\r\nThis event, 4718documents the system name for each logon right as opposed to the more familiar description. Click here for a cross reference. \n\r\nNote: This event and 4717 log changes to strictly logon rights such as \"Access this computer from the network\" or \"Logon as a service\" - not to other rights such as \"Change the system time\" or \"Take ownership of files and other objects\". See events 4704 and 4705.",
        "operating_systems": "Windows 2008 R2, Windows 7, Windows 2012 R2, Windows 8.1, Windows Server 2016, Windows 10, Windows Server 2019, Windows Server 2022",
        "legacy_event_id": "622",
        "potential_criticality": "Low",
        "event_xml": "<Event xmlns=\"http://schemas.microsoft.com/win/2004/08/events/event\"> - <System> <Provider Name=\"Microsoft-Windows-Security-Auditing\" Guid=\"{54849625-5478-4994-A5BA-3E3B0328C30D}\" /> <EventID>4718</EventID> <Version>0</Version> <Level>0</Level> <Task>13569</Task> <Opcode>0</Opcode> <Keywords>0x8020000000000000</Keywords> <TimeCreated SystemTime=\"2015-10-01T23:35:46.375134200Z\" /> <EventRecordID>1049773</EventRecordID> <Correlation /> <Execution ProcessID=\"500\" ThreadID=\"5028\" /> <Channel>Security</Channel> <Computer>DC01.contoso.local</Computer> <Security /> </System> - <EventData> <Data Name=\"SubjectUserSid\">S-1-5-18</Data> <Data Name=\"SubjectUserName\">DC01$</Data> <Data Name=\"SubjectDomainName\">CONTOSO</Data> <Data Name=\"SubjectLogonId\">0x3e7</Data> <Data Name=\"TargetSid\">S-1-5-21-3457937927-2839227994-823803824-2104</Data> <Data Name=\"AccessRemoved\">SeInteractiveLogonRight</Data> </EventData> </Event>",
        "EventGUID": "{0CCE9230-69AE-11D9-BED3-505054503030}",
        "EventName": "Audit Authentication Policy Change",
        "llm_technical_description": "The system has removed logon rights from an account under a policy change. This typically affects user access for services like remote connection or service logons, potentially indicating unauthorized changes affecting legitimate users.",
        "llm_security_impact": "HIGH",
        "llm_typical_volume": "MEDIUM",
        "llm_recommended_monitoring": "YES"
    },
    "4719": {
        "summary": "System audit policy was changed",
        "category": "Policy Change",
        "subcategory": "Audit Policy Change",
        "type": "Success",
        "description": "This computer'ssystem level audit policywas modified - either via Local Security Policy, Group Policy in Active Directory or the audipol command.",
        "operating_systems": "Windows 2008 R2, Windows 7, Windows 2012 R2, Windows 8.1, Windows Server 2016, Windows 10, Windows Server 2019, Windows Server 2022",
        "legacy_event_id": "612",
        "potential_criticality": "High",
        "event_xml": "<Event xmlns=\"http://schemas.microsoft.com/win/2004/08/events/event\"> - <System> <Provider Name=\"Microsoft-Windows-Security-Auditing\" Guid=\"{54849625-5478-4994-A5BA-3E3B0328C30D}\" /> <EventID>4719</EventID> <Version>0</Version> <Level>0</Level> <Task>13568</Task> <Opcode>0</Opcode> <Keywords>0x8020000000000000</Keywords> <TimeCreated SystemTime=\"2015-09-30T19:57:09.668217100Z\" /> <EventRecordID>1049418</EventRecordID> <Correlation /> <Execution ProcessID=\"516\" ThreadID=\"4668\" /> <Channel>Security</Channel> <Computer>DC01.contoso.local</Computer> <Security /> </System> - <EventData> <Data Name=\"SubjectUserSid\">S-1-5-18</Data> <Data Name=\"SubjectUserName\">DC01$</Data> <Data Name=\"SubjectDomainName\">CONTOSO</Data> <Data Name=\"SubjectLogonId\">0x3e7</Data> <Data Name=\"CategoryId\">%%8274</Data> <Data Name=\"SubcategoryId\">%%12807</Data> <Data Name=\"SubcategoryGuid\">{0CCE9223-69AE-11D9-BED3-505054503030}</Data> <Data Name=\"AuditPolicyChanges\">%%8448, %%8450</Data> </EventData> </Event>",
        "EventGUID": "{0CCE922F-69AE-11D9-BED3-505054503030}",
        "EventName": "Audit Audit Policy Change",
        "llm_technical_description": "The system-level audit policy was modified on this computer, which could be due to changes in Local Security Policy, Active Directory Group Policy, or direct edits. This event may indicate potential security concerns such as unauthorized access attempts if auditing is disabled.",
        "llm_security_impact": "MEDIUM",
        "llm_typical_volume": "LOW",
        "llm_recommended_monitoring": "YES"
    },
    "4720": {
        "summary": "A user account was created",
        "category": "Account Management",
        "subcategory": "User Account Management",
        "type": "Success",
        "description": "The user identified by Subject: created the user identified by New Account:. \n\r\nAttributes show some of the properties that were set at the time the account was created. Notice account is initially disabled.\n\r\nThis event is logged both for local SAM accounts and domain accounts.\n\r\nYou will see a series of other User Account Management events after this event as the remaining properties are punched down, password set and account finally enabled.",
        "operating_systems": "Windows 2008 R2, Windows 7, Windows 2012 R2, Windows 8.1, Windows Server 2016, Windows 10, Windows Server 2019, Windows Server 2022",
        "legacy_event_id": "624",
        "potential_criticality": "Low",
        "event_xml": "<Event xmlns=\"http://schemas.microsoft.com/win/2004/08/events/event\"> - <System> <Provider Name=\"Microsoft-Windows-Security-Auditing\" Guid=\"{54849625-5478-4994-A5BA-3E3B0328C30D}\" /> <EventID>4720</EventID> <Version>0</Version> <Level>0</Level> <Task>13824</Task> <Opcode>0</Opcode> <Keywords>0x8020000000000000</Keywords> <TimeCreated SystemTime=\"2015-08-20T16:22:02.759912000Z\" /> <EventRecordID>175408</EventRecordID> <Correlation /> <Execution ProcessID=\"520\" ThreadID=\"1508\" /> <Channel>Security</Channel> <Computer>DC01.contoso.local</Computer> <Security /> </System> - <EventData> <Data Name=\"TargetUserName\">ksmith</Data> <Data Name=\"TargetDomainName\">CONTOSO</Data> <Data Name=\"TargetSid\">S-1-5-21-3457937927-2839227994-823803824-6609</Data> <Data Name=\"SubjectUserSid\">S-1-5-21-3457937927-2839227994-823803824-1104</Data> <Data Name=\"SubjectUserName\">dadmin</Data> <Data Name=\"SubjectDomainName\">CONTOSO</Data> <Data Name=\"SubjectLogonId\">0x30dc2</Data> <Data Name=\"PrivilegeList\">-</Data> <Data Name=\"SamAccountName\">ksmith</Data> <Data Name=\"DisplayName\">Ken Smith</Data> <Data Name=\"UserPrincipalName\">ksmith@contoso.local</Data> <Data Name=\"HomeDirectory\">-</Data> <Data Name=\"HomePath\">-</Data> <Data Name=\"ScriptPath\">-</Data> <Data Name=\"ProfilePath\">-</Data> <Data Name=\"UserWorkstations\">-</Data> <Data Name=\"PasswordLastSet\">%%1794</Data> <Data Name=\"AccountExpires\">%%1794</Data> <Data Name=\"PrimaryGroupId\">513</Data> <Data Name=\"AllowedToDelegateTo\">-</Data> <Data Name=\"OldUacValue\">0x0</Data> <Data Name=\"NewUacValue\">0x15</Data> <Data Name=\"UserAccountControl\">%%2080 %%2082 %%2084</Data> <Data Name=\"UserParameters\">-</Data> <Data Name=\"SidHistory\">-</Data> <Data Name=\"LogonHours\">%%1793</Data> </EventData> </Event>",
        "EventGUID": "{0CCE9235-69AE-11D9-BED3-505054503030}",
        "EventName": "Audit User Account Management",
        "llm_technical_description": "A user account was created with initial disablement and subsequent configuration. This event may indicate unauthorized lateral movement or bypass of security restrictions.",
        "llm_security_impact": "MEDIUM",
        "llm_typical_volume": "LOW",
        "llm_recommended_monitoring": "YES"
    },
    "4722": {
        "summary": "A user account was enabled",
        "category": "Account Management",
        "subcategory": "User Account Management",
        "type": "Success",
        "description": "The user identified by Subject: enabed the user identified by Target Account:. \n\r\nThis event is logged both for local SAM accounts and domain accounts.\n\r\nThis event is always logged after event 4720 - user account creation.\n\r\nYou will also see event ID 4738 informing you of the same information.",
        "operating_systems": "Windows 2008 R2, Windows 7, Windows 2012 R2, Windows 8.1, Windows Server 2016, Windows 10, Windows Server 2019, Windows Server 2022",
        "legacy_event_id": "626",
        "potential_criticality": "Low",
        "event_xml": "<Event xmlns=\"http://schemas.microsoft.com/win/2004/08/events/event\"> - <System> <Provider Name=\"Microsoft-Windows-Security-Auditing\" Guid=\"{54849625-5478-4994-A5BA-3E3B0328C30D}\" /> <EventID>4722</EventID> <Version>0</Version> <Level>0</Level> <Task>13824</Task> <Opcode>0</Opcode> <Keywords>0x8020000000000000</Keywords> <TimeCreated SystemTime=\"2015-08-21T23:55:11.038308600Z\" /> <EventRecordID>175716</EventRecordID> <Correlation /> <Execution ProcessID=\"520\" ThreadID=\"1112\" /> <Channel>Security</Channel> <Computer>DC01.contoso.local</Computer> <Security /> </System> - <EventData> <Data Name=\"TargetUserName\">Auditor</Data> <Data Name=\"TargetDomainName\">CONTOSO</Data> <Data Name=\"TargetSid\">S-1-5-21-3457937927-2839227994-823803824-2104</Data> <Data Name=\"SubjectUserSid\">S-1-5-21-3457937927-2839227994-823803824-1104</Data> <Data Name=\"SubjectUserName\">dadmin</Data> <Data Name=\"SubjectDomainName\">CONTOSO</Data> <Data Name=\"SubjectLogonId\">0x30d5f</Data> </EventData> </Event>",
        "EventGUID": "{0CCE9235-69AE-11D9-BED3-505054503030}",
        "EventName": "Audit User Account Management",
        "llm_technical_description": "The event indicates that a user account was enabled as part of the account management process. This action typically follows user account creation (event 4720) and precedes further changes such as enabling domain accounts (event 4738). The enablement could be for system-wide or local administration, potentially indicating legitimate setup steps or unauthorized access attempts.",
        "llm_security_impact": "MEDIUM",
        "llm_typical_volume": "MEDIUM",
        "llm_recommended_monitoring": "YES"
    },
    "4723": {
        "summary": "An attempt was made to change an account's password",
        "category": "Account Management",
        "subcategory": "User Account Management",
        "type": "Success",
        "description": "The user attempted to change his/her own password. Subject and Target should always match. Don't confuse this event with 4724.\n\r\nThis event is logged as a failure ifhis new password fails to meet the password policy.\n\r\nIf the user fails to correctly enter his old password this event is not logged. Instead, for domain accounts, a 4771 is logged with kadmin/changepw as the service name.\n\r\nThis event is logged both for local SAM accounts and domain accounts.\n\r\nYou will also see event ID 4738 informing you of the same information.",
        "operating_systems": "Windows 2008 R2, Windows 7, Windows 2012 R2, Windows 8.1, Windows Server 2016, Windows 10, Windows Server 2019, Windows Server 2022",
        "legacy_event_id": "627",
        "potential_criticality": "Low",
        "event_xml": "<Event xmlns=\"http://schemas.microsoft.com/win/2004/08/events/event\"> - <System> <Provider Name=\"Microsoft-Windows-Security-Auditing\" Guid=\"{54849625-5478-4994-A5BA-3E3B0328C30D}\" /> <EventID>4723</EventID> <Version>0</Version> <Level>0</Level> <Task>13824</Task> <Opcode>0</Opcode> <Keywords>0x8020000000000000</Keywords> <TimeCreated SystemTime=\"2015-08-22T01:32:51.494558000Z\" /> <EventRecordID>175722</EventRecordID> <Correlation /> <Execution ProcessID=\"520\" ThreadID=\"1112\" /> <Channel>Security</Channel> <Computer>DC01.contoso.local</Computer> <Security /> </System> - <EventData> <Data Name=\"TargetUserName\">dadmin</Data> <Data Name=\"TargetDomainName\">CONTOSO</Data> <Data Name=\"TargetSid\">S-1-5-21-3457937927-2839227994-823803824-1104</Data> <Data Name=\"SubjectUserSid\">S-1-5-21-3457937927-2839227994-823803824-1104</Data> <Data Name=\"SubjectUserName\">dadmin</Data> <Data Name=\"SubjectDomainName\">CONTOSO</Data> <Data Name=\"SubjectLogonId\">0x1a9b76</Data> <Data Name=\"PrivilegeList\">-</Data> </EventData> </Event>",
