{
    "1100": {
        "summary": "The event logging service has shut down",
        "category": "Non Audit (Event Log)",
        "subcategory": "Service shutdown",
        "type": "Success",
        "description": "This is a normal event logged at time of shutdown",
        "operating_systems": "Windows 2008 R2, Windows 7, Windows 2012 R2, Windows 8.1, Windows Server 2016, Windows 10, Windows Server 2019, Windows Server 2022",
        "legacy_event_id": "",
        "potential_criticality": "",
        "event_xml": "<Event xmlns=\"http://schemas.microsoft.com/win/2004/08/events/event\"> - <System> <Provider Name=\"Microsoft-Windows-Eventlog\" Guid=\"{fc65ddd8-d6ef-4962-83d5-6e5cfe9ce148}\" /> <EventID>1100</EventID> <Version>0</Version> <Level>4</Level> <Task>103</Task> <Opcode>0</Opcode> <Keywords>0x4020000000000000</Keywords> <TimeCreated SystemTime=\"2015-10-15T07:02:20.010585400Z\" /> <EventRecordID>1048124</EventRecordID> <Correlation /> <Execution ProcessID=\"820\" ThreadID=\"964\" /> <Channel>Security</Channel> <Computer>DC01.contoso.local</Computer> <Security /> </System> - <UserData> <ServiceShutdown xmlns=\"http://manifests.microsoft.com/win/2004/08/windows/eventlog\" /> </UserData> </Event>",
        "EventGUID": "",
        "EventName": "",
        "llm_technical_description": "The logging service has shut down normally. This event typically occurs when system resources are exhausted and the service restarts automatically upon next use.",
        "llm_security_impact": "LOW",
        "llm_typical_volume": "LOW",
        "llm_recommended_monitoring": "NO"
    },
    "1101": {
        "summary": "Audit events have been dropped by the transport.",
        "category": "Non Audit (Event Log)",
        "subcategory": "Event processing",
        "type": "Success",
        "description": "We have observed this event being logged upon restarting Windows after a dirty shutdown.",
        "operating_systems": "Windows 2008 R2, Windows 7, Windows 2012 R2, Windows 8.1, Windows Server 2016, Windows 10, Windows Server 2019, Windows Server 2022",
        "legacy_event_id": "",
        "potential_criticality": "",
        "event_xml": "",
        "EventGUID": "",
        "EventName": "",
        "llm_technical_description": "The observed event indicates that the system's audit logging process has been disabled during a restart following a dirty shutdown. This suggests potential issues such as misconfiguration, unauthorized activity, or an attempt to bypass normal security measures like file cleanup.",
        "llm_security_impact": "MEDIUM",
        "llm_typical_volume": "LOW",
        "llm_recommended_monitoring": "YES"
    },
    "1102": {
        "summary": "The audit log was cleared",
        "category": "Non Audit (Event Log)",
        "subcategory": "Log clear",
        "type": "Success",
        "description": "Event 1102 is logged whenever the Security log is cleared, REGARDLESS of the status of the Audit System Events audit policy. The Account Name and Domain Name fields identify the user who cleared the log.\n\r\nLogon ID allows you to correlate backwards to the logon event (4624) as well as with other events logged during the same logon session.",
        "operating_systems": "Windows 2008 R2, Windows 7, Windows 2012 R2, Windows 8.1, Windows Server 2016, Windows 10, Windows Server 2019, Windows Server 2022",
        "legacy_event_id": "517",
        "potential_criticality": "High",
        "event_xml": "<Event xmlns=\"http://schemas.microsoft.com/win/2004/08/events/event\"> - <System> <Provider Name=\"Microsoft-Windows-Eventlog\" Guid=\"{fc65ddd8-d6ef-4962-83d5-6e5cfe9ce148}\" /> <EventID>1102</EventID> <Version>0</Version> <Level>4</Level> <Task>104</Task> <Opcode>0</Opcode> <Keywords>0x4020000000000000</Keywords> <TimeCreated SystemTime=\"2015-10-16T00:39:58.656871200Z\" /> <EventRecordID>1087729</EventRecordID> <Correlation /> <Execution ProcessID=\"820\" ThreadID=\"2644\" /> <Channel>Security</Channel> <Computer>DC01.contoso.local</Computer> <Security /> </System> - <UserData> - <LogFileCleared xmlns=\"http://manifests.microsoft.com/win/2004/08/windows/eventlog\"> <SubjectUserSid>S-1-5-21-3457937927-2839227994-823803824-1104</SubjectUserSid> <SubjectUserName>dadmin</SubjectUserName> <SubjectDomainName>CONTOSO</SubjectDomainName> <SubjectLogonId>0x55cd1d</SubjectLogonId> </LogFileCleared> </UserData> </Event>",
        "EventGUID": "",
        "EventName": "",
        "llm_technical_description": "An audit log was cleared without following the Audit System Events policy. The user who cleared the log is identified by Account Name and Domain Name fields. This event can potentially indicate an attempt to circumvent security controls, as it occurs during a logon session via Logon ID.",
        "llm_security_impact": "HIGH",
        "llm_typical_volume": "HIGH",
        "llm_recommended_monitoring": "YES"
    },
    "1104": {
        "summary": "The security Log is now full",
        "category": "Non Audit (Event Log)",
        "subcategory": "Event processing",
        "type": "Success",
        "description": "No more events will be logged until the log is expanded, cleared or configured to overwrite events.\n\r\nThis event indicates a \"hole\" in your audit trail and should be avoided with the implementation of an effective log management solution that collects events before they can be overwritten or before the log fills up.\n\r\n\"Do not overwrite events (clear log manually)\" should only be used in conjunction with the security option \"Audit: Shutdown system immediately if unable to log security audits\". Of course these 2 settings together will cause the system outages if the log is allowed to fill up and would only be appropriate for systems with the highest integrity requirements on audit trails.",
        "operating_systems": "Windows 2008 R2, Windows 7, Windows 2012 R2, Windows 8.1, Windows Server 2016, Windows 10, Windows Server 2019, Windows Server 2022",
        "legacy_event_id": "",
        "potential_criticality": "",
        "event_xml": "<Event xmlns=\"http://schemas.microsoft.com/win/2004/08/events/event\"> - <System> <Provider Name=\"Microsoft-Windows-Eventlog\" Guid=\"{fc65ddd8-d6ef-4962-83d5-6e5cfe9ce148}\" /> <EventID>1104</EventID> <Version>0</Version> <Level>2</Level> <Task>101</Task> <Opcode>0</Opcode> <Keywords>0x4020000000000000</Keywords> <TimeCreated SystemTime=\"2015-10-15T23:36:50.479431200Z\" /> <EventRecordID>1087728</EventRecordID> <Correlation /> <Execution ProcessID=\"820\" ThreadID=\"4224\" /> <Channel>Security</Channel> <Computer>DC01.contoso.local</Computer> <Security /> </System> - <UserData> <FileIsFull xmlns=\"http://manifests.microsoft.com/win/2004/08/windows/eventlog\" /> </UserData> </Event>",
        "EventGUID": "",
        "EventName": "",
        "llm_technical_description": "The 'Security Log is now full' event indicates that system logs may have reached capacity, potentially due to misconfigured logging settings or normal operation under high activity. This can prevent analysis tools from accessing recent data and might signal misconfiguration if not part of a controlled environment.",
        "llm_security_impact": "LOW",
        "llm_typical_volume": "MEDIUM",
        "llm_recommended_monitoring": "NO"
    },
    "1105": {
        "summary": "Event log automatic backup",
        "category": "Non Audit (Event Log)",
        "subcategory": "Log automatic backup",
        "type": "Success",
        "description": "This event is only logged when \"When maximum log size is reached:\" is set to \"Archive the log when full, do not overwrite events\". When the log reaches maximum size Windows saves it to %systemroot%\\System32\\Winevt\\Logs\\ with the file name Archive-Security-YYYY-MM-DD-HH-MM-SS-NNN.evtx.",
        "operating_systems": "Windows 2008 R2, Windows 7, Windows 2012 R2, Windows 8.1, Windows Server 2016, Windows 10, Windows Server 2019, Windows Server 2022",
        "legacy_event_id": "",
        "potential_criticality": "",
        "event_xml": "<Event xmlns=\"http://schemas.microsoft.com/win/2004/08/events/event\"> - <System> <Provider Name=\"Microsoft-Windows-Eventlog\" Guid=\"{fc65ddd8-d6ef-4962-83d5-6e5cfe9ce148}\" /> <EventID>1105</EventID> <Version>0</Version> <Level>4</Level> <Task>105</Task> <Opcode>0</Opcode> <Keywords>0x4020000000000000</Keywords> <TimeCreated SystemTime=\"2015-10-16T00:50:12.715302700Z\" /> <EventRecordID>1128551</EventRecordID> <Correlation /> <Execution ProcessID=\"820\" ThreadID=\"3660\" /> <Channel>Security</Channel> <Computer>DC01.contoso.local</Computer> <Security /> </System> - <UserData> - <AutoBackup xmlns=\"http://manifests.microsoft.com/win/2004/08/windows/eventlog\"> <Channel>Security</Channel> <BackupPath>C:\\\\\\\\Windows\\\\\\\\System32\\\\\\\\Winevt\\\\\\\\Logs\\\\\\\\Archive-Security-2015-10-16-00-50-12-621.evtx</BackupPath> </AutoBackup> </UserData> </Event>",
        "EventGUID": "",
        "EventName": "",
        "llm_technical_description": "This event indicates that the system log has reached its maximum size limit, triggering an automatic backup to the designated location. This is a normal system behavior to prevent data loss in case of critical issues or when system performance degrades.",
        "llm_security_impact": "LOW",
        "llm_typical_volume": "MEDIUM",
        "llm_recommended_monitoring": "NO"
    },
    "1108": {
        "summary": "The event logging service encountered an error",
        "category": "Non Audit (Event Log)",
        "subcategory": "Event processing",
        "type": "Failure",
        "description": "I have observed this event on actual systems but have not been able to determine the cause. Start a discussion below if you get this event and have questions or comments.",
        "operating_systems": "Windows 2008 R2, Windows 7, Windows 2012 R2, Windows 8.1, Windows Server 2016, Windows 10, Windows Server 2019, Windows Server 2022",
        "legacy_event_id": "",
        "potential_criticality": "",
        "event_xml": "<Event xmlns=\"http://schemas.microsoft.com/win/2004/08/events/event\"> - <System> <Provider Name=\"Microsoft-Windows-Eventlog\" Guid=\"{fc65ddd8-d6ef-4962-83d5-6e5cfe9ce148}\" /> <EventID>1108</EventID> <Version>0</Version> <Level>2</Level> <Task>101</Task> <Opcode>0</Opcode> <Keywords>0x4020000000000000</Keywords> <TimeCreated SystemTime=\"2015-11-12T20:59:47.431979300Z\" /> <EventRecordID>5599</EventRecordID> <Correlation /> <Execution ProcessID=\"972\" ThreadID=\"1320\" /> <Channel>Security</Channel> <Computer>WIN-GG82ULGC9GO.contoso.local</Computer> <Security /> </System> - <UserData> - <EventProcessingFailure xmlns=\"http://manifests.microsoft.com/win/2004/08/windows/eventlog\"> <Error Code=\"15005\" /> <EventID>0</EventID> <PublisherID>Microsoft-Windows-Security-Auditing</PublisherID> </EventProcessingFailure> </UserData> </Event>",
        "EventGUID": "",
        "EventName": "",
        "llm_technical_description": "The Event Processing Service encountered an error during its operation. This event is common in systems and may indicate a hardware failure, software issue, or potential malicious activity if unexpected behavior occurs.",
        "llm_security_impact": "MEDIUM",
        "llm_typical_volume": "LOW",
        "llm_recommended_monitoring": "NO"
    },
    "4608": {
        "summary": "Windows is starting up",
        "category": "System",
        "subcategory": "Security State Change",
        "type": "Success",
        "description": "4608 is an important security event: Any operating system is essentially defenseless when the operating system is down.",
        "operating_systems": "Windows 2008 R2, Windows 7, Windows 2012 R2, Windows 8.1, Windows Server 2016, Windows 10, Windows Server 2019, Windows Server 2022",
        "legacy_event_id": "512",
        "potential_criticality": "Low",
        "event_xml": "<Event xmlns=\"http://schemas.microsoft.com/win/2004/08/events/event\"> - <System> <Provider Name=\"Microsoft-Windows-Security-Auditing\" Guid=\"{54849625-5478-4994-A5BA-3E3B0328C30D}\" /> <EventID>4608</EventID> <Version>0</Version> <Level>0</Level> <Task>12288</Task> <Opcode>0</Opcode> <Keywords>0x8020000000000000</Keywords> <TimeCreated SystemTime=\"2015-10-09T05:25:38.222242500Z\" /> <EventRecordID>1101704</EventRecordID> <Correlation /> <Execution ProcessID=\"508\" ThreadID=\"512\" /> <Channel>Security</Channel> <Computer>DC01.contoso.local</Computer> <Security /> </System> <EventData /> </Event>",
        "EventGUID": "{0CCE9210-69AE-11D9-BED3-505054503030}",
        "EventName": "Audit Security State Change",
        "llm_technical_description": "The event 'Windows is starting up' under category 'Security State Change' indicates that Windows has initiated its boot process. The description suggests potential compromise of system state as any operating system being down could be vulnerable to attack.",
        "llm_security_impact": "HIGH",
        "llm_typical_volume": "LOW",
        "llm_recommended_monitoring": "YES"
    },
    "4609": {
        "summary": "Windows is shutting down",
        "category": "System",
        "subcategory": "Security State Change",
        "type": "Success",
        "description": "Despite the documentation, as of Release candidate1 this event is not found. Perhaps this is because the event logging service stops first (event 1100). This is funny since the same problem used to happen in NT. MS fixed it in 2000 and looks like they broke it again at least as of RC1. ",
        "operating_systems": "Windows 2008 R2, Windows 7, Windows 2012 R2, Windows 8.1, Windows Server 2016, Windows 10, Windows Server 2019, Windows Server 2022",
        "legacy_event_id": "513",
        "potential_criticality": "Low",
        "event_xml": "",
        "EventGUID": "",
        "EventName": "",
        "llm_technical_description": "This event, ID 4609, indicates that the Windows system is shutting down as expected. However, there's a note suggesting this issue might have been caused by changes in logging services after an attempted compromise. The event was previously consistent with issues seen before and after fixes, implying it could be related to compromised systems attempting to disrupt normal operations.",
        "llm_security_impact": "MEDIUM",
        "llm_typical_volume": "LOW",
        "llm_recommended_monitoring": "YES"
    },
    "4610": {
        "summary": "An authentication package has been loaded by the Local Security Authority",
        "category": "System",
        "subcategory": "Security System Extension",
        "type": "Success",
        "description": "Event4610 is logged once at startup for each authentication package on the system. \n\r\nAn authentication package is a DLL that encapsulates a given form of authentication, such as NTLM or Kerberos. The Local Security Authority calls into the appropriate authentication package during the logon process to find out if the user is authentic. \n\r\nAlthough a third party can develop an authentication package, few do so, except for smart card and token manufacturers. The only authentication package logged by Windows Server 2008 is C:\\Windows\\system32\\msv1_0.dll : MICROSOFT_AUTHENTICATION_PACKAGE_V1_0 which is just one of the authentication options supported by Windows (See 514 for a list of standard authentication packages on Windows Server 2003). The other authentication options supported by Windows Server 2008 appear to now be part of a larger package called a security package. See 4622. From MSDN: \"A security package that functions as an authentication package and implements the functionality required by SSPI is called a security support provider/authentication package (SSP/AP).\"\n\r\nThe security implication of event 4610, realistically, is low. Although a rogue package could cause great harm by stealing credentials at the time of logon, the effort required in developing and installing a rogue authentication package is significant.",
        "operating_systems": "Windows 2008 R2, Windows 7, Windows 2012 R2, Windows 8.1, Windows Server 2016, Windows 10, Windows Server 2019, Windows Server 2022",
        "legacy_event_id": "514",
        "potential_criticality": "Low",
        "event_xml": "<Event xmlns=\"http://schemas.microsoft.com/win/2004/08/events/event\"> - <System> <Provider Name=\"Microsoft-Windows-Security-Auditing\" Guid=\"{54849625-5478-4994-A5BA-3E3B0328C30D}\" /> <EventID>4610</EventID> <Version>0</Version> <Level>0</Level> <Task>12289</Task> <Opcode>0</Opcode> <Keywords>0x8020000000000000</Keywords> <TimeCreated SystemTime=\"2015-10-14T03:36:41.391489300Z\" /> <EventRecordID>1048138</EventRecordID> <Correlation /> <Execution ProcessID=\"516\" ThreadID=\"520\" /> <Channel>Security</Channel> <Computer>DC01.contoso.local</Computer> <Security /> </System> - <EventData> <Data Name=\"AuthenticationPackageName\">C:\\\\\\\\Windows\\\\\\\\system32\\\\\\\\msv1\\\\_0.DLL : MICROSOFT\\\\_AUTHENTICATION\\\\_PACKAGE\\\\_V1\\\\_0</Data> </EventData> </Event>",
        "EventGUID": "{0CCE9211-69AE-11D9-BED3-505054503030}",
        "EventName": "Audit Security System Extension",
        "llm_technical_description": "Event 4610 indicates that an authentication package has been loaded during the system startup for each user logon, which is part of Windows' normal security mechanisms. This event confirms the successful verification process using established authentication methods like NTLM or Kerberos.",
        "llm_security_impact": "LOW",
        "llm_typical_volume": "MEDIUM",
        "llm_recommended_monitoring": "NO"
    },
    "4611": {
        "summary": "A trusted logon process has been registered with the Local Security Authority",
        "category": "System",
        "subcategory": "Security System Extension",
        "type": "Success",
        "description": "An occurrence of event 4611 is logged at startup and occasionally afterwards for each logon process on the system. \n\r\nA logon process is a trusted part of the operating system and handles the overall logon function for different logon methods including incoming RAS connections, RunAs, interactive logons initiated by CtrlAltDel, and network logons (as in drive mappings). \n\r\nBecause logon processes are such trusted functions, a rogue logon process would be a devastating security breach--but an improbable one, given the effort and skill required. \n\r\nStandard logon processes for Windows Server 2008:",
        "operating_systems": "Windows 2008 R2, Windows 7, Windows 2012 R2, Windows 8.1, Windows Server 2016, Windows 10, Windows Server 2019, Windows Server 2022",
        "legacy_event_id": "515",
        "potential_criticality": "Low",
        "event_xml": "<Event xmlns=\"http://schemas.microsoft.com/win/2004/08/events/event\"> - <System> <Provider Name=\"Microsoft-Windows-Security-Auditing\" Guid=\"{54849625-5478-4994-A5BA-3E3B0328C30D}\" /> <EventID>4611</EventID> <Version>0</Version> <Level>0</Level> <Task>12289</Task> <Opcode>0</Opcode> <Keywords>0x8020000000000000</Keywords> <TimeCreated SystemTime=\"2015-10-14T03:43:29.604031000Z\" /> <EventRecordID>1048175</EventRecordID> <Correlation /> <Execution ProcessID=\"516\" ThreadID=\"548\" /> <Channel>Security</Channel> <Computer>DC01.contoso.local</Computer> <Security /> </System> - <EventData> <Data Name=\"SubjectUserSid\">S-1-5-18</Data> <Data Name=\"SubjectUserName\">DC01$</Data> <Data Name=\"SubjectDomainName\">CONTOSO</Data> <Data Name=\"SubjectLogonId\">0x3e7</Data> <Data Name=\"LogonProcessName\">Winlogon</Data> </EventData> </Event>",
        "EventGUID": "{0CCE9211-69AE-11D9-BED3-505054503030}",
        "EventName": "Audit Security System Extension",
        "llm_technical_description": "A trusted logon process has been registered with the Local Security Authority (LSA). This event occurs at startup and occasionally after logons. The presence of this event could indicate normal system operations or potential unauthorized activity if linked to an unknown actor using Rubeus for malicious purposes.",
        "llm_security_impact": "MEDIUM",
        "llm_typical_volume": "LOW",
        "llm_recommended_monitoring": "YES"
    },
    "4612": {
        "summary": "Internal resources allocated for the queuing of audit messages have been exhausted, leading to the loss of some audits.",
        "category": "System",
        "subcategory": "System Integrity",
        "type": "Success",
        "description": "This event has not been observed but would indicate that an extremely high period of activity prevented Windows from logginga number of security events. ",
        "operating_systems": "Windows 2008 R2, Windows 7, Windows 2012 R2, Windows 8.1, Windows Server 2016, Windows 10, Windows Server 2019, Windows Server 2022",
        "legacy_event_id": "516",
        "potential_criticality": "Low",
        "event_xml": "",
        "EventGUID": "{0CCE9212-69AE-11D9-BED3-505054503030}",
        "EventName": "Audit System Integrity",
        "llm_technical_description": "The internal system resources for auditing messages are exhausted, leading to the loss of some security audits. This suggests high activity or potential denial-of-service attempts during normal operations.",
        "llm_security_impact": "MEDIUM",
        "llm_typical_volume": "MEDIUM",
        "llm_recommended_monitoring": "YES"
    },
    "4614": {
        "summary": "A notification package has been loaded by the Security Account Manager.",
        "category": "System",
        "subcategory": "Security System Extension",
        "type": "Success",
        "description": "An occurrence of Event4614 is logged for each notification package on the system. \n\r\nNotification packages are DLLs that Windows calls into whenenever a user changes his/her password. The purpose of a notification package is to let you evaluate passwords against your own rules for acceptability. The notification package answers back whether or not the password is acceptable. Notification packages are also used to implement password synchronization systems. \n\r\nA rogue notification package would be a devastating security breach because notification packages are supplied with the clear text of the password and are simpler to write and install than authentication packages and logon processes (see 4610, 4611, and 4622).",
        "operating_systems": "Windows 2008 R2, Windows 7, Windows 2012 R2, Windows 8.1, Windows Server 2016, Windows 10, Windows Server 2019, Windows Server 2022",
        "legacy_event_id": "518",
        "potential_criticality": "Low",
        "event_xml": "<Event xmlns=\"http://schemas.microsoft.com/win/2004/08/events/event\"> - <System> <Provider Name=\"Microsoft-Windows-Security-Auditing\" Guid=\"{54849625-5478-4994-A5BA-3E3B0328C30D}\" /> <EventID>4614</EventID> <Version>0</Version> <Level>0</Level> <Task>12289</Task> <Opcode>0</Opcode> <Keywords>0x8020000000000000</Keywords> <TimeCreated SystemTime=\"2015-10-14T03:36:43.073484900Z\" /> <EventRecordID>1048140</EventRecordID> <Correlation /> <Execution ProcessID=\"516\" ThreadID=\"520\" /> <Channel>Security</Channel> <Computer>DC01.contoso.local</Computer> <Security /> </System> - <EventData> <Data Name=\"NotificationPackageName\">WDIGEST</Data> </EventData> </Event>",
        "EventGUID": "{0CCE9211-69AE-11D9-BED3-505054503030}",
        "EventName": "Audit Security System Extension",
        "llm_technical_description": "A notification package loaded by the Security Account Manager indicates that a user has changed their password, which is part of normal system operations. However, if this occurs frequently or inappropriately, it may suggest unauthorized access attempts or vulnerabilities related to password management.",
        "llm_security_impact": "MEDIUM",
        "llm_typical_volume": "MEDIUM",
        "llm_recommended_monitoring": "YES"
    },
    "4615": {
        "summary": "Invalid use of LPC port",
        "category": "System",
        "subcategory": "System Integrity",
        "type": "Success",
        "description": "LPC is used for communication between threads or processes or for communication between kernel mode and user mode components. The communication can be on the samecomputer between the client and server functions. In 2000 there were several LPC port spoofing vulnerabilities patched for Windows NT.",
        "operating_systems": "Windows 2008 R2, Windows 7, Windows 2012 R2, Windows 8.1, Windows Server 2016, Windows 10, Windows Server 2019, Windows Server 2022",
        "legacy_event_id": "519",
        "potential_criticality": "Low",
        "event_xml": "",
        "EventGUID": "{0CCE9212-69AE-11D9-BED3-505054503030}",
        "EventName": "Audit System Integrity",
        "llm_technical_description": "The event indicates that an application is using the LPC (Large Patch) port inappropriately. LPC ports are typically used for specific types of communication within Windows, such as between kernel-mode components or certain high-security operations. The use of these ports without proper authorization can be a sign of malicious activity, especially if it involves attempts to exploit known vulnerabilities related to improper handling of these ports. This event aligns with potential attacker behaviors that aim to bypass security controls or gain unauthorized access.",
        "llm_security_impact": "HIGH",
        "llm_typical_volume": "MEDIUM",
        "llm_recommended_monitoring": "YES"
    },
    "4616": {
        "summary": "The system time was changed.",
        "category": "System",
        "subcategory": "Security State Change",
        "type": "Success",
        "description": "This event indicates the old and new system time as well as who did it as specified in the Subject: section. Process information shows the program that was used to change the time. Changing the time manually from the taskbar uses rundll.exe as shown in the example.",
        "operating_systems": "Windows 2008 R2, Windows 7, Windows 2012 R2, Windows 8.1, Windows Server 2016, Windows 10, Windows Server 2019, Windows Server 2022",
        "legacy_event_id": "520",
        "potential_criticality": "Low",
        "event_xml": "<Event xmlns=\"http://schemas.microsoft.com/win/2004/08/events/event\"> - <System> <Provider Name=\"Microsoft-Windows-Security-Auditing\" Guid=\"{54849625-5478-4994-A5BA-3E3B0328C30D}\" /> <EventID>4616</EventID> <Version>1</Version> <Level>0</Level> <Task>12288</Task> <Opcode>0</Opcode> <Keywords>0x8020000000000000</Keywords> <TimeCreated SystemTime=\"2015-10-09T05:04:29.995794600Z\" /> <EventRecordID>1101699</EventRecordID> <Correlation /> <Execution ProcessID=\"4\" ThreadID=\"148\" /> <Channel>Security</Channel> <Computer>DC01.contoso.local</Computer> <Security /> </System> - <EventData> <Data Name=\"SubjectUserSid\">S-1-5-21-3457937927-2839227994-823803824-1104</Data> <Data Name=\"SubjectUserName\">dadmin</Data> <Data Name=\"SubjectDomainName\">CONTOSO</Data> <Data Name=\"SubjectLogonId\">0x48f29</Data> <Data Name=\"PreviousTime\">2015-10-09T05:04:30.000941900Z</Data> <Data Name=\"NewTime\">2015-10-09T05:04:30.000000000Z</Data> <Data Name=\"ProcessId\">0x1074</Data> <Data Name=\"ProcessName\">C:\\\\\\\\Windows\\\\\\\\WinSxS\\\\\\\\amd64\\\\_microsoft-windows-com-surrogate-core\\\\_31bf3856ad364e35\\\\_6.3.9600.16384\\\\_none\\\\_25a8f00faa8f185c\\\\\\\\dllhost.exe</Data> </EventData> </Event>",
        "EventGUID": "{0CCE9210-69AE-11D9-BED3-505054503030}",
        "EventName": "Audit Security State Change",
        "llm_technical_description": "The system time was changed, potentially by an unauthorized user or application via the taskbar interface using rundll.exe.",
        "llm_security_impact": "HIGH",
        "llm_typical_volume": "LOW",
        "llm_recommended_monitoring": "YES"
    },
    "4618": {
        "summary": "A monitored security event pattern has occurred",
        "category": "System",
        "subcategory": "System Integrity",
        "type": "Success",
        "description": "",
        "operating_systems": "Windows 2008 R2, Windows 7, Windows 2012 R2, Windows 8.1, Windows Server 2016, Windows 10, Windows Server 2019, Windows Server 2022",
        "legacy_event_id": "",
        "potential_criticality": "High",
        "event_xml": "<Event xmlns=\"http://schemas.microsoft.com/win/2004/08/events/event\"> - <System> <Provider Name=\"Microsoft-Windows-Security-Auditing\" Guid=\"{54849625-5478-4994-A5BA-3E3B0328C30D}\" /> <EventID>4618</EventID> <Version>0</Version> <Level>0</Level> <Task>12290</Task> <Opcode>0</Opcode> <Keywords>0x8020000000000000</Keywords> <TimeCreated SystemTime=\"2015-11-11T21:42:33.264246700Z\" /> <EventRecordID>1198759</EventRecordID> <Correlation /> <Execution ProcessID=\"500\" ThreadID=\"528\" /> <Channel>Security</Channel> <Computer>DC01.contoso.local</Computer> <Security /> </System> - <EventData> <Data Name=\"EventId\">4624</Data> <Data Name=\"ComputerName\">DC01.contoso.local</Data> <Data Name=\"TargetUserSid\">S-1-5-21-3457937927-2839227994-823803824-1104</Data> <Data Name=\"TargetUserName\">dadmin</Data> <Data Name=\"TargetUserDomain\">CONTOSO</Data> <Data Name=\"TargetLogonId\">0x1</Data> <Data Name=\"EventCount\">10</Data> <Data Name=\"Duration\">\u201cHour\"</Data> </EventData> </Event>",
        "EventGUID": "{0CCE9212-69AE-11D9-BED3-505054503030}",
        "EventName": "Audit System Integrity",
        "llm_technical_description": "Insufficient information provided to generate a technical description.",
        "llm_security_impact": "NONE",
        "llm_typical_volume": "LOW",
        "llm_recommended_monitoring": "NO"
    },
    "4621": {
        "summary": "Administrator recovered system from CrashOnAuditFail",
        "category": "System",
        "subcategory": "Security State Change",
        "type": "Success",
        "description": "In testing I configured the log to crash on audit failure and then filled up the security log which indeed brought the system down. I rebooted, reset the CrashOnAuditFail registry setting, cleared the log and restarted. The event was never logged. ",
        "operating_systems": "Windows 2008 R2, Windows 7, Windows 2012 R2, Windows 8.1, Windows Server 2016, Windows 10, Windows Server 2019, Windows Server 2022",
        "legacy_event_id": "",
        "potential_criticality": "Medium",
        "event_xml": "",
        "EventGUID": "{0CCE9210-69AE-11D9-BED3-505054503030}",
        "EventName": "Audit Security State Change",
        "llm_technical_description": "This event logs a system recovery attempt after an audit failure was configured. The attempt resulted in a system crash but failed to generate a log entry despite being rebooted and settings reset.",
        "llm_security_impact": "LOW",
        "llm_typical_volume": "LOW",
        "llm_recommended_monitoring": "NO"
    },
    "4622": {
        "summary": "A security package has been loaded by the Local Security Authority.",
        "category": "System",
        "subcategory": "Security System Extension",
        "type": "Success",
        "description": "Security packages are yet another type of plug-in that extends security functionality in Windows. MSDN defines a security package as \"The software implementation of a security protocol. Security packages are contained in security support provider DLLs or security support provider/authentication package DLLs.\" From http://msdn2.microsoft.com/en-us/library/aa380130.aspx: Windows operating system supports authentication using security packages that function as both security support providers and as authentication packages. Security packages provide the logon process support services of a Windows authentication package and also provide authentication services to applications by implementing a set of functions that are mapped to the Security Support Provider Interface (SSPI). The security implication of event 4622realistically, is low. Although a rogue package could cause great harm by stealing credentials at the time of logon, the effort required in developing and installing a rogue security package is significant.",
        "operating_systems": "Windows 2008 R2, Windows 7, Windows 2012 R2, Windows 8.1, Windows Server 2016, Windows 10, Windows Server 2019, Windows Server 2022",
        "legacy_event_id": "",
        "potential_criticality": "Low",
        "event_xml": "<Event xmlns=\"http://schemas.microsoft.com/win/2004/08/events/event\"> - <System> <Provider Name=\"Microsoft-Windows-Security-Auditing\" Guid=\"{54849625-5478-4994-A5BA-3E3B0328C30D}\" /> <EventID>4622</EventID> <Version>0</Version> <Level>0</Level> <Task>12289</Task> <Opcode>0</Opcode> <Keywords>0x8020000000000000</Keywords> <TimeCreated SystemTime=\"2015-10-14T03:36:41.359331100Z\" /> <EventRecordID>1048131</EventRecordID> <Correlation /> <Execution ProcessID=\"516\" ThreadID=\"520\" /> <Channel>Security</Channel> <Computer>DC01.contoso.local</Computer> <Security /> </System> - <EventData> <Data Name=\"SecurityPackageName\">C:\\\\\\\\Windows\\\\\\\\system32\\\\\\\\kerberos.DLL : Kerberos</Data> </EventData> </Event>",
        "EventGUID": "{0CCE9211-69AE-11D9-BED3-505054503030}",
        "EventName": "Audit Security System Extension",
        "llm_technical_description": "The event indicates that a security package has been loaded by the Local Security Authority (LSA). Security packages are extensions of Windows' security functionality, often used for authentication and support services. While normal operation can involve legitimate security updates or extensions, an unusual or unrecognized security package could indicate malicious activity if it is unauthorized or contains malicious code.",
        "llm_security_impact": "MEDIUM",
        "llm_typical_volume": "HIGH",
        "llm_recommended_monitoring": "YES"
    },
    "4624": {
        "summary": "An account was successfully logged on",
        "category": "Logon/Logoff",
        "subcategory": "Logon",
        "type": "Success",
        "description": "This is a highly valuable event since it documents each and everysuccessful attemptto logon to the local computer regardless of logon type, location of the user or type of account. You can tie this event to logoff events 4634 and 4647 using Logon ID.",
        "operating_systems": "Windows 2008 R2, Windows 7, Windows 2012 R2, Windows 8.1, Windows Server 2016, Windows 10, Windows Server 2019, Windows Server 2022",
        "legacy_event_id": "528,540",
        "potential_criticality": "Low",
        "event_xml": "",
        "EventGUID": "{0CCE9215-69AE-11D9-BED3-505054503030}",
        "EventName": "Audit Logon",
        "llm_technical_description": "This is a highly suspicious successful logon attempt with logon type 9 (NewCredentials), indicating potential token impersonation or theft. The event may be related to an attempt to leverage a Kerberos relay attack, which could elevate privileges locally from domain-joined limited users to local system administrative privileges. Multiple similar logons could indicate a targeted attack pattern.",
        "llm_security_impact": "HIGH",
        "llm_typical_volume": "MEDIUM",
        "llm_recommended_monitoring": "YES"
    },
    "4625": {
        "summary": "An account failed to log on",
        "category": "Logon/Logoff",
        "subcategory": "Logon",
        "type": "Failure",
        "description": "This is a useful event because it documents each and every failed attempt to logon to the local computer regardless of logon type, location of the user or type of account.",
        "operating_systems": "Windows 2008 R2, Windows 7, Windows 2012 R2, Windows 8.1, Windows Server 2016, Windows 10, Windows Server 2019, Windows Server 2022",
        "legacy_event_id": "529,530,531,532,533,000,000,000,000,000",
        "potential_criticality": "Low",
        "event_xml": "<Event xmlns=\"http://schemas.microsoft.com/win/2004/08/events/event\"> - <System> <Provider Name=\"Microsoft-Windows-Security-Auditing\" Guid=\"{54849625-5478-4994-A5BA-3E3B0328C30D}\" /> <EventID>4625</EventID> <Version>0</Version> <Level>0</Level> <Task>12546</Task> <Opcode>0</Opcode> <Keywords>0x8010000000000000</Keywords> <TimeCreated SystemTime=\"2015-09-08T22:54:54.962511700Z\" /> <EventRecordID>229977</EventRecordID> <Correlation /> <Execution ProcessID=\"516\" ThreadID=\"3240\" /> <Channel>Security</Channel> <Computer>DC01.contoso.local</Computer> <Security /> </System> - <EventData> <Data Name=\"SubjectUserSid\">S-1-5-18</Data> <Data Name=\"SubjectUserName\">DC01$</Data> <Data Name=\"SubjectDomainName\">CONTOSO</Data> <Data Name=\"SubjectLogonId\">0x3e7</Data> <Data Name=\"TargetUserSid\">S-1-0-0</Data> <Data Name=\"TargetUserName\">Auditor</Data> <Data Name=\"TargetDomainName\">CONTOSO</Data> <Data Name=\"Status\">0xc0000234</Data> <Data Name=\"FailureReason\">%%2307</Data> <Data Name=\"SubStatus\">0x0</Data> <Data Name=\"LogonType\">2</Data> <Data Name=\"LogonProcessName\">User32</Data> <Data Name=\"AuthenticationPackageName\">Negotiate</Data> <Data Name=\"WorkstationName\">DC01</Data> <Data Name=\"TransmittedServices\">-</Data> <Data Name=\"LmPackageName\">-</Data> <Data Name=\"KeyLength\">0</Data> <Data Name=\"ProcessId\">0x1bc</Data> <Data Name=\"ProcessName\">C:\\\\\\\\Windows\\\\\\\\System32\\\\\\\\winlogon.exe</Data> <Data Name=\"IpAddress\">127.0.0.1</Data> <Data Name=\"IpPort\">0</Data> </EventData> </Event>",
        "EventGUID": "{0CCE9217-69AE-11D9-BED3-505054503030}; {0CCE9215-69AE-11D9-BED3-505054503030}",
        "EventName": "Audit Logon; Audit Account Lockout",
        "llm_technical_description": "This event indicates a failed login attempt that may involve unauthorized access due to suspicious reasons, such as using tools targeting the BlueKeep vulnerability (CVE-2019-0708). The event is recorded from a public IP address and could signal potential tampering or external attack attempts.",
        "llm_security_impact": "HIGH",
        "llm_typical_volume": "MODERATE",
        "llm_recommended_monitoring": "YES"
    },
    "4626": {
        "summary": "User/Device claims information",
        "category": "Logon/Logoff",
        "subcategory": "Logon",
        "type": "Success",
        "description": "",
        "operating_systems": "Windows 2012 R2, Windows 8.1, Windows Server 2016, Windows 10, Windows Server 2019, Windows Server 2022",
        "legacy_event_id": "",
        "potential_criticality": "",
        "event_xml": "<Event xmlns=\"http://schemas.microsoft.com/win/2004/08/events/event\"> - <System> <Provider Name=\"Microsoft-Windows-Security-Auditing\" Guid=\"{54849625-5478-4994-A5BA-3E3B0328C30D}\" /> <EventID>4626</EventID> <Version>0</Version> <Level>0</Level> <Task>12553</Task> <Opcode>0</Opcode> <Keywords>0x8020000000000000</Keywords> <TimeCreated SystemTime=\"2015-09-10T00:12:02.243396300Z\" /> <EventRecordID>232648</EventRecordID> <Correlation /> <Execution ProcessID=\"516\" ThreadID=\"1092\" /> <Channel>Security</Channel> <Computer>DC01.contoso.local</Computer> <Security /> </System> - <EventData> <Data Name=\"SubjectUserSid\">S-1-0-0</Data> <Data Name=\"SubjectUserName\">-</Data> <Data Name=\"SubjectDomainName\">-</Data> <Data Name=\"SubjectLogonId\">0x0</Data> <Data Name=\"TargetUserSid\">S-1-5-21-3457937927-2839227994-823803824-1104</Data> <Data Name=\"TargetUserName\">dadmin</Data> <Data Name=\"TargetDomainName\">CONTOSO</Data> <Data Name=\"TargetLogonId\">0x136f7b</Data> <Data Name=\"LogonType\">3</Data> <Data Name=\"EventIdx\">1</Data> <Data Name=\"EventCountTotal\">1</Data> <Data Name=\"UserClaims\">ad://ext/cn:88d2b96fdb2b4c49 <%%1818> : \"dadmin\" ad://ext/Department:88d16a8edaa8c66b <%%1818> : \"IT\"</Data> <Data Name=\"DeviceClaims\">-</Data> </EventData> </Event>",
        "EventGUID": "{0CCE9247-69AE-11D9-BED3-505054503030}",
        "EventName": "Audit User/Device Claims",
        "llm_technical_description": "Insufficient information provided to determine the nature of this event. The summary indicates a user or device claiming information during a logon/lo\u21b5off subcategory. Without specific details (e.g., username, domain name), it is challenging to assess if this activity is malicious or legitimate.",
        "llm_security_impact": "MEDIUM",
        "llm_typical_volume": "LOW",
        "llm_recommended_monitoring": "YES"
    },
    "4627": {
        "summary": "Group membership information.",
        "category": "Logon/Logoff",
        "subcategory": "Group Membership",
        "type": "Success",
        "description": "This is the only event of it's new Group Membership subcategory.  One or more of these events are logged whenever a user logs on or a logon session begins for any other reason (see LogonTypes on 4624).",
        "operating_systems": "Windows Server 2016, Windows 10, Windows Server 2019, Windows Server 2022",
        "legacy_event_id": "",
        "potential_criticality": "",
        "event_xml": "<Event xmlns=\"http://schemas.microsoft.com/win/2004/08/events/event\"> - <System> <Provider Name=\"Microsoft-Windows-Security-Auditing\" Guid=\"{54849625-5478-4994-A5BA-3E3B0328C30D}\" /> <EventID>4627</EventID> <Version>0</Version> <Level>0</Level> <Task>12554</Task> <Opcode>0</Opcode> <Keywords>0x8020000000000000</Keywords> <TimeCreated SystemTime=\"2015-11-12T03:51:25.843673000Z\" /> <EventRecordID>3081</EventRecordID> <Correlation ActivityID=\"{913FBE70-1CE6-0000-67BF-3F91E61CD101}\" /> <Execution ProcessID=\"736\" ThreadID=\"808\" /> <Channel>Security</Channel> <Computer>WIN-GG82ULGC9GO.contoso.local</Computer> <Security /> </System> - <EventData> <Data Name=\"SubjectUserSid\">S-1-0-0</Data> <Data Name=\"SubjectUserName\">-</Data> <Data Name=\"SubjectDomainName\">-</Data> <Data Name=\"SubjectLogonId\">0x0</Data> <Data Name=\"TargetUserSid\">S-1-5-21-1377283216-344919071-3415362939-1104</Data> <Data Name=\"TargetUserName\">dadmin</Data> <Data Name=\"TargetDomainName\">CONTOSO</Data> <Data Name=\"TargetLogonId\">0x569860</Data> <Data Name=\"LogonType\">3</Data> <Data Name=\"EventIdx\">1</Data> <Data Name=\"EventCountTotal\">1</Data> <Data Name=\"GroupMembership\">%{S-1-5-21-1377283216-344919071-3415362939-513} %{S-1-1-0} %{S-1-5-32-544} %{S-1-5-32-545} %{S-1-5-32-554} %{S-1-5-2} %{S-1-5-11} %{S-1-5-15} %{S-1-5-21-1377283216-344919071-3415362939-512} %{S-1-5-21-1377283216-344919071-3415362939-572} %{S-1-5-64-10} %{S-1-16-12288}</Data> </EventData> </Event>",
        "EventGUID": "{0CCE9249-69AE-11D9-BED3-505054503030}",
        "EventName": "Audit Group Membership",
        "llm_technical_description": "A user has been granted membership in a new group on the system. This event is typically logged during logon attempts or sessions.",
        "llm_security_impact": "MEDIUM",
        "llm_typical_volume": "LOW",
        "llm_recommended_monitoring": "NO"
    },
    "4634": {
        "summary": "An account was logged off",
        "category": "Logon/Logoff",
        "subcategory": "Logoff",
        "type": "Success",
        "description": "Also see event ID 4647which Windows logs instead of this eventin the case of interactive logonswhen the user logs out.\n\r\nThis event signals the end of a logon session and can be correlated back to the logon event 4624 using the Logon ID.\n\r\nFor network connections (such as to a file server), it will appear that users log on and off many times a day. This phenomenon is caused by the way the Server service terminates idle connections. \n\r\nIf a user turns off his/her computer, Windows does not have an opportunity to log the logoff event until the system restarts. Therefore, some logoff events are logged much later than the time at which they actually occur. \n\r\nANONYMOUS LOGONs are routine events on Windows networks.\n\r\nMicrosoft's comments: \r\nThis event does not necessarily indicate the time that a user has stopped using a system. For example, if the computer is shut down or loses network connectivity it may not record a logoff event at all. \n\r\nLogon Type: indicates how the user was logged on. See 4624 for explanation of these codes.",
        "operating_systems": "Windows 2008 R2, Windows 7, Windows 2012 R2, Windows 8.1, Windows Server 2016, Windows 10, Windows Server 2019, Windows Server 2022",
        "legacy_event_id": "538",
        "potential_criticality": "Low",
        "event_xml": "<Event xmlns=\"http://schemas.microsoft.com/win/2004/08/events/event\"> - <System> <Provider Name=\"Microsoft-Windows-Security-Auditing\" Guid=\"{54849625-5478-4994-A5BA-3E3B0328C30D}\" /> <EventID>4634</EventID> <Version>0</Version> <Level>0</Level> <Task>12545</Task> <Opcode>0</Opcode> <Keywords>0x8020000000000000</Keywords> <TimeCreated SystemTime=\"2015-09-09T02:27:57.877205900Z\" /> <EventRecordID>230019</EventRecordID> <Correlation /> <Execution ProcessID=\"516\" ThreadID=\"832\" /> <Channel>Security</Channel> <Computer>DC01.contoso.local</Computer> <Security /> </System> - <EventData> <Data Name=\"TargetUserSid\">S-1-5-90-1</Data> <Data Name=\"TargetUserName\">DWM-1</Data> <Data Name=\"TargetDomainName\">Window Manager</Data> <Data Name=\"TargetLogonId\">0x1a0992</Data> <Data Name=\"LogonType\">2</Data> </EventData> </Event>",
        "EventGUID": "{0CCE9216-69AE-11D9-BED3-505054503030}",
        "EventName": "Audit Logoff",
        "llm_technical_description": "This event (ID 4634) indicates a user logoff. It is part of the Windows Logon/Logoff category and can be correlated with other logoff events like ID 4647 for interactive logons. The Logon ID links it back to the initiate event, 4624. Network connections may show frequent logoffs due to Server service termination, which could occur if a user shuts down or loses network access. Logs are only recorded after system restarts in some cases.",
        "llm_security_impact": "MEDIUM",
        "llm_typical_volume": "HIGH",
        "llm_recommended_monitoring": "YES"
    },
    "4646": {
        "summary": "IKE DoS-prevention mode started",
        "category": "Logon/Logoff",
        "subcategory": "IPsec Main Mode",
        "type": "Success",
        "description": "",
        "operating_systems": "Windows 2008 R2, Windows 7, Windows 2012 R2, Windows 8.1, Windows Server 2016, Windows 10, Windows Server 2019, Windows Server 2022",
        "legacy_event_id": "",
        "potential_criticality": "Low",
        "event_xml": "",
        "EventGUID": "{0CCE9218-69AE-11D9-BED3-505054503030}",
        "EventName": "Audit IPsec Main Mode",
        "llm_technical_description": "The event indicates that the system has initiated DoS-prevention mode in IKE tunneling (now known as IPsec). This action is typically taken to protect against potential denial of service attacks by modifying network tunneling parameters. The fact that it's now active suggests that the system may be monitoring or adjusting its security settings to prevent such threats.",
        "llm_security_impact": "MEDIUM",
        "llm_typical_volume": "LOW",
        "llm_recommended_monitoring": "NO"
    },
    "4647": {
        "summary": "User initiated logoff",
        "category": "Logon/Logoff",
        "subcategory": "Logoff",
        "type": "Success",
        "description": "Also see 4634. This event signals the end of a logon session and can be correlated back to the logon event 4624 using the Logon ID.\r\nThis event seems to be in place of 4634 in the case of Interactive and RemoteInteractive (remote desktop)logons. This is a plus since it makes it easier to distinguish between logoffs resulting from an idle network session and logoffs where the user actually logs off with from his console.",
        "operating_systems": "Windows 2008 R2, Windows 7, Windows 2012 R2, Windows 8.1, Windows Server 2016, Windows 10, Windows Server 2019, Windows Server 2022",
        "legacy_event_id": "551",
        "potential_criticality": "Low",
        "event_xml": "<Event xmlns=\"http://schemas.microsoft.com/win/2004/08/events/event\"> - <System> <Provider Name=\"Microsoft-Windows-Security-Auditing\" Guid=\"{54849625-5478-4994-A5BA-3E3B0328C30D}\" /> <EventID>4647</EventID> <Version>0</Version> <Level>0</Level> <Task>12545</Task> <Opcode>0</Opcode> <Keywords>0x8020000000000000</Keywords> <TimeCreated SystemTime=\"2015-09-09T03:08:39.126890800Z\" /> <EventRecordID>230200</EventRecordID> <Correlation /> <Execution ProcessID=\"516\" ThreadID=\"3864\" /> <Channel>Security</Channel> <Computer>DC01.contoso.local</Computer> <Security /> </System> - <EventData> <Data Name=\"TargetUserSid\">S-1-5-21-3457937927-2839227994-823803824-1104</Data> <Data Name=\"TargetUserName\">dadmin</Data> <Data Name=\"TargetDomainName\">CONTOSO</Data> <Data Name=\"TargetLogonId\">0x29b379</Data> </EventData> </Event>",
