        "EventGUID": "{0CCE9224-69AE-11D9-BED3-505054503030}",
        "EventName": "Audit File Share",
        "llm_technical_description": "The deletion of a network share object typically pertains to actions taken by authorized users, often developers or testers accessing files across a network. While this is generally benign, repeated deletions from unexpected sources without legitimate cause could indicate unauthorized access attempts.",
        "llm_security_impact": "MEDIUM",
        "llm_typical_volume": "LOW",
        "llm_recommended_monitoring": "NO"
    },
    "5145": {
        "summary": "A network share object was checked to see whether client can be granted desired access",
        "category": "Object Access",
        "subcategory": "Detailed File Share",
        "type": "Success   \r\n                        \r\n                            Failure",
        "description": "A network share object was checked to see whether client can be granted desired access",
        "operating_systems": "Windows 2008 R2, Windows 7, Windows 2012 R2, Windows 8.1, Windows Server 2016, Windows 10, Windows Server 2019, Windows Server 2022",
        "legacy_event_id": "",
        "potential_criticality": "",
        "event_xml": "<Event xmlns=\"http://schemas.microsoft.com/win/2004/08/events/event\"> - <System> <Provider Name=\"Microsoft-Windows-Security-Auditing\" Guid=\"{54849625-5478-4994-A5BA-3E3B0328C30D}\" /> <EventID>5145</EventID> <Version>0</Version> <Level>0</Level> <Task>12811</Task> <Opcode>0</Opcode> <Keywords>0x8020000000000000</Keywords> <TimeCreated SystemTime=\"2015-09-17T23:54:48.941761700Z\" /> <EventRecordID>267092</EventRecordID> <Correlation /> <Execution ProcessID=\"516\" ThreadID=\"524\" /> <Channel>Security</Channel> <Computer>DC01.contoso.local</Computer> <Security /> </System> - <EventData> <Data Name=\"SubjectUserSid\">S-1-5-21-3457937927-2839227994-823803824-1104</Data> <Data Name=\"SubjectUserName\">dadmin</Data> <Data Name=\"SubjectDomainName\">CONTOSO</Data> <Data Name=\"SubjectLogonId\">0x38d34</Data> <Data Name=\"ObjectType\">File</Data> <Data Name=\"IpAddress\">fe80::31ea:6c3c:f40d:1973</Data> <Data Name=\"IpPort\">56926</Data> <Data Name=\"ShareName\">\\\\\\\\\\\\\\\\\\\\*\\\\\\\\Documents</Data> <Data Name=\"ShareLocalPath\">\\\\\\\\??\\\\\\\\C:\\\\\\\\Documents</Data> <Data Name=\"RelativeTargetName\">Bginfo.exe</Data> <Data Name=\"AccessMask\">0x100081</Data> <Data Name=\"AccessList\">%%1541 %%4416 %%4423</Data> <Data Name=\"AccessReason\">%%1541: %%1801 D:(A;;FA;;;WD) %%4416: %%1801 D:(A;;FA;;;WD) %%4423: %%1801 D:(A;;FA;;;WD)</Data> </EventData> </Event>",
        "EventGUID": "{0CCE9244-69AE-11D9-BED3-505054503030}",
        "EventName": "Audit Detailed File Share",
        "llm_technical_description": "This Windows Event indicates suspicious network share access attempts, potentially involving unauthorized user accounts (NTLM authentication), creation of specific files like iertutil.dll for DCOM DLL injection, and sensitive file extension accesses. These activities may indicate a threat actor aiming to exploit legitimate user accounts or compromise sensitive data.",
        "llm_security_impact": "HIGH",
        "llm_typical_volume": "MEDIUM",
        "llm_recommended_monitoring": "YES"
    },
    "5146": {
        "summary": "The Windows Filtering Platform has blocked a packet",
        "category": "System",
        "subcategory": "Other System Events",
        "type": "Failure",
        "description": "This event is new to Server 2012. It does not appear in earlier versions.",
        "operating_systems": "Windows 2012 R2, Windows 8.1, Windows Server 2016, Windows 10, Windows Server 2019, Windows Server 2022",
        "legacy_event_id": "",
        "potential_criticality": "",
        "event_xml": "",
        "EventGUID": "",
        "EventName": "",
        "llm_technical_description": "The Windows Filtering Platform has blocked a network packet as part of its system-wide filtering mechanism designed for traffic control. This feature is typically configured by organizations to manage network access, such as outbound NAT or content filtering. The event occurring in Server 2012 indicates that the filtering rules have been applied, potentially blocking legitimate traffic if misconfigured.",
        "llm_security_impact": "LOW",
        "llm_typical_volume": "MEDIUM",
        "llm_recommended_monitoring": "NO"
    },
    "5147": {
        "summary": "A more restrictive Windows Filtering Platform filter has blocked a packet",
        "category": "System",
        "subcategory": "Other System Events",
        "type": "Failure",
        "description": "This event is new to Server 2012. It does not appear in earlier versions.",
        "operating_systems": "Windows 2012 R2, Windows 8.1, Windows Server 2016, Windows 10, Windows Server 2019, Windows Server 2022",
        "legacy_event_id": "",
        "potential_criticality": "",
        "event_xml": "",
        "EventGUID": "",
        "EventName": "",
        "llm_technical_description": "The event indicates that a more restrictive Windows Filtering Platform filter has blocked a packet. This could be due to legitimate policy enforcement or malicious activity attempting to bypass security measures. The fact that this is new to Server 2012 suggests it might be an attempt to exploit known vulnerabilities in older versions.",
        "llm_security_impact": "LOW",
        "llm_typical_volume": "LOW",
        "llm_recommended_monitoring": "YES"
    },
    "5148": {
        "summary": "The Windows Filtering Platform has detected a DoS attack and entered a defensive mode; packets associated with this attack will be discarded.",
        "category": "Object Access",
        "subcategory": "Other Object Access Events",
        "type": "Success   \r\n                        \r\n                            Failure",
        "description": "The Windows Filtering Platform has detected a DoS attack and entered a defensive mode; packets associated with this attack will be discarded.",
        "operating_systems": "Windows 2008 R2, Windows 7, Windows 2012 R2, Windows 8.1, Windows Server 2016, Windows 10, Windows Server 2019, Windows Server 2022",
        "legacy_event_id": "",
        "potential_criticality": "",
        "event_xml": "",
        "EventGUID": "{0CCE9227-69AE-11D9-BED3-505054503030}",
        "EventName": "Audit Other Object Access Events",
        "llm_technical_description": "The Windows Filtering Platform has detected a DoS attack and entered defensive mode; packets associated with this attack will be discarded.",
        "llm_security_impact": "HIGH",
        "llm_typical_volume": "MEDIUM",
        "llm_recommended_monitoring": "YES"
    },
    "5149": {
        "summary": "The DoS attack has subsided and normal processing is being resumed.",
        "category": "Object Access",
        "subcategory": "Other Object Access Events",
        "type": "Success   \r\n                        \r\n                            Failure",
        "description": "The DoS attack has subsided and normal processing is being resumed.",
        "operating_systems": "Windows 2008 R2, Windows 7, Windows 2012 R2, Windows 8.1, Windows Server 2016, Windows 10, Windows Server 2019, Windows Server 2022",
        "legacy_event_id": "",
        "potential_criticality": "",
        "event_xml": "",
        "EventGUID": "{0CCE9227-69AE-11D9-BED3-505054503030}",
        "EventName": "Audit Other Object Access Events",
        "llm_technical_description": "The event indicates that a DoS (Distributed Denial of Service) attack has been resolved, and normal processing is being resumed. This suggests that any unauthorized access or malicious activity related to the attack has been mitigated. However, without specific details about what was accessed or how it was accessed, no immediate security concerns can be identified. The event reflects a positive outcome in terms of system resilience.",
        "llm_security_impact": "LOW",
        "llm_typical_volume": "MEDIUM",
        "llm_recommended_monitoring": "NO"
    },
    "515": {
        "summary": "A trusted logon process has registered with the Local Security Authority",
        "category": "System",
        "subcategory": "",
        "type": "Success",
        "description": "An occurrence of event 515 is logged at startup and occasionally afterwards for each logon process on the system. \n\r\nA logon process is a trusted part of the operating system and handles the overall logon function for different logon methods including incoming RAS connections, RunAs, interactive logons initiated by CtrlAltDel, and network logons (as in drive mappings). \n\r\nBecause logon processes are such trusted functions, a rogue logon process would be a devastating security breach--but an improbable one, given the effort and skill required. \n\r\nStandard logon process for Windows Server 2003:",
        "operating_systems": "Windows Server 2000, Windows Server 2003, Windows XP",
        "legacy_event_id": "",
        "potential_criticality": "",
        "event_xml": "",
        "EventGUID": "",
        "EventName": "",
        "llm_technical_description": "The event indicates that a trusted logon process has registered with the Local Security Authority (LSA), which is essential for authenticating users and ensuring system integrity. This activity occurs at startup and periodically after logons, which is normal unless there are known patterns of deviation from expected behavior.",
        "llm_security_impact": "HIGH",
        "llm_typical_volume": "MEDIUM",
        "llm_recommended_monitoring": "YES"
    },
    "5150": {
        "summary": "The Windows Filtering Platform has blocked a packet.",
        "category": "Object Access",
        "subcategory": "Filtering Platform Connection",
        "type": "Success",
        "description": "The Windows Filtering Platform has blocked a packet.",
        "operating_systems": "Windows 2008 R2, Windows 7, Windows 2012 R2, Windows 8.1, Windows Server 2016, Windows 10, Windows Server 2019, Windows Server 2022",
        "legacy_event_id": "",
        "potential_criticality": "",
        "event_xml": "",
        "EventGUID": "{0CCE9226-69AE-11D9-BED3-505054503030}",
        "EventName": "Audit Filtering Platform Connection",
        "llm_technical_description": "The Windows Filtering Platform has detected a potential attempt to transmit sensitive or controlled information. The event indicates that a packet was blocked by the platform, which could be due to legitimate security measures (e.g., command-line arguments) or an anomaly that requires further investigation.",
        "llm_security_impact": "LOW",
        "llm_typical_volume": "MEDIUM",
        "llm_recommended_monitoring": "YES"
    },
    "5151": {
        "summary": "A more restrictive Windows Filtering Platform filter has blocked a packet.",
        "category": "Object Access",
        "subcategory": "Filtering Platform Connection",
        "type": "Success   \r\n                        \r\n                            Failure",
        "description": "A more restrictive Windows Filtering Platform filter has blocked a packet.",
        "operating_systems": "Windows 2008 R2, Windows 7, Windows 2012 R2, Windows 8.1, Windows Server 2016, Windows 10, Windows Server 2019, Windows Server 2022",
        "legacy_event_id": "",
        "potential_criticality": "",
        "event_xml": "",
        "EventGUID": "{0CCE9226-69AE-11D9-BED3-505054503030}",
        "EventName": "Audit Filtering Platform Connection",
        "llm_technical_description": "The event indicates that a more restrictive Windows Filtering Platform filter has blocked a packet, which may suggest legitimate traffic being unnecessarily restricted or an attempt to mask IP addresses.",
        "llm_security_impact": "HIGH",
        "llm_typical_volume": "MEDIUM",
        "llm_recommended_monitoring": "YES"
    },
    "5152": {
        "summary": "The Windows Filtering Platform blocked a packet",
        "category": "Object Access",
        "subcategory": "Filtering Platform Packet Drop",
        "type": "Failure",
        "description": "This event logs all the particulars about a blocked packet including the filter that caused the block.\n\r\nApplication Information:",
        "operating_systems": "Windows 2008 R2, Windows 7, Windows 2012 R2, Windows 8.1, Windows Server 2016, Windows 10, Windows Server 2019, Windows Server 2022",
        "legacy_event_id": "",
        "potential_criticality": "Low",
        "event_xml": "<Event xmlns=\"http://schemas.microsoft.com/win/2004/08/events/event\"> - <System> <Provider Name=\"Microsoft-Windows-Security-Auditing\" Guid=\"{54849625-5478-4994-A5BA-3E3B0328C30D}\" /> <EventID>5152</EventID> <Version>0</Version> <Level>0</Level> <Task>12809</Task> <Opcode>0</Opcode> <Keywords>0x8010000000000000</Keywords> <TimeCreated SystemTime=\"2015-09-22T16:52:37.274367300Z\" /> <EventRecordID>321323</EventRecordID> <Correlation /> <Execution ProcessID=\"4\" ThreadID=\"4456\" /> <Channel>Security</Channel> <Computer>DC01.contoso.local</Computer> <Security /> </System> - <EventData> <Data Name=\"ProcessId\">4556</Data> <Data Name=\"Application\">\\\\\\\\device\\\\\\\\harddiskvolume2\\\\\\\\documents\\\\\\\\listener.exe</Data> <Data Name=\"Direction\">%%14592</Data> <Data Name=\"SourceAddress\">10.0.0.100</Data> <Data Name=\"SourcePort\">49278</Data> <Data Name=\"DestAddress\">10.0.0.10</Data> <Data Name=\"DestPort\">3333</Data> <Data Name=\"Protocol\">6</Data> <Data Name=\"FilterRTID\">0</Data> <Data Name=\"LayerName\">%%14610</Data> <Data Name=\"LayerRTID\">44</Data> </EventData> </Event>",
        "EventGUID": "{0CCE9225-69AE-11D9-BED3-505054503030}",
        "EventName": "Audit Filtering Platform Packet Drop",
        "llm_technical_description": "The Windows Filtering Platform has blocked a packet based on predefined policies or rules. The event logs the filter used to block the packet and provides details about the incident. This type of event is typically indicative of network traffic control mechanisms, which can be both legitimate for security purposes or potentially malicious if unauthorized access is involved.",
        "llm_security_impact": "MEDIUM",
        "llm_typical_volume": "MEDIUM",
        "llm_recommended_monitoring": "YES"
    },
    "5153": {
        "summary": "A more restrictive Windows Filtering Platform filter has blocked a packet",
        "category": "Object Access",
        "subcategory": "Filtering Platform Packet Drop",
        "type": "Success",
        "description": "",
        "operating_systems": "Windows 2008 R2, Windows 7, Windows 2012 R2, Windows 8.1, Windows Server 2016, Windows 10, Windows Server 2019, Windows Server 2022",
        "legacy_event_id": "",
        "potential_criticality": "Low",
        "event_xml": "",
        "EventGUID": "{0CCE9225-69AE-11D9-BED3-505054503030}",
        "EventName": "Audit Filtering Platform Packet Drop",
        "llm_technical_description": "The event indicates that a more restrictive Windows Filtering Platform filter has blocked a packet in the Object Access category. This could imply an attempt to limit legitimate access or block malicious traffic, as WFP is designed to prevent unauthorized network access.",
        "llm_security_impact": "MEDIUM",
        "llm_typical_volume": "MEDIUM",
        "llm_recommended_monitoring": "YES"
    },
    "5154": {
        "summary": "The Windows Filtering Platform has permitted an application or service to listen on a port for incoming connections",
        "category": "Object Access",
        "subcategory": "Filtering Platform Connection",
        "type": "Success",
        "description": "This event documents each time WFP allows a program to begin listening on a TCP or UDP port for incoming connections and documents the program, port and filter that allowed it.\n\r\nThe above example is of WFP allowing the DNS Server service to listen on port 53 for DNS queries.\n\r\nApplication Information:",
        "operating_systems": "Windows 2008 R2, Windows 7, Windows 2012 R2, Windows 8.1, Windows Server 2016, Windows 10, Windows Server 2019, Windows Server 2022",
        "legacy_event_id": "",
        "potential_criticality": "Low",
        "event_xml": "<Event xmlns=\"http://schemas.microsoft.com/win/2004/08/events/event\"> - <System> <Provider Name=\"Microsoft-Windows-Security-Auditing\" Guid=\"{54849625-5478-4994-A5BA-3E3B0328C30D}\" /> <EventID>5154</EventID> <Version>0</Version> <Level>0</Level> <Task>12810</Task> <Opcode>0</Opcode> <Keywords>0x8020000000000000</Keywords> <TimeCreated SystemTime=\"2015-09-22T02:04:25.757462900Z\" /> <EventRecordID>287929</EventRecordID> <Correlation /> <Execution ProcessID=\"4\" ThreadID=\"3968\" /> <Channel>Security</Channel> <Computer>DC01.contoso.local</Computer> <Security /> </System> - <EventData> <Data Name=\"ProcessId\">4152</Data> <Data Name=\"Application\">\\\\\\\\device\\\\\\\\harddiskvolume2\\\\\\\\documents\\\\\\\\listener.exe</Data> <Data Name=\"SourceAddress\">0.0.0.0</Data> <Data Name=\"SourcePort\">4444</Data> <Data Name=\"Protocol\">6</Data> <Data Name=\"FilterRTID\">0</Data> <Data Name=\"LayerName\">%%14609</Data> <Data Name=\"LayerRTID\">40</Data> </EventData> </Event>",
        "EventGUID": "{0CCE9226-69AE-11D9-BED3-505054503030}",
        "EventName": "Audit Filtering Platform Connection",
        "llm_technical_description": "The Windows Filtering Platform (WFP) has permitted an application or service to listen on port 53 for incoming DNS queries and responses. This event logs the permission granted by WFP, which is typically normal as part of DNS resolution services.",
        "llm_security_impact": "MEDIUM",
        "llm_typical_volume": "LOW",
        "llm_recommended_monitoring": "NO"
    },
    "5155": {
        "summary": "The Windows Filtering Platform has blocked an application or service from listening on a port for incoming connections",
        "category": "Object Access",
        "subcategory": "Filtering Platform Connection",
        "type": "Success",
        "description": "",
        "operating_systems": "Windows 2008 R2, Windows 7, Windows 2012 R2, Windows 8.1, Windows Server 2016, Windows 10, Windows Server 2019, Windows Server 2022",
        "legacy_event_id": "",
        "potential_criticality": "Low",
        "event_xml": "",
        "EventGUID": "{0CCE9226-69AE-11D9-BED3-505054503030}",
        "EventName": "Audit Filtering Platform Connection",
        "llm_technical_description": "The Windows Filtering Platform has blocked an application or service from listening on a port for incoming connections. This action is typically performed by legitimate applications to optimize performance or enforce security policies. However, malicious actors may attempt to exploit such blocks if they are used inappropriately.",
        "llm_security_impact": "LOW",
        "llm_typical_volume": "LOW",
        "llm_recommended_monitoring": "NO"
    },
    "5156": {
        "summary": "The Windows Filtering Platform has allowed a connection",
        "category": "Object Access",
        "subcategory": "Filtering Platform Connection",
        "type": "Success",
        "description": "This event documents each time WFP allows a program to connect to another process (on the same or a remote computer) on a TCP or UDP port.\n\r\nThe above example is of WFP allowing the DNS Server service to connect tothe DNS client on the same computer.\n\r\nApplication Information:",
        "operating_systems": "Windows 2008 R2, Windows 7, Windows 2012 R2, Windows 8.1, Windows Server 2016, Windows 10, Windows Server 2019, Windows Server 2022",
        "legacy_event_id": "",
        "potential_criticality": "Low",
        "event_xml": "<Event xmlns=\"http://schemas.microsoft.com/win/2004/08/events/event\"> - <System> <Provider Name=\"Microsoft-Windows-Security-Auditing\" Guid=\"{54849625-5478-4994-A5BA-3E3B0328C30D}\" /> <EventID>5156</EventID> <Version>1</Version> <Level>0</Level> <Task>12810</Task> <Opcode>0</Opcode> <Keywords>0x8020000000000000</Keywords> <TimeCreated SystemTime=\"2015-09-22T05:24:22.622090200Z\" /> <EventRecordID>308129</EventRecordID> <Correlation /> <Execution ProcessID=\"4\" ThreadID=\"3712\" /> <Channel>Security</Channel> <Computer>DC01.contoso.local</Computer> <Security /> </System> - <EventData> <Data Name=\"ProcessID\">4556</Data> <Data Name=\"Application\">\\\\\\\\device\\\\\\\\harddiskvolume2\\\\\\\\documents\\\\\\\\listener.exe</Data> <Data Name=\"Direction\">%%14592</Data> <Data Name=\"SourceAddress\">10.0.0.10</Data> <Data Name=\"SourcePort\">3333</Data> <Data Name=\"DestAddress\">10.0.0.100</Data> <Data Name=\"DestPort\">49278</Data> <Data Name=\"Protocol\">6</Data> <Data Name=\"FilterRTID\">70201</Data> <Data Name=\"LayerName\">%%14610</Data> <Data Name=\"LayerRTID\">44</Data> <Data Name=\"RemoteUserID\">S-1-0-0</Data> <Data Name=\"RemoteMachineID\">S-1-0-0</Data> </EventData> </Event>",
        "EventGUID": "{0CCE9226-69AE-11D9-BED3-505054503030}",
        "EventName": "Audit Filtering Platform Connection",
        "llm_technical_description": "The Windows Filtering Platform (WFP) has allowed a connection from the source machine to a remote or local destination on a TCP or UDP port. This event is detected by Sigma as an inbound connection on ports 5985-5986, which could indicate potential malicious activity such as basic PowerShell Remoting (WinRM) usage. The detection rules also check for outbound network activity via the Kerberos default port, which might suggest lateral movement or unauthorized access.",
        "llm_security_impact": "MEDIUM",
        "llm_typical_volume": "MEDIUM",
        "llm_recommended_monitoring": "YES"
    },
    "5157": {
        "summary": "The Windows Filtering Platform has blocked a connection",
        "category": "Object Access",
        "subcategory": "Filtering Platform Connection",
        "type": "Failure",
        "description": "This event documents each time WFP allows a program to connect to another process (on the same or a remote computer) on a TCP or UDP port.\n\r\nThe above example is of WFP allowing the DNS Server service to connect tothe DNS client on the same computer.",
        "operating_systems": "Windows 2008 R2, Windows 7, Windows 2012 R2, Windows 8.1, Windows Server 2016, Windows 10, Windows Server 2019, Windows Server 2022",
        "legacy_event_id": "",
        "potential_criticality": "Low",
        "event_xml": "<Event xmlns=\"http://schemas.microsoft.com/win/2004/08/events/event\"> - <System> <Provider Name=\"Microsoft-Windows-Security-Auditing\" Guid=\"{54849625-5478-4994-A5BA-3E3B0328C30D}\" /> <EventID>5157</EventID> <Version>1</Version> <Level>0</Level> <Task>12810</Task> <Opcode>0</Opcode> <Keywords>0x8010000000000000</Keywords> <TimeCreated SystemTime=\"2015-09-22T03:46:51.662750400Z\" /> <EventRecordID>304390</EventRecordID> <Correlation /> <Execution ProcessID=\"4\" ThreadID=\"4520\" /> <Channel>Security</Channel> <Computer>DC01.contoso.local</Computer> <Security /> </System> - <EventData> <Data Name=\"ProcessID\">4556</Data> <Data Name=\"Application\">\\\\\\\\device\\\\\\\\harddiskvolume2\\\\\\\\documents\\\\\\\\listener.exe</Data> <Data Name=\"Direction\">%%14592</Data> <Data Name=\"SourceAddress\">10.0.0.10</Data> <Data Name=\"SourcePort\">3333</Data> <Data Name=\"DestAddress\">10.0.0.100</Data> <Data Name=\"DestPort\">49218</Data> <Data Name=\"Protocol\">6</Data> <Data Name=\"FilterRTID\">110398</Data> <Data Name=\"LayerName\">%%14610</Data> <Data Name=\"LayerRTID\">44</Data> <Data Name=\"RemoteUserID\">S-1-0-0</Data> <Data Name=\"RemoteMachineID\">S-1-0-0</Data> </EventData> </Event>",
        "EventGUID": "{0CCE9226-69AE-11D9-BED3-505054503030}",
        "EventName": "Audit Filtering Platform Connection",
        "llm_technical_description": "The Windows Filtering Platform has blocked a connection between the DNS Server service and another process on the same computer, which is intended behavior to allow necessary connections for security operations. This event occurs when WFP filters are applied to prevent EDR agents from reporting security events.",
        "llm_security_impact": "MEDIUM",
        "llm_typical_volume": "LOW",
        "llm_recommended_monitoring": "YES"
    },
    "5158": {
        "summary": "The Windows Filtering Platform has permitted a bind to a local port",
        "category": "Object Access",
        "subcategory": "Filtering Platform Connection",
        "type": "Success",
        "description": "This event is logged every time a client or server application binds to a port. Binding is the first step in TCP/UDP communications. For server applications, subsequent to this event you will see 5154 or 5031when the server attempts to begin listening on the port. \n\r\nThe example above is the system binding to TCP port 3389 for Remote Desktop connections. \n\r\nApplication Information:",
        "operating_systems": "Windows 2008 R2, Windows 7, Windows 2012 R2, Windows 8.1, Windows Server 2016, Windows 10, Windows Server 2019, Windows Server 2022",
        "legacy_event_id": "",
        "potential_criticality": "Low",
        "event_xml": "<Event xmlns=\"http://schemas.microsoft.com/win/2004/08/events/event\"> - <System> <Provider Name=\"Microsoft-Windows-Security-Auditing\" Guid=\"{54849625-5478-4994-A5BA-3E3B0328C30D}\" /> <EventID>5158</EventID> <Version>0</Version> <Level>0</Level> <Task>12810</Task> <Opcode>0</Opcode> <Keywords>0x8020000000000000</Keywords> <TimeCreated SystemTime=\"2015-09-22T05:24:03.376171200Z\" /> <EventRecordID>308122</EventRecordID> <Correlation /> <Execution ProcessID=\"4\" ThreadID=\"3712\" /> <Channel>Security</Channel> <Computer>DC01.contoso.local</Computer> <Security /> </System> - <EventData> <Data Name=\"ProcessId\">4556</Data> <Data Name=\"Application\">\\\\\\\\device\\\\\\\\harddiskvolume2\\\\\\\\documents\\\\\\\\listener.exe</Data> <Data Name=\"SourceAddress\">0.0.0.0</Data> <Data Name=\"SourcePort\">3333</Data> <Data Name=\"Protocol\">6</Data> <Data Name=\"FilterRTID\">0</Data> <Data Name=\"LayerName\">%%14608</Data> <Data Name=\"LayerRTID\">36</Data> </EventData> </Event>",
        "EventGUID": "{0CCE9226-69AE-11D9-BED3-505054503030}",
        "EventName": "Audit Filtering Platform Connection",
        "llm_technical_description": "The Windows Filtering Platform has permitted a bind to a local port, which typically occurs when an application establishes communication endpoints. This event is logged for every client or server binding, and subsequent events like 5154 or 5031 may follow if the server begins listening on the port. The example provided involves binding to TCP port 3389 for Remote Desktop connections.",
        "llm_security_impact": "MEDIUM",
        "llm_typical_volume": "HIGH",
        "llm_recommended_monitoring": "YES"
    },
    "5159": {
        "summary": "The Windows Filtering Platform has blocked a bind to a local port",
        "category": "Object Access",
        "subcategory": "Filtering Platform Connection",
        "type": "Failure",
        "description": "This event is logged every timeWFP prevents aclient or server application binds to a port. Binding is the first step in TCP or UDP communications.\n\r\nApplication Information:",
        "operating_systems": "Windows 2008 R2, Windows 7, Windows 2012 R2, Windows 8.1, Windows Server 2016, Windows 10, Windows Server 2019, Windows Server 2022",
        "legacy_event_id": "",
        "potential_criticality": "Low",
        "event_xml": "<Event xmlns=\"http://schemas.microsoft.com/win/2004/08/events/event\"> - <System> <Provider Name=\"Microsoft-Windows-Security-Auditing\" Guid=\"{54849625-5478-4994-A5BA-3E3B0328C30D}\" /> <EventID>5159</EventID> <Version>0</Version> <Level>0</Level> <Task>12810</Task> <Opcode>0</Opcode> <Keywords>0x8010000000000000</Keywords> <TimeCreated SystemTime=\"2019-04-19T07:36:55.955388300Z\" /> <EventRecordID>44097</EventRecordID> <Correlation /> <Execution ProcessID=\"4\" ThreadID=\"6480\" /> <Channel>Security</Channel> <Computer>DC01.contoso.local</Computer> <Security /> </System> - <EventData> <Data Name=\"ProcessId\">7924</Data> <Data Name=\"Application\">\\\\device\\\\harddiskvolume2\\\\users\\\\test\\\\desktop\\ etcat\\ c.exe</Data> <Data Name=\"SourceAddress\">0.0.0.0</Data> <Data Name=\"SourcePort\">5555</Data> <Data Name=\"Protocol\">6</Data> <Data Name=\"FilterRTID\">84614</Data> <Data Name=\"LayerName\">%%14608</Data> <Data Name=\"LayerRTID\">36</Data> </EventData> </Event>",
        "EventGUID": "{0CCE9226-69AE-11D9-BED3-505054503030}",
        "EventName": "Audit Filtering Platform Connection",
        "llm_technical_description": "The Windows Filtering Platform (WFP) has blocked a bind attempt to a local port. This event occurs when WFP prevents a client or server application from binding to a port, which is typically the first step in establishing TCP or UDP communication. While this is generally a security measure to prevent unauthorized access, the frequency or manner of such blocks could indicate potential malicious activity if there are known false positives or if it's part of an attacker's attempt to gain control over network services.",
        "llm_security_impact": "MEDIUM",
        "llm_typical_volume": "HIGH",
        "llm_recommended_monitoring": "YES"
    },
    "516": {
        "summary": "Internal resources allocated for the queuing of audit messages have been exhausted, leading to the loss of some audits",
        "category": "System",
        "subcategory": "",
        "type": "Success",
        "description": "Event 516 indicates that an extremely high period of activity prevented Windows from logging %1 number of security events.",
        "operating_systems": "Windows Server 2000, Windows Server 2003, Windows XP",
        "legacy_event_id": "",
        "potential_criticality": "",
        "event_xml": "",
        "EventGUID": "",
        "EventName": "",
        "llm_technical_description": "The event indicates that during an extremely high period of activity, Windows' internal resources for logging audit messages were exhausted, resulting in the loss of some security events. This could imply a potential denial-of-service (DoS) attack or excessive system resource consumption, which might target legitimate logging processes.",
        "llm_security_impact": "HIGH",
        "llm_typical_volume": "HIGH",
        "llm_recommended_monitoring": "YES"
    },
    "5168": {
        "summary": "Spn check for SMB/SMB2 fails.",
        "category": "Object Access",
        "subcategory": "File Share",
        "type": "Success   \r\n                        \r\n                            Failure",
        "description": "Spn check for SMB/SMB2 fails.",
        "operating_systems": "Windows 2008 R2, Windows 7, Windows 2012 R2, Windows 8.1, Windows Server 2016, Windows 10, Windows Server 2019, Windows Server 2022",
        "legacy_event_id": "",
        "potential_criticality": "",
        "event_xml": "<Event xmlns=\"http://schemas.microsoft.com/win/2004/08/events/event\"> - <System> <Provider Name=\"Microsoft-Windows-Security-Auditing\" Guid=\"{54849625-5478-4994-A5BA-3E3B0328C30D}\" /> <EventID>5168</EventID> <Version>0</Version> <Level>0</Level> <Task>12808</Task> <Opcode>0</Opcode> <Keywords>0x8010000000000000</Keywords> <TimeCreated SystemTime=\"2015-09-18T17:53:40.294859800Z\" /> <EventRecordID>268946</EventRecordID> <Correlation /> <Execution ProcessID=\"4\" ThreadID=\"80\" /> <Channel>Security</Channel> <Computer>DC01.contoso.local</Computer> <Security /> </System> - <EventData> <Data Name=\"SubjectUserSid\">S-1-5-21-3457937927-2839227994-823803824-1104</Data> <Data Name=\"SubjectUserName\">dadmin</Data> <Data Name=\"SubjectDomainName\">CONTOSO</Data> <Data Name=\"SubjectLogonId\">0xd0cd4</Data> <Data Name=\"SpnName\">N/A</Data> <Data Name=\"ErrorCode\">0xc0000022</Data> <Data Name=\"ServerNames\">CONTOSO;contoso.local;DC01.contoso.local;DC01;LocalHost;</Data> <Data Name=\"ConfiguredNames\">N/A</Data> <Data Name=\"IpAddresses\">127.0.0.1;::1;10.0.0.10;;fe80::31ea:6c3c:f40d:1973;;fe80::5efe:10.0.0.10;</Data> </EventData> </Event>",
