        "EventGUID": "{0CCE921B-69AE-11D9-BED3-505054503030}",
        "EventName": "Audit Special Logon",
        "llm_technical_description": "This event indicates that an account with administrator equivalent privileges has logged on. This can be used to detect superuser accounts or suspicious logons, such as scheduled tasks or batch jobs that grant admin privileges.",
        "llm_security_impact": "HIGH",
        "llm_typical_volume": "MEDIUM",
        "llm_recommended_monitoring": "YES"
    },
    "4673": {
        "summary": "A privileged service was called",
        "category": "Privilege Use",
        "subcategory": "Sensitive Privilege Use",
        "type": "Success",
        "description": "Event 4673 indicates that the specified user exercised the user right specified in the Privileges field. \n\r\nNote: \"User rights\" and \"privileges\" are synonymous terms used interchangeably in Windows.\n\r\nSome user rights are logged by this event - others by 4674. Still other, \"\"high-volume\"\" rights are not logged when they are exercised unless you enable the security option \"Audit: Audit the use of Backup and Restore privilege\". \n\r\nUnfortunately, Microsoft has overloaded these privileges so that each privilege may govern your authority to perform many different operations and which privilege is required for which operations is not well documented. Therefore seeing that a privilege was exercised doesn't really tell you much. In Win2008 this has been improved with better information in the Server: and Service Name: fields. In general though,Istillclassify these events as noise. Microsoft admits: \"These are high volume events, which typically do not contain sufficient information to act upon since they do not describe what operation occurred.\"\n\r\nNote: 4673 and 4674 do not log any activity associated with Logon Rights such as the SeNetworkLogonRight. Do not confuse events 4673 and 4674 with events 4717and 4718 which document rights assignment changes as opposed to the exercise of rights which is the purpose of events 4673and 4674.\n\nSubject:\n\r\nThe ID and logon session of the user that excercised the right.",
        "operating_systems": "Windows 2008 R2, Windows 7, Windows 2012 R2, Windows 8.1, Windows Server 2016, Windows 10, Windows Server 2019, Windows Server 2022",
        "legacy_event_id": "577",
        "potential_criticality": "Low",
        "event_xml": "<Event xmlns=\"http://schemas.microsoft.com/win/2004/08/events/event\"> - <System> <Provider Name=\"Microsoft-Windows-Security-Auditing\" Guid=\"{54849625-5478-4994-A5BA-3E3B0328C30D}\" /> <EventID>4673</EventID> <Version>0</Version> <Level>0</Level> <Task>13056</Task> <Opcode>0</Opcode> <Keywords>0x8020000000000000</Keywords> <TimeCreated SystemTime=\"2015-10-09T00:37:36.434836600Z\" /> <EventRecordID>1099777</EventRecordID> <Correlation /> <Execution ProcessID=\"496\" ThreadID=\"504\" /> <Channel>Security</Channel> <Computer>DC01.contoso.local</Computer> <Security /> </System> - <EventData> <Data Name=\"SubjectUserSid\">S-1-5-18</Data> <Data Name=\"SubjectUserName\">DC01$</Data> <Data Name=\"SubjectDomainName\">CONTOSO</Data> <Data Name=\"SubjectLogonId\">0x3e7</Data> <Data Name=\"ObjectServer\">NT Local Security Authority / Authentication Service</Data> <Data Name=\"Service\">LsaRegisterLogonProcess()</Data> <Data Name=\"PrivilegeList\">SeTcbPrivilege</Data> <Data Name=\"ProcessId\">0x1f0</Data> <Data Name=\"ProcessName\">C:\\\\\\\\Windows\\\\\\\\System32\\\\\\\\lsass.exe</Data> </EventData> </Event>",
        "EventGUID": "{0CCE9228-69AE-11D9-BED3-505054503030}; {0CCE9229-69AE-11D9-BED3-505054503030}",
        "EventName": "Audit Sensitive Privilege Use; Audit Non Sensitive Privilege Use",
        "llm_technical_description": "The event indicates that the specified user called a privileged service through LsaRegisterLogonProcess(). According to Sigma Rule 0x0001, this should only occur if the user has the SeTcbPrivilege privilege. The absence of this privilege could indicate unauthorized or unauthenticated access attempts.",
        "llm_security_impact": "HIGH",
        "llm_typical_volume": "MEDIUM",
        "llm_recommended_monitoring": "YES"
    },
    "4674": {
        "summary": "An operation was attempted on a privileged object",
        "category": "Privilege Use",
        "subcategory": "Sensitive Privilege Use",
        "type": "Success   \r\n                        \r\n                            Failure",
        "description": "Event 4674 indicates that the specified user exercised the user right specified in the Privileges field. \n\r\nNote: \"User rights\" and \"privileges\" are synonymous terms used interchangeably in Windows.\n\r\nSome user rights are logged by 4674 - others by 4673. Still other, \"high-volume\" rights are not logged when they are exercised unless you enable the security option \"Audit: Audit the use of Backup and Restore privilege\". \n\r\nUnfortunately, Microsoft has overloaded these privileges so that each privilege may govern your authority to perform many different operations and which privilege is required for which operations is not well documented. Therefore seeing that a privilege was exercised doesn't really tell you much. In Win2008 this has been improved with better information in the Server: and Service Name: fields. In general though,Istillclassify these events as noise. Microsoft admits: \"These are high volume events, which typically do not contain sufficient information to act upon since they do not describe what operation occurred.\"\n\r\nNote: 4673 and 4674 do not log any activity associated with Logon Rights such as the SeNetworkLogonRight. Do not confuse events 4673 and 4674 with events 4717 and 4718 which document rights assignment changes as opposed to the exercise of rights which is the purpose of events 4673 and 4674.",
        "operating_systems": "Windows 2008 R2, Windows 7, Windows 2012 R2, Windows 8.1, Windows Server 2016, Windows 10, Windows Server 2019, Windows Server 2022",
        "legacy_event_id": "578",
        "potential_criticality": "Low",
        "event_xml": "<Event xmlns=\"http://schemas.microsoft.com/win/2004/08/events/event\"> - <System> <Provider Name=\"Microsoft-Windows-Security-Auditing\" Guid=\"{54849625-5478-4994-A5BA-3E3B0328C30D}\" /> <EventID>4674</EventID> <Version>0</Version> <Level>0</Level> <Task>13056</Task> <Opcode>0</Opcode> <Keywords>0x8010000000000000</Keywords> <TimeCreated SystemTime=\"2015-10-09T00:22:36.237816000Z\" /> <EventRecordID>1099680</EventRecordID> <Correlation /> <Execution ProcessID=\"496\" ThreadID=\"504\" /> <Channel>Security</Channel> <Computer>DC01.contoso.local</Computer> <Security /> </System> - <EventData> <Data Name=\"SubjectUserSid\">S-1-5-19</Data> <Data Name=\"SubjectUserName\">LOCAL SERVICE</Data> <Data Name=\"SubjectDomainName\">NT AUTHORITY</Data> <Data Name=\"SubjectLogonId\">0x3e5</Data> <Data Name=\"ObjectServer\">LSA</Data> <Data Name=\"ObjectType\">-</Data> <Data Name=\"ObjectName\">-</Data> <Data Name=\"HandleId\">0x0</Data> <Data Name=\"AccessMask\">16777216</Data> <Data Name=\"PrivilegeList\">SeSecurityPrivilege</Data> <Data Name=\"ProcessId\">0x1f0</Data> <Data Name=\"ProcessName\">C:\\\\\\\\Windows\\\\\\\\System32\\\\\\\\lsass.exe</Data> </EventData> </Event>",
        "EventGUID": "{0CCE9228-69AE-11D9-BED3-505054503030}; {0CCE9229-69AE-11D9-BED3-505054503030}",
        "EventName": "Audit Sensitive Privilege Use; Audit Non Sensitive Privilege Use",
        "llm_technical_description": "The event ID 4674 indicates that a user has executed a privilege on the 'servicesactive' object (SC_MANAGER OBJECT) related to the SCM database. This falls under Sensitive Privilege Use, suggesting potential unauthorized access or sensitive data handling.",
        "llm_security_impact": "MEDIUM",
        "llm_typical_volume": "MEDIUM",
        "llm_recommended_monitoring": "YES"
    },
    "4675": {
        "summary": "SIDs were filtered",
        "category": "Logon/Logoff",
        "subcategory": "Logon",
        "type": "Success",
        "description": "SIDs were filtered",
        "operating_systems": "Windows 2008 R2, Windows 7, Windows 2012 R2, Windows 8.1, Windows Server 2016, Windows 10, Windows Server 2019, Windows Server 2022",
        "legacy_event_id": "",
        "potential_criticality": "Medium",
        "event_xml": "",
        "EventGUID": "{0CCE9215-69AE-11D9-BED3-505054503030}",
        "EventName": "Audit Logon",
        "llm_technical_description": "The event ID 4675, categorized under Logon/Logoff with the subcategory Logon, indicates that Session Information Data (SID) was filtered. This typically occurs when unauthorized login attempts are detected or when legitimate users have insufficient permissions to access resources. The filter action suggests that the system has taken necessary measures to prevent unauthorized access while maintaining user convenience.",
        "llm_security_impact": "MEDIUM",
        "llm_typical_volume": "MEDIUM",
        "llm_recommended_monitoring": "YES"
    },
    "4688": {
        "summary": "A new process has been created",
        "category": "Process Tracking",
        "subcategory": "Process Creation",
        "type": "Success",
        "description": "Event 4688 documents each program that is executed, who the program ran as and the process that started this process.\n\nWhen you start a program you are creating a \"process\" that stays open until the program exits. This process is identified by the Process ID:. You can correlate this event to other events by Process ID to determine what the program did while it ran and when it exited (event 4689).",
        "operating_systems": "Windows 2008 R2, Windows 7, Windows 2012 R2, Windows 8.1, Windows Server 2016, Windows 10, Windows Server 2019, Windows Server 2022",
        "legacy_event_id": "592",
        "potential_criticality": "Low",
        "event_xml": "<Event xmlns=\"http://schemas.microsoft.com/win/2004/08/events/event\"> - <System> <Provider Name=\"Microsoft-Windows-Security-Auditing\" Guid=\"{54849625-5478-4994-A5BA-3E3B0328C30D}\" /> <EventID>4688</EventID> <Version>2</Version> <Level>0</Level> <Task>13312</Task> <Opcode>0</Opcode> <Keywords>0x8020000000000000</Keywords> <TimeCreated SystemTime=\"2015-11-12T02:24:52.377352500Z\" /> <EventRecordID>2814</EventRecordID> <Correlation /> <Execution ProcessID=\"4\" ThreadID=\"400\" /> <Channel>Security</Channel> <Computer>WIN-GG82ULGC9GO.contoso.local</Computer> <Security /> </System> - <EventData> <Data Name=\"SubjectUserSid\">S-1-5-18</Data> <Data Name=\"SubjectUserName\">WIN-GG82ULGC9GO$</Data> <Data Name=\"SubjectDomainName\">CONTOSO</Data> <Data Name=\"SubjectLogonId\">0x3e7</Data> <Data Name=\"NewProcessId\">0x2bc</Data> <Data Name=\"NewProcessName\">C:\\\\\\\\Windows\\\\\\\\System32\\\\\\\\rundll32.exe</Data> <Data Name=\"TokenElevationType\">%%1938</Data> <Data Name=\"ProcessId\">0xe74</Data> <Data Name=\"CommandLine\" /> <Data Name=\"TargetUserSid\">S-1-5-21-1377283216-344919071-3415362939-1104</Data> <Data Name=\"TargetUserName\">dadmin</Data> <Data Name=\"TargetDomainName\">CONTOSO</Data> <Data Name=\"TargetLogonId\">0x4a5af0</Data> <Data Name=\"ParentProcessName\">C:\\\\\\\\Windows\\\\\\\\explorer.exe</Data> <Data Name=\"MandatoryLabel\">S-1-16-8192</Data> </EventData> </Event>",
        "EventGUID": "{0CCE922B-69AE-11D9-BED3-505054503030}",
        "EventName": "Audit Process Creation",
        "llm_technical_description": "This event (ID: 4688) is part of Windows' Process Tracking feature, which logs each program executed and their associated processes. It allows system administrators to track the execution flow of programs by recording the process IDs involved when a program starts (event 4688) and when it exits (event 4689). This information can be used to debug applications or monitor suspicious activities.",
        "llm_security_impact": "MEDIUM",
        "llm_typical_volume": "MEDIUM",
        "llm_recommended_monitoring": "NO"
    },
    "4689": {
        "summary": "A process has exited",
        "category": "Process Tracking",
        "subcategory": "Process Termination",
        "type": "Success",
        "description": "Event 4689 documents when a process ends. \n\r\nWhen you start a program you are creating a \"process\" that stays open until the program exits. This process is identified by the Process ID:. \n\r\nYou can use this event to tell how long the program ran by correlating it to the earlier 4688 with the same Process ID.",
        "operating_systems": "Windows 2008 R2, Windows 7, Windows 2012 R2, Windows 8.1, Windows Server 2016, Windows 10, Windows Server 2019, Windows Server 2022",
        "legacy_event_id": "593",
        "potential_criticality": "Low",
        "event_xml": "<Event xmlns=\"http://schemas.microsoft.com/win/2004/08/events/event\"> - <System> <Provider Name=\"Microsoft-Windows-Security-Auditing\" Guid=\"{54849625-5478-4994-A5BA-3E3B0328C30D}\" /> <EventID>4689</EventID> <Version>0</Version> <Level>0</Level> <Task>13313</Task> <Opcode>0</Opcode> <Keywords>0x8020000000000000</Keywords> <TimeCreated SystemTime=\"2015-08-27T17:13:01.826339500Z\" /> <EventRecordID>187030</EventRecordID> <Correlation /> <Execution ProcessID=\"4\" ThreadID=\"144\" /> <Channel>Security</Channel> <Computer>DC01.contoso.local</Computer> <Security /> </System> - <EventData> <Data Name=\"SubjectUserSid\">S-1-5-21-3457937927-2839227994-823803824-1104</Data> <Data Name=\"SubjectUserName\">dadmin</Data> <Data Name=\"SubjectDomainName\">CONTOSO</Data> <Data Name=\"SubjectLogonId\">0x31365</Data> <Data Name=\"Status\">0x0</Data> <Data Name=\"ProcessId\">0xfb0</Data> <Data Name=\"ProcessName\">C:\\\\\\\\Windows\\\\\\\\System32\\\\\\ otepad.exe</Data> </EventData> </Event>",
        "EventGUID": "{0CCE922C-69AE-11D9-BED3-505054503030}",
        "EventName": "Audit Process Termination",
        "llm_technical_description": "This event indicates that a process has terminated normally, which is expected when a program completes execution. However, if there's no known context or behavior for this process termination (e.g., it might be running a malicious script or backdoor), it could indicate potential malicious activity. The absence of known false positives suggests that the event should be monitored for signs of abnormal persistence or unexpected termination patterns.",
        "llm_security_impact": "MEDIUM",
        "llm_typical_volume": "MEDIUM",
        "llm_recommended_monitoring": "YES"
    },
    "4690": {
        "summary": "An attempt was made to duplicate a handle to an object",
        "category": "Object Access",
        "subcategory": "Handle Manipulation",
        "type": "Success",
        "description": "When a program opens an object like a file, it gets a \"handle\" to that file which it references in subsequent operations on the object. Windows checks permissions at the time of the open (aka handle request) but not afterwards. Windows allows you to duplicate a handle and hand it off to another thread or process which then inherits whatever level of access the first program obtained to the object when the program opened. Therefore a thread impersonating a different user or a process running as a different user could exploit the potentially higher level of access of the first program for that object. And that apparently is why this event is logged. Unfortunately this event doesn't seem to provide enough information to determine if the Handle was given to a lower security thread or process. Consequently I classify this event as noise.\n\r\nFor an explanation of the fields in this event see events 4688 and 4656.\n\r\nDo you know more about this event? If so please start a discussion and share!",
        "operating_systems": "Windows 2008 R2, Windows 7, Windows 2012 R2, Windows 8.1, Windows Server 2016, Windows 10, Windows Server 2019, Windows Server 2022",
        "legacy_event_id": "594",
        "potential_criticality": "Low",
        "event_xml": "<Event xmlns=\"http://schemas.microsoft.com/win/2004/08/events/event\"> - <System> <Provider Name=\"Microsoft-Windows-Security-Auditing\" Guid=\"{54849625-5478-4994-A5BA-3E3B0328C30D}\" /> <EventID>4690</EventID> <Version>0</Version> <Level>0</Level> <Task>12807</Task> <Opcode>0</Opcode> <Keywords>0x8020000000000000</Keywords> <TimeCreated SystemTime=\"2015-09-23T00:17:41.755998800Z\" /> <EventRecordID>338632</EventRecordID> <Correlation /> <Execution ProcessID=\"4\" ThreadID=\"1100\" /> <Channel>Security</Channel> <Computer>DC01.contoso.local</Computer> <Security /> </System> - <EventData> <Data Name=\"SubjectUserSid\">S-1-5-18</Data> <Data Name=\"SubjectUserName\">DC01$</Data> <Data Name=\"SubjectDomainName\">CONTOSO</Data> <Data Name=\"SubjectLogonId\">0x3e7</Data> <Data Name=\"SourceHandleId\">0x438</Data> <Data Name=\"SourceProcessId\">0x674</Data> <Data Name=\"TargetHandleId\">0xd9c</Data> <Data Name=\"TargetProcessId\">0x4</Data> </EventData> </Event>",
        "EventGUID": "{0CCE9223-69AE-11D9-BED3-505054503030}",
        "EventName": "Audit Handle Manipulation",
        "llm_technical_description": "This event logs an attempt to duplicate a handle when accessing an object (e.g., a file). Handles in Windows provide unique identifiers for resources, and duplicating them allows one process or thread to inherit another's access rights. While this is a normal system operation intended to transfer access rights between processes, the specific details of which process obtained the handle are not logged here. Without additional context indicating malicious intent (e.g., unauthorized access or impersonation), this event appears to be noise.",
        "llm_security_impact": "LOW",
        "llm_typical_volume": "MEDIUM",
        "llm_recommended_monitoring": "NO"
    },
    "4691": {
        "summary": "Indirect access to an object was requested",
        "category": "Object Access",
        "subcategory": "Other Object Access Events",
        "type": "Success",
        "description": "Indirect access to an object was requested.",
        "operating_systems": "Windows 2008 R2, Windows 7, Windows 2012 R2, Windows 8.1, Windows Server 2016, Windows 10, Windows Server 2019, Windows Server 2022",
        "legacy_event_id": "595",
        "potential_criticality": "Low",
        "event_xml": "<Event xmlns=\"http://schemas.microsoft.com/win/2004/08/events/event\"> - <System> <Provider Name=\"Microsoft-Windows-Security-Auditing\" Guid=\"{54849625-5478-4994-A5BA-3E3B0328C30D}\" /> <EventID>4691</EventID> <Version>0</Version> <Level>0</Level> <Task>12804</Task> <Opcode>0</Opcode> <Keywords>0x8020000000000000</Keywords> <TimeCreated SystemTime=\"2015-09-23T01:03:49.834912100Z\" /> <EventRecordID>344382</EventRecordID> <Correlation /> <Execution ProcessID=\"4\" ThreadID=\"2928\" /> <Channel>Security</Channel> <Computer>DC01.contoso.local</Computer> <Security /> </System> - <EventData> <Data Name=\"SubjectUserSid\">S-1-5-21-3457937927-2839227994-823803824-1104</Data> <Data Name=\"SubjectUserName\">dadmin</Data> <Data Name=\"SubjectDomainName\">CONTOSO</Data> <Data Name=\"SubjectLogonId\">0x36509</Data> <Data Name=\"ObjectType\">ALPC Port</Data> <Data Name=\"ObjectName\">\\\\\\\\Sessions\\\\\\\\2\\\\\\\\Windows\\\\\\\\DwmApiPort</Data> <Data Name=\"AccessList\">%%4464</Data> <Data Name=\"AccessMask\">0x1</Data> <Data Name=\"ProcessId\">0xe60</Data> </EventData> </Event>",
        "EventGUID": "{0CCE9227-69AE-11D9-BED3-505054503030}",
        "EventName": "Audit Other Object Access Events",
        "llm_technical_description": "An indirect attempt was made to access an object within the system. This could indicate unauthorized access attempts or potential malicious activity aimed at bypassing security measures such as elevated processes or scheduled tasks running at kernel level without proper permissions.",
        "llm_security_impact": "MEDIUM",
        "llm_typical_volume": "MEDIUM",
        "llm_recommended_monitoring": "YES"
    },
    "4692": {
        "summary": "Backup of data protection master key was attempted",
        "category": "Process Tracking",
        "subcategory": "DPAPI Activity",
        "type": "Success",
        "description": "Microsoft documentation indicates this is a routine event that can be filtered out of events to review. At this time I classify this as a \"noise\" event.\n\r\n",
        "operating_systems": "Windows 2008 R2, Windows 7, Windows 2012 R2, Windows 8.1, Windows Server 2016, Windows 10, Windows Server 2019, Windows Server 2022",
        "legacy_event_id": "",
        "potential_criticality": "Medium",
        "event_xml": "<Event xmlns=\"http://schemas.microsoft.com/win/2004/08/events/event\"> - <System> <Provider Name=\"Microsoft-Windows-Security-Auditing\" Guid=\"{54849625-5478-4994-A5BA-3E3B0328C30D}\" /> <EventID>4692</EventID> <Version>0</Version> <Level>0</Level> <Task>13314</Task> <Opcode>0</Opcode> <Keywords>0x8020000000000000</Keywords> <TimeCreated SystemTime=\"2015-08-25T01:59:14.573672700Z\" /> <EventRecordID>176964</EventRecordID> <Correlation /> <Execution ProcessID=\"520\" ThreadID=\"540\" /> <Channel>Security</Channel> <Computer>DC01.contoso.local</Computer> <Security /> </System> - <EventData> <Data Name=\"SubjectUserSid\">S-1-5-21-3457937927-2839227994-823803824-500</Data> <Data Name=\"SubjectUserName\">ladmin</Data> <Data Name=\"SubjectDomainName\">CONTOSO</Data> <Data Name=\"SubjectLogonId\">0x30c08</Data> <Data Name=\"MasterKeyId\">16cfaea0-dbe3-4d92-9523-d494edb546bc</Data> <Data Name=\"RecoveryServer\" /> <Data Name=\"RecoveryKeyId\">806a0350-aeb1-4c56-91f9-ef16cf759291</Data> <Data Name=\"FailureReason\">0x0</Data> </EventData> </Event>",
        "EventGUID": "{0CCE922D-69AE-11D9-BED3-505054503030}",
        "EventName": "Audit DPAPI Activity",
        "llm_technical_description": "The event indicates a potential unauthorized attempt to back up the data protection master key using DPAPI (Display Name Protection API). This could suggest malicious activity such as an attacker trying to bypass domain restrictions or an accidental misconfiguration by a legitimate user. The event is classified as routine but can be considered noise, yet it carries significant security implications due to its relation to sensitive data protection mechanisms.",
        "llm_security_impact": "HIGH",
        "llm_typical_volume": "LOW",
        "llm_recommended_monitoring": "YES"
    },
    "4693": {
        "summary": "Recovery of data protection master key was attempted",
        "category": "Process Tracking",
        "subcategory": "DPAPI Activity",
        "type": "Success",
        "description": "",
        "operating_systems": "Windows 2008 R2, Windows 7, Windows 2012 R2, Windows 8.1, Windows Server 2016, Windows 10, Windows Server 2019, Windows Server 2022",
        "legacy_event_id": "",
        "potential_criticality": "Medium",
        "event_xml": "<Event xmlns=\"http://schemas.microsoft.com/win/2004/08/events/event\"> - <System> <Provider Name=\"Microsoft-Windows-Security-Auditing\" Guid=\"{54849625-5478-4994-A5BA-3E3B0328C30D}\" /> <EventID>4693</EventID> <Version>0</Version> <Level>0</Level> <Task>13314</Task> <Opcode>0</Opcode> <Keywords>0x8020000000000000</Keywords> <TimeCreated SystemTime=\"2015-08-22T06:25:14.589407700Z\" /> <EventRecordID>175809</EventRecordID> <Correlation /> <Execution ProcessID=\"520\" ThreadID=\"1340\" /> <Channel>Security</Channel> <Computer>DC01.contoso.local</Computer> <Security /> </System> - <EventData> <Data Name=\"SubjectUserSid\">S-1-5-21-3457937927-2839227994-823803824-1104</Data> <Data Name=\"SubjectUserName\">dadmin</Data> <Data Name=\"SubjectDomainName\">CONTOSO</Data> <Data Name=\"SubjectLogonId\">0x30d7c</Data> <Data Name=\"MasterKeyId\">0445c766-75f0-4de7-82ad-d9d97aad59f6</Data> <Data Name=\"RecoveryReason\">0x5c005c</Data> <Data Name=\"RecoveryServer\">DC01.contoso.local</Data> <Data Name=\"RecoveryKeyId\" /> <Data Name=\"FailureId\">0x380000</Data> </EventData> </Event>",
        "EventGUID": "{0CCE922D-69AE-11D9-BED3-505054503030}",
        "EventName": "Audit DPAPI Activity",
        "llm_technical_description": "An attempt was made to recover a data protection master key, which typically requires administrative privileges. This activity could indicate unauthorized access attempts or potential malware infection if the system is compromised.",
        "llm_security_impact": "MEDIUM",
        "llm_typical_volume": "MEDIUM",
        "llm_recommended_monitoring": "YES"
    },
    "4694": {
        "summary": "Protection of auditable protected data was attempted",
        "category": "Process Tracking",
        "subcategory": "DPAPI Activity",
        "type": "Success",
        "description": "",
        "operating_systems": "Windows 2008 R2, Windows 7, Windows 2012 R2, Windows 8.1, Windows Server 2016, Windows 10, Windows Server 2019, Windows Server 2022",
        "legacy_event_id": "",
        "potential_criticality": "Low",
        "event_xml": "",
        "EventGUID": "{0CCE922D-69AE-11D9-BED3-505054503030}",
        "EventName": "Audit DPAPI Activity",
        "llm_technical_description": "The event indicates an attempt to protect auditable data in a process using Dynamic Presentations API (DPAPI). This could be a legitimate user action or potentially indicate unauthorized access. The absence of specific Sigma rules suggests it may not be immediately actionable without additional context.",
        "llm_security_impact": "LOW",
        "llm_typical_volume": "MEDIUM",
        "llm_recommended_monitoring": "NO"
    },
    "4695": {
        "summary": "Unprotection of auditable protected data was attempted",
        "category": "Process Tracking",
        "subcategory": "DPAPI Activity",
        "type": "Failure",
        "description": "This event has to do with the Data Protection API. \n\r\nPer Microsoft: \"The Data Protection API (DPAPI) helps to protect data in Windows 2000 and later operating systems. DPAPI is used to help protect private keys, stored credentials (in Windows XP and later), and other confidential information that the operating system or a program wants to keep confidential. \"\n\r\nApparently a program running under the account documented in Subject: tried to decrypt a blob with the CryptUnprotectData function and failed. Status code 0x8009000b is pretty general. Most often it means",
        "operating_systems": "Windows 2008 R2, Windows 7, Windows 2012 R2, Windows 8.1, Windows Server 2016, Windows 10, Windows Server 2019, Windows Server 2022",
        "legacy_event_id": "",
        "potential_criticality": "Low",
        "event_xml": "",
        "EventGUID": "{0CCE922D-69AE-11D9-BED3-505054503030}",
        "EventName": "Audit DPAPI Activity",
        "llm_technical_description": "An attempt was made by a program running under an account to unprotect auditable protected data using the Data Protection API (DPAPI). The status code 0x8009000b indicates that decryption failed. This could imply unauthorized access or an exploit of security mechanisms, as DPAPI is used to protect sensitive information.",
        "llm_security_impact": "HIGH",
        "llm_typical_volume": "MEDIUM",
        "llm_recommended_monitoring": "YES"
    },
    "4696": {
        "summary": "A primary token was assigned to process",
        "category": "Process Tracking",
        "subcategory": "Process Creation",
        "type": "Success",
        "description": "This often happens when a service starts or a scheduled task starts under the authority of a different user. You will see events4624 and 4648 as well as 4776 or 4768 earlier in the log. \n\r\nThe Assigning process fields identify the process that started the child (new) process. Process ID allows you to link this event to the corresponding event 4688 (process start of the parent process) but there is little need since this event gives you the program name (Process Name) and the user under which the process was running (Subject).\n\r\nTarget Process: information identifies the new child process that was started under the account and logon session in New Token Information. \n\r\nYou can use the Target Process ID to link back to the earlier4688 for the new child process ID but again there is little need to do this since you have the Target Process Name:right here in this event.",
        "operating_systems": "Windows 2008 R2, Windows 7, Windows 2012 R2, Windows 8.1, Windows Server 2016, Windows 10, Windows Server 2019, Windows Server 2022",
        "legacy_event_id": "600",
        "potential_criticality": "Low",
        "event_xml": "<Event xmlns=\"http://schemas.microsoft.com/win/2004/08/events/event\"> - <System> <Provider Name=\"Microsoft-Windows-Security-Auditing\" Guid=\"{54849625-5478-4994-a5ba-3e3b0328c30d}\" /> <EventID>4696</EventID> <Version>0</Version> <Level>0</Level> <Task>13312</Task> <Opcode>0</Opcode> <Keywords>0x8020000000000000</Keywords> <TimeCreated SystemTime=\"2015-08-25T21:33:42.401Z\" /> <EventRecordID>561</EventRecordID> <Correlation /> <Execution ProcessID=\"4\" ThreadID=\"88\" /> <Channel>Security</Channel> <Computer>Win2008.contoso.local</Computer> <Security /> </System> - <EventData> <Data Name=\"SubjectUserSid\">S-1-5-18</Data> <Data Name=\"SubjectUserName\">WIN2008$</Data> <Data Name=\"SubjectDomainName\">CONTOSO</Data> <Data Name=\"SubjectLogonId\">0x3e7</Data> <Data Name=\"TargetUserSid\">S-1-5-18</Data> <Data Name=\"TargetUserName\">dadmin</Data> <Data Name=\"TargetDomainName\">CONTOSO</Data> <Data Name=\"TargetLogonId\">0x1c8c5</Data> <Data Name=\"TargetProcessId\">0xf40</Data> <Data Name=\"TargetProcessName\">C:\\\\\\\\Windows\\\\\\\\System32\\\\\\\\WerFault.exe</Data> <Data Name=\"ProcessId\">0x698</Data> <Data Name=\"ProcessName\">C:\\\\\\\\Windows\\\\\\\\System32\\\\\\\\svchost.exe</Data> </EventData> </Event>",
        "EventGUID": "{0CCE922B-69AE-11D9-BED3-505054503030}",
        "EventName": "Audit Process Creation",
        "llm_technical_description": "This event indicates that a primary token was assigned to a process during its creation, potentially under different user accounts. This could occur when services or scheduled tasks start, often as an attempt to elevate privileges or gain unauthorized access. The presence of this event alongside others (e.g., 4624, 4648, and 4776) suggests potential misconfiguration or malicious intent.",
        "llm_security_impact": "MEDIUM",
        "llm_typical_volume": "HIGH",
        "llm_recommended_monitoring": "YES"
    },
    "4697": {
        "summary": "A service was installed in the system",
        "category": "System",
        "subcategory": "Security System Extension",
        "type": "Success",
        "description": "A new service was installed by the userindicated in the subject. Subject often identifies the local system (SYSTEM) for services installed as part of native Windows components and therefore you can't determine who actually initiated the installation.\n\r\nThis is a key change control event as new services are significant extensions of the software running on a server and the roles it performs.",
        "operating_systems": "Windows Server 2016, Windows 10, Windows Server 2019, Windows Server 2022",
        "legacy_event_id": "601",
        "potential_criticality": "Low",
        "event_xml": "<Event xmlns=\"http://schemas.microsoft.com/win/2004/08/events/event\"> - <System> <Provider Name=\"Microsoft-Windows-Security-Auditing\" Guid=\"{54849625-5478-4994-A5BA-3E3B0328C30D}\" /> <EventID>4697</EventID> <Version>0</Version> <Level>0</Level> <Task>12289</Task> <Opcode>0</Opcode> <Keywords>0x8020000000000000</Keywords> <TimeCreated SystemTime=\"2015-11-12T01:36:11.991070500Z\" /> <EventRecordID>2778</EventRecordID> <Correlation ActivityID=\"{913FBE70-1CE6-0000-67BF-3F91E61CD101}\" /> <Execution ProcessID=\"736\" ThreadID=\"2800\" /> <Channel>Security</Channel> <Computer>WIN-GG82ULGC9GO.contoso.local</Computer> <Security /> </System> - <EventData> <Data Name=\"SubjectUserSid\">S-1-5-18</Data> <Data Name=\"SubjectUserName\">WIN-GG82ULGC9GO$</Data> <Data Name=\"SubjectDomainName\">CONTOSO</Data> <Data Name=\"SubjectLogonId\">0x3e7</Data> <Data Name=\"ServiceName\">AppHostSvc</Data> <Data Name=\"ServiceFileName\">%windir%\\\\\\\\system32\\\\\\\\svchost.exe -k apphost</Data> <Data Name=\"ServiceType\">0x20</Data> <Data Name=\"ServiceStartType\">2</Data> <Data Name=\"ServiceAccount\">localSystem</Data> </EventData> </Event>",
        "EventGUID": "{0CCE9211-69AE-11D9-BED3-505054503030}",
        "EventName": "Audit Security System Extension",
        "llm_technical_description": "This event indicates the installation of a new service that may be associated with malicious activity, including potential backdoor tools (Metasploit/SMB), credential dumping tools, and encrypted communication methods (TAP). The presence of these services suggests compromised system security and active threat actors leveraging these capabilities.",
        "llm_security_impact": "HIGH",
        "llm_typical_volume": "LOW",
        "llm_recommended_monitoring": "YES"
    },
    "4698": {
        "summary": "A scheduled task was created",
        "category": "Object Access",
        "subcategory": "Other Object Access Events",
        "type": "Success",
        "description": "The user indicated in Subject: just created a new scheduled task (Start menu\\Accessories\\System Tools\\Task Scheduler) identified by Task Name:.\n\r\nThis is an important change control event. See related events for changes to Scheduled Tasks: 4699, 4700, 4701, 4702.",
        "operating_systems": "Windows 2008 R2, Windows 7, Windows 2012 R2, Windows 8.1, Windows Server 2016, Windows 10, Windows Server 2019, Windows Server 2022",
        "legacy_event_id": "602",
        "potential_criticality": "Low",
        "event_xml": "<Event xmlns=\"http://schemas.microsoft.com/win/2004/08/events/event\"> - <System> <Provider Name=\"Microsoft-Windows-Security-Auditing\" Guid=\"{54849625-5478-4994-A5BA-3E3B0328C30D}\" /> <EventID>4698</EventID> <Version>0</Version> <Level>0</Level> <Task>12804</Task> <Opcode>0</Opcode> <Keywords>0x8020000000000000</Keywords> <TimeCreated SystemTime=\"2015-09-23T02:03:06.944522200Z\" /> <EventRecordID>344740</EventRecordID> <Correlation /> <Execution ProcessID=\"516\" ThreadID=\"5048\" /> <Channel>Security</Channel> <Computer>DC01.contoso.local</Computer> <Security /> </System> - <EventData> <Data Name=\"SubjectUserSid\">S-1-5-21-3457937927-2839227994-823803824-1104</Data> <Data Name=\"SubjectUserName\">dadmin</Data> <Data Name=\"SubjectDomainName\">CONTOSO</Data> <Data Name=\"SubjectLogonId\">0x364eb</Data> <Data Name=\"TaskName\">\\\\\\\\Microsoft\\\\\\\\StartListener</Data> <Data Name=\"TaskContent\"><?xml version=\"1.0\" encoding=\"UTF-16\"?> <Task version=\"1.2\" xmlns=\"http://schemas.microsoft.com/windows/2004/02/mit/task\"> <RegistrationInfo> <Date>2015-09-22T19:03:06.9258653</Date> <Author>CONTOSO\\\\\\\\dadmin</Author> </RegistrationInfo> <Triggers /> <Principals> <Principal id=\"Author\"> <RunLevel>LeastPrivilege</RunLevel> <UserId>CONTOSO\\\\\\\\dadmin</UserId> <LogonType>InteractiveToken</LogonType> </Principal> </Principals> <Settings> <MultipleInstancesPolicy>IgnoreNew</MultipleInstancesPolicy> <DisallowStartIfOnBatteries>true</DisallowStartIfOnBatteries> <StopIfGoingOnBatteries>true</StopIfGoingOnBatteries> <AllowHardTerminate>true</AllowHardTerminate> <StartWhenAvailable>false</StartWhenAvailable> <RunOnlyIfNetworkAvailable>false</RunOnlyIfNetworkAvailable> <IdleSettings> <StopOnIdleEnd>true</StopOnIdleEnd> <RestartOnIdle>false</RestartOnIdle> </IdleSettings> <AllowStartOnDemand>true</AllowStartOnDemand> <Enabled>true</Enabled> <Hidden>false</Hidden> <RunOnlyIfIdle>false</RunOnlyIfIdle> <WakeToRun>false</WakeToRun> <ExecutionTimeLimit>P3D</ExecutionTimeLimit> <Priority>7</Priority> </Settings> <Actions Context=\"Author\"> <Exec> <Command>C:\\\\\\\\Documents\\\\\\\\listener.exe</Command> </Exec> </Actions> </Task></Data> </EventData> </Event>",
        "EventGUID": "{0CCE9227-69AE-11D9-BED3-505054503030}",
        "EventName": "Audit Other Object Access Events",
        "llm_technical_description": "This event indicates the creation of a new scheduled task in Windows, typically used for system automation or management purposes. It serves as an important change control point, with related events (4699-4702) likely tracking any modifications to scheduled tasks. While not inherently malicious, monitoring is recommended to detect potential misuse.",
        "llm_security_impact": "MEDIUM",
        "llm_typical_volume": "LOW",
        "llm_recommended_monitoring": "YES"
    },
    "4699": {
        "summary": "A scheduled task was deleted",
        "category": "Object Access",
        "subcategory": "Other Object Access Events",
        "type": "Success",
        "description": "The user indicated in Subject: just deletedthe scheduled task (Start menu\\Accessories\\System Tools\\Task Scheduler) identified by Task Name:.\n\r\nThis is an important change control event. See related events for changes to Scheduled Tasks: 4698, 4700, 4701, and 4702.",
        "operating_systems": "Windows 2008 R2, Windows 7, Windows 2012 R2, Windows 8.1, Windows Server 2016, Windows 10, Windows Server 2019, Windows Server 2022",
        "legacy_event_id": "602",
        "potential_criticality": "Low",
        "event_xml": "<Event xmlns=\"http://schemas.microsoft.com/win/2004/08/events/event\"> - <System> <Provider Name=\"Microsoft-Windows-Security-Auditing\" Guid=\"{54849625-5478-4994-A5BA-3E3B0328C30D}\" /> <EventID>4699</EventID> <Version>0</Version> <Level>0</Level> <Task>12804</Task> <Opcode>0</Opcode> <Keywords>0x8020000000000000</Keywords> <TimeCreated SystemTime=\"2015-09-23T02:13:30.044244500Z\" /> <EventRecordID>344827</EventRecordID> <Correlation /> <Execution ProcessID=\"516\" ThreadID=\"5048\" /> <Channel>Security</Channel> <Computer>DC01.contoso.local</Computer> <Security /> </System> - <EventData> <Data Name=\"SubjectUserSid\">S-1-5-21-3457937927-2839227994-823803824-1104</Data> <Data Name=\"SubjectUserName\">dadmin</Data> <Data Name=\"SubjectDomainName\">CONTOSO</Data> <Data Name=\"SubjectLogonId\">0x364eb</Data> <Data Name=\"TaskName\">\\\\\\\\Microsoft\\\\\\\\My</Data> <Data Name=\"TaskContent\"><?xml version=\"1.0\" encoding=\"UTF-16\"?> <Task version=\"1.2\" xmlns=\"http://schemas.microsoft.com/windows/2004/02/mit/task\"> <RegistrationInfo> <Date>2015-08-25T13:56:10.5315552</Date> <Author>CONTOSO\\\\\\\\dadmin</Author> </RegistrationInfo> <Triggers /> <Principals> <Principal id=\"Author\"> <RunLevel>LeastPrivilege</RunLevel> <UserId>CONTOSO\\\\\\\\dadmin</UserId> <LogonType>Password</LogonType> </Principal> </Principals> <Settings> <MultipleInstancesPolicy>IgnoreNew</MultipleInstancesPolicy> <DisallowStartIfOnBatteries>false</DisallowStartIfOnBatteries> <StopIfGoingOnBatteries>true</StopIfGoingOnBatteries> <AllowHardTerminate>false</AllowHardTerminate> <StartWhenAvailable>false</StartWhenAvailable> <RunOnlyIfNetworkAvailable>false</RunOnlyIfNetworkAvailable> <IdleSettings> <StopOnIdleEnd>true</StopOnIdleEnd> <RestartOnIdle>false</RestartOnIdle> </IdleSettings> <AllowStartOnDemand>true</AllowStartOnDemand> <Enabled>true</Enabled> <Hidden>false</Hidden> <RunOnlyIfIdle>false</RunOnlyIfIdle> <WakeToRun>false</WakeToRun> <ExecutionTimeLimit>PT0S</ExecutionTimeLimit> <Priority>7</Priority> </Settings> <Actions Context=\"Author\"> <Exec> <Command>C:\\\\\\\\Windows\\\\\\ otepad.exe</Command> </Exec> </Actions> </Task></Data> </EventData> </Event>",
        "EventGUID": "{0CCE9227-69AE-11D9-BED3-505054503030}",
        "EventName": "Audit Other Object Access Events",
        "llm_technical_description": "A scheduled task for System Tools (Task Scheduler) was deleted. This is an important change control event, and related events include other scheduled tasks being altered or deleted. The system may be attempting to remove potentially sensitive data without proper evidence of backup.",
        "llm_security_impact": "HIGH",
        "llm_typical_volume": "LOW",
        "llm_recommended_monitoring": "YES"
    },
    "4700": {
        "summary": "A scheduled task was enabled",
        "category": "Object Access",
        "subcategory": "Other Object Access Events",
        "type": "Success",
        "description": "The user indicated in Subject: just enabled the scheduled task (Start menu\\Accessories\\System Tools\\Task Scheduler) identified by Task Name.\n\r\nA task must be enabled in order to run at its scheduled time.\n\r\nThis is an important change control event. See related events for changes to Scheduled Tasks: 4698, 4699, 4601 and 4702.",
        "operating_systems": "Windows 2008 R2, Windows 7, Windows 2012 R2, Windows 8.1, Windows Server 2016, Windows 10, Windows Server 2019, Windows Server 2022",
        "legacy_event_id": "602",
        "potential_criticality": "Low",
        "event_xml": "<Event xmlns=\"http://schemas.microsoft.com/win/2004/08/events/event\"> - <System> <Provider Name=\"Microsoft-Windows-Security-Auditing\" Guid=\"{54849625-5478-4994-A5BA-3E3B0328C30D}\" /> <EventID>4700</EventID> <Version>0</Version> <Level>0</Level> <Task>12804</Task> <Opcode>0</Opcode> <Keywords>0x8020000000000000</Keywords> <TimeCreated SystemTime=\"2015-09-23T02:32:47.606423000Z\" /> <EventRecordID>344861</EventRecordID> <Correlation /> <Execution ProcessID=\"516\" ThreadID=\"756\" /> <Channel>Security</Channel> <Computer>DC01.contoso.local</Computer> <Security /> </System> - <EventData> <Data Name=\"SubjectUserSid\">S-1-5-21-3457937927-2839227994-823803824-1104</Data> <Data Name=\"SubjectUserName\">dadmin</Data> <Data Name=\"SubjectDomainName\">CONTOSO</Data> <Data Name=\"SubjectLogonId\">0x364eb</Data> <Data Name=\"TaskName\">\\\\\\\\Microsoft\\\\\\\\StartListener</Data> <Data Name=\"TaskContent\"><?xml version=\"1.0\" encoding=\"UTF-16\"?> <Task version=\"1.2\" xmlns=\"http://schemas.microsoft.com/windows/2004/02/mit/task\"> <RegistrationInfo> <Date>2015-09-22T19:03:06.9258653</Date> <Author>CONTOSO\\\\\\\\dadmin</Author> </RegistrationInfo> <Triggers /> <Principals> <Principal id=\"Author\"> <RunLevel>LeastPrivilege</RunLevel> <UserId>CONTOSO\\\\\\\\dadmin</UserId> <LogonType>InteractiveToken</LogonType> </Principal> </Principals> <Settings> <MultipleInstancesPolicy>IgnoreNew</MultipleInstancesPolicy> <DisallowStartIfOnBatteries>true</DisallowStartIfOnBatteries> <StopIfGoingOnBatteries>true</StopIfGoingOnBatteries> <AllowHardTerminate>true</AllowHardTerminate> <StartWhenAvailable>false</StartWhenAvailable> <RunOnlyIfNetworkAvailable>false</RunOnlyIfNetworkAvailable> <IdleSettings> <StopOnIdleEnd>true</StopOnIdleEnd> <RestartOnIdle>false</RestartOnIdle> </IdleSettings> <AllowStartOnDemand>true</AllowStartOnDemand> <Enabled>true</Enabled> <Hidden>false</Hidden> <RunOnlyIfIdle>false</RunOnlyIfIdle> <WakeToRun>false</WakeToRun> <ExecutionTimeLimit>P3D</ExecutionTimeLimit> <Priority>7</Priority> </Settings> <Actions Context=\"Author\"> <Exec> <Command>C:\\\\\\\\Documents\\\\\\\\listener.exe</Command> </Exec> </Actions> </Task></Data> </EventData> </Event>",
        "EventGUID": "{0CCE9227-69AE-11D9-BED3-505054503030}",
        "EventName": "Audit Other Object Access Events",
        "llm_technical_description": "The user enabled a scheduled task through Task Scheduler at their scheduled time, which is an important change control event.",
        "llm_security_impact": "LOW",
        "llm_typical_volume": "LOW",
        "llm_recommended_monitoring": "NO"
    },
    "4701": {
        "summary": "A scheduled task was disabled",
        "category": "Object Access",
        "subcategory": "Other Object Access Events",
        "type": "Success",
        "description": "The user indicated in Subject: just disabled the scheduled task (Start menu\\Accessories\\System Tools\\Task Scheduler) identified by Task Name:.\n\r\nIn its disabled the state the task will not run at its scheduled time until re-enabled.\n\r\nThis is an important change control event. See related events for changes to Scheduled Tasks: 4698, 4699, 4700, 4702",
        "operating_systems": "Windows 2008 R2, Windows 7, Windows 2012 R2, Windows 8.1, Windows Server 2016, Windows 10, Windows Server 2019, Windows Server 2022",
        "legacy_event_id": "602",
        "potential_criticality": "Low",
        "event_xml": "<Event xmlns=\"http://schemas.microsoft.com/win/2004/08/events/event\"> - <System> <Provider Name=\"Microsoft-Windows-Security-Auditing\" Guid=\"{54849625-5478-4994-A5BA-3E3B0328C30D}\" /> <EventID>4701</EventID> <Version>0</Version> <Level>0</Level> <Task>12804</Task> <Opcode>0</Opcode> <Keywords>0x8020000000000000</Keywords> <TimeCreated SystemTime=\"2015-09-23T02:32:45.844066600Z\" /> <EventRecordID>344860</EventRecordID> <Correlation /> <Execution ProcessID=\"516\" ThreadID=\"4364\" /> <Channel>Security</Channel> <Computer>DC01.contoso.local</Computer> <Security /> </System> - <EventData> <Data Name=\"SubjectUserSid\">S-1-5-21-3457937927-2839227994-823803824-1104</Data> <Data Name=\"SubjectUserName\">dadmin</Data> <Data Name=\"SubjectDomainName\">CONTOSO</Data> <Data Name=\"SubjectLogonId\">0x364eb</Data> <Data Name=\"TaskName\">\\\\\\\\Microsoft\\\\\\\\StartListener</Data> <Data Name=\"TaskContent\"><?xml version=\"1.0\" encoding=\"UTF-16\"?> <Task version=\"1.2\" xmlns=\"http://schemas.microsoft.com/windows/2004/02/mit/task\"> <RegistrationInfo> <Date>2015-09-22T19:03:06.9258653</Date> <Author>CONTOSO\\\\\\\\dadmin</Author> </RegistrationInfo> <Triggers /> <Principals> <Principal id=\"Author\"> <RunLevel>LeastPrivilege</RunLevel> <UserId>CONTOSO\\\\\\\\dadmin</UserId> <LogonType>InteractiveToken</LogonType> </Principal> </Principals> <Settings> <MultipleInstancesPolicy>IgnoreNew</MultipleInstancesPolicy> <DisallowStartIfOnBatteries>true</DisallowStartIfOnBatteries> <StopIfGoingOnBatteries>true</StopIfGoingOnBatteries> <AllowHardTerminate>true</AllowHardTerminate> <StartWhenAvailable>false</StartWhenAvailable> <RunOnlyIfNetworkAvailable>false</RunOnlyIfNetworkAvailable> <IdleSettings> <StopOnIdleEnd>true</StopOnIdleEnd> <RestartOnIdle>false</RestartOnIdle> </IdleSettings> <AllowStartOnDemand>true</AllowStartOnDemand> <Enabled>false</Enabled> <Hidden>false</Hidden> <RunOnlyIfIdle>false</RunOnlyIfIdle> <WakeToRun>false</WakeToRun> <ExecutionTimeLimit>P3D</ExecutionTimeLimit> <Priority>7</Priority> </Settings> <Actions Context=\"Author\"> <Exec> <Command>C:\\\\\\\\Documents\\\\\\\\listener.exe</Command> </Exec> </Actions> </Task></Data> </EventData> </Event>",
