        "EventGUID": "{0CCE923E-69AE-11D9-BED3-505054503030}",
        "EventName": "Audit Detailed Directory Service Replication",
        "llm_technical_description": "This event indicates that an Active Directory replica destination naming context has been modified under the Directory Service category. The modification pertains to the Detailed Directory Service Replication subcategory. While directory replication itself does not inherently pose a security risk, unusual or unauthorized changes could indicate potential tampering or misconfiguration.",
        "llm_security_impact": "LOW",
        "llm_typical_volume": "MEDIUM",
        "llm_recommended_monitoring": "YES"
    },
    "4932": {
        "summary": "Synchronization of a replica of an Active Directory naming context has begun",
        "category": "Directory Service",
        "subcategory": "Directory Service Replication",
        "type": "Success",
        "description": "Directory Service replication has little to no security relevance. I recommend disabling these 2 subcategories:",
        "operating_systems": "Windows 2008 R2, Windows 7, Windows 2012 R2, Windows 8.1, Windows Server 2016, Windows 10, Windows Server 2019, Windows Server 2022",
        "legacy_event_id": "",
        "potential_criticality": "Low",
        "event_xml": "<Event xmlns=\"http://schemas.microsoft.com/win/2004/08/events/event\"> - <System> <Provider Name=\"Microsoft-Windows-Security-Auditing\" Guid=\"{54849625-5478-4994-A5BA-3E3B0328C30D}\" /> <EventID>4932</EventID> <Version>0</Version> <Level>0</Level> <Task>14082</Task> <Opcode>0</Opcode> <Keywords>0x8020000000000000</Keywords> <TimeCreated SystemTime=\"2015-09-02T02:06:03.814642100Z\" /> <EventRecordID>413689</EventRecordID> <Correlation /> <Execution ProcessID=\"524\" ThreadID=\"276\" /> <Channel>Security</Channel> <Computer>DC01.contoso.local</Computer> <Security /> </System> - <EventData> <Data Name=\"DestinationDRA\">CN=NTDS Settings,CN=DC01,CN=Servers,CN=Default-First-Site-Name,CN=Sites,CN=Configuration,DC=contoso,DC=local</Data> <Data Name=\"SourceDRA\">CN=NTDS Settings,CN=WIN2012R2,CN=Servers,CN=Default-First-Site-Name,CN=Sites,CN=Configuration,DC=contoso,DC=local</Data> <Data Name=\"NamingContext\">CN=Schema,CN=Configuration,DC=contoso,DC=local</Data> <Data Name=\"Options\">2147483733</Data> <Data Name=\"SessionID\">48</Data> <Data Name=\"StartUSN\">20869</Data> </EventData> </Event>",
        "EventGUID": "{0CCE923D-69AE-11D9-BED3-505054503030}",
        "EventName": "Audit Directory Service Replication",
        "llm_technical_description": "The event indicates that synchronization of a replica of an Active Directory naming context has begun. This is typically performed during high-availability or disaster recovery scenarios, and while it is generally benign, it can be monitored to detect any unauthorized access or misconfigurations during the replication process.",
        "llm_security_impact": "LOW",
        "llm_typical_volume": "MEDIUM",
        "llm_recommended_monitoring": "YES"
    },
    "4933": {
        "summary": "Synchronization of a replica of an Active Directory naming context has ended",
        "category": "Directory Service",
        "subcategory": "Directory Service Replication",
        "type": "Success",
        "description": "Directory Service replication has little to no security relevance. I recommend disabling these 2 subcategories:",
        "operating_systems": "Windows 2008 R2, Windows 7, Windows 2012 R2, Windows 8.1, Windows Server 2016, Windows 10, Windows Server 2019, Windows Server 2022",
        "legacy_event_id": "",
        "potential_criticality": "Low",
        "event_xml": "<Event xmlns=\"http://schemas.microsoft.com/win/2004/08/events/event\"> - <System> <Provider Name=\"Microsoft-Windows-Security-Auditing\" Guid=\"{54849625-5478-4994-A5BA-3E3B0328C30D}\" /> <EventID>4933</EventID> <Version>0</Version> <Level>0</Level> <Task>14082</Task> <Opcode>0</Opcode> <Keywords>0x8010000000000000</Keywords> <TimeCreated SystemTime=\"2015-09-01T20:58:28.854735700Z\" /> <EventRecordID>413644</EventRecordID> <Correlation /> <Execution ProcessID=\"524\" ThreadID=\"2288\" /> <Channel>Security</Channel> <Computer>DC01.contoso.local</Computer> <Security /> </System> - <EventData> <Data Name=\"DestinationDRA\">CN=NTDS Settings,CN=DC01,CN=Servers,CN=Default-First-Site-Name,CN=Sites,CN=Configuration,DC=contoso,DC=local</Data> <Data Name=\"SourceDRA\">CN=NTDS Settings,CN=WIN2012R2,CN=Servers,CN=Default-First-Site-Name,CN=Sites,CN=Configuration,DC=contoso,DC=local</Data> <Data Name=\"NamingContext\">CN=Schema,CN=Configuration,DC=contoso,DC=local</Data> <Data Name=\"Options\">2147483733</Data> <Data Name=\"SessionID\">40</Data> <Data Name=\"EndUSN\">20869</Data> <Data Name=\"StatusCode\">1722</Data> </EventData> </Event>",
        "EventGUID": "{0CCE923D-69AE-11D9-BED3-505054503030}",
        "EventName": "Audit Directory Service Replication",
        "llm_technical_description": "The event indicates that a replicated Active Directory naming context has successfully synchronized with the primary server. This process typically involves replicating data across multiple servers for consistency and redundancy, though it can be resource-intensive depending on the amount of data and network conditions.",
        "llm_security_impact": "LOW",
        "llm_typical_volume": "LOW",
        "llm_recommended_monitoring": "NO"
    },
    "4934": {
        "summary": "Attributes of an Active Directory object were replicated",
        "category": "Directory Service",
        "subcategory": "Detailed Directory Service Replication",
        "type": "Success",
        "description": "",
        "operating_systems": "Windows 2008 R2, Windows 7, Windows 2012 R2, Windows 8.1, Windows Server 2016, Windows 10, Windows Server 2019, Windows Server 2022",
        "legacy_event_id": "",
        "potential_criticality": "Low",
        "event_xml": "",
        "EventGUID": "{0CCE923E-69AE-11D9-BED3-505054503030}",
        "EventName": "Audit Detailed Directory Service Replication",
        "llm_technical_description": "The event indicates that attributes of an Active Directory object were replicated as part of the Detailed Directory Service Replication process in a Windows environment. This could potentially expose sensitive information if not properly secured, leading to potential unauthorized access or data breaches.",
        "llm_security_impact": "HIGH",
        "llm_typical_volume": "LOW",
        "llm_recommended_monitoring": "YES"
    },
    "4935": {
        "summary": "Replication failure begins",
        "category": "Directory Service",
        "subcategory": "Detailed Directory Service Replication",
        "type": "Success",
        "description": "Directory Service replication has little to no security relevance. I recommend disabling these 2 subcategories:",
        "operating_systems": "Windows 2008 R2, Windows 7, Windows 2012 R2, Windows 8.1, Windows Server 2016, Windows 10, Windows Server 2019, Windows Server 2022",
        "legacy_event_id": "",
        "potential_criticality": "Low",
        "event_xml": "<Event xmlns=\"http://schemas.microsoft.com/win/2004/08/events/event\"> - <System> <Provider Name=\"Microsoft-Windows-Security-Auditing\" Guid=\"{54849625-5478-4994-A5BA-3E3B0328C30D}\" /> <EventID>4935</EventID> <Version>0</Version> <Level>0</Level> <Task>14083</Task> <Opcode>0</Opcode> <Keywords>0x8010000000000000</Keywords> <TimeCreated SystemTime=\"2015-08-27T18:54:48.758149800Z\" /> <EventRecordID>1552</EventRecordID> <Correlation /> <Execution ProcessID=\"504\" ThreadID=\"524\" /> <Channel>Security</Channel> <Computer>Win2012r2.contoso.local</Computer> <Security /> </System> - <EventData> <Data Name=\"ReplicationEvent\">1</Data> <Data Name=\"AuditStatusCode\">8419</Data> </EventData> </Event>",
        "EventGUID": "{0CCE923E-69AE-11D9-BED3-505054503030}",
        "EventName": "Audit Detailed Directory Service Replication",
        "llm_technical_description": "This event indicates a potential replication failure in the Directory Service, which can lead to inconsistencies across domain controllers. While this has little intrinsic security relevance, it's advisable to check for replication issues to ensure data consistency.",
        "llm_security_impact": "MEDIUM",
        "llm_typical_volume": "LOW",
        "llm_recommended_monitoring": "YES"
    },
    "4936": {
        "summary": "Replication failure ends",
        "category": "Directory Service",
        "subcategory": "Directory Service Replication",
        "type": "Success",
        "description": "Directory Service replication has little to no security relevance. I recommend disabling these 2 subcategories:",
        "operating_systems": "Windows 2008 R2, Windows 7, Windows 2012 R2, Windows 8.1, Windows Server 2016, Windows 10, Windows Server 2019, Windows Server 2022",
        "legacy_event_id": "",
        "potential_criticality": "Low",
        "event_xml": "",
        "EventGUID": "{0CCE923E-69AE-11D9-BED3-505054503030}",
        "EventName": "Audit Detailed Directory Service Replication",
        "llm_technical_description": "The event ID: 4936 indicates a replication failure in the Directory Service Replication subcategory. This could be due to misconfiguration or malicious activity attempting to exploit directory replication vulnerabilities, potentially exposing sensitive data or unauthorized access.",
        "llm_security_impact": "MEDIUM",
        "llm_typical_volume": "LOW",
        "llm_recommended_monitoring": "NO"
    },
    "4937": {
        "summary": "A lingering object was removed from a replica",
        "category": "Directory Service",
        "subcategory": "Directory Service Replication",
        "type": "Success",
        "description": "Directory Service replication has little to no security relevance. I recommend disabling these 2 subcategories:",
        "operating_systems": "Windows 2008 R2, Windows 7, Windows 2012 R2, Windows 8.1, Windows Server 2016, Windows 10, Windows Server 2019, Windows Server 2022",
        "legacy_event_id": "",
        "potential_criticality": "Low",
        "event_xml": "",
        "EventGUID": "{0CCE923E-69AE-11D9-BED3-505054503030}",
        "EventName": "Audit Detailed Directory Service Replication",
        "llm_technical_description": "The event indicates a removal of lingering objects from a directory replication. Directory Service Replication is typically not recommended due to potential performance and security concerns. The action suggests possible misconfiguration or unauthorized access attempts.",
        "llm_security_impact": "MEDIUM",
        "llm_typical_volume": "LOW",
        "llm_recommended_monitoring": "YES"
    },
    "4944": {
        "summary": "The following policy was active when the Windows Firewall started",
        "category": "Policy Change",
        "subcategory": "MPSSVC Rule-Level Policy Change",
        "type": "Success",
        "description": "This event is logged once each time Windows Firewall start which is usually at boot up. This event documents the high level policy settings in effect at the time of startup.",
        "operating_systems": "Windows 2008 R2, Windows 7, Windows 2012 R2, Windows 8.1, Windows Server 2016, Windows 10, Windows Server 2019, Windows Server 2022",
        "legacy_event_id": "",
        "potential_criticality": "Low",
        "event_xml": "<Event xmlns=\"http://schemas.microsoft.com/win/2004/08/events/event\"> - <System> <Provider Name=\"Microsoft-Windows-Security-Auditing\" Guid=\"{54849625-5478-4994-A5BA-3E3B0328C30D}\" /> <EventID>4944</EventID> <Version>0</Version> <Level>0</Level> <Task>13571</Task> <Opcode>0</Opcode> <Keywords>0x8020000000000000</Keywords> <TimeCreated SystemTime=\"2015-10-03T00:14:56.644728300Z\" /> <EventRecordID>1050808</EventRecordID> <Correlation /> <Execution ProcessID=\"500\" ThreadID=\"2216\" /> <Channel>Security</Channel> <Computer>DC01.contoso.local</Computer> <Security /> </System> - <EventData> <Data Name=\"GroupPolicyApplied\">No</Data> <Data Name=\"Profile\">Public</Data> <Data Name=\"OperationMode\">Off</Data> <Data Name=\"RemoteAdminEnabled\">Disabled</Data> <Data Name=\"MulticastFlowsEnabled\">Enabled</Data> <Data Name=\"LogDroppedPacketsEnabled\">Disabled</Data> <Data Name=\"LogSuccessfulConnectionsEnabled\">Disabled</Data> </EventData> </Event>",
        "EventGUID": "{0CCE9232-69AE-11D9-BED3-505054503030}",
        "EventName": "Audit MPSSVC Rule-Level Policy Change",
        "llm_technical_description": "The event indicates a policy change in the Windows Firewall at startup, which typically occurs during system boot. This event logs changes to high-level firewall settings such as enabled rules or exceptions.",
        "llm_security_impact": "MEDIUM",
        "llm_typical_volume": "LOW",
        "llm_recommended_monitoring": "YES"
    },
    "4945": {
        "summary": "A rule was listed when the Windows Firewall started",
        "category": "Policy Change",
        "subcategory": "MPSSVC Rule-Level Policy Change",
        "type": "Success",
        "description": "This event is logged aproximately 1.7 bazillion times everytime Windows Firewall starts which results in a full record of all rules that were in place at the time Windows Firewall started. \n\r\nThese rules are defined in Group Policy and in the Windows Firewall with Advanced Services MMC console.",
        "operating_systems": "Windows 2008 R2, Windows 7, Windows 2012 R2, Windows 8.1, Windows Server 2016, Windows 10, Windows Server 2019, Windows Server 2022",
        "legacy_event_id": "",
        "potential_criticality": "Low",
        "event_xml": "<Event xmlns=\"http://schemas.microsoft.com/win/2004/08/events/event\"> - <System> <Provider Name=\"Microsoft-Windows-Security-Auditing\" Guid=\"{54849625-5478-4994-A5BA-3E3B0328C30D}\" /> <EventID>4945</EventID> <Version>0</Version> <Level>0</Level> <Task>13571</Task> <Opcode>0</Opcode> <Keywords>0x8020000000000000</Keywords> <TimeCreated SystemTime=\"2015-10-02T23:48:27.535295100Z\" /> <EventRecordID>1049946</EventRecordID> <Correlation /> <Execution ProcessID=\"500\" ThreadID=\"4744\" /> <Channel>Security</Channel> <Computer>DC01.contoso.local</Computer> <Security /> </System> - <EventData> <Data Name=\"ProfileUsed\">Public</Data> <Data Name=\"RuleId\">NPS-NPSSvc-In-RPC</Data> <Data Name=\"RuleName\">Network Policy Server (RPC)</Data> </EventData> </Event>",
        "EventGUID": "{0CCE9232-69AE-11D9-BED3-505054503030}",
        "EventName": "Audit MPSSVC Rule-Level Policy Change",
        "llm_technical_description": "This event occurs when the Windows Firewall starts and logs all rule changes that were active at startup. The high frequency of this event (approximately 1.7 bazillion times) can overwhelm monitoring systems, potentially masking other critical events.",
        "llm_security_impact": "LOW",
        "llm_typical_volume": "HIGH",
        "llm_recommended_monitoring": "YES"
    },
    "4946": {
        "summary": "A change has been made to Windows Firewall exception list. A rule was added",
        "category": "Policy Change",
        "subcategory": "MPSSVC Rule-Level Policy Change",
        "type": "Success",
        "description": "Exceptions define traffic that bypasses other Windows Firewall rules.",
        "operating_systems": "Windows 2008 R2, Windows 7, Windows 2012 R2, Windows 8.1, Windows Server 2016, Windows 10, Windows Server 2019, Windows Server 2022",
        "legacy_event_id": "",
        "potential_criticality": "Low",
        "event_xml": "<Event xmlns=\"http://schemas.microsoft.com/win/2004/08/events/event\"> - <System> <Provider Name=\"Microsoft-Windows-Security-Auditing\" Guid=\"{54849625-5478-4994-A5BA-3E3B0328C30D}\" /> <EventID>4946</EventID> <Version>0</Version> <Level>0</Level> <Task>13571</Task> <Opcode>0</Opcode> <Keywords>0x8020000000000000</Keywords> <TimeCreated SystemTime=\"2015-10-03T20:05:42.078367200Z\" /> <EventRecordID>1050893</EventRecordID> <Correlation /> <Execution ProcessID=\"500\" ThreadID=\"528\" /> <Channel>Security</Channel> <Computer>DC01.contoso.local</Computer> <Security /> </System> - <EventData> <Data Name=\"ProfileChanged\">All</Data> <Data Name=\"RuleId\">{F2649D59-1355-4E3C-B886-CDD08B683199}</Data> <Data Name=\"RuleName\">Allow All Rule</Data> </EventData> </Event>",
        "EventGUID": "{0CCE9232-69AE-11D9-BED3-505054503030}",
        "EventName": "Audit MPSSVC Rule-Level Policy Change",
        "llm_technical_description": "An exception was added to the Windows Firewall policy list in the MPSSVC category, which defines traffic that bypasses other firewall rules. This could potentially allow unauthorized access or traffic that is otherwise restricted by other firewall policies.",
        "llm_security_impact": "HIGH",
        "llm_typical_volume": "MEDIUM",
        "llm_recommended_monitoring": "YES"
    },
    "4947": {
        "summary": "A change has been made to Windows Firewall exception list. A rule was modified",
        "category": "Policy Change",
        "subcategory": "MPSSVC Rule-Level Policy Change",
        "type": "Success",
        "description": "Exceptions define traffic that bypasses other Windows Firewall rules.\n\r\nProfile Changed: Domain, Private, Public, All",
        "operating_systems": "Windows 2008 R2, Windows 7, Windows 2012 R2, Windows 8.1, Windows Server 2016, Windows 10, Windows Server 2019, Windows Server 2022",
        "legacy_event_id": "",
        "potential_criticality": "Low",
        "event_xml": "<Event xmlns=\"http://schemas.microsoft.com/win/2004/08/events/event\"> - <System> <Provider Name=\"Microsoft-Windows-Security-Auditing\" Guid=\"{54849625-5478-4994-A5BA-3E3B0328C30D}\" /> <EventID>4947</EventID> <Version>0</Version> <Level>0</Level> <Task>13571</Task> <Opcode>0</Opcode> <Keywords>0x8020000000000000</Keywords> <TimeCreated SystemTime=\"2015-10-03T20:27:22.485152000Z\" /> <EventRecordID>1050908</EventRecordID> <Correlation /> <Execution ProcessID=\"500\" ThreadID=\"3796\" /> <Channel>Security</Channel> <Computer>DC01.contoso.local</Computer> <Security /> </System> - <EventData> <Data Name=\"ProfileChanged\">All</Data> <Data Name=\"RuleId\">{F2649D59-1355-4E3C-B886-CDD08B683199}</Data> <Data Name=\"RuleName\">Allow All Rule</Data> </EventData> </Event>",
        "EventGUID": "{0CCE9232-69AE-11D9-BED3-505054503030}",
        "EventName": "Audit MPSSVC Rule-Level Policy Change",
        "llm_technical_description": "The event indicates a modification to an exception in the Windows Firewall MPSSVC rule list, which affects traffic bypasses. This could be done to circumvent other firewall rules or to test system boundaries.",
        "llm_security_impact": "MEDIUM",
        "llm_typical_volume": "MEDIUM",
        "llm_recommended_monitoring": "NO"
    },
    "4948": {
        "summary": "A change has been made to Windows Firewall exception list. A rule was deleted",
        "category": "Policy Change",
        "subcategory": "MPSSVC Rule-Level Policy Change",
        "type": "Success",
        "description": "A change was made via the Windows Firewall with Advanced Services MMC console.",
        "operating_systems": "Windows 2008 R2, Windows 7, Windows 2012 R2, Windows 8.1, Windows Server 2016, Windows 10, Windows Server 2019, Windows Server 2022",
        "legacy_event_id": "",
        "potential_criticality": "Low",
        "event_xml": "<Event xmlns=\"http://schemas.microsoft.com/win/2004/08/events/event\"> - <System> <Provider Name=\"Microsoft-Windows-Security-Auditing\" Guid=\"{54849625-5478-4994-A5BA-3E3B0328C30D}\" /> <EventID>4948</EventID> <Version>0</Version> <Level>0</Level> <Task>13571</Task> <Opcode>0</Opcode> <Keywords>0x8020000000000000</Keywords> <TimeCreated SystemTime=\"2015-10-03T21:19:15.646187500Z\" /> <EventRecordID>1050934</EventRecordID> <Correlation /> <Execution ProcessID=\"500\" ThreadID=\"528\" /> <Channel>Security</Channel> <Computer>DC01.contoso.local</Computer> <Security /> </System> - <EventData> <Data Name=\"ProfileChanged\">All</Data> <Data Name=\"RuleId\">{F2649D59-1355-4E3C-B886-CDD08B683199}</Data> <Data Name=\"RuleName\">Allow All Rule</Data> </EventData> </Event>",
        "EventGUID": "{0CCE9232-69AE-11D9-BED3-505054503030}",
        "EventName": "Audit MPSSVC Rule-Level Policy Change",
        "llm_technical_description": "An exception list policy was modified by deleting an existing rule on Windows Firewall with Advanced Services MMC console. This could indicate a legitimate system configuration change or potentially malicious behavior if the deleted rule was part of an attack vector.",
        "llm_security_impact": "LOW",
        "llm_typical_volume": "MEDIUM",
        "llm_recommended_monitoring": "YES"
    },
    "4949": {
        "summary": "Windows Firewall settings were restored to the default values",
        "category": "Policy Change",
        "subcategory": "MPSSVC Rule-Level Policy Change",
        "type": "Success",
        "description": "self explanatory",
        "operating_systems": "Windows 2008 R2, Windows 7, Windows 2012 R2, Windows 8.1, Windows Server 2016, Windows 10, Windows Server 2019, Windows Server 2022",
        "legacy_event_id": "",
        "potential_criticality": "Low",
        "event_xml": "<Event xmlns=\"http://schemas.microsoft.com/win/2004/08/events/event\"> - <System> <Provider Name=\"Microsoft-Windows-Security-Auditing\" Guid=\"{54849625-5478-4994-A5BA-3E3B0328C30D}\" /> <EventID>4949</EventID> <Version>0</Version> <Level>0</Level> <Task>13571</Task> <Opcode>0</Opcode> <Keywords>0x8020000000000000</Keywords> <TimeCreated SystemTime=\"2015-10-02T23:38:28.804003300Z\" /> <EventRecordID>1049926</EventRecordID> <Correlation /> <Execution ProcessID=\"500\" ThreadID=\"3768\" /> <Channel>Security</Channel> <Computer>DC01.contoso.local</Computer> <Security /> </System> <EventData /> </Event>",
        "EventGUID": "{0CCE9232-69AE-11D9-BED3-505054503030}",
        "EventName": "Audit MPSSVC Rule-Level Policy Change",
        "llm_technical_description": "The event indicates that Windows Firewall settings were restored to their default values, which may suggest an attempt by an attacker to revert legitimate configuration changes or erase evidence of past compromise. This could be part of a larger attack surface where the attacker is trying to hide their tracks or reset system configurations after gaining unauthorized access.",
        "llm_security_impact": "MEDIUM",
        "llm_typical_volume": "MEDIUM",
        "llm_recommended_monitoring": "YES"
    },
    "4950": {
        "summary": "A Windows Firewall setting has changed",
        "category": "Policy Change",
        "subcategory": "MPSSVC Rule-Level Policy Change",
        "type": "Success",
        "description": "A change was made via the Windows Firewall with Advanced Services MMC console.",
        "operating_systems": "Windows 2008 R2, Windows 7, Windows 2012 R2, Windows 8.1, Windows Server 2016, Windows 10, Windows Server 2019, Windows Server 2022",
        "legacy_event_id": "",
        "potential_criticality": "Low",
        "event_xml": "<Event xmlns=\"http://schemas.microsoft.com/win/2004/08/events/event\"> - <System> <Provider Name=\"Microsoft-Windows-Security-Auditing\" Guid=\"{54849625-5478-4994-A5BA-3E3B0328C30D}\" /> <EventID>4950</EventID> <Version>0</Version> <Level>0</Level> <Task>13571</Task> <Opcode>0</Opcode> <Keywords>0x8020000000000000</Keywords> <TimeCreated SystemTime=\"2015-10-03T21:38:08.086908400Z\" /> <EventRecordID>1050944</EventRecordID> <Correlation /> <Execution ProcessID=\"500\" ThreadID=\"924\" /> <Channel>Security</Channel> <Computer>DC01.contoso.local</Computer> <Security /> </System> - <EventData> <Data Name=\"ProfileChanged\">Domain</Data> <Data Name=\"SettingType\">Default Outbound Action</Data> <Data Name=\"SettingValue\">Block</Data> </EventData> </Event>",
        "EventGUID": "{0CCE9232-69AE-11D9-BED3-505054503030}",
        "EventName": "Audit MPSSVC Rule-Level Policy Change",
        "llm_technical_description": "The Windows Firewall with Advanced Services MMC console has modified a policy setting in the MPSSVC rule-level category, which pertains to Microsoft Plug-in Server Services Component policies. This could include changes related to service availability, logging, or other system operational settings.",
        "llm_security_impact": "MEDIUM",
        "llm_typical_volume": "MEDIUM",
        "llm_recommended_monitoring": "YES"
    },
    "4951": {
        "summary": "A rule has been ignored because its major version number was not recognized by Windows Firewall",
        "category": "Policy Change",
        "subcategory": "MPSSVC Rule-Level Policy Change",
        "type": "Success",
        "description": "",
        "operating_systems": "Windows 2008 R2, Windows 7, Windows 2012 R2, Windows 8.1, Windows Server 2016, Windows 10, Windows Server 2019, Windows Server 2022",
        "legacy_event_id": "",
        "potential_criticality": "Low",
        "event_xml": "<Event xmlns=\"http://schemas.microsoft.com/win/2004/08/events/event\"> - <System> <Provider Name=\"Microsoft-Windows-Security-Auditing\" Guid=\"{54849625-5478-4994-A5BA-3E3B0328C30D}\" /> <EventID>4951</EventID> <Version>0</Version> <Level>0</Level> <Task>13571</Task> <Opcode>0</Opcode> <Keywords>0x8010000000000000</Keywords> <TimeCreated SystemTime=\"2015-10-07T21:49:06.951537900Z\" /> <EventRecordID>1052309</EventRecordID> <Correlation /> <Execution ProcessID=\"524\" ThreadID=\"556\" /> <Channel>Security</Channel> <Computer>DC01.contoso.local</Computer> <Security /> </System> - <EventData> <Data Name=\"Profile\">All</Data> <Data Name=\"RuleId\">{08CBB349-D158-46BE-81E1-2ABC59BDD523}</Data> <Data Name=\"RuleName\">-</Data> </EventData> </Event>",
        "EventGUID": "{0CCE9232-69AE-11D9-BED3-505054503030}",
        "EventName": "Audit MPSSVC Rule-Level Policy Change",
        "llm_technical_description": "A policy rule was ignored because its major version number wasn't recognized by Windows Firewall. This could indicate a misconfiguration where an application or service is running with policies that are incompatible due to version mismatches, which might occur if the policy versioning isn't properly managed.",
        "llm_security_impact": "LOW",
        "llm_typical_volume": "LOW",
        "llm_recommended_monitoring": "NO"
    },
    "4952": {
        "summary": "Parts of a rule have been ignored because its minor version number was not recognized by Windows Firewall",
        "category": "Policy Change",
        "subcategory": "MPSSVC Rule-Level Policy Change",
        "type": "Success",
        "description": "",
        "operating_systems": "Windows 2008 R2, Windows 7, Windows 2012 R2, Windows 8.1, Windows Server 2016, Windows 10, Windows Server 2019, Windows Server 2022",
        "legacy_event_id": "",
        "potential_criticality": "Low",
        "event_xml": "",
        "EventGUID": "{0CCE9232-69AE-11D9-BED3-505054503030}",
        "EventName": "Audit MPSSVC Rule-Level Policy Change",
        "llm_technical_description": "The event indicates that Windows Firewall ignored parts of a policy rule due to an incomplete version number check (only major version specified). This could allow bypassed rule enforcement, potentially evading legitimate or system-wide policies.",
        "llm_security_impact": "LOW",
        "llm_typical_volume": "MEDIUM",
        "llm_recommended_monitoring": "YES"
    },
    "4953": {
        "summary": "A rule has been ignored by Windows Firewall because it could not parse the rule",
        "category": "Uncategorized",
        "subcategory": "Subcategory could not be determined",
        "type": "Success",
        "description": "I haven't been able to produce this event. Have you? If so, please start a discussion (see above) and post a sample along with any comments you may have! Don't forget to sanitize any private information",
        "operating_systems": "Windows 2008 R2, Windows 7, Windows 2012 R2, Windows 8.1, Windows Server 2016, Windows 10, Windows Server 2019, Windows Server 2022",
        "legacy_event_id": "",
        "potential_criticality": "Low",
        "event_xml": "<Event xmlns=\"http://schemas.microsoft.com/win/2004/08/events/event\"> - <System> <Provider Name=\"Microsoft-Windows-Security-Auditing\" Guid=\"{54849625-5478-4994-A5BA-3E3B0328C30D}\" /> <EventID>4953</EventID> <Version>0</Version> <Level>0</Level> <Task>13571</Task> <Opcode>0</Opcode> <Keywords>0x8010000000000000</Keywords> <TimeCreated SystemTime=\"2015-10-07T22:03:40.261507200Z\" /> <EventRecordID>1052340</EventRecordID> <Correlation /> <Execution ProcessID=\"524\" ThreadID=\"5088\" /> <Channel>Security</Channel> <Computer>DC01.contoso.local</Computer> <Security /> </System> - <EventData> <Data Name=\"Profile\">All</Data> <Data Name=\"ReasonForRejection\">An error occurred.</Data> <Data Name=\"RuleId\">{08CBB349-D158-46BE-81E1-2ABC59BDD523}</Data> <Data Name=\"RuleName\">-</Data> </EventData> </Event>",
        "EventGUID": "{0CCE9232-69AE-11D9-BED3-505054503030}",
        "EventName": "Audit MPSSVC Rule-Level Policy Change",
        "llm_technical_description": "The event indicates that Windows Firewall encountered an issue parsing a rule configuration. This could imply misconfiguration or unauthorized attempt to bypass security rules, which might be indicative of malicious activity if intentional.",
        "llm_security_impact": "LOW",
        "llm_typical_volume": "MEDIUM",
        "llm_recommended_monitoring": "YES"
    },
    "4954": {
        "summary": "Windows Firewall Group Policy settings has changed. The new settings have been applied",
        "category": "Policy Change",
        "subcategory": "MPSSVC Rule-Level Policy Change",
        "type": "Success",
        "description": "This event is logged whenever group policy is refreshed and a change in the RSOP (resultant set of policy) of Windows Firewall policies is detected.",
        "operating_systems": "Windows 2008 R2, Windows 7, Windows 2012 R2, Windows 8.1, Windows Server 2016, Windows 10, Windows Server 2019, Windows Server 2022",
        "legacy_event_id": "",
        "potential_criticality": "Low",
        "event_xml": "<Event xmlns=\"http://schemas.microsoft.com/win/2004/08/events/event\"> - <System> <Provider Name=\"Microsoft-Windows-Security-Auditing\" Guid=\"{54849625-5478-4994-A5BA-3E3B0328C30D}\" /> <EventID>4954</EventID> <Version>0</Version> <Level>0</Level> <Task>13571</Task> <Opcode>0</Opcode> <Keywords>0x8020000000000000</Keywords> <TimeCreated SystemTime=\"2015-10-02T23:13:14.527924800Z\" /> <EventRecordID>1049893</EventRecordID> <Correlation /> <Execution ProcessID=\"500\" ThreadID=\"2284\" /> <Channel>Security</Channel> <Computer>DC01.contoso.local</Computer> <Security /> </System> <EventData /> </Event>",
        "EventGUID": "{0CCE9232-69AE-11D9-BED3-505054503030}",
        "EventName": "Audit MPSSVC Rule-Level Policy Change",
        "llm_technical_description": "The Windows Firewall Group Policy has been changed, specifically affecting the MPSSVC Rule-Level Policy with RSOP detected. This event indicates a policy refresh or modification in Windows Firewall, which could be for legitimate reasons or malicious intent such as introducing unauthorized access policies.",
        "llm_security_impact": "HIGH",
        "llm_typical_volume": "MEDIUM",
        "llm_recommended_monitoring": "YES"
    },
    "4956": {
        "summary": "Windows Firewall has changed the active profile",
        "category": "Policy Change",
        "subcategory": "MPSSVC Rule-Level Policy Change",
        "type": "Success",
        "description": "This event is logged whenever Windows Firewall switches between Domain and Public profiles.\n\r\nYou will usually see this event whenever Windows Firewall starts up since it starts out in Public and then after initialization switches to Domain if appropriate.",
        "operating_systems": "Windows 2008 R2, Windows 7, Windows 2012 R2, Windows 8.1, Windows Server 2016, Windows 10, Windows Server 2019, Windows Server 2022",
        "legacy_event_id": "",
        "potential_criticality": "Low",
        "event_xml": "<Event xmlns=\"http://schemas.microsoft.com/win/2004/08/events/event\"> - <System> <Provider Name=\"Microsoft-Windows-Security-Auditing\" Guid=\"{54849625-5478-4994-A5BA-3E3B0328C30D}\" /> <EventID>4956</EventID> <Version>0</Version> <Level>0</Level> <Task>13571</Task> <Opcode>0</Opcode> <Keywords>0x8020000000000000</Keywords> <TimeCreated SystemTime=\"2015-10-03T00:14:56.676017600Z\" /> <EventRecordID>1050811</EventRecordID> <Correlation /> <Execution ProcessID=\"500\" ThreadID=\"2216\" /> <Channel>Security</Channel> <Computer>DC01.contoso.local</Computer> <Security /> </System> - <EventData> <Data Name=\"ActiveProfile\">Domain</Data> </EventData> </Event>",
        "EventGUID": "{0CCE9232-69AE-11D9-BED3-505054503030}",
        "EventName": "Audit MPSSVC Rule-Level Policy Change",
        "llm_technical_description": "The event indicates that Windows Firewall has changed the active profile from Public to Domain. This is a normal system behavior triggered automatically when the system boots up, especially after an initial setup where Public is the default profile.",
        "llm_security_impact": "MEDIUM",
        "llm_typical_volume": "HIGH",
        "llm_recommended_monitoring": "YES"
    },
    "4957": {
        "summary": "Windows Firewall did not apply the following rule",
        "category": "Policy Change",
        "subcategory": "MPSSVC Rule-Level Policy Change",
        "type": "Failure",
        "description": "I routinely see this event logged throughout the day for Teredo and ICMP related rules. \n\r\nThese rules are defined in Group Policy and in the Windows Firewall with Advanced Services MMC console.",
        "operating_systems": "Windows 2008 R2, Windows 7, Windows 2012 R2, Windows 8.1, Windows Server 2016, Windows 10, Windows Server 2019, Windows Server 2022",
        "legacy_event_id": "",
        "potential_criticality": "Low",
        "event_xml": "<Event xmlns=\"http://schemas.microsoft.com/win/2004/08/events/event\"> - <System> <Provider Name=\"Microsoft-Windows-Security-Auditing\" Guid=\"{54849625-5478-4994-A5BA-3E3B0328C30D}\" /> <EventID>4957</EventID> <Version>0</Version> <Level>0</Level> <Task>13571</Task> <Opcode>0</Opcode> <Keywords>0x8010000000000000</Keywords> <TimeCreated SystemTime=\"2015-10-02T23:13:14.496678500Z\" /> <EventRecordID>1049892</EventRecordID> <Correlation /> <Execution ProcessID=\"500\" ThreadID=\"2284\" /> <Channel>Security</Channel> <Computer>DC01.contoso.local</Computer> <Security /> </System> - <EventData> <Data Name=\"RuleId\">CoreNet-Teredo-In</Data> <Data Name=\"RuleName\">Core Networking - Teredo (UDP-In)</Data> <Data Name=\"RuleAttr\">Local Port</Data> </EventData> </Event>",
        "EventGUID": "{0CCE9232-69AE-11D9-BED3-505054503030}",
        "EventName": "Audit MPSSVC Rule-Level Policy Change",
        "llm_technical_description": "This event indicates that Windows Firewall did not apply a rule change at MPSSVC level. Teredo and ICMP rules were defined in Group Policy and the Windows Firewall with Advanced Services MMC console. The consistent occurrence throughout the day suggests potential policy misconfiguration or intentional bypass attempts by attackers to exploit misconfigured services.",
        "llm_security_impact": "MEDIUM",
        "llm_typical_volume": "LOW",
        "llm_recommended_monitoring": "YES"
    },
    "4958": {
        "summary": "Windows Firewall did not apply the following rule because the rule referred to items not configured on this computer",
        "category": "Policy Change",
        "subcategory": "MPSSVC Rule-Level Policy Change",
        "type": "Success",
        "description": "",
        "operating_systems": "Windows 2008 R2, Windows 7, Windows 2012 R2, Windows 8.1, Windows Server 2016, Windows 10, Windows Server 2019, Windows Server 2022",
        "legacy_event_id": "",
        "potential_criticality": "Low",
        "event_xml": "",
        "EventGUID": "{0CCE9232-69AE-11D9-BED3-505054503030}",
        "EventName": "Audit MPSSVC Rule-Level Policy Change",
        "llm_technical_description": "This event indicates that Windows Firewall failed to apply a configured rule because certain items were not properly configured on the system. This is likely due to misconfiguration, new service installations, or other setup issues common during initial system configuration.",
        "llm_security_impact": "LOW",
        "llm_typical_volume": "MEDIUM",
        "llm_recommended_monitoring": "NO"
    },
    "4960": {
        "summary": "IPsec dropped an inbound packet that failed an integrity check",
        "category": "Uncategorized",
        "subcategory": "Subcategory could not be determined",
        "type": "Success",
        "description": "",
        "operating_systems": "Windows 2008 R2, Windows 7, Windows 2012 R2, Windows 8.1, Windows Server 2016, Windows 10, Windows Server 2019, Windows Server 2022",
        "legacy_event_id": "",
        "potential_criticality": "Medium",
        "event_xml": "",
        "EventGUID": "{0CCE9213-69AE-11D9-BED3-505054503030}",
        "EventName": "Audit IPsec Driver",
        "llm_technical_description": "The IPsec dropped packet integrity check failure indicates a potential network security issue. This event suggests either network corruption or exploratory activities by an attacker trying to identify vulnerabilities.",
        "llm_security_impact": "MEDIUM",
        "llm_typical_volume": "LOW",
        "llm_recommended_monitoring": "YES"
    },
    "4961": {
        "summary": "IPsec dropped an inbound packet that failed a replay check",
        "category": "Uncategorized",
        "subcategory": "Subcategory could not be determined",
        "type": "Success",
        "description": "",
        "operating_systems": "Windows 2008 R2, Windows 7, Windows 2012 R2, Windows 8.1, Windows Server 2016, Windows 10, Windows Server 2019, Windows Server 2022",
        "legacy_event_id": "",
        "potential_criticality": "Medium",
        "event_xml": "",
        "EventGUID": "{0CCE9213-69AE-11D9-BED3-505054503030}",
        "EventName": "Audit IPsec Driver",
        "llm_technical_description": "An IPsec packet was dropped due to a failed replay check, indicating potential replay protection issues or active attacks such as DDoS. This event may suggest misconfigurations or malicious attempts to bypass security.",
        "llm_security_impact": "MEDIUM",
        "llm_typical_volume": "MEDIUM",
        "llm_recommended_monitoring": "YES"
    },
    "4962": {
        "summary": "IPsec dropped an inbound packet that failed a replay check",
        "category": "Uncategorized",
        "subcategory": "Subcategory could not be determined",
        "type": "Success",
        "description": "",
        "operating_systems": "Windows 2008 R2, Windows 7, Windows 2012 R2, Windows 8.1, Windows Server 2016, Windows 10, Windows Server 2019, Windows Server 2022",
        "legacy_event_id": "",
        "potential_criticality": "Medium",
        "event_xml": "",
        "EventGUID": "{0CCE9213-69AE-11D9-BED3-505054503030}",
        "EventName": "Audit IPsec Driver",
        "llm_technical_description": "The event indicates that an IPsec packet was dropped during transmission because the replay check failed. This could suggest malicious activity such as a man-in-the-middle attack or spoofing attempt where the source's identity was impersonated.",
        "llm_security_impact": "MEDIUM",
        "llm_typical_volume": "MEDIUM",
        "llm_recommended_monitoring": "YES"
    },
    "4963": {
        "summary": "IPsec dropped an inbound clear text packet that should have been secured",
        "category": "Uncategorized",
        "subcategory": "Subcategory could not be determined",
        "type": "Success",
        "description": "",
        "operating_systems": "Windows 2008 R2, Windows 7, Windows 2012 R2, Windows 8.1, Windows Server 2016, Windows 10, Windows Server 2019, Windows Server 2022",
        "legacy_event_id": "",
        "potential_criticality": "Medium",
        "event_xml": "",
        "EventGUID": "{0CCE9213-69AE-11D9-BED3-505054503030}",
        "EventName": "Audit IPsec Driver",
        "llm_technical_description": "The IPsec event indicates that an inbound clear text packet was dropped despite being secured. This could imply malicious activity such as an attempt to bypass security measures or a denial-of-service attack targeting encrypted communications.",
        "llm_security_impact": "MEDIUM",
        "llm_typical_volume": "LOW",
        "llm_recommended_monitoring": "YES"
    },
    "4964": {
        "summary": "Special groups have been assigned to a new logon",
        "category": "Logon/Logoff",
        "subcategory": "Special Logon",
        "type": "Success",
        "description": "For this event to be produced, auditing for SpecialGroups must first be set up. See Event 4908 for setup.",
        "operating_systems": "Windows 2008 R2, Windows 7, Windows 2012 R2, Windows 8.1, Windows Server 2016, Windows 10, Windows Server 2019, Windows Server 2022",
        "legacy_event_id": "",
        "potential_criticality": "High",
        "event_xml": "<Event xmlns=\"http://schemas.microsoft.com/win/2004/08/events/event\"> - <System> <Provider Name=\"Microsoft-Windows-Security-Auditing\" Guid=\"{54849625-5478-4994-A5BA-3E3B0328C30D}\" /> <EventID>4964</EventID> <Version>0</Version> <Level>0</Level> <Task>12548</Task> <Opcode>0</Opcode> <Keywords>0x8020000000000000</Keywords> <TimeCreated SystemTime=\"2015-09-11T02:25:16.236443300Z\" /> <EventRecordID>238923</EventRecordID> <Correlation /> <Execution ProcessID=\"504\" ThreadID=\"5008\" /> <Channel>Security</Channel> <Computer>DC01.contoso.local</Computer> <Security /> </System> - <EventData> <Data Name=\"SubjectUserSid\">S-1-5-21-3457937927-2839227994-823803824-1104</Data> <Data Name=\"SubjectUserName\">dadmin</Data> <Data Name=\"SubjectDomainName\">CONTOSO</Data> <Data Name=\"SubjectLogonId\">0xd972e</Data> <Data Name=\"LogonGuid\">{00000000-0000-0000-0000-000000000000}</Data> <Data Name=\"TargetUserSid\">S-1-5-21-3457937927-2839227994-823803824-500</Data> <Data Name=\"TargetUserName\">ladmin</Data> <Data Name=\"TargetDomainName\">CONTOSO</Data> <Data Name=\"TargetLogonId\">0x139faf</Data> <Data Name=\"TargetLogonGuid\">{B03B6192-09AE-E77F-DD10-2DC430766040}</Data> <Data Name=\"SidList\">%{S-1-5-21-3457937927-2839227994-823803824-512}</Data> </EventData> </Event>",
