        "EventGUID": "{0CCE921B-69AE-11D9-BED3-505054503030}",
        "EventName": "Audit Special Logon",
        "llm_technical_description": "This event indicates that an attempt has been made to authenticate with a Special Group in Windows. Such events typically occur when there is a configuration involving Special Groups, possibly indicating unauthorized access or misconfiguration.",
        "llm_security_impact": "MEDIUM",
        "llm_typical_volume": "LOW",
        "llm_recommended_monitoring": "YES"
    },
    "4965": {
        "summary": "IPsec received a packet from a remote computer with an incorrect Security Parameter Index (SPI).",
        "category": "Uncategorized",
        "subcategory": "Subcategory could not be determined",
        "type": "Success",
        "description": "",
        "operating_systems": "Windows 2008 R2, Windows 7, Windows 2012 R2, Windows 8.1, Windows Server 2016, Windows 10, Windows Server 2019, Windows Server 2022",
        "legacy_event_id": "",
        "potential_criticality": "Medium",
        "event_xml": "",
        "EventGUID": "{0CCE9213-69AE-11D9-BED3-505054503030}",
        "EventName": "Audit IPsec Driver",
        "llm_technical_description": "This event indicates a potential tampering attempt in an IPsec communication as the received packet contains an incorrect Security Parameter Index (SPI). This could be indicative of malicious activity, such as data tampering or unauthorized network access. The event should be investigated to ensure the integrity and security of the communication.",
        "llm_security_impact": "HIGH",
        "llm_typical_volume": "MEDIUM",
        "llm_recommended_monitoring": "YES"
    },
    "4976": {
        "summary": "During Main Mode negotiation, IPsec received an invalid negotiation packet.",
        "category": "Logon/Logoff",
        "subcategory": "IPsec Main Mode",
        "type": "Success",
        "description": "",
        "operating_systems": "Windows 2008 R2, Windows 7, Windows 2012 R2, Windows 8.1, Windows Server 2016, Windows 10, Windows Server 2019, Windows Server 2022",
        "legacy_event_id": "",
        "potential_criticality": "Medium",
        "event_xml": "",
        "EventGUID": "{0CCE9218-69AE-11D9-BED3-505054503030}",
        "EventName": "Audit IPsec Main Mode",
        "llm_technical_description": "The event indicates that during the Main Mode negotiation in IPsec, an invalid received packet was detected. This could be indicative of a Denial of Service (DoS) attack where an attacker attempts to disrupt communication by sending malformed packets. The presence of an invalid packet suggests potential disruption or disruption attempt on the secure tunnel.",
        "llm_security_impact": "HIGH",
        "llm_typical_volume": "HIGH",
        "llm_recommended_monitoring": "YES"
    },
    "4977": {
        "summary": "During Quick Mode negotiation, IPsec received an invalid negotiation packet.",
        "category": "Logon/Logoff",
        "subcategory": "IPsec Quick Mode",
        "type": "Success",
        "description": "",
        "operating_systems": "Windows 2008 R2, Windows 7, Windows 2012 R2, Windows 8.1, Windows Server 2016, Windows 10, Windows Server 2019, Windows Server 2022",
        "legacy_event_id": "",
        "potential_criticality": "Medium",
        "event_xml": "",
        "EventGUID": "{0CCE9219-69AE-11D9-BED3-505054503030}",
        "EventName": "Audit IPsec Quick Mode",
        "llm_technical_description": "The event indicates an invalid negotiation packet during IPsec Quick Mode, which may suggest compromised keys or misconfigurations. This is typically related to secure communication setup issues between devices.",
        "llm_security_impact": "LOW",
        "llm_typical_volume": "LOW",
        "llm_recommended_monitoring": "NO"
    },
    "4978": {
        "summary": "During Extended Mode negotiation, IPsec received an invalid negotiation packet.",
        "category": "Logon/Logoff",
        "subcategory": "IPsec Extended Mode",
        "type": "Success",
        "description": "",
        "operating_systems": "Windows 2008 R2, Windows 7, Windows 2012 R2, Windows 8.1, Windows Server 2016, Windows 10, Windows Server 2019, Windows Server 2022",
        "legacy_event_id": "",
        "potential_criticality": "Medium",
        "event_xml": "",
        "EventGUID": "{0CCE921A-69AE-11D9-BED3-505054503030}",
        "EventName": "Audit IPsec Extended Mode",
        "llm_technical_description": "An invalid negotiation packet during Extended Mode indicates potential malicious activity attempting to disrupt IPsec communication, which could lead to unauthorized access or service disruption.",
        "llm_security_impact": "HIGH",
        "llm_typical_volume": "LOW",
        "llm_recommended_monitoring": "YES"
    },
    "4979": {
        "summary": "IPsec Main Mode and Extended Mode security associations were established.",
        "category": "Logon/Logoff",
        "subcategory": "IPsec Main Mode",
        "type": "Success",
        "description": "",
        "operating_systems": "Windows 2008 R2, Windows 7, Windows 2012 R2, Windows 8.1, Windows Server 2016, Windows 10, Windows Server 2019, Windows Server 2022",
        "legacy_event_id": "",
        "potential_criticality": "Low",
        "event_xml": "",
        "EventGUID": "{0CCE921A-69AE-11D9-BED3-505054503030}",
        "EventName": "Audit IPsec Extended Mode",
        "llm_technical_description": "An event indicating that IPsec Main Mode and Extended Mode security associations were established during the system's logon process.",
        "llm_security_impact": "NONE",
        "llm_typical_volume": "HIGH",
        "llm_recommended_monitoring": "NO"
    },
    "4980": {
        "summary": "IPsec Main Mode and Extended Mode security associations were established",
        "category": "Logon/Logoff",
        "subcategory": "IPsec Main Mode",
        "type": "Success",
        "description": "",
        "operating_systems": "Windows 2008 R2, Windows 7, Windows 2012 R2, Windows 8.1, Windows Server 2016, Windows 10, Windows Server 2019, Windows Server 2022",
        "legacy_event_id": "",
        "potential_criticality": "Low",
        "event_xml": "",
        "EventGUID": "{0CCE921A-69AE-11D9-BED3-505054503030}",
        "EventName": "Audit IPsec Extended Mode",
        "llm_technical_description": "The IPsec Main Mode and Extended Mode security associations were established during a user login. This event may indicate the creation of secure tunnels for remote access, which could be legitimate (e.g., VPN connections) or suspicious (e.g., unauthorized or misconfigured).",
        "llm_security_impact": "MEDIUM",
        "llm_typical_volume": "MEDIUM",
        "llm_recommended_monitoring": "YES"
    },
    "4981": {
        "summary": "IPsec Main Mode and Extended Mode security associations were established",
        "category": "Logon/Logoff",
        "subcategory": "IPsec Main Mode",
        "type": "Success",
        "description": "",
        "operating_systems": "Windows 2008 R2, Windows 7, Windows 2012 R2, Windows 8.1, Windows Server 2016, Windows 10, Windows Server 2019, Windows Server 2022",
        "legacy_event_id": "",
        "potential_criticality": "Low",
        "event_xml": "",
        "EventGUID": "{0CCE921A-69AE-11D9-BED3-505054503030}",
        "EventName": "Audit IPsec Extended Mode",
        "llm_technical_description": "The event indicates that IPsec Main Mode and Extended Mode security associations were established during a logon or logoff process. This is typically related to secure network communication, such as VPN connections or encrypted data transfers. The absence of detailed description suggests it may be part of normal user activity or misconfiguration.",
        "llm_security_impact": "LOW",
        "llm_typical_volume": "MEDIUM",
        "llm_recommended_monitoring": "NO"
    },
    "4982": {
        "summary": "IPsec Main Mode and Extended Mode security associations were established",
        "category": "Logon/Logoff",
        "subcategory": "IPsec Main Mode",
        "type": "Success",
        "description": "",
        "operating_systems": "Windows 2008 R2, Windows 7, Windows 2012 R2, Windows 8.1, Windows Server 2016, Windows 10, Windows Server 2019, Windows Server 2022",
        "legacy_event_id": "",
        "potential_criticality": "Low",
        "event_xml": "",
        "EventGUID": "{0CCE921A-69AE-11D9-BED3-505054503030}",
        "EventName": "Audit IPsec Extended Mode",
        "llm_technical_description": "The event indicates that IPsec Main Mode and Extended Mode security associations were established during a logon or logoff process. However, without additional context such as changes in configuration parameters, authentication methods, or association parameters (e.g., encryption strength), it is not possible to definitively assess whether this activity is malicious.",
        "llm_security_impact": "LOW",
        "llm_typical_volume": "LOW",
        "llm_recommended_monitoring": "NO"
    },
    "4983": {
        "summary": "An IPsec Extended Mode negotiation failed",
        "category": "Logon/Logoff",
        "subcategory": "IPsec Main Mode",
        "type": "Success",
        "description": "",
        "operating_systems": "Windows 2008 R2, Windows 7, Windows 2012 R2, Windows 8.1, Windows Server 2016, Windows 10, Windows Server 2019, Windows Server 2022",
        "legacy_event_id": "",
        "potential_criticality": "Medium",
        "event_xml": "",
        "EventGUID": "{0CCE921A-69AE-11D9-BED3-505054503030}",
        "EventName": "Audit IPsec Extended Mode",
        "llm_technical_description": "An IPsec Extended Mode negotiation failure indicates a potential issue in establishing secure communication channels using VPNs or secure tunnels. This could be due to misconfigured certificates, outdated keys, or network misconfigurations.",
        "llm_security_impact": "MEDIUM",
        "llm_typical_volume": "MEDIUM",
        "llm_recommended_monitoring": "YES"
    },
    "4984": {
        "summary": "An IPsec Extended Mode negotiation failed",
        "category": "Logon/Logoff",
        "subcategory": "IPsec Main Mode",
        "type": "Success",
        "description": "",
        "operating_systems": "Windows 2008 R2, Windows 7, Windows 2012 R2, Windows 8.1, Windows Server 2016, Windows 10, Windows Server 2019, Windows Server 2022",
        "legacy_event_id": "",
        "potential_criticality": "Medium",
        "event_xml": "",
        "EventGUID": "{0CCE921A-69AE-11D9-BED3-505054503030}",
        "EventName": "Audit IPsec Extended Mode",
        "llm_technical_description": "An IPsec Extended Mode negotiation failed during a logon/Logoff event. This could indicate an issue in network security configuration or potential unauthorized access attempts via VPNs.",
        "llm_security_impact": "HIGH",
        "llm_typical_volume": "MEDIUM",
        "llm_recommended_monitoring": "YES"
    },
    "4985": {
        "summary": "The state of a transaction has changed",
        "category": "Object Access",
        "subcategory": "File System",
        "type": "Success",
        "description": "The state of a transaction has changed.",
        "operating_systems": "Windows 2008 R2, Windows 7, Windows 2012 R2, Windows 8.1, Windows Server 2016, Windows 10, Windows Server 2019, Windows Server 2022",
        "legacy_event_id": "",
        "potential_criticality": "Low",
        "event_xml": "<Event xmlns=\"http://schemas.microsoft.com/win/2004/08/events/event\"> - <System> <Provider Name=\"Microsoft-Windows-Security-Auditing\" Guid=\"{54849625-5478-4994-A5BA-3E3B0328C30D}\" /> <EventID>4985</EventID> <Version>0</Version> <Level>0</Level> <Task>12800</Task> <Opcode>0</Opcode> <Keywords>0x8020000000000000</Keywords> <TimeCreated SystemTime=\"2015-09-19T00:00:40.099093300Z\" /> <EventRecordID>274277</EventRecordID> <Correlation /> <Execution ProcessID=\"4\" ThreadID=\"5048\" /> <Channel>Security</Channel> <Computer>DC01.contoso.local</Computer> <Security /> </System> - <EventData> <Data Name=\"SubjectUserSid\">S-1-5-18</Data> <Data Name=\"SubjectUserName\">DC01$</Data> <Data Name=\"SubjectDomainName\">CONTOSO</Data> <Data Name=\"SubjectLogonId\">0x3e7</Data> <Data Name=\"TransactionId\">{17EF5E21-5E2C-11E5-810F-00155D987005}</Data> <Data Name=\"NewState\">52</Data> <Data Name=\"ResourceManager\">{5F5ED427-FCCA-11E3-BD73-B54AB417B853}</Data> <Data Name=\"ProcessId\">0x370</Data> <Data Name=\"ProcessName\">C:\\\\\\\\Windows\\\\\\\\System32\\\\\\\\svchost.exe</Data> </EventData> </Event>",
        "EventGUID": "{0CCE922A-69AE-11D9-BED3-505054503030}; {0CCE9228-69AE-11D9-BED3-505054503030}; {0CCE9229-69AE-11D9-BED3-505054503030}; {0CCE921D-69AE-11D9-BED3-505054503030}",
        "EventName": "Audit Other Privilege Use Events; Audit File System; Audit Non Sensitive Privilege Use; Audit Sensitive Privilege Use",
        "llm_technical_description": "The event indicates that the state of a transaction has changed within a file system. This could involve actions such as opening, closing, or modifying files. While transactions are typically normal operations, an unexpected change might indicate malicious activity like unauthorized access or a potential security breach.",
        "llm_security_impact": "MEDIUM",
        "llm_typical_volume": "LOW",
        "llm_recommended_monitoring": "NO"
    },
    "5024": {
        "summary": "The Windows Firewall Service has started successfully",
        "category": "System",
        "subcategory": "Other System Events",
        "type": "Success",
        "description": "Self explanatory.",
        "operating_systems": "Windows 2008 R2, Windows 7, Windows 2012 R2, Windows 8.1, Windows Server 2016, Windows 10, Windows Server 2019, Windows Server 2022",
        "legacy_event_id": "",
        "potential_criticality": "Low",
        "event_xml": "<Event xmlns=\"http://schemas.microsoft.com/win/2004/08/events/event\"> - <System> <Provider Name=\"Microsoft-Windows-Security-Auditing\" Guid=\"{54849625-5478-4994-A5BA-3E3B0328C30D}\" /> <EventID>5024</EventID> <Version>0</Version> <Level>0</Level> <Task>12292</Task> <Opcode>0</Opcode> <Keywords>0x8020000000000000</Keywords> <TimeCreated SystemTime=\"2015-10-09T03:22:53.842816300Z\" /> <EventRecordID>1101613</EventRecordID> <Correlation /> <Execution ProcessID=\"500\" ThreadID=\"528\" /> <Channel>Security</Channel> <Computer>DC01.contoso.local</Computer> <Security /> </System> <EventData /> </Event>",
        "EventGUID": "{0CCE9214-69AE-11D9-BED3-505054503030}",
        "EventName": "Audit Other System Events",
        "llm_technical_description": "The Windows Firewall Service has started successfully, indicating normal system operation. No specific issues or signs of malicious activity are present based on this event alone.",
        "llm_security_impact": "LOW",
        "llm_typical_volume": "LOW",
        "llm_recommended_monitoring": "NO"
    },
    "5025": {
        "summary": "The Windows Firewall Service has been stopped",
        "category": "System",
        "subcategory": "Other System Events",
        "type": "Success",
        "description": "This event is produced when the Windows Firewall Service (MpsSvc)is stopped via the Services MMC.",
        "operating_systems": "Windows 2008 R2, Windows 7, Windows 2012 R2, Windows 8.1, Windows Server 2016, Windows 10, Windows Server 2019, Windows Server 2022",
        "legacy_event_id": "",
        "potential_criticality": "Low",
        "event_xml": "<Event xmlns=\"http://schemas.microsoft.com/win/2004/08/events/event\"> - <System> <Provider Name=\"Microsoft-Windows-Security-Auditing\" Guid=\"{54849625-5478-4994-A5BA-3E3B0328C30D}\" /> <EventID>5025</EventID> <Version>0</Version> <Level>0</Level> <Task>12292</Task> <Opcode>0</Opcode> <Keywords>0x8020000000000000</Keywords> <TimeCreated SystemTime=\"2015-10-09T03:22:23.742965400Z\" /> <EventRecordID>1101606</EventRecordID> <Correlation /> <Execution ProcessID=\"508\" ThreadID=\"3780\" /> <Channel>Security</Channel> <Computer>DC01.contoso.local</Computer> <Security /> </System> <EventData /> </Event>",
        "EventGUID": "{0CCE9214-69AE-11D9-BED3-505054503030}",
        "EventName": "Audit Other System Events",
        "llm_technical_description": "The Windows Firewall Service has been stopped. This indicates that the Windows Defender Firewall (MpsSvc) has been terminated, which can occur due to an attack on the system or misconfiguration attempts by malicious actors attempting to access sensitive services.",
        "llm_security_impact": "HIGH",
        "llm_typical_volume": "HIGH",
        "llm_recommended_monitoring": "YES"
    },
    "5027": {
        "summary": "The Windows Firewall Service was unable to retrieve the security policy from the local storage",
        "category": "System",
        "subcategory": "Other System Events",
        "type": "Success",
        "description": "",
        "operating_systems": "Windows 2008 R2, Windows 7, Windows 2012 R2, Windows 8.1, Windows Server 2016, Windows 10, Windows Server 2019, Windows Server 2022",
        "legacy_event_id": "",
        "potential_criticality": "Medium",
        "event_xml": "<Event xmlns=\"http://schemas.microsoft.com/win/2004/08/events/event\"> - <System> <Provider Name=\"Microsoft-Windows-Security-Auditing\" Guid=\"{54849625-5478-4994-A5BA-3E3B0328C30D}\" /> <EventID>5027</EventID> <Version>0</Version> <Level>0</Level> <Task>12292</Task> <Opcode>0</Opcode> <Keywords>0x8010000000000000</Keywords> <TimeCreated SystemTime=\"2015-10-13T23:10:05.318922900Z\" /> <EventRecordID>1101848</EventRecordID> <Correlation /> <Execution ProcessID=\"500\" ThreadID=\"2000\" /> <Channel>Security</Channel> <Computer>DC01.contoso.local</Computer> <Security /> </System> - <EventData> <Data Name=\"ErrorCode\">2147942413</Data> </EventData> </Event>",
        "EventGUID": "{0CCE9214-69AE-11D9-BED3-505054503030}",
        "EventName": "Audit Other System Events",
        "llm_technical_description": "The Windows Firewall Service encountered difficulty retrieving a security policy from local storage. This could indicate potential tampering with system policies such as Windows Defender or User Accounts Control, which are critical for maintaining system integrity and user permissions.",
        "llm_security_impact": "HIGH",
        "llm_typical_volume": "LOW",
        "llm_recommended_monitoring": "YES"
    },
    "5028": {
        "summary": "The Windows Firewall Service was unable to parse the new security policy.",
        "category": "System",
        "subcategory": "Other System Events",
        "type": "Success",
        "description": "",
        "operating_systems": "Windows 2008 R2, Windows 7, Windows 2012 R2, Windows 8.1, Windows Server 2016, Windows 10, Windows Server 2019, Windows Server 2022",
        "legacy_event_id": "",
        "potential_criticality": "Medium",
        "event_xml": "<Event xmlns=\"http://schemas.microsoft.com/win/2004/08/events/event\"> - <System> <Provider Name=\"Microsoft-Windows-Security-Auditing\" Guid=\"{54849625-5478-4994-A5BA-3E3B0328C30D}\" /> <EventID>5028</EventID> <Version>0</Version> <Level>0</Level> <Task>12292</Task> <Opcode>0</Opcode> <Keywords>0x8010000000000000</Keywords> <TimeCreated SystemTime=\"2015-10-13T23:10:05.318922900Z\" /> <EventRecordID>1101849</EventRecordID> <Correlation /> <Execution ProcessID=\"500\" ThreadID=\"2000\" /> <Channel>Security</Channel> <Computer>DC01.contoso.local</Computer> <Security /> </System> - <EventData> <Data Name=\"ErrorCode\">2147942413</Data> </EventData> </Event>",
        "EventGUID": "{0CCE9214-69AE-11D9-BED3-505054503030}",
        "EventName": "Audit Other System Events",
        "llm_technical_description": "The Windows Firewall Service encountered an error while attempting to parse a new security policy, which could indicate a configuration issue or potential malicious activity aimed at disrupting normal operations.",
        "llm_security_impact": "MEDIUM",
        "llm_typical_volume": "MEDIUM",
        "llm_recommended_monitoring": "YES"
    },
    "5029": {
        "summary": "The Windows Firewall Service failed to initialize the driver",
        "category": "System",
        "subcategory": "Other System Events",
        "type": "Success",
        "description": "",
        "operating_systems": "Windows 2008 R2, Windows 7, Windows 2012 R2, Windows 8.1, Windows Server 2016, Windows 10, Windows Server 2019, Windows Server 2022",
        "legacy_event_id": "",
        "potential_criticality": "Medium",
        "event_xml": "",
        "EventGUID": "{0CCE9214-69AE-11D9-BED3-505054503030}",
        "EventName": "Audit Other System Events",
        "llm_technical_description": "The Windows Firewall Service failed to initialize a driver, which could lead to network connectivity issues and applications failing to start properly.",
        "llm_security_impact": "MEDIUM",
        "llm_typical_volume": "LOW",
        "llm_recommended_monitoring": "YES"
    },
    "5030": {
        "summary": "The Windows Firewall Service failed to start",
        "category": "System",
        "subcategory": "Other System Events",
        "type": "Success",
        "description": "",
        "operating_systems": "Windows 2008 R2, Windows 7, Windows 2012 R2, Windows 8.1, Windows Server 2016, Windows 10, Windows Server 2019, Windows Server 2022",
        "legacy_event_id": "",
        "potential_criticality": "Medium",
        "event_xml": "",
        "EventGUID": "{0CCE9214-69AE-11D9-BED3-505054503030}",
        "EventName": "Audit Other System Events",
        "llm_technical_description": "The Windows Firewall Service failed to start, which can indicate system misconfiguration or compromise by an attacker.",
        "llm_security_impact": "MEDIUM",
        "llm_typical_volume": "LOW",
        "llm_recommended_monitoring": "YES"
    },
    "5031": {
        "summary": "The Windows Firewall Service blocked an application from accepting incoming connections on the network.",
        "category": "Object Access",
        "subcategory": "Filtering Platform Packet Drop",
        "type": "Failure",
        "description": "It's strange that this event refers to \"Windows Firewall Service\" when it is supposed to be a Filtering Platform Connection event. Windows Firewall is built on top of the Windows Filtering Platform. Perhaps it's because there is not Windows Firewall subcategory for connection type events.\n\r\nAt any rate as the description says, Windows Firewall prevented an application from accepting incoming connections due to absence of an appropriate Exception in the current profile's policy.",
        "operating_systems": "Windows 2008 R2, Windows 7, Windows 2012 R2, Windows 8.1, Windows Server 2016, Windows 10, Windows Server 2019, Windows Server 2022",
        "legacy_event_id": "",
        "potential_criticality": "Low",
        "event_xml": "<Event xmlns=\"http://schemas.microsoft.com/win/2004/08/events/event\"> - <System> <Provider Name=\"Microsoft-Windows-Security-Auditing\" Guid=\"{54849625-5478-4994-A5BA-3E3B0328C30D}\" /> <EventID>5031</EventID> <Version>0</Version> <Level>0</Level> <Task>12810</Task> <Opcode>0</Opcode> <Keywords>0x8010000000000000</Keywords> <TimeCreated SystemTime=\"2015-09-22T03:46:36.634473000Z\" /> <EventRecordID>304373</EventRecordID> <Correlation /> <Execution ProcessID=\"516\" ThreadID=\"2976\" /> <Channel>Security</Channel> <Computer>DC01.contoso.local</Computer> <Security /> </System> - <EventData> <Data Name=\"Profiles\">Domain</Data> <Data Name=\"Application\">C:\\\\\\\\documents\\\\\\\\listener.exe</Data> </EventData> </Event>",
        "EventGUID": "{0CCE9226-69AE-11D9-BED3-505054503030}",
        "EventName": "Audit Filtering Platform Connection",
        "llm_technical_description": "The Windows Firewall Service blocked an application from accepting incoming connections due to a lack of appropriate policy exceptions configured in the current security profile. This could indicate intentional access control measures or potential misconfigurations that may require review.",
        "llm_security_impact": "MEDIUM",
        "llm_typical_volume": "MEDIUM",
        "llm_recommended_monitoring": "YES"
    },
    "5032": {
        "summary": "Windows Firewall was unable to notify the user that it blocked an application from accepting incoming connections on the network",
        "category": "System",
        "subcategory": "Other System Events",
        "type": "Failure",
        "description": "This event seems to be logged as a normal course of operation if you have Windows Firewall configured not to provide end-user notifications.",
        "operating_systems": "Windows 2008 R2, Windows 7, Windows 2012 R2, Windows 8.1, Windows Server 2016, Windows 10, Windows Server 2019, Windows Server 2022",
        "legacy_event_id": "",
        "potential_criticality": "Low",
        "event_xml": "",
        "EventGUID": "{0CCE9214-69AE-11D9-BED3-505054503030}",
        "EventName": "Audit Other System Events",
        "llm_technical_description": "This event indicates that Windows Firewall has encountered an application block that cannot be notified to the user due to its configuration settings. This is expected behavior if Windows Firewall is configured not to provide end-user notifications.",
        "llm_security_impact": "LOW",
        "llm_typical_volume": "LOW",
        "llm_recommended_monitoring": "NO"
    },
    "5033": {
        "summary": "The Windows Firewall Driver has started successfully",
        "category": "System",
        "subcategory": "Other System Events",
        "type": "Success",
        "description": "The Windows Firewall driver is the the \"callout\" component of Windows Firewall that works with the Windows Filtering Platform.",
        "operating_systems": "Windows 2008 R2, Windows 7, Windows 2012 R2, Windows 8.1, Windows Server 2016, Windows 10, Windows Server 2019, Windows Server 2022",
        "legacy_event_id": "",
        "potential_criticality": "Low",
        "event_xml": "<Event xmlns=\"http://schemas.microsoft.com/win/2004/08/events/event\"> - <System> <Provider Name=\"Microsoft-Windows-Security-Auditing\" Guid=\"{54849625-5478-4994-A5BA-3E3B0328C30D}\" /> <EventID>5033</EventID> <Version>0</Version> <Level>0</Level> <Task>12292</Task> <Opcode>0</Opcode> <Keywords>0x8020000000000000</Keywords> <TimeCreated SystemTime=\"2015-10-09T03:22:53.526024800Z\" /> <EventRecordID>1101612</EventRecordID> <Correlation /> <Execution ProcessID=\"4\" ThreadID=\"148\" /> <Channel>Security</Channel> <Computer>DC01.contoso.local</Computer> <Security /> </System> <EventData /> </Event>",
        "EventGUID": "{0CCE9214-69AE-11D9-BED3-505054503030}",
        "EventName": "Audit Other System Events",
        "llm_technical_description": "The Windows Firewall Driver has started successfully as expected. This indicates normal operation of the system's firewall configuration, which is essential for maintaining network security and filtering out malicious traffic appropriately.",
        "llm_security_impact": "LOW",
        "llm_typical_volume": "HIGH",
        "llm_recommended_monitoring": "NO"
    },
    "5034": {
        "summary": "The Windows Firewall Driver has been stopped",
        "category": "System",
        "subcategory": "Other System Events",
        "type": "Success",
        "description": "",
        "operating_systems": "Windows 2008 R2, Windows 7, Windows 2012 R2, Windows 8.1, Windows Server 2016, Windows 10, Windows Server 2019, Windows Server 2022",
        "legacy_event_id": "",
        "potential_criticality": "Low",
        "event_xml": "<Event xmlns=\"http://schemas.microsoft.com/win/2004/08/events/event\"> - <System> <Provider Name=\"Microsoft-Windows-Security-Auditing\" Guid=\"{54849625-5478-4994-A5BA-3E3B0328C30D}\" /> <EventID>5034</EventID> <Version>0</Version> <Level>0</Level> <Task>12292</Task> <Opcode>0</Opcode> <Keywords>0x8020000000000000</Keywords> <TimeCreated SystemTime=\"2015-10-13T23:40:55.482270000Z\" /> <EventRecordID>1101856</EventRecordID> <Correlation /> <Execution ProcessID=\"4\" ThreadID=\"140\" /> <Channel>Security</Channel> <Computer>DC01.contoso.local</Computer> <Security /> </System> <EventData /> </Event>",
