        "EventGUID": "{0CCE923A-69AE-11D9-BED3-505054503030}",
        "EventName": "Audit Other Account Management Events",
        "llm_technical_description": "The event indicates that an attacker has accessed the password hash of an account. This typically occurs during processes like Active Directory Migration Tool (ADMT) usage, which is often performed for legitimate purposes such as moving user credentials. Accessing a password hash can imply unauthorized access or accidental exposure, potentially leading to further security breaches.",
        "llm_security_impact": "MEDIUM",
        "llm_typical_volume": "LOW",
        "llm_recommended_monitoring": "YES"
    },
    "4783": {
        "summary": "A basic application group was created",
        "category": "Account Management",
        "subcategory": "Application Group Management",
        "type": "Success",
        "description": "The user in Subject: created an application group identified in Group:.\n\r\nApplication groups are part of Windows's role based access control for applications and are maintained in the Authorization Manager MMC snap-in.\n\r\nThis event does not report the common name (cn) of the group you are accustomed to seeing in Authorization Manager where application groups are maintained. This is really bad because the account name reported in this event isn't displayed anywhere in Authorization Manager. To find out the common name of the group look for the Directory Service Changes events immediately following this event which do report the common name.",
        "operating_systems": "Windows 2008 R2, Windows 7, Windows 2012 R2, Windows 8.1, Windows Server 2016, Windows 10, Windows Server 2019, Windows Server 2022",
        "legacy_event_id": "667",
        "potential_criticality": "Low",
        "event_xml": "",
        "EventGUID": "{0CCE9239-69AE-11D9-BED3-505054503030}",
        "EventName": "Audit Application Group Management",
        "llm_technical_description": "An application group was created without reporting its common name. This is concerning as it deviates from standard practices where such information is typically visible in Authorization Manager. Users are directed to Directory Service Changes events for the common name.",
        "llm_security_impact": "HIGH",
        "llm_typical_volume": "MEDIUM",
        "llm_recommended_monitoring": "YES"
    },
    "4784": {
        "summary": "A basic application group was changed",
        "category": "Account Management",
        "subcategory": "Application Group Management",
        "type": "Success",
        "description": "The user in Subject: changed the application group identified in Group:.\n\r\nApplication groups are part of Windows's role based access control for applications and are maintained in the Authorization Manager MMC snap-in.\n\r\nThis event does not report the common name (cn) of the group you are accustomed to seeing in Authorization Manager where application groups are maintained. This is really bad because the account name reported in this event isn't displayed anywhere in Authorization Manager. To find out the common name of the group look for the Directory Service Changes events immediately following this event which do report the common name.",
        "operating_systems": "Windows 2008 R2, Windows 7, Windows 2012 R2, Windows 8.1, Windows Server 2016, Windows 10, Windows Server 2019, Windows Server 2022",
        "legacy_event_id": "",
        "potential_criticality": "Low",
        "event_xml": "",
        "EventGUID": "{0CCE9239-69AE-11D9-BED3-505054503030}",
        "EventName": "Audit Application Group Management",
        "llm_technical_description": "An application group was modified in Windows Role-Based Access Control (RBAC). The event does not include the common name of the group, which is typically displayed in Authorization Manager. This omission can lead to confusion about changes made by users.",
        "llm_security_impact": "LOW",
        "llm_typical_volume": "MEDIUM",
        "llm_recommended_monitoring": "YES"
    },
    "4785": {
        "summary": "A member was added to a basic application group",
        "category": "Account Management",
        "subcategory": "Application Group Management",
        "type": "Success",
        "description": "The user in Subject: added Member: to the application group identified in Group:.\n\r\nApplication groups are part of Windows's role based access control for applications and are maintained in the Authorization Manager MMC snap-in.\n\r\nThis event does not report the common name (cn) of the group you are accustomed to seeing in Authorization Manager where application groups are maintained. This is really bad because the account name reported in this event isn't displayed anywhere in Authorization Manager. To find out the common name of the group look for the Directory Service Changes events immediately following this event which do report the common name.",
        "operating_systems": "Windows 2008 R2, Windows 7, Windows 2012 R2, Windows 8.1, Windows Server 2016, Windows 10, Windows Server 2019, Windows Server 2022",
        "legacy_event_id": "689",
        "potential_criticality": "Low",
        "event_xml": "",
        "EventGUID": "{0CCE9239-69AE-11D9-BED3-505054503030}",
        "EventName": "Audit Application Group Management",
        "llm_technical_description": "This event indicates that a user has added a member to an application group managed through Windows's Authorization Manager (AM) MMC snap-in. The common name of the group is not directly reported in this event and can be found in subsequent Directory Service Changes events.",
        "llm_security_impact": "LOW",
        "llm_typical_volume": "MEDIUM",
        "llm_recommended_monitoring": "YES"
    },
    "4786": {
        "summary": "A member was removed from a basic application group",
        "category": "Account Management",
        "subcategory": "Application Group Management",
        "type": "Success",
        "description": "The user in Subject: removed Member: from the application group identified in Group:.\n\r\nApplication groups are part of Windows's role based access control for applications and are maintained in the Authorization Manager MMC snap-in.\n\r\nThis event does not report the common name (cn) of the group you are accustomed to seeing in Authorization Manager where application groups are maintained. This is really bad because the account name reported in this event isn't displayed anywhere in Authorization Manager. To find out the common name of the group look for the Directory Service Changes events immediately following this event which do report the common name.",
        "operating_systems": "Windows 2008 R2, Windows 7, Windows 2012 R2, Windows 8.1, Windows Server 2016, Windows 10, Windows Server 2019, Windows Server 2022",
        "legacy_event_id": "690",
        "potential_criticality": "Low",
        "event_xml": "",
        "EventGUID": "{0CCE9239-69AE-11D9-BED3-505054503030}",
        "EventName": "Audit Application Group Management",
        "llm_technical_description": "This event indicates that a user was removed from an application group within the Windows system. Application groups manage access permissions for applications and are maintained in the Authorization Manager MMC snap-in. The removal of a member could potentially grant unauthorized access if misconfigured or if the group contains sensitive resources. Further details about the group's common name can be found through subsequent Directory Service Changes events.",
        "llm_security_impact": "HIGH",
        "llm_typical_volume": "MEDIUM",
        "llm_recommended_monitoring": "YES"
    },
    "4787": {
        "summary": "A non-member was added to a basic application group",
        "category": "Account Management",
        "subcategory": "Application Group Management",
        "type": "Success",
        "description": "Apparently this event is supposed to be logged when you add an exclusion to a basic application group but instead Windows logs 4785 with no indication that the member is an excluded member.\n\r\n",
        "operating_systems": "Windows 2008 R2, Windows 7, Windows 2012 R2, Windows 8.1, Windows Server 2016, Windows 10, Windows Server 2019, Windows Server 2022",
        "legacy_event_id": "691",
        "potential_criticality": "Low",
        "event_xml": "",
        "EventGUID": "{0CCE9239-69AE-11D9-BED3-505054503030}",
        "EventName": "Audit Application Group Management",
        "llm_technical_description": "The logged event (4787) is intended to capture when a non-member is added to an application group with exclusion settings. However, the system logs 4785 instead of indicating that the member was excluded. This discrepancy suggests either logging errors or intentional bypass of exclusions.",
        "llm_security_impact": "MEDIUM",
        "llm_typical_volume": "LOW",
        "llm_recommended_monitoring": "YES"
    },
    "4788": {
        "summary": "A non-member was removed from a basic application group..",
        "category": "Account Management",
        "subcategory": "Application Group Management",
        "type": "Success",
        "description": "Apparently this event is supposed to be logged when you remove an exclusionfrom a basic application group but instead Windows logs 4786 with no indication that the member is an excluded member.\n\r\n",
        "operating_systems": "Windows 2008 R2, Windows 7, Windows 2012 R2, Windows 8.1, Windows Server 2016, Windows 10, Windows Server 2019, Windows Server 2022",
        "legacy_event_id": "692",
        "potential_criticality": "Low",
        "event_xml": "",
        "EventGUID": "{0CCE9239-69AE-11D9-BED3-505054503030}",
        "EventName": "Audit Application Group Management",
        "llm_technical_description": "The event indicates that a non-member was removed from a Basic Application Group. This is a legitimate action as Basic Groups automatically include any member with appropriate permissions without explicit listing. The event does not imply any malicious activity but may indicate misconfiguration or normal system behavior.",
        "llm_security_impact": "LOW",
        "llm_typical_volume": "LOW",
        "llm_recommended_monitoring": "NO"
    },
    "4789": {
        "summary": "A basic application group was deleted",
        "category": "Account Management",
        "subcategory": "Application Group Management",
        "type": "Success",
        "description": "The user in Subject: deleted the application group identified in Group:.\n\r\nApplication groups are part of Windows's role based access control for applications and are maintained in the Authorization Manager MMC snap-in.\n\r\nThis event does not report the common name (cn) of the group you are accustomed to seeing in Authorization Manager where application groups are maintained. This is really bad because the account name reported in this event isn't displayed anywhere in Authorization Manager. To find out the common name of the group look for the Directory Service Changes events immediately following this event which do report the common name.",
        "operating_systems": "Windows 2008 R2, Windows 7, Windows 2012 R2, Windows 8.1, Windows Server 2016, Windows 10, Windows Server 2019, Windows Server 2022",
        "legacy_event_id": "693",
        "potential_criticality": "Low",
        "event_xml": "",
        "EventGUID": "{0CCE9239-69AE-11D9-BED3-505054503030}",
        "EventName": "Audit Application Group Management",
        "llm_technical_description": "An application group was deleted as part of Windows's role-based access control system. This event provides limited information about the common name of the group since the Authorization Manager does not report it here, requiring further investigation through Directory Service Changes events.",
        "llm_security_impact": "LOW",
        "llm_typical_volume": "LOW",
        "llm_recommended_monitoring": "NO"
    },
    "4790": {
        "summary": "An LDAP query group was created",
        "category": "Account Management",
        "subcategory": "Application Group Management",
        "type": "Success",
        "description": "This event also applies to Business Rule Application Groups.\n\r\nThe user in Subject: created an LDAP Query group or Business Rule Application Group(BRAP) identified in Group:.\n\r\nQuery and BRAP groups are part of Windows's role based access control for applications and are maintained in the Authorization Manager MMC snap-in.\n\r\nThis event does not report the common name (cn) of the group you are accustomed to seeing in Authorization Manager where application groups are maintained. This is really bad because the account name reported in this event isn't displayed anywhere in Authorization Manager. To find out the common name of the group look for the Directory Service Changes events immediately following this event which do report the common name.",
        "operating_systems": "Windows 2008 R2, Windows 7, Windows 2012 R2, Windows 8.1, Windows Server 2016, Windows 10, Windows Server 2019, Windows Server 2022",
        "legacy_event_id": "694",
        "potential_criticality": "Low",
        "event_xml": "",
        "EventGUID": "{0CCE9239-69AE-11D9-BED3-505054503030}",
        "EventName": "Audit Application Group Management",
        "llm_technical_description": "An LDAP Query group or Business Rule Application Group (BRAP) was created under the Category: Account Management and Subcategory: Application Group Management. This event is related to Windows's role-based access control system for applications, which maintains these groups in the Authorization Manager MMC snap-in. The common name of the group is not directly reported by this event but can be found in subsequent Directory Service Changes events.",
        "llm_security_impact": "LOW",
        "llm_typical_volume": "MEDIUM",
        "llm_recommended_monitoring": "YES"
    },
    "4791": {
        "summary": "A basic application group was changed",
        "category": "Account Management",
        "subcategory": "Application Group Management",
        "type": "Success",
        "description": "The user in Subject: changed the LDAP Query group or Business Rule Application Group(BRAP) identified in Group:.\n\r\nThe event should actually say \"An LDAP query group was changed\" instead of basic application group.\n\r\nThis event also applies to Business Rule Application Groups\n\r\nThe other crazy thing about this event is that if you change the LDAP query of this group (arguably the most important property) Windows fails to log this event 4791.\n\r\nQuery and BRAP groups are part of Windows's role based access control for applications and are maintained in the Authorization Manager MMC snap-in.\n\r\nThis event does not report the common name (cn) of the group you are accustomed to seeing in Authorization Manager where application groups are maintained. This is really bad because the account name reported in this event isn't displayed anywhere in Authorization Manager. To find out the common name of the group look for the Directory Service Changes events immediately following this event which do report the common name.",
        "operating_systems": "Windows 2008 R2, Windows 7, Windows 2012 R2, Windows 8.1, Windows Server 2016, Windows 10, Windows Server 2019, Windows Server 2022",
        "legacy_event_id": "",
        "potential_criticality": "",
        "event_xml": "",
        "EventGUID": "{0CCE9239-69AE-11D9-BED3-505054503030}",
        "EventName": "Audit Application Group Management",
        "llm_technical_description": "An LDAP Query group or Business Rule Application Group (BRAP) was changed by a user in Subject: within the Group:. This event does not log the common name of the group and requires checking subsequent events for this information. Such changes can impact role-based access control, potentially granting unauthorized access if misconfigured.",
        "llm_security_impact": "MEDIUM",
        "llm_typical_volume": "MEDIUM",
        "llm_recommended_monitoring": "NO"
    },
    "4792": {
        "summary": "An LDAP query group was deleted",
        "category": "Account Management",
        "subcategory": "Application Group Management",
        "type": "Success",
        "description": "This event also applies to Business Rule Application Groups.\n\r\nThe user in Subject: deleted theLDAP Query group or Business Rule Application Group(BRAP) identified in Group:.\n\r\nQuery and BRAP groups are part of Windows's role based access control for applications and are maintained in the Authorization Manager MMC snap-in.\n\r\nThis event does not report the common name (cn) of the group you are accustomed to seeing in Authorization Manager where application groups are maintained. This is really bad because the account name reported in this event isn't displayed anywhere in Authorization Manager. To find out the common name of the group look for the Directory Service Changes events immediately following this event which do report the common name.",
        "operating_systems": "Windows 2008 R2, Windows 7, Windows 2012 R2, Windows 8.1, Windows Server 2016, Windows 10, Windows Server 2019, Windows Server 2022",
        "legacy_event_id": "",
        "potential_criticality": "",
        "event_xml": "",
        "EventGUID": "{0CCE9239-69AE-11D9-BED3-505054503030}",
        "EventName": "Audit Application Group Management",
        "llm_technical_description": "The event indicates that a user attempted to delete an LDAP Query group or Business Rule Application Group (BRAP). However, the common name of this group is not reported here, requiring subsequent Directory Service Changes events to identify it. This may suggest potential unauthorized access control changes, as BRAPs are critical for role-based access control.",
        "llm_security_impact": "HIGH",
        "llm_typical_volume": "MEDIUM",
        "llm_recommended_monitoring": "YES"
    },
    "4793": {
        "summary": "The Password Policy Checking API was called",
        "category": "Account Management",
        "subcategory": "Other Account Management Events",
        "type": "Success",
        "description": "Microsoft says this is \"typical behavior\" and can be ignored. I concur. You may frequently see it on SQL Servers.",
        "operating_systems": "Windows 2008 R2, Windows 7, Windows 2012 R2, Windows 8.1, Windows Server 2016, Windows 10, Windows Server 2019, Windows Server 2022",
        "legacy_event_id": "",
        "potential_criticality": "Low",
        "event_xml": "<Event xmlns=\"http://schemas.microsoft.com/win/2004/08/events/event\"> - <System> <Provider Name=\"Microsoft-Windows-Security-Auditing\" Guid=\"{54849625-5478-4994-A5BA-3E3B0328C30D}\" /> <EventID>4793</EventID> <Version>0</Version> <Level>0</Level> <Task>13829</Task> <Opcode>0</Opcode> <Keywords>0x8020000000000000</Keywords> <TimeCreated SystemTime=\"2015-08-18T02:37:46.322424300Z\" /> <EventRecordID>172342</EventRecordID> <Correlation /> <Execution ProcessID=\"520\" ThreadID=\"2964\" /> <Channel>Security</Channel> <Computer>DC01.contoso.local</Computer> <Security /> </System> - <EventData> <Data Name=\"SubjectUserSid\">S-1-5-21-3457937927-2839227994-823803824-1104</Data> <Data Name=\"SubjectUserName\">dadmin</Data> <Data Name=\"SubjectDomainName\">CONTOSO</Data> <Data Name=\"SubjectLogonId\">0x36f67</Data> <Data Name=\"Workstation\">DC01</Data> <Data Name=\"TargetUserName\">-</Data> <Data Name=\"Status\">0x0</Data> </EventData> </Event>",
        "EventGUID": "{0CCE923A-69AE-11D9-BED3-505054503030}",
        "EventName": "Audit Other Account Management Events",
        "llm_technical_description": "The event indicates that the Password Policy Checking API was accessed, which is typically done on SQL Server to enforce account policies. While this is considered normal behavior, improper password policies could pose security risks.",
        "llm_security_impact": "HIGH",
        "llm_typical_volume": "LOW",
        "llm_recommended_monitoring": "YES"
    },
    "4794": {
        "summary": "An attempt was made to set the Directory Services Restore Mode administrator password",
        "category": "Account Management",
        "subcategory": "User Account Management",
        "type": "Success",
        "description": "This event is logged whenever you successfully set the DSRM administrator password such as with ntdsutil.\n\r\nThis password is important since it controls someone's ability to enter DSRM and potentially restore or other wise access the Active Directory database.",
        "operating_systems": "Windows 2008 R2, Windows 7, Windows 2012 R2, Windows 8.1, Windows Server 2016, Windows 10, Windows Server 2019, Windows Server 2022",
        "legacy_event_id": "",
        "potential_criticality": "High",
        "event_xml": "<Event xmlns=\"http://schemas.microsoft.com/win/2004/08/events/event\"> - <System> <Provider Name=\"Microsoft-Windows-Security-Auditing\" Guid=\"{54849625-5478-4994-A5BA-3E3B0328C30D}\" /> <EventID>4794</EventID> <Version>0</Version> <Level>0</Level> <Task>13824</Task> <Opcode>0</Opcode> <Keywords>0x8020000000000000</Keywords> <TimeCreated SystemTime=\"2015-08-18T02:49:26.087748900Z\" /> <EventRecordID>172348</EventRecordID> <Correlation /> <Execution ProcessID=\"520\" ThreadID=\"2964\" /> <Channel>Security</Channel> <Computer>DC01.contoso.local</Computer> <Security /> </System> - <EventData> <Data Name=\"SubjectUserSid\">S-1-5-21-3457937927-2839227994-823803824-1104</Data> <Data Name=\"SubjectUserName\">dadmin</Data> <Data Name=\"SubjectDomainName\">CONTOSO</Data> <Data Name=\"SubjectLogonId\">0x36f67</Data> <Data Name=\"Workstation\">DC01</Data> <Data Name=\"Status\">0x0</Data> </EventData> </Event>",
        "EventGUID": "{0CCE9235-69AE-11D9-BED3-505054503030}",
        "EventName": "Audit User Account Management",
        "llm_technical_description": "An attempt was made to modify the Directory Services Restore Mode (DSRM) administrator password. This event could indicate unauthorized access or an attempt to gain persistence by changing the critical DSRM admin password. The password for this account is essential for maintaining secure Active Directory database access, and any unauthorized changes could lead to significant security risks.",
        "llm_security_impact": "HIGH",
        "llm_typical_volume": "LOW",
        "llm_recommended_monitoring": "YES"
    },
    "4797": {
        "summary": "An attempt was made to query the existence of a blank password for an account",
        "category": "Account Management",
        "subcategory": "User Account Management",
        "type": "Success",
        "description": "There is a lot of confusion about this event and no good explanation.  If you see this event for many different target account names I would investigate.  Or if you see this event on many different systems where caller workstation name is the same.  Otherwise ignore.",
        "operating_systems": "Windows 2012 R2, Windows 8.1, Windows Server 2016, Windows 10, Windows Server 2019, Windows Server 2022",
        "legacy_event_id": "",
        "potential_criticality": "",
        "event_xml": "",
        "EventGUID": "",
        "EventName": "",
        "llm_technical_description": "An attempt was made to query the existence of a blank password for an account. This activity may indicate unauthorized attempts to gain access to accounts, potentially following a compromised password scenario.",
        "llm_security_impact": "MEDIUM",
        "llm_typical_volume": "MEDIUM",
        "llm_recommended_monitoring": "YES"
    },
    "4798": {
        "summary": "A user's local group membership was enumerated.",
        "category": "Account Management",
        "subcategory": "User Account Management",
        "type": "Success",
        "description": "Windows logs this event when a process enumerates the local groups to which a the specified user belongs on that computer.",
        "operating_systems": "Windows Server 2016, Windows 10, Windows Server 2019, Windows Server 2022",
        "legacy_event_id": "",
        "potential_criticality": "",
        "event_xml": "<Event xmlns=\"http://schemas.microsoft.com/win/2004/08/events/event\"> - <System> <Provider Name=\"Microsoft-Windows-Security-Auditing\" Guid=\"{54849625-5478-4994-A5BA-3E3B0328C30D}\" /> <EventID>4798</EventID> <Version>0</Version> <Level>0</Level> <Task>13824</Task> <Opcode>0</Opcode> <Keywords>0x8020000000000000</Keywords> <TimeCreated SystemTime=\"2015-11-12T04:14:17.436787700Z\" /> <EventRecordID>691</EventRecordID> <Correlation ActivityID=\"{CBAEDE08-1CF0-0000-50DE-AECBF01CD101}\" /> <Execution ProcessID=\"744\" ThreadID=\"3928\" /> <Channel>Security</Channel> <Computer>WIN10-1.contoso.local</Computer> <Security /> </System> - <EventData> <Data Name=\"TargetUserName\">Administrator</Data> <Data Name=\"TargetDomainName\">WIN10-1</Data> <Data Name=\"TargetSid\">S-1-5-21-1694160624-234216347-2203645164-500</Data> <Data Name=\"SubjectUserSid\">S-1-5-21-1377283216-344919071-3415362939-1104</Data> <Data Name=\"SubjectUserName\">dadmin</Data> <Data Name=\"SubjectDomainName\">CONTOSO</Data> <Data Name=\"SubjectLogonId\">0x72d9d</Data> <Data Name=\"CallerProcessId\">0xc80</Data> <Data Name=\"CallerProcessName\">C:\\\\\\\\Windows\\\\\\\\System32\\\\\\\\mmc.exe</Data> </EventData> </Event>",
        "EventGUID": "{0CCE9235-69AE-11D9-BED3-505054503030}",
        "EventName": "Audit User Account Management",
        "llm_technical_description": "The event indicates that a user has been added to or removed from a local group, which is part of normal user account management activities.",
        "llm_security_impact": "LOW",
        "llm_typical_volume": "LOW",
        "llm_recommended_monitoring": "NO"
    },
    "4799": {
        "summary": "A security-enabled local group membership was enumerated",
        "category": "Account Management",
        "subcategory": "Security Group Management",
        "type": "Success",
        "description": "Windows logs this event when a process enumerates the members of the specified local group on that computer.",
        "operating_systems": "Windows Server 2016, Windows 10, Windows Server 2019, Windows Server 2022",
        "legacy_event_id": "",
        "potential_criticality": "",
        "event_xml": "<Event xmlns=\"http://schemas.microsoft.com/win/2004/08/events/event\"> - <System> <Provider Name=\"Microsoft-Windows-Security-Auditing\" Guid=\"{54849625-5478-4994-A5BA-3E3B0328C30D}\" /> <EventID>4799</EventID> <Version>0</Version> <Level>0</Level> <Task>13826</Task> <Opcode>0</Opcode> <Keywords>0x8020000000000000</Keywords> <TimeCreated SystemTime=\"2015-11-12T03:50:23.625407600Z\" /> <EventRecordID>685</EventRecordID> <Correlation ActivityID=\"{CBAEDE08-1CF0-0000-50DE-AECBF01CD101}\" /> <Execution ProcessID=\"744\" ThreadID=\"188\" /> <Channel>Security</Channel> <Computer>WIN10-1.contoso.local</Computer> <Security /> </System> - <EventData> <Data Name=\"TargetUserName\">Administrators</Data> <Data Name=\"TargetDomainName\">Builtin</Data> <Data Name=\"TargetSid\">S-1-5-32-544</Data> <Data Name=\"SubjectUserSid\">S-1-5-21-1377283216-344919071-3415362939-1104</Data> <Data Name=\"SubjectUserName\">dadmin</Data> <Data Name=\"SubjectDomainName\">CONTOSO</Data> <Data Name=\"SubjectLogonId\">0x72d9d</Data> <Data Name=\"CallerProcessId\">0xc80</Data> <Data Name=\"CallerProcessName\">C:\\\\\\\\Windows\\\\\\\\System32\\\\\\\\mmc.exe</Data> </EventData> </Event>",
        "EventGUID": "{0CCE9237-69AE-11D9-BED3-505054503030}",
        "EventName": "Audit Security Group Management",
        "llm_technical_description": "The event indicates that a process has enumerated members of a local security group, which is typically done when users join or leave groups. This could be indicative of unauthorized actions by an attacker aiming to elevate privileges or gather sensitive information.",
        "llm_security_impact": "HIGH",
        "llm_typical_volume": "HIGH",
        "llm_recommended_monitoring": "YES"
    },
    "4800": {
        "summary": "The workstation was locked",
        "category": "Logon/Logoff",
        "subcategory": "Other Logon/Logoff Events",
        "type": "Success",
        "description": "When either a user manually lockshis workstation or the workstation automatically locks its console after a period of inactivity this event is logged.\n\r\nTo find out when the user returned and unlocked the workstation look for event ID 4801.\n\r\nIf a screen saver is used, there is a relationship between this event and 4802/4803 See event ID4802 for an explanation of the sequence of events.",
        "operating_systems": "Windows 2008 R2, Windows 7, Windows 2012 R2, Windows 8.1, Windows Server 2016, Windows 10, Windows Server 2019, Windows Server 2022",
        "legacy_event_id": "",
        "potential_criticality": "Low",
        "event_xml": "<Event xmlns=\"http://schemas.microsoft.com/win/2004/08/events/event\"> - <System> <Provider Name=\"Microsoft-Windows-Security-Auditing\" Guid=\"{54849625-5478-4994-A5BA-3E3B0328C30D}\" /> <EventID>4800</EventID> <Version>0</Version> <Level>0</Level> <Task>12551</Task> <Opcode>0</Opcode> <Keywords>0x8020000000000000</Keywords> <TimeCreated SystemTime=\"2015-09-10T23:47:02.430644500Z\" /> <EventRecordID>237655</EventRecordID> <Correlation /> <Execution ProcessID=\"504\" ThreadID=\"2568\" /> <Channel>Security</Channel> <Computer>DC01.contoso.local</Computer> <Security /> </System> - <EventData> <Data Name=\"TargetUserSid\">S-1-5-21-3457937927-2839227994-823803824-1104</Data> <Data Name=\"TargetUserName\">dadmin</Data> <Data Name=\"TargetDomainName\">CONTOSO</Data> <Data Name=\"TargetLogonId\">0x759a9</Data> <Data Name=\"SessionId\">3</Data> </EventData> </Event>",
        "EventGUID": "{0CCE921C-69AE-11D9-BED3-505054503030}",
        "EventName": "Audit Other Logon/Logoff Events",
        "llm_technical_description": "This event (ID: 4800) logs when a user manually locks their workstation or the system locks automatically after inactivity. The event is part of normal user activity and screen saver functionality, as indicated by related events (4801 and 4802-4803).",
        "llm_security_impact": "LOW",
        "llm_typical_volume": "MEDIUM",
        "llm_recommended_monitoring": "NO"
    },
    "4801": {
        "summary": "The workstation was unlocked",
        "category": "Logon/Logoff",
        "subcategory": "Other Logon/Logoff Events",
        "type": "Success",
        "description": "When a user unlockshis workstation you will see this event.\n\r\nTo find out when the workstation was previously lockedlook backwards in time for for event ID 4800.\n\r\nIf a screen saver is used, there is also arelationship between this event and 4802 (screen saver invoked) and 4803 (screen saver dismissed). For Interactive logons you may see this event or 4803. See event ID 4802 for the sequence of events.",
        "operating_systems": "Windows 2008 R2, Windows 7, Windows 2012 R2, Windows 8.1, Windows Server 2016, Windows 10, Windows Server 2019, Windows Server 2022",
        "legacy_event_id": "",
        "potential_criticality": "Low",
        "event_xml": "<Event xmlns=\"http://schemas.microsoft.com/win/2004/08/events/event\"> - <System> <Provider Name=\"Microsoft-Windows-Security-Auditing\" Guid=\"{54849625-5478-4994-A5BA-3E3B0328C30D}\" /> <EventID>4801</EventID> <Version>0</Version> <Level>0</Level> <Task>12551</Task> <Opcode>0</Opcode> <Keywords>0x8020000000000000</Keywords> <TimeCreated SystemTime=\"2015-09-10T23:47:05.886096400Z\" /> <EventRecordID>237657</EventRecordID> <Correlation /> <Execution ProcessID=\"504\" ThreadID=\"4540\" /> <Channel>Security</Channel> <Computer>DC01.contoso.local</Computer> <Security /> </System> - <EventData> <Data Name=\"TargetUserSid\">S-1-5-21-3457937927-2839227994-823803824-1104</Data> <Data Name=\"TargetUserName\">dadmin</Data> <Data Name=\"TargetDomainName\">CONTOSO</Data> <Data Name=\"TargetLogonId\">0x759a9</Data> <Data Name=\"SessionId\">3</Data> </EventData> </Event>",
        "EventGUID": "{0CCE921C-69AE-11D9-BED3-505054503030}",
        "EventName": "Audit Other Logon/Logoff Events",
        "llm_technical_description": "This event indicates that the workstation was unlocked without logging in. This is typically done by unauthorized users or attackers attempting to access sensitive data or resources without proper authentication.",
        "llm_security_impact": "MEDIUM",
        "llm_typical_volume": "MEDIUM",
        "llm_recommended_monitoring": "YES"
    },
    "4802": {
        "summary": "The screen saver was invoked",
        "category": "Logon/Logoff",
        "subcategory": "Other Logon/Logoff Events",
        "type": "Success",
        "description": "When the workstation activates the screen saver in response toa period of inactivity this event is logged.\n\r\nTo find out when the user returned and unlocked the workstation look for event ID 4803.\n\r\nThere is a relationship between this event and 4800 (workstation locked). For Interactive logons you may see the following sequence:",
        "operating_systems": "Windows 2008 R2, Windows 7, Windows 2012 R2, Windows 8.1, Windows Server 2016, Windows 10, Windows Server 2019, Windows Server 2022",
        "legacy_event_id": "",
        "potential_criticality": "Low",
        "event_xml": "<Event xmlns=\"http://schemas.microsoft.com/win/2004/08/events/event\"> - <System> <Provider Name=\"Microsoft-Windows-Security-Auditing\" Guid=\"{54849625-5478-4994-A5BA-3E3B0328C30D}\" /> <EventID>4802</EventID> <Version>0</Version> <Level>0</Level> <Task>12551</Task> <Opcode>0</Opcode> <Keywords>0x8020000000000000</Keywords> <TimeCreated SystemTime=\"2015-09-11T00:16:32.377883700Z\" /> <EventRecordID>237662</EventRecordID> <Correlation /> <Execution ProcessID=\"504\" ThreadID=\"1676\" /> <Channel>Security</Channel> <Computer>DC01.contoso.local</Computer> <Security /> </System> - <EventData> <Data Name=\"TargetUserSid\">S-1-5-21-3457937927-2839227994-823803824-1104</Data> <Data Name=\"TargetUserName\">dadmin</Data> <Data Name=\"TargetDomainName\">CONTOSO</Data> <Data Name=\"TargetLogonId\">0x759a9</Data> <Data Name=\"SessionId\">3</Data> </EventData> </Event>",
        "EventGUID": "{0CCE921C-69AE-11D9-BED3-505054503030}",
        "EventName": "Audit Other Logon/Logoff Events",
        "llm_technical_description": "The event ID 4802 indicates that the screen saver was invoked in response to inactivity at the workstation. This is typically done by users when they intend to return after some period of time without being logged on or interacting with their system. The screen saver helps conserve battery life and extends the time between logons, which can be a sign of normal user behavior.",
        "llm_security_impact": "LOW",
        "llm_typical_volume": "HIGH",
        "llm_recommended_monitoring": "NO"
    },
    "4803": {
        "summary": "The screen saver was dismissed",
        "category": "Logon/Logoff",
        "subcategory": "Other Logon/Logoff Events",
        "type": "Success",
        "description": "When a user unlockshis workstation you will see this event.\n\r\nTo find out when the screen saver previously kicked in look backwards in time for for event ID 4802.\n\r\nThere is a relationship between this event and 4800/4801 (workstation unlocked). For Interactive logons you may see this event or 4801. See event ID 4802 for an explanation of the sequence.",
        "operating_systems": "Windows 2008 R2, Windows 7, Windows 2012 R2, Windows 8.1, Windows Server 2016, Windows 10, Windows Server 2019, Windows Server 2022",
        "legacy_event_id": "",
        "potential_criticality": "Low",
        "event_xml": "<Event xmlns=\"http://schemas.microsoft.com/win/2004/08/events/event\"> - <System> <Provider Name=\"Microsoft-Windows-Security-Auditing\" Guid=\"{54849625-5478-4994-A5BA-3E3B0328C30D}\" /> <EventID>4803</EventID> <Version>0</Version> <Level>0</Level> <Task>12551</Task> <Opcode>0</Opcode> <Keywords>0x8020000000000000</Keywords> <TimeCreated SystemTime=\"2015-09-11T00:19:09.576094500Z\" /> <EventRecordID>237663</EventRecordID> <Correlation /> <Execution ProcessID=\"504\" ThreadID=\"524\" /> <Channel>Security</Channel> <Computer>DC01.contoso.local</Computer> <Security /> </System> - <EventData> <Data Name=\"TargetUserSid\">S-1-5-21-3457937927-2839227994-823803824-1104</Data> <Data Name=\"TargetUserName\">dadmin</Data> <Data Name=\"TargetDomainName\">CONTOSO</Data> <Data Name=\"TargetLogonId\">0x759a9</Data> <Data Name=\"SessionId\">3</Data> </EventData> </Event>",
        "EventGUID": "{0CCE921C-69AE-11D9-BED3-505054503030}",
        "EventName": "Audit Other Logon/Logoff Events",
        "llm_technical_description": "The screen saver was dismissed when a user unlocked their workstation. This event typically occurs after a legitimate login. If this event happens frequently or in conjunction with other unusual activities (like multiple logouts without user input), it may indicate unauthorized system access.",
        "llm_security_impact": "LOW",
        "llm_typical_volume": "MEDIUM",
        "llm_recommended_monitoring": "NO"
    },
    "4816": {
        "summary": "RPC detected an integrity violation while decrypting an incoming message",
        "category": "Process Tracking",
        "subcategory": "RPC Events",
        "type": "Success",
        "description": "",
        "operating_systems": "Windows 2008 R2, Windows 7, Windows 2012 R2, Windows 8.1, Windows Server 2016, Windows 10, Windows Server 2019, Windows Server 2022",
        "legacy_event_id": "",
        "potential_criticality": "Medium",
        "event_xml": "",
        "EventGUID": "{0CCE9212-69AE-11D9-BED3-505054503030}",
        "EventName": "Audit System Integrity",
        "llm_technical_description": "The event indicates that an RPC (Remote Procedure Call) message was decrypted and an integrity violation occurred during the decryption process. This suggests potential unauthorized modification of encrypted data being passed through RPC, which could indicate malicious activity such as a brute force attack or unauthorized access to sensitive information.",
        "llm_security_impact": "MEDIUM",
        "llm_typical_volume": "MEDIUM",
        "llm_recommended_monitoring": "YES"
    },
    "4817": {
        "summary": "Auditing settings on object were changed.",
        "category": "Policy Change",
        "subcategory": "Audit Policy Change",
        "type": "Success",
        "description": "Auditing settings on object were changed.",
        "operating_systems": "Windows 2008 R2, Windows 7, Windows 2012 R2, Windows 8.1, Windows Server 2016, Windows 10, Windows Server 2019, Windows Server 2022",
        "legacy_event_id": "",
        "potential_criticality": "",
        "event_xml": "<Event xmlns=\"http://schemas.microsoft.com/win/2004/08/events/event\"> - <System> <Provider Name=\"Microsoft-Windows-Security-Auditing\" Guid=\"{54849625-5478-4994-A5BA-3E3B0328C30D}\" /> <EventID>4817</EventID> <Version>0</Version> <Level>0</Level> <Task>13568</Task> <Opcode>0</Opcode> <Keywords>0x8020000000000000</Keywords> <TimeCreated SystemTime=\"2015-11-10T01:26:33.191368500Z\" /> <EventRecordID>1192270</EventRecordID> <Correlation /> <Execution ProcessID=\"516\" ThreadID=\"3048\" /> <Channel>Security</Channel> <Computer>DC01.contoso.local</Computer> <Security /> </System> - <EventData> <Data Name=\"SubjectUserSid\">S-1-5-18</Data> <Data Name=\"SubjectUserName\">DC01$</Data> <Data Name=\"SubjectDomainName\">CONTOSO</Data> <Data Name=\"SubjectLogonId\">0x3e7</Data> <Data Name=\"ObjectServer\">LSA</Data> <Data Name=\"ObjectType\">Global SACL</Data> <Data Name=\"ObjectName\">Key</Data> <Data Name=\"OldSd\" /> <Data Name=\"NewSd\">S:(AU;SA;RC;;;S-1-5-21-3457937927-2839227994-823803824-1104)</Data> </EventData> </Event>",
        "EventGUID": "{0CCE922F-69AE-11D9-BED3-505054503030}",
        "EventName": "Audit Audit Policy Change",
        "llm_technical_description": "The event indicates that an object has had its auditing settings modified. This could involve changes in how system events are recorded or tracked, potentially indicating unauthorized modification of audit policies.",
        "llm_security_impact": "MEDIUM",
        "llm_typical_volume": "LOW",
        "llm_recommended_monitoring": "NO"
    },
    "4818": {
        "summary": "Proposed Central Access Policy does not grant the same access permissions as the current Central Access Policy",
        "category": "Object Access",
        "subcategory": "Central Policy Staging",
        "type": "Success",
        "description": "",
        "operating_systems": "Windows 2012 R2, Windows 8.1, Windows Server 2016, Windows 10, Windows Server 2019, Windows Server 2022",
        "legacy_event_id": "",
        "potential_criticality": "",
        "event_xml": "<Event xmlns=\"http://schemas.microsoft.com/win/2004/08/events/event\"> - <System> <Provider Name=\"Microsoft-Windows-Security-Auditing\" Guid=\"{54849625-5478-4994-A5BA-3E3B0328C30D}\" /> <EventID>4818</EventID> <Version>0</Version> <Level>0</Level> <Task>12813</Task> <Opcode>0</Opcode> <Keywords>0x8020000000000000</Keywords> <TimeCreated SystemTime=\"2015-09-30T16:37:29.473472100Z\" /> <EventRecordID>1049324</EventRecordID> <Correlation /> <Execution ProcessID=\"516\" ThreadID=\"524\" /> <Channel>Security</Channel> <Computer>DC01.contoso.local</Computer> <Security /> </System> - <EventData> <Data Name=\"SubjectUserSid\">S-1-5-21-3457937927-2839227994-823803824-2104</Data> <Data Name=\"SubjectUserName\">Auditor</Data> <Data Name=\"SubjectDomainName\">CONTOSO</Data> <Data Name=\"SubjectLogonId\">0x1e5f21</Data> <Data Name=\"ObjectServer\">Security</Data> <Data Name=\"ObjectType\">File</Data> <Data Name=\"ObjectName\">C:\\\\\\\\Finance Documents\\\\\\\\desktop.ini</Data> <Data Name=\"HandleId\">0xc64</Data> <Data Name=\"ProcessId\">0x4</Data> <Data Name=\"ProcessName\" /> <Data Name=\"AccessReason\">%%1538: %%1801 D:(A;ID;0x1200a9;;;BU) %%1541: %%1801 D:(A;ID;0x1200a9;;;BU) %%4416: %%1801 D:(A;ID;0x1200a9;;;BU) %%4419: %%1801 D:(A;ID;0x1200a9;;;BU) %%4423: %%1801 D:(A;ID;0x1200a9;;;BU)</Data> <Data Name=\"StagingReason\">%%1538: %%1814Finance Documents Rule %%1541: %%1814Finance Documents Rule %%4416: %%1814Finance Documents Rule %%4419: %%1814Finance Documents Rule %%4423: %%1814Finance Documents Rule</Data> </EventData> </Event>",
        "EventGUID": "{0CCE9246-69AE-11D9-BED3-505054503030}",
        "EventName": "Audit Central Access Policy Staging",
        "llm_technical_description": "The event indicates a mismatch between the proposed Central Access Policy and the current one during Central Policy Staging. This could imply intentional misconfiguration or unauthorized access attempts.",
        "llm_security_impact": "HIGH",
        "llm_typical_volume": "MEDIUM",
        "llm_recommended_monitoring": "YES"
    },
    "4819": {
        "summary": "Central Access Policies on the machine have been changed",
        "category": "Policy Change",
        "subcategory": "Other Policy Change Events",
        "type": "Success",
        "description": "",
        "operating_systems": "Windows 2012 R2, Windows 8.1, Windows Server 2016, Windows 10, Windows Server 2019, Windows Server 2022",
        "legacy_event_id": "",
        "potential_criticality": "",
        "event_xml": "<Event xmlns=\"http://schemas.microsoft.com/win/2004/08/events/event\"> - <System> <Provider Name=\"Microsoft-Windows-Security-Auditing\" Guid=\"{54849625-5478-4994-A5BA-3E3B0328C30D}\" /> <EventID>4819</EventID> <Version>0</Version> <Level>0</Level> <Task>13573</Task> <Opcode>0</Opcode> <Keywords>0x8020000000000000</Keywords> <TimeCreated SystemTime=\"2015-11-10T01:00:34.352877700Z\" /> <EventRecordID>1187659</EventRecordID> <Correlation /> <Execution ProcessID=\"516\" ThreadID=\"3500\" /> <Channel>Security</Channel> <Computer>DC01.contoso.local</Computer> <Security /> </System> - <EventData> <Data Name=\"SubjectUserSid\">S-1-5-18</Data> <Data Name=\"SubjectUserName\">DC01$</Data> <Data Name=\"SubjectDomainName\">CONTOSO</Data> <Data Name=\"SubjectLogonId\">0x3e7</Data> <Data Name=\"ObjectServer\">LSA</Data> <Data Name=\"ObjectType\">Central Access Policies</Data> <Data Name=\"AddedCAPs\">Main POlicy</Data> <Data Name=\"DeletedCAPs\" /> <Data Name=\"ModifiedCAPs\" /> <Data Name=\"AsIsCAPs\" /> </EventData> </Event>",
